[ 2015-04-26T07:03:34+08:00 ] 127.0.0.1 /
INFO: [ app_init ] --START--
INFO: Run Behavior\BuildLiteBehavior [ RunTime:0.000024s ]
INFO: [ app_init ] --END-- [ RunTime:0.041077s ]

[ 2015-04-26T07:03:34+08:00 ] 127.0.0.1 /SRC_LAN/logo.jpg
INFO: [ app_init ] --START--
INFO: Run Behavior\BuildLiteBehavior [ RunTime:0.000018s ]
INFO: [ app_init ] --END-- [ RunTime:0.000606s ]

[ 2015-04-26T07:03:34+08:00 ] 127.0.0.1 /SRC_LAN/home7.png
INFO: [ app_init ] --START--
INFO: Run Behavior\BuildLiteBehavior [ RunTime:0.000026s ]
INFO: [ app_init ] --END-- [ RunTime:0.000823s ]

[ 2015-04-26T07:03:35+08:00 ] 127.0.0.1 /SRC_LAN/home2.jpg
INFO: [ app_init ] --START--
INFO: Run Behavior\BuildLiteBehavior [ RunTime:0.000032s ]
INFO: [ app_init ] --END-- [ RunTime:0.000881s ]

[ 2015-04-26T07:03:35+08:00 ] 127.0.0.1 /SRC_LAN/home4.jpg
INFO: [ app_init ] --START--
INFO: Run Behavior\BuildLiteBehavior [ RunTime:0.000018s ]
INFO: [ app_init ] --END-- [ RunTime:0.000564s ]

[ 2015-04-26T07:03:35+08:00 ] 127.0.0.1 /SRC_LAN/home3.jpg
INFO: [ app_init ] --START--
INFO: Run Behavior\BuildLiteBehavior [ RunTime:0.000019s ]
INFO: [ app_init ] --END-- [ RunTime:0.000761s ]

[ 2015-04-26T07:03:43+08:00 ] 127.0.0.1 /SRC_LAN/config.xml?t=1430003023156
INFO: [ app_init ] --START--
INFO: Run Behavior\BuildLiteBehavior [ RunTime:0.000018s ]
INFO: [ app_init ] --END-- [ RunTime:0.000552s ]
ERR: 非法操作:SRC_LAN

[ 2015-04-26T07:03:43+08:00 ] 127.0.0.1 /
INFO: [ app_init ] --START--
INFO: Run Behavior\BuildLiteBehavior [ RunTime:0.000020s ]
INFO: [ app_init ] --END-- [ RunTime:0.000723s ]

[ 2015-04-26T07:03:44+08:00 ] 127.0.0.1 /SRC_LAN/logo.jpg
INFO: [ app_init ] --START--
INFO: Run Behavior\BuildLiteBehavior [ RunTime:0.000080s ]
INFO: [ app_init ] --END-- [ RunTime:0.000662s ]

[ 2015-04-26T07:03:44+08:00 ] 127.0.0.1 /SRC_LAN/home7.png
INFO: [ app_init ] --START--
INFO: Run Behavior\BuildLiteBehavior [ RunTime:0.000017s ]
INFO: [ app_init ] --END-- [ RunTime:0.000542s ]

[ 2015-04-26T07:03:44+08:00 ] 127.0.0.1 /SRC_LAN/home2.jpg
INFO: [ app_init ] --START--
INFO: Run Behavior\BuildLiteBehavior [ RunTime:0.000018s ]
INFO: [ app_init ] --END-- [ RunTime:0.000552s ]

[ 2015-04-26T07:03:44+08:00 ] 127.0.0.1 /SRC_LAN/home4.jpg
INFO: [ app_init ] --START--
INFO: Run Behavior\BuildLiteBehavior [ RunTime:0.000018s ]
INFO: [ app_init ] --END-- [ RunTime:0.000552s ]

[ 2015-04-26T07:03:44+08:00 ] 127.0.0.1 /SRC_LAN/home3.jpg
INFO: [ app_init ] --START--
INFO: Run Behavior\BuildLiteBehavior [ RunTime:0.000018s ]
INFO: [ app_init ] --END-- [ RunTime:0.000595s ]

[ 2015-04-26T07:03:46+08:00 ] 127.0.0.1 /SRC_LAN/config.xml?t=1430003026828
INFO: [ app_init ] --START--
INFO: Run Behavior\BuildLiteBehavior [ RunTime:0.000019s ]
INFO: [ app_init ] --END-- [ RunTime:0.000570s ]
ERR: 非法操作:SRC_LAN

[ 2015-04-26T07:03:56+08:00 ] 127.0.0.1 /
INFO: [ app_init ] --START--
INFO: Run Behavior\BuildLiteBehavior [ RunTime:0.000017s ]
INFO: [ app_init ] --END-- [ RunTime:0.000551s ]

[ 2015-04-26T07:03:56+08:00 ] 127.0.0.1 /SRC_LAN/logo.jpg
INFO: [ app_init ] --START--
INFO: Run Behavior\BuildLiteBehavior [ RunTime:0.000019s ]
INFO: [ app_init ] --END-- [ RunTime:0.000672s ]

[ 2015-04-26T07:03:56+08:00 ] 127.0.0.1 /SRC_LAN/home7.png
INFO: [ app_init ] --START--
INFO: Run Behavior\BuildLiteBehavior [ RunTime:0.000019s ]
INFO: [ app_init ] --END-- [ RunTime:0.000574s ]

[ 2015-04-26T07:03:56+08:00 ] 127.0.0.1 /SRC_LAN/home2.jpg
INFO: [ app_init ] --START--
INFO: Run Behavior\BuildLiteBehavior [ RunTime:0.000026s ]
INFO: [ app_init ] --END-- [ RunTime:0.000833s ]

[ 2015-04-26T07:03:56+08:00 ] 127.0.0.1 /SRC_LAN/home3.jpg
INFO: [ app_init ] --START--
INFO: Run Behavior\BuildLiteBehavior [ RunTime:0.000030s ]
INFO: [ app_init ] --END-- [ RunTime:0.001120s ]

[ 2015-04-26T07:03:56+08:00 ] 127.0.0.1 /SRC_LAN/home4.jpg
INFO: [ app_init ] --START--
INFO: Run Behavior\BuildLiteBehavior [ RunTime:0.000028s ]
INFO: [ app_init ] --END-- [ RunTime:0.002963s ]

[ 2015-04-26T07:03:56+08:00 ] 127.0.0.1 /SRC_LAN/config.xml?t=1430003036718
INFO: [ app_init ] --START--
INFO: Run Behavior\BuildLiteBehavior [ RunTime:0.000019s ]
INFO: [ app_init ] --END-- [ RunTime:0.000557s ]
ERR: 非法操作:SRC_LAN

[ 2015-04-26T07:03:59+08:00 ] 192.168.1.42 /
INFO: [ app_init ] --START--
INFO: Run Behavior\BuildLiteBehavior [ RunTime:0.000018s ]
INFO: [ app_init ] --END-- [ RunTime:0.000604s ]

[ 2015-04-26T07:04:00+08:00 ] 192.168.1.42 /font.swf
INFO: [ app_init ] --START--
INFO: Run Behavior\BuildLiteBehavior [ RunTime:0.000017s ]
INFO: [ app_init ] --END-- [ RunTime:0.000582s ]
ERR: 非法操作:font.swf

[ 2015-04-26T07:04:03+08:00 ] 192.168.1.42 /application
INFO: [ app_init ] --START--
INFO: Run Behavior\BuildLiteBehavior [ RunTime:0.000019s ]
INFO: [ app_init ] --END-- [ RunTime:0.000553s ]

[ 2015-04-26T07:04:24+08:00 ] 192.168.1.42 /application
INFO: [ app_init ] --START--
INFO: Run Behavior\BuildLiteBehavior [ RunTime:0.000018s ]
INFO: [ app_init ] --END-- [ RunTime:0.000600s ]

[ 2015-04-26T07:06:22+08:00 ] 192.168.1.42 /contact
INFO: [ app_init ] --START--
INFO: Run Behavior\BuildLiteBehavior [ RunTime:0.000017s ]
INFO: [ app_init ] --END-- [ RunTime:0.000585s ]

[ 2015-04-26T07:06:22+08:00 ] 192.168.1.42 /Code
INFO: [ app_init ] --START--
INFO: Run Behavior\BuildLiteBehavior [ RunTime:0.000027s ]
INFO: [ app_init ] --END-- [ RunTime:0.000756s ]

[ 2015-04-26T07:06:25+08:00 ] 192.168.1.42 /Download.php
INFO: [ app_init ] --START--
INFO: Run Behavior\BuildLiteBehavior [ RunTime:0.000018s ]
INFO: [ app_init ] --END-- [ RunTime:0.000467s ]

[ 2015-04-26T07:06:31+08:00 ] 192.168.1.42 /Download.php
INFO: [ app_init ] --START--
INFO: Run Behavior\BuildLiteBehavior [ RunTime:0.000018s ]
INFO: [ app_init ] --END-- [ RunTime:0.000472s ]

[ 2015-04-26T07:06:33+08:00 ] 192.168.1.42 /news_company.php
INFO: [ app_init ] --START--
INFO: Run Behavior\BuildLiteBehavior [ RunTime:0.000017s ]
INFO: [ app_init ] --END-- [ RunTime:0.000468s ]

[ 2015-04-26T07:07:23+08:00 ] 192.168.1.42 /Support.php
INFO: [ app_init ] --START--
INFO: Run Behavior\BuildLiteBehavior [ RunTime:0.000018s ]
INFO: [ app_init ] --END-- [ RunTime:0.000528s ]

[ 2015-04-26T07:07:34+08:00 ] 192.168.1.42 /news_company.php
INFO: [ app_init ] --START--
INFO: Run Behavior\BuildLiteBehavior [ RunTime:0.000016s ]
INFO: [ app_init ] --END-- [ RunTime:0.000514s ]

[ 2015-04-26T07:07:36+08:00 ] 192.168.1.42 /news_Industry.php
INFO: [ app_init ] --START--
INFO: Run Behavior\BuildLiteBehavior [ RunTime:0.000017s ]
INFO: [ app_init ] --END-- [ RunTime:0.000479s ]

[ 2015-04-26T07:08:59+08:00 ] 192.168.1.42 /news_Industry.php
INFO: [ app_init ] --START--
INFO: Run Behavior\BuildLiteBehavior [ RunTime:0.000026s ]
INFO: [ app_init ] --END-- [ RunTime:0.000522s ]

[ 2015-04-26T07:09:02+08:00 ] 192.168.1.42 /support
INFO: [ app_init ] --START--
INFO: Run Behavior\BuildLiteBehavior [ RunTime:0.000017s ]
INFO: [ app_init ] --END-- [ RunTime:0.000470s ]

[ 2015-04-26T07:09:04+08:00 ] 192.168.1.42 /news_Industry.php
INFO: [ app_init ] --START--
INFO: Run Behavior\BuildLiteBehavior [ RunTime:0.000017s ]
INFO: [ app_init ] --END-- [ RunTime:0.000473s ]

[ 2015-04-26T07:10:24+08:00 ] 192.168.1.42 /news_Industry.php
INFO: [ app_init ] --START--
INFO: Run Behavior\BuildLiteBehavior [ RunTime:0.000017s ]
INFO: [ app_init ] --END-- [ RunTime:0.000477s ]

[ 2015-04-26T07:10:43+08:00 ] 192.168.1.42 /news_Industry.php
INFO: [ app_init ] --START--
INFO: Run Behavior\BuildLiteBehavior [ RunTime:0.000017s ]
INFO: [ app_init ] --END-- [ RunTime:0.000521s ]

[ 2015-04-26T07:11:02+08:00 ] 192.168.1.42 /application
INFO: [ app_init ] --START--
INFO: Run Behavior\BuildLiteBehavior [ RunTime:0.000017s ]
INFO: [ app_init ] --END-- [ RunTime:0.000509s ]

[ 2015-04-26T07:11:44+08:00 ] 192.168.1.42 /news_company.php
INFO: [ app_init ] --START--
INFO: Run Behavior\BuildLiteBehavior [ RunTime:0.000025s ]
INFO: [ app_init ] --END-- [ RunTime:0.000468s ]

[ 2015-04-26T07:11:47+08:00 ] 192.168.1.42 /news_company.php
INFO: [ app_init ] --START--
INFO: Run Behavior\BuildLiteBehavior [ RunTime:0.000017s ]
INFO: [ app_init ] --END-- [ RunTime:0.000460s ]

[ 2015-04-26T07:12:05+08:00 ] 192.168.1.42 /application
INFO: [ app_init ] --START--
INFO: Run Behavior\BuildLiteBehavior [ RunTime:0.000017s ]
INFO: [ app_init ] --END-- [ RunTime:0.000471s ]

[ 2015-04-26T07:12:47+08:00 ] 192.168.1.42 /application
INFO: [ app_init ] --START--
INFO: Run Behavior\BuildLiteBehavior [ RunTime:0.000024s ]
INFO: [ app_init ] --END-- [ RunTime:0.000516s ]

[ 2015-04-26T07:13:14+08:00 ] 192.168.1.42 /application
INFO: [ app_init ] --START--
INFO: Run Behavior\BuildLiteBehavior [ RunTime:0.000016s ]
INFO: [ app_init ] --END-- [ RunTime:0.000510s ]

[ 2015-04-26T07:13:46+08:00 ] 192.168.1.42 /application
INFO: [ app_init ] --START--
INFO: Run Behavior\BuildLiteBehavior [ RunTime:0.000017s ]
INFO: [ app_init ] --END-- [ RunTime:0.000515s ]

[ 2015-04-26T07:13:59+08:00 ] 192.168.1.42 /application
INFO: [ app_init ] --START--
INFO: Run Behavior\BuildLiteBehavior [ RunTime:0.000017s ]
INFO: [ app_init ] --END-- [ RunTime:0.000466s ]

[ 2015-04-26T07:14:13+08:00 ] 192.168.1.42 /Download.php
INFO: [ app_init ] --START--
INFO: Run Behavior\BuildLiteBehavior [ RunTime:0.000017s ]
INFO: [ app_init ] --END-- [ RunTime:0.000528s ]

[ 2015-04-26T07:14:20+08:00 ] 192.168.1.42 /contact
INFO: [ app_init ] --START--
INFO: Run Behavior\BuildLiteBehavior [ RunTime:0.000019s ]
INFO: [ app_init ] --END-- [ RunTime:0.000469s ]

[ 2015-04-26T07:14:20+08:00 ] 192.168.1.42 /Code
INFO: [ app_init ] --START--
INFO: Run Behavior\BuildLiteBehavior [ RunTime:0.000027s ]
INFO: [ app_init ] --END-- [ RunTime:0.000531s ]

[ 2015-04-26T07:19:02+08:00 ] 192.168.1.42 /application
INFO: [ app_init ] --START--
INFO: Run Behavior\BuildLiteBehavior [ RunTime:0.000023s ]
INFO: [ app_init ] --END-- [ RunTime:0.000589s ]

[ 2015-04-26T07:19:21+08:00 ] 192.168.1.42 /application
INFO: [ app_init ] --START--
INFO: Run Behavior\BuildLiteBehavior [ RunTime:0.000017s ]
INFO: [ app_init ] --END-- [ RunTime:0.000506s ]

[ 2015-04-26T07:19:58+08:00 ] 192.168.1.42 /contact
INFO: [ app_init ] --START--
INFO: Run Behavior\BuildLiteBehavior [ RunTime:0.000016s ]
INFO: [ app_init ] --END-- [ RunTime:0.000484s ]

[ 2015-04-26T07:19:58+08:00 ] 192.168.1.42 /Code
INFO: [ app_init ] --START--
INFO: Run Behavior\BuildLiteBehavior [ RunTime:0.000027s ]
INFO: [ app_init ] --END-- [ RunTime:0.000712s ]

[ 2015-04-26T07:21:41+08:00 ] 192.168.1.42 /contact
INFO: [ app_init ] --START--
INFO: Run Behavior\BuildLiteBehavior [ RunTime:0.000017s ]
INFO: [ app_init ] --END-- [ RunTime:0.000515s ]

[ 2015-04-26T07:21:41+08:00 ] 192.168.1.42 /Code
INFO: [ app_init ] --START--
INFO: Run Behavior\BuildLiteBehavior [ RunTime:0.000017s ]
INFO: [ app_init ] --END-- [ RunTime:0.000517s ]

[ 2015-04-26T07:22:02+08:00 ] 192.168.1.42 /contact
INFO: [ app_init ] --START--
INFO: Run Behavior\BuildLiteBehavior [ RunTime:0.000018s ]
INFO: [ app_init ] --END-- [ RunTime:0.000609s ]

[ 2015-04-26T07:22:02+08:00 ] 192.168.1.42 /Code
INFO: [ app_init ] --START--
INFO: Run Behavior\BuildLiteBehavior [ RunTime:0.000018s ]
INFO: [ app_init ] --END-- [ RunTime:0.000481s ]

[ 2015-04-26T07:22:19+08:00 ] 192.168.1.42 /contact
INFO: [ app_init ] --START--
INFO: Run Behavior\BuildLiteBehavior [ RunTime:0.000017s ]
INFO: [ app_init ] --END-- [ RunTime:0.000459s ]

[ 2015-04-26T07:22:19+08:00 ] 192.168.1.42 /Code
INFO: [ app_init ] --START--
INFO: Run Behavior\BuildLiteBehavior [ RunTime:0.000018s ]
INFO: [ app_init ] --END-- [ RunTime:0.000471s ]

[ 2015-04-26T07:22:21+08:00 ] 192.168.1.42 /contact
INFO: [ app_init ] --START--
INFO: Run Behavior\BuildLiteBehavior [ RunTime:0.000017s ]
INFO: [ app_init ] --END-- [ RunTime:0.000461s ]

[ 2015-04-26T07:22:22+08:00 ] 192.168.1.42 /Code
INFO: [ app_init ] --START--
INFO: Run Behavior\BuildLiteBehavior [ RunTime:0.000018s ]
INFO: [ app_init ] --END-- [ RunTime:0.000469s ]

[ 2015-04-26T07:22:23+08:00 ] 192.168.1.42 /Download.php
INFO: [ app_init ] --START--
INFO: Run Behavior\BuildLiteBehavior [ RunTime:0.000017s ]
INFO: [ app_init ] --END-- [ RunTime:0.000459s ]

[ 2015-04-26T07:22:29+08:00 ] 192.168.1.42 /news_company.php
INFO: [ app_init ] --START--
INFO: Run Behavior\BuildLiteBehavior [ RunTime:0.000018s ]
INFO: [ app_init ] --END-- [ RunTime:0.000495s ]

[ 2015-04-26T07:22:31+08:00 ] 192.168.1.42 /application
INFO: [ app_init ] --START--
INFO: Run Behavior\BuildLiteBehavior [ RunTime:0.000016s ]
INFO: [ app_init ] --END-- [ RunTime:0.000457s ]

[ 2015-04-26T07:22:49+08:00 ] 192.168.1.42 /application
INFO: [ app_init ] --START--
INFO: Run Behavior\BuildLiteBehavior [ RunTime:0.000017s ]
INFO: [ app_init ] --END-- [ RunTime:0.000464s ]

[ 2015-04-26T07:23:38+08:00 ] 192.168.1.42 /application
INFO: [ app_init ] --START--
INFO: Run Behavior\BuildLiteBehavior [ RunTime:0.000017s ]
INFO: [ app_init ] --END-- [ RunTime:0.000467s ]

[ 2015-04-26T07:25:00+08:00 ] 192.168.1.42 /application
INFO: [ app_init ] --START--
INFO: Run Behavior\BuildLiteBehavior [ RunTime:0.000018s ]
INFO: [ app_init ] --END-- [ RunTime:0.000567s ]

[ 2015-04-26T07:25:17+08:00 ] 192.168.1.42 /application
INFO: [ app_init ] --START--
INFO: Run Behavior\BuildLiteBehavior [ RunTime:0.000017s ]
INFO: [ app_init ] --END-- [ RunTime:0.000502s ]

[ 2015-04-26T07:25:43+08:00 ] 127.0.0.1 /application
INFO: [ app_init ] --START--
INFO: Run Behavior\BuildLiteBehavior [ RunTime:0.000017s ]
INFO: [ app_init ] --END-- [ RunTime:0.000508s ]

[ 2015-04-26T07:26:29+08:00 ] 127.0.0.1 /application
INFO: [ app_init ] --START--
INFO: Run Behavior\BuildLiteBehavior [ RunTime:0.000017s ]
INFO: [ app_init ] --END-- [ RunTime:0.000458s ]

[ 2015-04-26T07:26:47+08:00 ] 192.168.1.42 /application
INFO: [ app_init ] --START--
INFO: Run Behavior\BuildLiteBehavior [ RunTime:0.000024s ]
INFO: [ app_init ] --END-- [ RunTime:0.000740s ]

[ 2015-04-26T07:26:48+08:00 ] 192.168.1.42 /application
INFO: [ app_init ] --START--
INFO: Run Behavior\BuildLiteBehavior [ RunTime:0.000018s ]
INFO: [ app_init ] --END-- [ RunTime:0.000450s ]

[ 2015-04-26T07:26:55+08:00 ] 192.168.1.42 /index.php
INFO: [ app_init ] --START--
INFO: Run Behavior\BuildLiteBehavior [ RunTime:0.000017s ]
INFO: [ app_init ] --END-- [ RunTime:0.000482s ]

[ 2015-04-26T07:26:55+08:00 ] 192.168.1.42 /font.swf
INFO: [ app_init ] --START--
INFO: Run Behavior\BuildLiteBehavior [ RunTime:0.000018s ]
INFO: [ app_init ] --END-- [ RunTime:0.000496s ]
ERR: 非法操作:font.swf

[ 2015-04-26T07:26:59+08:00 ] 192.168.1.42 /about_us.php
INFO: [ app_init ] --START--
INFO: Run Behavior\BuildLiteBehavior [ RunTime:0.000017s ]
INFO: [ app_init ] --END-- [ RunTime:0.000465s ]

[ 2015-04-26T07:30:13+08:00 ] 192.168.1.42 /about_us.php
INFO: [ app_init ] --START--
INFO: Run Behavior\BuildLiteBehavior [ RunTime:0.000018s ]
INFO: [ app_init ] --END-- [ RunTime:0.000496s ]

[ 2015-04-26T07:30:21+08:00 ] 192.168.1.42 /Download.php
INFO: [ app_init ] --START--
INFO: Run Behavior\BuildLiteBehavior [ RunTime:0.000017s ]
INFO: [ app_init ] --END-- [ RunTime:0.000504s ]
ERR: 无法加载控制器:Download

[ 2015-04-26T07:30:58+08:00 ] 192.168.1.42 /about_us.php
INFO: [ app_init ] --START--
INFO: Run Behavior\BuildLiteBehavior [ RunTime:0.000018s ]
INFO: [ app_init ] --END-- [ RunTime:0.000509s ]

[ 2015-04-26T07:31:25+08:00 ] 192.168.1.42 /Index/about_us
INFO: [ app_init ] --START--
INFO: Run Behavior\BuildLiteBehavior [ RunTime:0.000017s ]
INFO: [ app_init ] --END-- [ RunTime:0.000516s ]

[ 2015-04-26T07:31:25+08:00 ] 192.168.1.42 /Index/uniform/css/uniform.default.css
INFO: [ app_init ] --START--
INFO: Run Behavior\BuildLiteBehavior [ RunTime:0.000025s ]
INFO: [ app_init ] --END-- [ RunTime:0.001205s ]
ERR: 非法操作:uniform

[ 2015-04-26T07:31:25+08:00 ] 192.168.1.42 /Index/layer/layer.js
INFO: [ app_init ] --START--
INFO: Run Behavior\BuildLiteBehavior [ RunTime:0.000023s ]
INFO: [ app_init ] --END-- [ RunTime:0.000991s ]
ERR: 非法操作:layer

[ 2015-04-26T07:31:25+08:00 ] 192.168.1.42 /Index/js/menu.js
INFO: [ app_init ] --START--
INFO: Run Behavior\BuildLiteBehavior [ RunTime:0.000025s ]
INFO: [ app_init ] --END-- [ RunTime:0.001402s ]
ERR: 非法操作:js

[ 2015-04-26T07:31:25+08:00 ] 192.168.1.42 /Index/js/swfobject.js
INFO: [ app_init ] --START--
INFO: Run Behavior\BuildLiteBehavior [ RunTime:0.000023s ]
INFO: [ app_init ] --END-- [ RunTime:0.001049s ]
ERR: 非法操作:js

[ 2015-04-26T07:31:25+08:00 ] 192.168.1.42 /Index/js/jquery-1.7.2.js
INFO: [ app_init ] --START--
INFO: Run Behavior\BuildLiteBehavior [ RunTime:0.000023s ]
INFO: [ app_init ] --END-- [ RunTime:0.001448s ]
ERR: 非法操作:js

[ 2015-04-26T07:31:25+08:00 ] 192.168.1.42 /Index/css/main.css
INFO: [ app_init ] --START--
INFO: Run Behavior\BuildLiteBehavior [ RunTime:0.000024s ]
INFO: [ app_init ] --END-- [ RunTime:0.001346s ]
ERR: 非法操作:css

[ 2015-04-26T07:31:25+08:00 ] 192.168.1.42 /Index/js/application.js
INFO: [ app_init ] --START--
INFO: Run Behavior\BuildLiteBehavior [ RunTime:0.000028s ]
INFO: [ app_init ] --END-- [ RunTime:0.002506s ]
ERR: 非法操作:js

[ 2015-04-26T07:31:25+08:00 ] 192.168.1.42 /Index/image/logo-cn.jpg
INFO: [ app_init ] --START--
INFO: Run Behavior\BuildLiteBehavior [ RunTime:0.000026s ]
INFO: [ app_init ] --END-- [ RunTime:0.000743s ]

[ 2015-04-26T07:31:25+08:00 ] 192.168.1.42 /Index/image/home6.png
INFO: [ app_init ] --START--
INFO: Run Behavior\BuildLiteBehavior [ RunTime:0.000024s ]
INFO: [ app_init ] --END-- [ RunTime:0.001098s ]

[ 2015-04-26T07:31:25+08:00 ] 192.168.1.42 /Index/image/english.png
INFO: [ app_init ] --START--
INFO: Run Behavior\BuildLiteBehavior [ RunTime:0.000023s ]
INFO: [ app_init ] --END-- [ RunTime:0.001339s ]

[ 2015-04-26T07:31:25+08:00 ] 192.168.1.42 /Index/image/china.png
INFO: [ app_init ] --START--
INFO: Run Behavior\BuildLiteBehavior [ RunTime:0.000045s ]
INFO: [ app_init ] --END-- [ RunTime:0.001438s ]

[ 2015-04-26T07:31:25+08:00 ] 192.168.1.42 /Index/image/home7-cn.png
INFO: [ app_init ] --START--
INFO: Run Behavior\BuildLiteBehavior [ RunTime:0.000024s ]
INFO: [ app_init ] --END-- [ RunTime:0.001170s ]

[ 2015-04-26T07:31:25+08:00 ] 192.168.1.42 /Index/image/spanish.png
INFO: [ app_init ] --START--
INFO: Run Behavior\BuildLiteBehavior [ RunTime:0.000025s ]
INFO: [ app_init ] --END-- [ RunTime:0.001104s ]

[ 2015-04-26T07:31:25+08:00 ] 192.168.1.42 /Index/image/new.gif
INFO: [ app_init ] --START--
INFO: Run Behavior\BuildLiteBehavior [ RunTime:0.000025s ]
INFO: [ app_init ] --END-- [ RunTime:0.001750s ]

[ 2015-04-26T07:31:25+08:00 ] 192.168.1.42 /Index/image/about_us_image2.jpg
INFO: [ app_init ] --START--
INFO: Run Behavior\BuildLiteBehavior [ RunTime:0.000026s ]
INFO: [ app_init ] --END-- [ RunTime:0.002091s ]

[ 2015-04-26T07:31:25+08:00 ] 192.168.1.42 /Index/image/search.gif
INFO: [ app_init ] --START--
INFO: Run Behavior\BuildLiteBehavior [ RunTime:0.000024s ]
INFO: [ app_init ] --END-- [ RunTime:0.002256s ]

[ 2015-04-26T07:31:25+08:00 ] 192.168.1.42 /Index/image/about_banner.png
INFO: [ app_init ] --START--
INFO: Run Behavior\BuildLiteBehavior [ RunTime:0.000025s ]
INFO: [ app_init ] --END-- [ RunTime:0.002049s ]

[ 2015-04-26T07:31:25+08:00 ] 192.168.1.42 /Index/image/about_us_image1.jpg
INFO: [ app_init ] --START--
INFO: Run Behavior\BuildLiteBehavior [ RunTime:0.000025s ]
INFO: [ app_init ] --END-- [ RunTime:0.001526s ]

[ 2015-04-26T07:31:25+08:00 ] 192.168.1.42 /Index/image/jiantou.png
INFO: [ app_init ] --START--
INFO: Run Behavior\BuildLiteBehavior [ RunTime:0.000025s ]
INFO: [ app_init ] --END-- [ RunTime:0.000652s ]

[ 2015-04-26T07:31:25+08:00 ] 192.168.1.42 /Index/image/search_top.png
INFO: [ app_init ] --START--
INFO: Run Behavior\BuildLiteBehavior [ RunTime:0.000024s ]
INFO: [ app_init ] --END-- [ RunTime:0.000663s ]

[ 2015-04-26T07:31:25+08:00 ] 192.168.1.42 /Index/images/footer_bg.png
INFO: [ app_init ] --START--
INFO: Run Behavior\BuildLiteBehavior [ RunTime:0.000028s ]
INFO: [ app_init ] --END-- [ RunTime:0.000917s ]

[ 2015-04-26T07:31:25+08:00 ] 192.168.1.42 /Index/image/search.gif
INFO: [ app_init ] --START--
INFO: Run Behavior\BuildLiteBehavior [ RunTime:0.000025s ]
INFO: [ app_init ] --END-- [ RunTime:0.000679s ]

[ 2015-04-26T07:31:25+08:00 ] 192.168.1.42 /Index/favicon.ico
INFO: [ app_init ] --START--
INFO: Run Behavior\BuildLiteBehavior [ RunTime:0.000021s ]
INFO: [ app_init ] --END-- [ RunTime:0.000515s ]

[ 2015-04-26T07:31:31+08:00 ] 192.168.1.42 /Index/about_us
INFO: [ app_init ] --START--
INFO: Run Behavior\BuildLiteBehavior [ RunTime:0.000017s ]
INFO: [ app_init ] --END-- [ RunTime:0.000465s ]

[ 2015-04-26T07:31:31+08:00 ] 192.168.1.42 /Index/js/jquery-1.7.2.js
INFO: [ app_init ] --START--
INFO: Run Behavior\BuildLiteBehavior [ RunTime:0.000026s ]
INFO: [ app_init ] --END-- [ RunTime:0.000739s ]
ERR: 非法操作:js

[ 2015-04-26T07:31:32+08:00 ] 192.168.1.42 /Index/uniform/css/uniform.default.css
INFO: [ app_init ] --START--
INFO: Run Behavior\BuildLiteBehavior [ RunTime:0.000023s ]
INFO: [ app_init ] --END-- [ RunTime:0.000920s ]
ERR: 非法操作:uniform

[ 2015-04-26T07:31:32+08:00 ] 192.168.1.42 /Index/css/main.css
INFO: [ app_init ] --START--
INFO: Run Behavior\BuildLiteBehavior [ RunTime:0.000024s ]
INFO: [ app_init ] --END-- [ RunTime:0.001077s ]
ERR: 非法操作:css

[ 2015-04-26T07:31:32+08:00 ] 192.168.1.42 /Index/layer/layer.js
INFO: [ app_init ] --START--
INFO: Run Behavior\BuildLiteBehavior [ RunTime:0.000024s ]
INFO: [ app_init ] --END-- [ RunTime:0.001004s ]
ERR: 非法操作:layer

[ 2015-04-26T07:31:32+08:00 ] 192.168.1.42 /Index/js/menu.js
INFO: [ app_init ] --START--
INFO: Run Behavior\BuildLiteBehavior [ RunTime:0.000024s ]
INFO: [ app_init ] --END-- [ RunTime:0.000838s ]
ERR: 非法操作:js

[ 2015-04-26T07:31:32+08:00 ] 192.168.1.42 /Index/js/swfobject.js
INFO: [ app_init ] --START--
INFO: Run Behavior\BuildLiteBehavior [ RunTime:0.000024s ]
INFO: [ app_init ] --END-- [ RunTime:0.001939s ]
ERR: 非法操作:js

[ 2015-04-26T07:31:32+08:00 ] 192.168.1.42 /Index/image/logo-cn.jpg
INFO: [ app_init ] --START--
INFO: Run Behavior\BuildLiteBehavior [ RunTime:0.000027s ]
INFO: [ app_init ] --END-- [ RunTime:0.001946s ]

[ 2015-04-26T07:31:32+08:00 ] 192.168.1.42 /Index/js/application.js
INFO: [ app_init ] --START--
INFO: Run Behavior\BuildLiteBehavior [ RunTime:0.000027s ]
INFO: [ app_init ] --END-- [ RunTime:0.001536s ]
ERR: 非法操作:js

[ 2015-04-26T07:31:32+08:00 ] 192.168.1.42 /Index/image/home7-cn.png
INFO: [ app_init ] --START--
INFO: Run Behavior\BuildLiteBehavior [ RunTime:0.000026s ]
INFO: [ app_init ] --END-- [ RunTime:0.001482s ]

[ 2015-04-26T07:31:32+08:00 ] 192.168.1.42 /Index/image/home6.png
INFO: [ app_init ] --START--
INFO: Run Behavior\BuildLiteBehavior [ RunTime:0.000025s ]
INFO: [ app_init ] --END-- [ RunTime:0.001835s ]

[ 2015-04-26T07:31:32+08:00 ] 192.168.1.42 /Index/image/china.png
INFO: [ app_init ] --START--
INFO: Run Behavior\BuildLiteBehavior [ RunTime:0.000028s ]
INFO: [ app_init ] --END-- [ RunTime:0.001283s ]

[ 2015-04-26T07:31:32+08:00 ] 192.168.1.42 /Index/image/english.png
INFO: [ app_init ] --START--
INFO: Run Behavior\BuildLiteBehavior [ RunTime:0.000026s ]
INFO: [ app_init ] --END-- [ RunTime:0.002155s ]

[ 2015-04-26T07:31:32+08:00 ] 192.168.1.42 /Index/image/new.gif
INFO: [ app_init ] --START--
INFO: Run Behavior\BuildLiteBehavior [ RunTime:0.000026s ]
INFO: [ app_init ] --END-- [ RunTime:0.001359s ]

[ 2015-04-26T07:31:32+08:00 ] 192.168.1.42 /Index/image/spanish.png
INFO: [ app_init ] --START--
INFO: Run Behavior\BuildLiteBehavior [ RunTime:0.000028s ]
INFO: [ app_init ] --END-- [ RunTime:0.001608s ]

[ 2015-04-26T07:31:32+08:00 ] 192.168.1.42 /Index/image/about_us_image2.jpg
INFO: [ app_init ] --START--
INFO: Run Behavior\BuildLiteBehavior [ RunTime:0.000028s ]
INFO: [ app_init ] --END-- [ RunTime:0.001485s ]

[ 2015-04-26T07:31:32+08:00 ] 192.168.1.42 /Index/image/about_banner.png
INFO: [ app_init ] --START--
INFO: Run Behavior\BuildLiteBehavior [ RunTime:0.000024s ]
INFO: [ app_init ] --END-- [ RunTime:0.001380s ]

[ 2015-04-26T07:31:32+08:00 ] 192.168.1.42 /Index/image/search.gif
INFO: [ app_init ] --START--
INFO: Run Behavior\BuildLiteBehavior [ RunTime:0.000024s ]
INFO: [ app_init ] --END-- [ RunTime:0.001560s ]

[ 2015-04-26T07:31:32+08:00 ] 192.168.1.42 /Index/image/about_us_image1.jpg
INFO: [ app_init ] --START--
INFO: Run Behavior\BuildLiteBehavior [ RunTime:0.000025s ]
INFO: [ app_init ] --END-- [ RunTime:0.001689s ]

[ 2015-04-26T07:31:32+08:00 ] 192.168.1.42 /Index/image/jiantou.png
INFO: [ app_init ] --START--
INFO: Run Behavior\BuildLiteBehavior [ RunTime:0.000025s ]
INFO: [ app_init ] --END-- [ RunTime:0.000667s ]

[ 2015-04-26T07:31:32+08:00 ] 192.168.1.42 /Index/image/search_top.png
INFO: [ app_init ] --START--
INFO: Run Behavior\BuildLiteBehavior [ RunTime:0.000029s ]
INFO: [ app_init ] --END-- [ RunTime:0.001971s ]

[ 2015-04-26T07:31:32+08:00 ] 192.168.1.42 /Index/images/footer_bg.png
INFO: [ app_init ] --START--
INFO: Run Behavior\BuildLiteBehavior [ RunTime:0.000018s ]
INFO: [ app_init ] --END-- [ RunTime:0.000463s ]

[ 2015-04-26T07:31:32+08:00 ] 192.168.1.42 /Index/image/search.gif
INFO: [ app_init ] --START--
INFO: Run Behavior\BuildLiteBehavior [ RunTime:0.000018s ]
INFO: [ app_init ] --END-- [ RunTime:0.000456s ]

[ 2015-04-26T07:31:40+08:00 ] 192.168.1.42 /Index/about_us
INFO: [ app_init ] --START--
INFO: Run Behavior\BuildLiteBehavior [ RunTime:0.000017s ]
INFO: [ app_init ] --END-- [ RunTime:0.000453s ]

[ 2015-04-26T07:31:40+08:00 ] 192.168.1.42 /Index/css/main.css
INFO: [ app_init ] --START--
INFO: Run Behavior\BuildLiteBehavior [ RunTime:0.000025s ]
INFO: [ app_init ] --END-- [ RunTime:0.000791s ]
ERR: 非法操作:css

[ 2015-04-26T07:31:40+08:00 ] 192.168.1.42 /Index/js/menu.js
INFO: [ app_init ] --START--
INFO: Run Behavior\BuildLiteBehavior [ RunTime:0.000024s ]
INFO: [ app_init ] --END-- [ RunTime:0.001521s ]
ERR: 非法操作:js

[ 2015-04-26T07:31:40+08:00 ] 192.168.1.42 /Index/js/jquery-1.7.2.js
INFO: [ app_init ] --START--
INFO: Run Behavior\BuildLiteBehavior [ RunTime:0.000025s ]
INFO: [ app_init ] --END-- [ RunTime:0.001354s ]
ERR: 非法操作:js

[ 2015-04-26T07:31:40+08:00 ] 192.168.1.42 /Index/uniform/css/uniform.default.css
INFO: [ app_init ] --START--
INFO: Run Behavior\BuildLiteBehavior [ RunTime:0.000024s ]
INFO: [ app_init ] --END-- [ RunTime:0.000815s ]
ERR: 非法操作:uniform

[ 2015-04-26T07:31:40+08:00 ] 192.168.1.42 /Index/layer/layer.js
INFO: [ app_init ] --START--
INFO: Run Behavior\BuildLiteBehavior [ RunTime:0.000026s ]
INFO: [ app_init ] --END-- [ RunTime:0.001019s ]
ERR: 非法操作:layer

[ 2015-04-26T07:31:40+08:00 ] 192.168.1.42 /Index/js/swfobject.js
INFO: [ app_init ] --START--
INFO: Run Behavior\BuildLiteBehavior [ RunTime:0.000024s ]
INFO: [ app_init ] --END-- [ RunTime:0.000830s ]
ERR: 非法操作:js

[ 2015-04-26T07:31:40+08:00 ] 192.168.1.42 /Index/image/logo-cn.jpg
INFO: [ app_init ] --START--
INFO: Run Behavior\BuildLiteBehavior [ RunTime:0.000025s ]
INFO: [ app_init ] --END-- [ RunTime:0.001628s ]

[ 2015-04-26T07:31:40+08:00 ] 192.168.1.42 /Index/js/application.js
INFO: [ app_init ] --START--
INFO: Run Behavior\BuildLiteBehavior [ RunTime:0.000027s ]
INFO: [ app_init ] --END-- [ RunTime:0.001960s ]
ERR: 非法操作:js

[ 2015-04-26T07:31:40+08:00 ] 192.168.1.42 /Index/image/home6.png
INFO: [ app_init ] --START--
INFO: Run Behavior\BuildLiteBehavior [ RunTime:0.000022s ]
INFO: [ app_init ] --END-- [ RunTime:0.001173s ]

[ 2015-04-26T07:31:40+08:00 ] 192.168.1.42 /Index/image/home7-cn.png
INFO: [ app_init ] --START--
INFO: Run Behavior\BuildLiteBehavior [ RunTime:0.000029s ]
INFO: [ app_init ] --END-- [ RunTime:0.002121s ]

[ 2015-04-26T07:31:40+08:00 ] 192.168.1.42 /Index/image/china.png
INFO: [ app_init ] --START--
INFO: Run Behavior\BuildLiteBehavior [ RunTime:0.000029s ]
INFO: [ app_init ] --END-- [ RunTime:0.003757s ]

[ 2015-04-26T07:31:40+08:00 ] 192.168.1.42 /Index/image/english.png
INFO: [ app_init ] --START--
INFO: Run Behavior\BuildLiteBehavior [ RunTime:0.000026s ]
INFO: [ app_init ] --END-- [ RunTime:0.001824s ]

[ 2015-04-26T07:31:40+08:00 ] 192.168.1.42 /Index/image/spanish.png
INFO: [ app_init ] --START--
INFO: Run Behavior\BuildLiteBehavior [ RunTime:0.000027s ]
INFO: [ app_init ] --END-- [ RunTime:0.001533s ]

[ 2015-04-26T07:31:40+08:00 ] 192.168.1.42 /Index/image/new.gif
INFO: [ app_init ] --START--
INFO: Run Behavior\BuildLiteBehavior [ RunTime:0.000025s ]
INFO: [ app_init ] --END-- [ RunTime:0.001271s ]

[ 2015-04-26T07:31:40+08:00 ] 192.168.1.42 /Index/image/about_banner.png
INFO: [ app_init ] --START--
INFO: Run Behavior\BuildLiteBehavior [ RunTime:0.000027s ]
INFO: [ app_init ] --END-- [ RunTime:0.000853s ]

[ 2015-04-26T07:31:40+08:00 ] 192.168.1.42 /Index/image/search.gif
INFO: [ app_init ] --START--
INFO: Run Behavior\BuildLiteBehavior [ RunTime:0.000028s ]
INFO: [ app_init ] --END-- [ RunTime:0.002051s ]

[ 2015-04-26T07:31:40+08:00 ] 192.168.1.42 /Index/image/about_us_image2.jpg
INFO: [ app_init ] --START--
INFO: Run Behavior\BuildLiteBehavior [ RunTime:0.000027s ]
INFO: [ app_init ] --END-- [ RunTime:0.002442s ]

[ 2015-04-26T07:31:40+08:00 ] 192.168.1.42 /Index/image/about_us_image1.jpg
INFO: [ app_init ] --START--
INFO: Run Behavior\BuildLiteBehavior [ RunTime:0.000027s ]
INFO: [ app_init ] --END-- [ RunTime:0.000788s ]

[ 2015-04-26T07:31:40+08:00 ] 192.168.1.42 /Index/image/jiantou.png
INFO: [ app_init ] --START--
INFO: Run Behavior\BuildLiteBehavior [ RunTime:0.000028s ]
INFO: [ app_init ] --END-- [ RunTime:0.003306s ]

[ 2015-04-26T07:31:40+08:00 ] 192.168.1.42 /Index/image/search_top.png
INFO: [ app_init ] --START--
INFO: Run Behavior\BuildLiteBehavior [ RunTime:0.000027s ]
INFO: [ app_init ] --END-- [ RunTime:0.000911s ]

[ 2015-04-26T07:31:40+08:00 ] 192.168.1.42 /Index/images/footer_bg.png
INFO: [ app_init ] --START--
INFO: Run Behavior\BuildLiteBehavior [ RunTime:0.000028s ]
INFO: [ app_init ] --END-- [ RunTime:0.001084s ]

[ 2015-04-26T07:31:40+08:00 ] 192.168.1.42 /Index/image/search.gif
INFO: [ app_init ] --START--
INFO: Run Behavior\BuildLiteBehavior [ RunTime:0.000019s ]
INFO: [ app_init ] --END-- [ RunTime:0.000579s ]

[ 2015-04-26T07:32:25+08:00 ] 192.168.1.42 /Index/Contact_us.php
INFO: [ app_init ] --START--
INFO: Run Behavior\BuildLiteBehavior [ RunTime:0.000017s ]
INFO: [ app_init ] --END-- [ RunTime:0.000459s ]
ERR: 非法操作:Contact_us.php

[ 2015-04-26T07:32:44+08:00 ] 192.168.1.42 /Index/Contact_us.php
INFO: [ app_init ] --START--
INFO: Run Behavior\BuildLiteBehavior [ RunTime:0.000018s ]
INFO: [ app_init ] --END-- [ RunTime:0.000462s ]
ERR: 非法操作:Contact_us.php

[ 2015-04-26T07:32:45+08:00 ] 192.168.1.42 /Index/Contact_us.php
INFO: [ app_init ] --START--
INFO: Run Behavior\BuildLiteBehavior [ RunTime:0.000026s ]
INFO: [ app_init ] --END-- [ RunTime:0.000712s ]
ERR: 非法操作:Contact_us.php

[ 2015-04-26T07:32:45+08:00 ] 192.168.1.42 /Index/Contact_us.php
INFO: [ app_init ] --START--
INFO: Run Behavior\BuildLiteBehavior [ RunTime:0.000017s ]
INFO: [ app_init ] --END-- [ RunTime:0.000457s ]
ERR: 非法操作:Contact_us.php

[ 2015-04-26T07:32:56+08:00 ] 192.168.1.42 /Index/Contact_us.php
INFO: [ app_init ] --START--
INFO: Run Behavior\BuildLiteBehavior [ RunTime:0.000018s ]
INFO: [ app_init ] --END-- [ RunTime:0.000454s ]
ERR: 非法操作:Contact_us.php

[ 2015-04-26T07:32:57+08:00 ] 192.168.1.42 /Index/Contact_us.php
INFO: [ app_init ] --START--
INFO: Run Behavior\BuildLiteBehavior [ RunTime:0.000017s ]
INFO: [ app_init ] --END-- [ RunTime:0.000461s ]
ERR: 非法操作:Contact_us.php

[ 2015-04-26T07:32:57+08:00 ] 192.168.1.42 /Index/Contact_us.php
INFO: [ app_init ] --START--
INFO: Run Behavior\BuildLiteBehavior [ RunTime:0.000017s ]
INFO: [ app_init ] --END-- [ RunTime:0.000450s ]
ERR: 非法操作:Contact_us.php

[ 2015-04-26T07:32:57+08:00 ] 192.168.1.42 /Index/Contact_us.php
INFO: [ app_init ] --START--
INFO: Run Behavior\BuildLiteBehavior [ RunTime:0.000017s ]
INFO: [ app_init ] --END-- [ RunTime:0.000452s ]
ERR: 非法操作:Contact_us.php

[ 2015-04-26T07:33:38+08:00 ] 192.168.1.42 /contact
INFO: [ app_init ] --START--
INFO: Run Behavior\BuildLiteBehavior [ RunTime:0.000016s ]
INFO: [ app_init ] --END-- [ RunTime:0.000517s ]
ERR: 无法加载控制器:Contact

[ 2015-04-26T07:33:44+08:00 ] 192.168.1.42 /Index/contact
INFO: [ app_init ] --START--
INFO: Run Behavior\BuildLiteBehavior [ RunTime:0.000018s ]
INFO: [ app_init ] --END-- [ RunTime:0.000505s ]

[ 2015-04-26T07:33:44+08:00 ] 192.168.1.42 /Index/src/cn/logo.jpg
INFO: [ app_init ] --START--
INFO: Run Behavior\BuildLiteBehavior [ RunTime:0.000019s ]
INFO: [ app_init ] --END-- [ RunTime:0.000603s ]

[ 2015-04-26T07:33:44+08:00 ] 192.168.1.42 /Index/src/css/common.css
INFO: [ app_init ] --START--
INFO: Run Behavior\BuildLiteBehavior [ RunTime:0.000026s ]
INFO: [ app_init ] --END-- [ RunTime:0.000652s ]
ERR: 非法操作:src

[ 2015-04-26T07:33:44+08:00 ] 192.168.1.42 /Index/src/cn/home7.png
INFO: [ app_init ] --START--
INFO: Run Behavior\BuildLiteBehavior [ RunTime:0.000027s ]
INFO: [ app_init ] --END-- [ RunTime:0.002071s ]

[ 2015-04-26T07:33:44+08:00 ] 192.168.1.42 /Index/src/img/china.png
INFO: [ app_init ] --START--
INFO: Run Behavior\BuildLiteBehavior [ RunTime:0.000029s ]
INFO: [ app_init ] --END-- [ RunTime:0.001877s ]

[ 2015-04-26T07:33:44+08:00 ] 192.168.1.42 /Index/image/new.gif
INFO: [ app_init ] --START--
INFO: Run Behavior\BuildLiteBehavior [ RunTime:0.000025s ]
INFO: [ app_init ] --END-- [ RunTime:0.001823s ]

[ 2015-04-26T07:33:44+08:00 ] 192.168.1.42 /Index/src/img/spanish.png
INFO: [ app_init ] --START--
INFO: Run Behavior\BuildLiteBehavior [ RunTime:0.000026s ]
INFO: [ app_init ] --END-- [ RunTime:0.001328s ]

[ 2015-04-26T07:33:44+08:00 ] 192.168.1.42 /Index/src/img/english.png
INFO: [ app_init ] --START--
INFO: Run Behavior\BuildLiteBehavior [ RunTime:0.000024s ]
INFO: [ app_init ] --END-- [ RunTime:0.001448s ]

[ 2015-04-26T07:33:44+08:00 ] 192.168.1.42 /Index/src/img/home6.png
INFO: [ app_init ] --START--
INFO: Run Behavior\BuildLiteBehavior [ RunTime:0.000025s ]
INFO: [ app_init ] --END-- [ RunTime:0.001242s ]

[ 2015-04-26T07:33:44+08:00 ] 192.168.1.42 /Index/images/contact_us.jpg
INFO: [ app_init ] --START--
INFO: Run Behavior\BuildLiteBehavior [ RunTime:0.000019s ]
INFO: [ app_init ] --END-- [ RunTime:0.000474s ]

[ 2015-04-26T07:33:44+08:00 ] 192.168.1.42 /Index/Code
INFO: [ app_init ] --START--
INFO: Run Behavior\BuildLiteBehavior [ RunTime:0.000025s ]
INFO: [ app_init ] --END-- [ RunTime:0.000704s ]

[ 2015-04-26T07:33:45+08:00 ] 192.168.1.42 /Index/image/ditu.png
INFO: [ app_init ] --START--
INFO: Run Behavior\BuildLiteBehavior [ RunTime:0.000025s ]
INFO: [ app_init ] --END-- [ RunTime:0.000669s ]

[ 2015-04-26T07:34:04+08:00 ] 192.168.1.42 /Index/news_company.php
INFO: [ app_init ] --START--
INFO: Run Behavior\BuildLiteBehavior [ RunTime:0.000018s ]
INFO: [ app_init ] --END-- [ RunTime:0.000453s ]
ERR: 非法操作:news_company.php

[ 2015-04-26T07:34:26+08:00 ] 192.168.1.42 /Index/news_company.php
INFO: [ app_init ] --START--
INFO: Run Behavior\BuildLiteBehavior [ RunTime:0.000017s ]
INFO: [ app_init ] --END-- [ RunTime:0.000467s ]
ERR: 非法操作:news_company.php

[ 2015-04-26T07:34:39+08:00 ] 192.168.1.42 /Index/contact
INFO: [ app_init ] --START--
INFO: Run Behavior\BuildLiteBehavior [ RunTime:0.000017s ]
INFO: [ app_init ] --END-- [ RunTime:0.000464s ]

[ 2015-04-26T07:34:39+08:00 ] 192.168.1.42 /Index/src/cn/logo.jpg
INFO: [ app_init ] --START--
INFO: Run Behavior\BuildLiteBehavior [ RunTime:0.000029s ]
INFO: [ app_init ] --END-- [ RunTime:0.000669s ]

[ 2015-04-26T07:34:39+08:00 ] 192.168.1.42 /Index/src/cn/home7.png
INFO: [ app_init ] --START--
INFO: Run Behavior\BuildLiteBehavior [ RunTime:0.000024s ]
INFO: [ app_init ] --END-- [ RunTime:0.000635s ]

[ 2015-04-26T07:34:39+08:00 ] 192.168.1.42 /Index/src/css/common.css
INFO: [ app_init ] --START--
INFO: Run Behavior\BuildLiteBehavior [ RunTime:0.000024s ]
INFO: [ app_init ] --END-- [ RunTime:0.000724s ]

[ 2015-04-26T07:34:39+08:00 ] 192.168.1.42 /Index/src/img/china.png
INFO: [ app_init ] --START--
INFO: Run Behavior\BuildLiteBehavior [ RunTime:0.000018s ]
INFO: [ app_init ] --END-- [ RunTime:0.000574s ]

[ 2015-04-26T07:34:39+08:00 ] 192.168.1.42 /Index/src/js/swfobject.js
INFO: [ app_init ] --START--
INFO: Run Behavior\BuildLiteBehavior [ RunTime:0.000025s ]
INFO: [ app_init ] --END-- [ RunTime:0.000655s ]

[ 2015-04-26T07:34:39+08:00 ] 192.168.1.42 /Index/src/img/english.png
INFO: [ app_init ] --START--
INFO: Run Behavior\BuildLiteBehavior [ RunTime:0.000017s ]
INFO: [ app_init ] --END-- [ RunTime:0.000458s ]

[ 2015-04-26T07:34:39+08:00 ] 192.168.1.42 /Index/src/js/index.js
INFO: [ app_init ] --START--
INFO: Run Behavior\BuildLiteBehavior [ RunTime:0.000024s ]
INFO: [ app_init ] --END-- [ RunTime:0.000743s ]

[ 2015-04-26T07:34:39+08:00 ] 192.168.1.42 /Index/src/img/spanish.png
INFO: [ app_init ] --START--
INFO: Run Behavior\BuildLiteBehavior [ RunTime:0.000025s ]
INFO: [ app_init ] --END-- [ RunTime:0.000658s ]

[ 2015-04-26T07:34:40+08:00 ] 192.168.1.42 /Index/image/new.gif
INFO: [ app_init ] --START--
INFO: Run Behavior\BuildLiteBehavior [ RunTime:0.000034s ]
INFO: [ app_init ] --END-- [ RunTime:0.001375s ]

[ 2015-04-26T07:34:40+08:00 ] 192.168.1.42 /Index/src/img/bg_shadow.png
INFO: [ app_init ] --START--
INFO: Run Behavior\BuildLiteBehavior [ RunTime:0.000027s ]
INFO: [ app_init ] --END-- [ RunTime:0.001036s ]

[ 2015-04-26T07:34:40+08:00 ] 192.168.1.42 /Index/src/cn/home3.jpg
INFO: [ app_init ] --START--
INFO: Run Behavior\BuildLiteBehavior [ RunTime:0.000024s ]
INFO: [ app_init ] --END-- [ RunTime:0.001299s ]

[ 2015-04-26T07:34:40+08:00 ] 192.168.1.42 /Index/src/cn/home4.jpg
INFO: [ app_init ] --START--
INFO: Run Behavior\BuildLiteBehavior [ RunTime:0.000021s ]
INFO: [ app_init ] --END-- [ RunTime:0.001751s ]

[ 2015-04-26T07:34:40+08:00 ] 192.168.1.42 /Index/src/img/home6.png
INFO: [ app_init ] --START--
INFO: Run Behavior\BuildLiteBehavior [ RunTime:0.000025s ]
INFO: [ app_init ] --END-- [ RunTime:0.001650s ]

[ 2015-04-26T07:34:40+08:00 ] 192.168.1.42 /Index/src/cn/home2.jpg
INFO: [ app_init ] --START--
INFO: Run Behavior\BuildLiteBehavior [ RunTime:0.000026s ]
INFO: [ app_init ] --END-- [ RunTime:0.001948s ]

[ 2015-04-26T07:34:40+08:00 ] 192.168.1.42 /Index/src/img/next.jpg
INFO: [ app_init ] --START--
INFO: Run Behavior\BuildLiteBehavior [ RunTime:0.000028s ]
INFO: [ app_init ] --END-- [ RunTime:0.000615s ]

[ 2015-04-26T07:34:40+08:00 ] 192.168.1.42 /Index/src/img/prev.jpg
INFO: [ app_init ] --START--
INFO: Run Behavior\BuildLiteBehavior [ RunTime:0.000030s ]
INFO: [ app_init ] --END-- [ RunTime:0.000943s ]

[ 2015-04-26T07:34:41+08:00 ] 192.168.1.42 /Index/Download.php
INFO: [ app_init ] --START--
INFO: Run Behavior\BuildLiteBehavior [ RunTime:0.000017s ]
INFO: [ app_init ] --END-- [ RunTime:0.000448s ]

[ 2015-04-26T07:34:41+08:00 ] 192.168.1.42 /Index/src/cn/logo.jpg
INFO: [ app_init ] --START--
INFO: Run Behavior\BuildLiteBehavior [ RunTime:0.000020s ]
INFO: [ app_init ] --END-- [ RunTime:0.000603s ]

[ 2015-04-26T07:34:42+08:00 ] 192.168.1.42 /Index/src/cn/home7.png
INFO: [ app_init ] --START--
INFO: Run Behavior\BuildLiteBehavior [ RunTime:0.000018s ]
INFO: [ app_init ] --END-- [ RunTime:0.000463s ]

[ 2015-04-26T07:34:42+08:00 ] 192.168.1.42 /Index/src/css/common.css
INFO: [ app_init ] --START--
INFO: Run Behavior\BuildLiteBehavior [ RunTime:0.000025s ]
INFO: [ app_init ] --END-- [ RunTime:0.000672s ]

[ 2015-04-26T07:34:42+08:00 ] 192.168.1.42 /Index/src/js/index.js
INFO: [ app_init ] --START--
INFO: Run Behavior\BuildLiteBehavior [ RunTime:0.000023s ]
INFO: [ app_init ] --END-- [ RunTime:0.000638s ]

[ 2015-04-26T07:34:42+08:00 ] 192.168.1.42 /Index/src/img/china.png
INFO: [ app_init ] --START--
INFO: Run Behavior\BuildLiteBehavior [ RunTime:0.000027s ]
INFO: [ app_init ] --END-- [ RunTime:0.001494s ]

[ 2015-04-26T07:34:42+08:00 ] 192.168.1.42 /Index/src/img/home6.png
INFO: [ app_init ] --START--
INFO: Run Behavior\BuildLiteBehavior [ RunTime:0.000027s ]
INFO: [ app_init ] --END-- [ RunTime:0.002199s ]

[ 2015-04-26T07:34:42+08:00 ] 192.168.1.42 /Index/src/img/spanish.png
INFO: [ app_init ] --START--
INFO: Run Behavior\BuildLiteBehavior [ RunTime:0.000027s ]
INFO: [ app_init ] --END-- [ RunTime:0.002117s ]

[ 2015-04-26T07:34:42+08:00 ] 192.168.1.42 /Index/src/img/english.png
INFO: [ app_init ] --START--
INFO: Run Behavior\BuildLiteBehavior [ RunTime:0.000025s ]
INFO: [ app_init ] --END-- [ RunTime:0.001344s ]

[ 2015-04-26T07:34:42+08:00 ] 192.168.1.42 /Index/src/js/swfobject.js
INFO: [ app_init ] --START--
INFO: Run Behavior\BuildLiteBehavior [ RunTime:0.000025s ]
INFO: [ app_init ] --END-- [ RunTime:0.000665s ]

[ 2015-04-26T07:34:42+08:00 ] 192.168.1.42 /Index/image/new.gif
INFO: [ app_init ] --START--
INFO: Run Behavior\BuildLiteBehavior [ RunTime:0.000027s ]
INFO: [ app_init ] --END-- [ RunTime:0.001199s ]

[ 2015-04-26T07:34:42+08:00 ] 192.168.1.42 /Index/src/img/bg_shadow.png
INFO: [ app_init ] --START--
INFO: Run Behavior\BuildLiteBehavior [ RunTime:0.000027s ]
INFO: [ app_init ] --END-- [ RunTime:0.001436s ]

[ 2015-04-26T07:34:42+08:00 ] 192.168.1.42 /Index/src/cn/home2.jpg
INFO: [ app_init ] --START--
INFO: Run Behavior\BuildLiteBehavior [ RunTime:0.000025s ]
INFO: [ app_init ] --END-- [ RunTime:0.002629s ]

[ 2015-04-26T07:34:42+08:00 ] 192.168.1.42 /Index/src/cn/home4.jpg
INFO: [ app_init ] --START--
INFO: Run Behavior\BuildLiteBehavior [ RunTime:0.000028s ]
INFO: [ app_init ] --END-- [ RunTime:0.002106s ]

[ 2015-04-26T07:34:42+08:00 ] 192.168.1.42 /Index/src/cn/home3.jpg
INFO: [ app_init ] --START--
INFO: Run Behavior\BuildLiteBehavior [ RunTime:0.000025s ]
INFO: [ app_init ] --END-- [ RunTime:0.001388s ]

[ 2015-04-26T07:34:42+08:00 ] 192.168.1.42 /Index/src/img/prev.jpg
INFO: [ app_init ] --START--
INFO: Run Behavior\BuildLiteBehavior [ RunTime:0.000026s ]
INFO: [ app_init ] --END-- [ RunTime:0.000665s ]

[ 2015-04-26T07:34:42+08:00 ] 192.168.1.42 /Index/src/img/next.jpg
INFO: [ app_init ] --START--
INFO: Run Behavior\BuildLiteBehavior [ RunTime:0.000018s ]
INFO: [ app_init ] --END-- [ RunTime:0.000477s ]

[ 2015-04-26T07:34:45+08:00 ] 192.168.1.42 /Download.php
INFO: [ app_init ] --START--
INFO: Run Behavior\BuildLiteBehavior [ RunTime:0.000017s ]
INFO: [ app_init ] --END-- [ RunTime:0.000466s ]

[ 2015-04-26T07:34:50+08:00 ] 192.168.1.42 /Download.php
INFO: [ app_init ] --START--
INFO: Run Behavior\BuildLiteBehavior [ RunTime:0.000018s ]
INFO: [ app_init ] --END-- [ RunTime:0.000459s ]

[ 2015-04-26T07:34:52+08:00 ] 192.168.1.42 /contact
INFO: [ app_init ] --START--
INFO: Run Behavior\BuildLiteBehavior [ RunTime:0.000017s ]
INFO: [ app_init ] --END-- [ RunTime:0.000464s ]

[ 2015-04-26T07:34:52+08:00 ] 192.168.1.42 /Code
INFO: [ app_init ] --START--
INFO: Run Behavior\BuildLiteBehavior [ RunTime:0.000021s ]
INFO: [ app_init ] --END-- [ RunTime:0.000554s ]

[ 2015-04-26T07:34:55+08:00 ] 192.168.1.42 /contact
INFO: [ app_init ] --START--
INFO: Run Behavior\BuildLiteBehavior [ RunTime:0.000017s ]
INFO: [ app_init ] --END-- [ RunTime:0.000459s ]

[ 2015-04-26T07:34:55+08:00 ] 192.168.1.42 /Code
INFO: [ app_init ] --START--
INFO: Run Behavior\BuildLiteBehavior [ RunTime:0.000018s ]
INFO: [ app_init ] --END-- [ RunTime:0.000471s ]

[ 2015-04-26T07:34:56+08:00 ] 192.168.1.42 /Download.php
INFO: [ app_init ] --START--
INFO: Run Behavior\BuildLiteBehavior [ RunTime:0.000018s ]
INFO: [ app_init ] --END-- [ RunTime:0.000463s ]

[ 2015-04-26T07:35:01+08:00 ] 192.168.1.42 /news_company.php
INFO: [ app_init ] --START--
INFO: Run Behavior\BuildLiteBehavior [ RunTime:0.000026s ]
INFO: [ app_init ] --END-- [ RunTime:0.000576s ]

[ 2015-04-26T07:35:03+08:00 ] 192.168.1.42 /Download.php
INFO: [ app_init ] --START--
INFO: Run Behavior\BuildLiteBehavior [ RunTime:0.000018s ]
INFO: [ app_init ] --END-- [ RunTime:0.000464s ]

[ 2015-04-26T07:35:05+08:00 ] 192.168.1.42 /about_us.php
INFO: [ app_init ] --START--
INFO: Run Behavior\BuildLiteBehavior [ RunTime:0.000018s ]
INFO: [ app_init ] --END-- [ RunTime:0.000468s ]

[ 2015-04-26T07:35:19+08:00 ] 192.168.1.42 /Contact_us.php
INFO: [ app_init ] --START--
INFO: Run Behavior\BuildLiteBehavior [ RunTime:0.000017s ]
INFO: [ app_init ] --END-- [ RunTime:0.000461s ]
ERR: 非法操作:Contact_us.php

[ 2015-04-26T07:35:31+08:00 ] 192.168.1.42 /Download.php
INFO: [ app_init ] --START--
INFO: Run Behavior\BuildLiteBehavior [ RunTime:0.000016s ]
INFO: [ app_init ] --END-- [ RunTime:0.000460s ]

[ 2015-04-26T07:35:32+08:00 ] 192.168.1.42 /contact
INFO: [ app_init ] --START--
INFO: Run Behavior\BuildLiteBehavior [ RunTime:0.000017s ]
INFO: [ app_init ] --END-- [ RunTime:0.000525s ]

[ 2015-04-26T07:35:32+08:00 ] 192.168.1.42 /Code
INFO: [ app_init ] --START--
INFO: Run Behavior\BuildLiteBehavior [ RunTime:0.000018s ]
INFO: [ app_init ] --END-- [ RunTime:0.000466s ]

[ 2015-04-26T07:35:36+08:00 ] 192.168.1.42 /index.php
INFO: [ app_init ] --START--
INFO: Run Behavior\BuildLiteBehavior [ RunTime:0.000024s ]
INFO: [ app_init ] --END-- [ RunTime:0.000594s ]

[ 2015-04-26T07:35:36+08:00 ] 192.168.1.42 /font.swf
INFO: [ app_init ] --START--
INFO: Run Behavior\BuildLiteBehavior [ RunTime:0.000019s ]
INFO: [ app_init ] --END-- [ RunTime:0.000494s ]
ERR: 非法操作:font.swf

[ 2015-04-26T07:35:38+08:00 ] 192.168.1.42 /about_us.php
INFO: [ app_init ] --START--
INFO: Run Behavior\BuildLiteBehavior [ RunTime:0.000018s ]
INFO: [ app_init ] --END-- [ RunTime:0.000466s ]

[ 2015-04-26T07:36:42+08:00 ] 192.168.1.42 /about_us.php
INFO: [ app_init ] --START--
INFO: Run Behavior\BuildLiteBehavior [ RunTime:0.000015s ]
INFO: [ app_init ] --END-- [ RunTime:0.000503s ]

[ 2015-04-26T07:37:13+08:00 ] 192.168.1.42 /about_us.php
INFO: [ app_init ] --START--
INFO: Run Behavior\BuildLiteBehavior [ RunTime:0.000019s ]
INFO: [ app_init ] --END-- [ RunTime:0.000515s ]

[ 2015-04-26T07:37:34+08:00 ] 192.168.1.42 /about_us.php
INFO: [ app_init ] --START--
INFO: Run Behavior\BuildLiteBehavior [ RunTime:0.000018s ]
INFO: [ app_init ] --END-- [ RunTime:0.000512s ]

[ 2015-04-26T07:37:56+08:00 ] 192.168.1.42 /about_us.php
INFO: [ app_init ] --START--
INFO: Run Behavior\BuildLiteBehavior [ RunTime:0.000017s ]
INFO: [ app_init ] --END-- [ RunTime:0.000513s ]

[ 2015-04-26T07:38:18+08:00 ] 192.168.1.42 /about_us.php
INFO: [ app_init ] --START--
INFO: Run Behavior\BuildLiteBehavior [ RunTime:0.000019s ]
INFO: [ app_init ] --END-- [ RunTime:0.000504s ]

[ 2015-04-26T07:38:43+08:00 ] 192.168.1.42 /about_us.php
INFO: [ app_init ] --START--
INFO: Run Behavior\BuildLiteBehavior [ RunTime:0.000017s ]
INFO: [ app_init ] --END-- [ RunTime:0.000462s ]

[ 2015-04-26T07:39:14+08:00 ] 192.168.1.42 /about_us.php
INFO: [ app_init ] --START--
INFO: Run Behavior\BuildLiteBehavior [ RunTime:0.000016s ]
INFO: [ app_init ] --END-- [ RunTime:0.000497s ]

[ 2015-04-26T07:40:29+08:00 ] 192.168.1.42 /about_us.php
INFO: [ app_init ] --START--
INFO: Run Behavior\BuildLiteBehavior [ RunTime:0.000017s ]
INFO: [ app_init ] --END-- [ RunTime:0.000507s ]

[ 2015-04-26T07:40:58+08:00 ] 192.168.1.42 /about_us.php
INFO: [ app_init ] --START--
INFO: Run Behavior\BuildLiteBehavior [ RunTime:0.000016s ]
INFO: [ app_init ] --END-- [ RunTime:0.000446s ]

[ 2015-04-26T07:41:18+08:00 ] 192.168.1.42 /about_us.php
INFO: [ app_init ] --START--
INFO: Run Behavior\BuildLiteBehavior [ RunTime:0.000017s ]
INFO: [ app_init ] --END-- [ RunTime:0.000464s ]

[ 2015-04-26T07:44:30+08:00 ] 192.168.1.42 /about_us.php
INFO: [ app_init ] --START--
INFO: Run Behavior\BuildLiteBehavior [ RunTime:0.000018s ]
INFO: [ app_init ] --END-- [ RunTime:0.000512s ]

[ 2015-04-26T07:44:58+08:00 ] 192.168.1.42 /about_us.php
INFO: [ app_init ] --START--
INFO: Run Behavior\BuildLiteBehavior [ RunTime:0.000016s ]
INFO: [ app_init ] --END-- [ RunTime:0.000507s ]

[ 2015-04-26T07:49:36+08:00 ] 192.168.1.42 /Certification
INFO: [ app_init ] --START--
INFO: Run Behavior\BuildLiteBehavior [ RunTime:0.000018s ]
INFO: [ app_init ] --END-- [ RunTime:0.000593s ]

[ 2015-04-26T07:50:02+08:00 ] 192.168.1.42 /Certification
INFO: [ app_init ] --START--
INFO: Run Behavior\BuildLiteBehavior [ RunTime:0.000017s ]
INFO: [ app_init ] --END-- [ RunTime:0.000460s ]

[ 2015-04-26T07:50:06+08:00 ] 192.168.1.42 /Certification
INFO: [ app_init ] --START--
INFO: Run Behavior\BuildLiteBehavior [ RunTime:0.000017s ]
INFO: [ app_init ] --END-- [ RunTime:0.000467s ]

[ 2015-04-26T07:50:55+08:00 ] 192.168.1.42 /Certification
INFO: [ app_init ] --START--
INFO: Run Behavior\BuildLiteBehavior [ RunTime:0.000017s ]
INFO: [ app_init ] --END-- [ RunTime:0.000505s ]

[ 2015-04-26T07:53:11+08:00 ] 192.168.1.42 /Certification
INFO: [ app_init ] --START--
INFO: Run Behavior\BuildLiteBehavior [ RunTime:0.000017s ]
INFO: [ app_init ] --END-- [ RunTime:0.000500s ]

[ 2015-04-26T07:53:26+08:00 ] 192.168.1.42 /Certification
INFO: [ app_init ] --START--
INFO: Run Behavior\BuildLiteBehavior [ RunTime:0.000018s ]
INFO: [ app_init ] --END-- [ RunTime:0.000533s ]

[ 2015-04-26T07:54:06+08:00 ] 192.168.1.42 /Certification
INFO: [ app_init ] --START--
INFO: Run Behavior\BuildLiteBehavior [ RunTime:0.000018s ]
INFO: [ app_init ] --END-- [ RunTime:0.000511s ]

[ 2015-04-26T07:54:45+08:00 ] 192.168.1.42 /Certification
INFO: [ app_init ] --START--
INFO: Run Behavior\BuildLiteBehavior [ RunTime:0.000017s ]
INFO: [ app_init ] --END-- [ RunTime:0.000500s ]

[ 2015-04-26T07:55:06+08:00 ] 192.168.1.42 /Certification
INFO: [ app_init ] --START--
INFO: Run Behavior\BuildLiteBehavior [ RunTime:0.000020s ]
INFO: [ app_init ] --END-- [ RunTime:0.000594s ]

[ 2015-04-26T07:55:16+08:00 ] 192.168.1.42 /Certification
INFO: [ app_init ] --START--
INFO: Run Behavior\BuildLiteBehavior [ RunTime:0.000018s ]
INFO: [ app_init ] --END-- [ RunTime:0.000516s ]

[ 2015-04-26T07:55:26+08:00 ] 192.168.1.42 /Certification
INFO: [ app_init ] --START--
INFO: Run Behavior\BuildLiteBehavior [ RunTime:0.000018s ]
INFO: [ app_init ] --END-- [ RunTime:0.000457s ]

[ 2015-04-26T07:56:10+08:00 ] 192.168.1.42 /Certification
INFO: [ app_init ] --START--
INFO: Run Behavior\BuildLiteBehavior [ RunTime:0.000017s ]
INFO: [ app_init ] --END-- [ RunTime:0.000513s ]

[ 2015-04-26T07:56:45+08:00 ] 192.168.1.42 /Certification
INFO: [ app_init ] --START--
INFO: Run Behavior\BuildLiteBehavior [ RunTime:0.000018s ]
INFO: [ app_init ] --END-- [ RunTime:0.000614s ]

[ 2015-04-26T07:57:10+08:00 ] 192.168.1.42 /Certification
INFO: [ app_init ] --START--
INFO: Run Behavior\BuildLiteBehavior [ RunTime:0.000016s ]
INFO: [ app_init ] --END-- [ RunTime:0.000451s ]

[ 2015-04-26T07:57:20+08:00 ] 192.168.1.42 /application
INFO: [ app_init ] --START--
INFO: Run Behavior\BuildLiteBehavior [ RunTime:0.000017s ]
INFO: [ app_init ] --END-- [ RunTime:0.000532s ]

[ 2015-04-26T07:57:32+08:00 ] 192.168.1.42 /Certification
INFO: [ app_init ] --START--
INFO: Run Behavior\BuildLiteBehavior [ RunTime:0.000018s ]
INFO: [ app_init ] --END-- [ RunTime:0.000461s ]

[ 2015-04-26T07:58:26+08:00 ] 192.168.1.42 /Certification
INFO: [ app_init ] --START--
INFO: Run Behavior\BuildLiteBehavior [ RunTime:0.000017s ]
INFO: [ app_init ] --END-- [ RunTime:0.000505s ]

[ 2015-04-26T07:59:11+08:00 ] 192.168.1.42 /Certification
INFO: [ app_init ] --START--
INFO: Run Behavior\BuildLiteBehavior [ RunTime:0.000025s ]
INFO: [ app_init ] --END-- [ RunTime:0.000687s ]

[ 2015-04-26T08:00:08+08:00 ] 192.168.1.42 /Certification
INFO: [ app_init ] --START--
INFO: Run Behavior\BuildLiteBehavior [ RunTime:0.000019s ]
INFO: [ app_init ] --END-- [ RunTime:0.000470s ]

[ 2015-04-26T08:01:58+08:00 ] 192.168.1.42 /Certification
INFO: [ app_init ] --START--
INFO: Run Behavior\BuildLiteBehavior [ RunTime:0.000018s ]
INFO: [ app_init ] --END-- [ RunTime:0.000504s ]

[ 2015-04-26T08:03:20+08:00 ] 192.168.1.42 /Certification
INFO: [ app_init ] --START--
INFO: Run Behavior\BuildLiteBehavior [ RunTime:0.000018s ]
INFO: [ app_init ] --END-- [ RunTime:0.000514s ]

[ 2015-04-26T08:03:46+08:00 ] 192.168.1.42 /Certification
INFO: [ app_init ] --START--
INFO: Run Behavior\BuildLiteBehavior [ RunTime:0.000017s ]
INFO: [ app_init ] --END-- [ RunTime:0.000608s ]

[ 2015-04-26T08:04:40+08:00 ] 192.168.1.42 /Certification
INFO: [ app_init ] --START--
INFO: Run Behavior\BuildLiteBehavior [ RunTime:0.000017s ]
INFO: [ app_init ] --END-- [ RunTime:0.000461s ]

[ 2015-04-26T08:05:09+08:00 ] 192.168.1.42 /Certification
INFO: [ app_init ] --START--
INFO: Run Behavior\BuildLiteBehavior [ RunTime:0.000018s ]
INFO: [ app_init ] --END-- [ RunTime:0.000516s ]

[ 2015-04-26T08:05:26+08:00 ] 192.168.1.42 /Certification
INFO: [ app_init ] --START--
INFO: Run Behavior\BuildLiteBehavior [ RunTime:0.000017s ]
INFO: [ app_init ] --END-- [ RunTime:0.000508s ]

[ 2015-04-26T15:05:20+08:00 ] ::1 /SRC_LAN/logo.jpg
INFO: [ app_init ] --START--
INFO: Run Behavior\BuildLiteBehavior [ RunTime:0.000000s ]
INFO: [ app_init ] --END-- [ RunTime:0.001000s ]


[ 2015-04-26T15:05:20+08:00 ] ::1 /
INFO: [ app_init ] --START--
INFO: Run Behavior\BuildLiteBehavior [ RunTime:0.000000s ]
INFO: [ app_init ] --END-- [ RunTime:0.052003s ]

[ 2015-04-26T15:05:20+08:00 ] ::1 /SRC_LAN/home2.jpg
INFO: [ app_init ] --START--
INFO: Run Behavior\BuildLiteBehavior [ RunTime:0.000000s ]
INFO: [ app_init ] --END-- [ RunTime:0.001000s ]

[ 2015-04-26T15:05:20+08:00 ] ::1 /SRC_LAN/home4.jpg
INFO: [ app_init ] --START--
INFO: Run Behavior\BuildLiteBehavior [ RunTime:0.000000s ]
INFO: [ app_init ] --END-- [ RunTime:0.000000s ]

[ 2015-04-26T15:05:20+08:00 ] ::1 /SRC_LAN/home3.jpg
INFO: [ app_init ] --START--
INFO: Run Behavior\BuildLiteBehavior [ RunTime:0.000000s ]
INFO: [ app_init ] --END-- [ RunTime:0.000000s ]

[ 2015-04-26T15:05:21+08:00 ] ::1 /SRC_LAN/config.xml?t=1430031921392
INFO: [ app_init ] --START--
INFO: Run Behavior\BuildLiteBehavior [ RunTime:0.000000s ]
INFO: [ app_init ] --END-- [ RunTime:0.000000s ]
ERR: 非法操作:SRC_LAN

[ 2015-04-26T15:05:30+08:00 ] 192.168.10.42 /
INFO: [ app_init ] --START--
INFO: Run Behavior\BuildLiteBehavior [ RunTime:0.000000s ]
INFO: [ app_init ] --END-- [ RunTime:0.000000s ]

[ 2015-04-26T15:05:31+08:00 ] 192.168.10.42 /font.swf
INFO: [ app_init ] --START--
INFO: Run Behavior\BuildLiteBehavior [ RunTime:0.000000s ]
INFO: [ app_init ] --END-- [ RunTime:0.000000s ]
ERR: 非法操作:font.swf

[ 2015-04-26T15:05:33+08:00 ] 192.168.10.42 /about_us.php
INFO: [ app_init ] --START--
INFO: Run Behavior\BuildLiteBehavior [ RunTime:0.000000s ]
INFO: [ app_init ] --END-- [ RunTime:0.001000s ]

[ 2015-04-26T15:05:52+08:00 ] 192.168.10.42 /Certification
INFO: [ app_init ] --START--
INFO: Run Behavior\BuildLiteBehavior [ RunTime:0.000000s ]
INFO: [ app_init ] --END-- [ RunTime:0.000000s ]

[ 2015-04-26T15:07:59+08:00 ] 192.168.10.42 /about_us.php
INFO: [ app_init ] --START--
INFO: Run Behavior\BuildLiteBehavior [ RunTime:0.000000s ]
INFO: [ app_init ] --END-- [ RunTime:0.001001s ]

[ 2015-04-26T15:08:59+08:00 ] 192.168.10.42 /about_us.php
INFO: [ app_init ] --START--
INFO: Run Behavior\BuildLiteBehavior [ RunTime:0.000000s ]
INFO: [ app_init ] --END-- [ RunTime:0.000000s ]

[ 2015-04-26T15:10:05+08:00 ] 192.168.10.42 /application
INFO: [ app_init ] --START--
INFO: Run Behavior\BuildLiteBehavior [ RunTime:0.000000s ]
INFO: [ app_init ] --END-- [ RunTime:0.001000s ]

[ 2015-04-26T15:11:04+08:00 ] 192.168.10.42 /index.php
INFO: [ app_init ] --START--
INFO: Run Behavior\BuildLiteBehavior [ RunTime:0.000000s ]
INFO: [ app_init ] --END-- [ RunTime:0.001000s ]

[ 2015-04-26T15:11:04+08:00 ] 192.168.10.42 /font.swf
INFO: [ app_init ] --START--
INFO: Run Behavior\BuildLiteBehavior [ RunTime:0.000000s ]
INFO: [ app_init ] --END-- [ RunTime:0.001000s ]
ERR: 非法操作:font.swf

[ 2015-04-26T15:11:45+08:00 ] 192.168.10.42 /about_us.php
INFO: [ app_init ] --START--
INFO: Run Behavior\BuildLiteBehavior [ RunTime:0.000000s ]
INFO: [ app_init ] --END-- [ RunTime:0.001000s ]

[ 2015-04-26T15:12:02+08:00 ] 192.168.10.42 /about_us.php
INFO: [ app_init ] --START--
INFO: Run Behavior\BuildLiteBehavior [ RunTime:0.000000s ]
INFO: [ app_init ] --END-- [ RunTime:0.000000s ]

[ 2015-04-26T15:13:32+08:00 ] 192.168.10.42 /index.php
INFO: [ app_init ] --START--
INFO: Run Behavior\BuildLiteBehavior [ RunTime:0.000000s ]
INFO: [ app_init ] --END-- [ RunTime:0.001000s ]

[ 2015-04-26T15:13:33+08:00 ] 192.168.10.42 /font.swf
INFO: [ app_init ] --START--
INFO: Run Behavior\BuildLiteBehavior [ RunTime:0.000000s ]
INFO: [ app_init ] --END-- [ RunTime:0.001000s ]
ERR: 非法操作:font.swf

[ 2015-04-26T15:13:34+08:00 ] 192.168.10.42 /about_us.php
INFO: [ app_init ] --START--
INFO: Run Behavior\BuildLiteBehavior [ RunTime:0.000000s ]
INFO: [ app_init ] --END-- [ RunTime:0.000000s ]

[ 2015-04-26T15:13:52+08:00 ] 192.168.10.42 /about_us.php
INFO: [ app_init ] --START--
INFO: Run Behavior\BuildLiteBehavior [ RunTime:0.000000s ]
INFO: [ app_init ] --END-- [ RunTime:0.000000s ]

[ 2015-04-26T15:13:59+08:00 ] 192.168.10.42 /Certification
INFO: [ app_init ] --START--
INFO: Run Behavior\BuildLiteBehavior [ RunTime:0.000000s ]
INFO: [ app_init ] --END-- [ RunTime:0.000000s ]

[ 2015-04-26T15:17:44+08:00 ] 192.168.10.42 /Certification
INFO: [ app_init ] --START--
INFO: Run Behavior\BuildLiteBehavior [ RunTime:0.000000s ]
INFO: [ app_init ] --END-- [ RunTime:0.001000s ]

[ 2015-04-26T15:17:58+08:00 ] 192.168.10.42 /index.php
INFO: [ app_init ] --START--
INFO: Run Behavior\BuildLiteBehavior [ RunTime:0.000000s ]
INFO: [ app_init ] --END-- [ RunTime:0.001000s ]

[ 2015-04-26T15:17:59+08:00 ] 192.168.10.42 /font.swf
INFO: [ app_init ] --START--
INFO: Run Behavior\BuildLiteBehavior [ RunTime:0.000000s ]
INFO: [ app_init ] --END-- [ RunTime:0.000000s ]
ERR: 非法操作:font.swf

[ 2015-04-26T15:18:01+08:00 ] 192.168.10.42 /about_us.php
INFO: [ app_init ] --START--
INFO: Run Behavior\BuildLiteBehavior [ RunTime:0.000000s ]
INFO: [ app_init ] --END-- [ RunTime:0.000000s ]

[ 2015-04-26T15:18:35+08:00 ] 192.168.10.42 /about_us.php
INFO: [ app_init ] --START--
INFO: Run Behavior\BuildLiteBehavior [ RunTime:0.000000s ]
INFO: [ app_init ] --END-- [ RunTime:0.000000s ]

[ 2015-04-26T15:18:38+08:00 ] 192.168.10.42 /Certification
INFO: [ app_init ] --START--
INFO: Run Behavior\BuildLiteBehavior [ RunTime:0.000000s ]
INFO: [ app_init ] --END-- [ RunTime:0.001000s ]

[ 2015-04-26T15:18:44+08:00 ] 192.168.10.42 /Certification
INFO: [ app_init ] --START--
INFO: Run Behavior\BuildLiteBehavior [ RunTime:0.000000s ]
INFO: [ app_init ] --END-- [ RunTime:0.000000s ]

[ 2015-04-26T15:20:02+08:00 ] 192.168.10.42 /Certification
INFO: [ app_init ] --START--
INFO: Run Behavior\BuildLiteBehavior [ RunTime:0.000000s ]
INFO: [ app_init ] --END-- [ RunTime:0.000000s ]

[ 2015-04-26T15:21:17+08:00 ] 192.168.10.42 /Certification
INFO: [ app_init ] --START--
INFO: Run Behavior\BuildLiteBehavior [ RunTime:0.000000s ]
INFO: [ app_init ] --END-- [ RunTime:0.000000s ]

[ 2015-04-26T15:23:57+08:00 ] 192.168.10.42 /Certification
INFO: [ app_init ] --START--
INFO: Run Behavior\BuildLiteBehavior [ RunTime:0.000000s ]
INFO: [ app_init ] --END-- [ RunTime:0.001000s ]

[ 2015-04-26T15:24:27+08:00 ] 192.168.10.42 /index.php
INFO: [ app_init ] --START--
INFO: Run Behavior\BuildLiteBehavior [ RunTime:0.000000s ]
INFO: [ app_init ] --END-- [ RunTime:0.000000s ]

[ 2015-04-26T15:24:27+08:00 ] 192.168.10.42 /font.swf
INFO: [ app_init ] --START--
INFO: Run Behavior\BuildLiteBehavior [ RunTime:0.000000s ]
INFO: [ app_init ] --END-- [ RunTime:0.000000s ]
ERR: 非法操作:font.swf

[ 2015-04-26T15:26:30+08:00 ] 192.168.10.42 /index.php
INFO: [ app_init ] --START--
INFO: Run Behavior\BuildLiteBehavior [ RunTime:0.000000s ]
INFO: [ app_init ] --END-- [ RunTime:0.001000s ]

[ 2015-04-26T15:26:30+08:00 ] 192.168.10.42 /font.swf
INFO: [ app_init ] --START--
INFO: Run Behavior\BuildLiteBehavior [ RunTime:0.000000s ]
INFO: [ app_init ] --END-- [ RunTime:0.000000s ]
ERR: 非法操作:font.swf

[ 2015-04-26T15:26:48+08:00 ] 192.168.10.42 /index.php
INFO: [ app_init ] --START--
INFO: Run Behavior\BuildLiteBehavior [ RunTime:0.000000s ]
INFO: [ app_init ] --END-- [ RunTime:0.000000s ]

[ 2015-04-26T15:26:48+08:00 ] 192.168.10.42 /font.swf
INFO: [ app_init ] --START--
INFO: Run Behavior\BuildLiteBehavior [ RunTime:0.000000s ]
INFO: [ app_init ] --END-- [ RunTime:0.000000s ]
ERR: 非法操作:font.swf

[ 2015-04-26T15:26:52+08:00 ] 192.168.10.42 /certification
INFO: [ app_init ] --START--
INFO: Run Behavior\BuildLiteBehavior [ RunTime:0.000000s ]
INFO: [ app_init ] --END-- [ RunTime:0.001000s ]

[ 2015-04-26T15:45:54+08:00 ] 192.168.10.42 /Honour
INFO: [ app_init ] --START--
INFO: Run Behavior\BuildLiteBehavior [ RunTime:0.000000s ]
INFO: [ app_init ] --END-- [ RunTime:0.000000s ]

[ 2015-04-26T15:46:42+08:00 ] 192.168.10.42 /Honour
INFO: [ app_init ] --START--
INFO: Run Behavior\BuildLiteBehavior [ RunTime:0.000000s ]
INFO: [ app_init ] --END-- [ RunTime:0.000000s ]

[ 2015-04-26T15:46:45+08:00 ] 192.168.10.42 /Honour
INFO: [ app_init ] --START--
INFO: Run Behavior\BuildLiteBehavior [ RunTime:0.000000s ]
INFO: [ app_init ] --END-- [ RunTime:0.001000s ]

[ 2015-04-26T15:46:46+08:00 ] 192.168.10.42 /Honour
INFO: [ app_init ] --START--
INFO: Run Behavior\BuildLiteBehavior [ RunTime:0.000000s ]
INFO: [ app_init ] --END-- [ RunTime:0.000000s ]

[ 2015-04-26T15:47:13+08:00 ] 192.168.10.42 /certification
INFO: [ app_init ] --START--
INFO: Run Behavior\BuildLiteBehavior [ RunTime:0.000000s ]
INFO: [ app_init ] --END-- [ RunTime:0.000000s ]

[ 2015-04-26T20:27:56+08:00 ] 192.168.1.42 /about_us.php
INFO: [ app_init ] --START--
INFO: Run Behavior\BuildLiteBehavior [ RunTime:0.000020s ]
INFO: [ app_init ] --END-- [ RunTime:0.000809s ]

[ 2015-04-26T20:28:09+08:00 ] 192.168.1.42 /about_us.php
INFO: [ app_init ] --START--
INFO: Run Behavior\BuildLiteBehavior [ RunTime:0.000021s ]
INFO: [ app_init ] --END-- [ RunTime:0.000612s ]

[ 2015-04-26T20:28:15+08:00 ] 192.168.1.42 /about_us.php
INFO: [ app_init ] --START--
INFO: Run Behavior\BuildLiteBehavior [ RunTime:0.000027s ]
INFO: [ app_init ] --END-- [ RunTime:0.000780s ]

[ 2015-04-26T20:28:23+08:00 ] 192.168.1.42 /about_us.php
INFO: [ app_init ] --START--
INFO: Run Behavior\BuildLiteBehavior [ RunTime:0.000028s ]
INFO: [ app_init ] --END-- [ RunTime:0.000820s ]

[ 2015-04-26T20:28:33+08:00 ] 192.168.1.42 /about_us.php
INFO: [ app_init ] --START--
INFO: Run Behavior\BuildLiteBehavior [ RunTime:0.000019s ]
INFO: [ app_init ] --END-- [ RunTime:0.000560s ]

[ 2015-04-26T20:29:16+08:00 ] 192.168.1.42 /certification
INFO: [ app_init ] --START--
INFO: Run Behavior\BuildLiteBehavior [ RunTime:0.000024s ]
INFO: [ app_init ] --END-- [ RunTime:0.000636s ]

[ 2015-04-26T20:32:14+08:00 ] 192.168.1.42 /certification
INFO: [ app_init ] --START--
INFO: Run Behavior\BuildLiteBehavior [ RunTime:0.000018s ]
INFO: [ app_init ] --END-- [ RunTime:0.000595s ]

[ 2015-04-26T20:33:41+08:00 ] 192.168.1.42 /certification
INFO: [ app_init ] --START--
INFO: Run Behavior\BuildLiteBehavior [ RunTime:0.000019s ]
INFO: [ app_init ] --END-- [ RunTime:0.000539s ]

[ 2015-04-26T20:33:59+08:00 ] 192.168.1.42 /certification
INFO: [ app_init ] --START--
INFO: Run Behavior\BuildLiteBehavior [ RunTime:0.000020s ]
INFO: [ app_init ] --END-- [ RunTime:0.000540s ]

[ 2015-04-26T20:34:13+08:00 ] 192.168.1.42 /certification
INFO: [ app_init ] --START--
INFO: Run Behavior\BuildLiteBehavior [ RunTime:0.000022s ]
INFO: [ app_init ] --END-- [ RunTime:0.000595s ]

[ 2015-04-26T20:34:13+08:00 ] 192.168.1.42 /certification
INFO: [ app_init ] --START--
INFO: Run Behavior\BuildLiteBehavior [ RunTime:0.000020s ]
INFO: [ app_init ] --END-- [ RunTime:0.000555s ]

[ 2015-04-26T20:34:13+08:00 ] 192.168.1.42 /certification
INFO: [ app_init ] --START--
INFO: Run Behavior\BuildLiteBehavior [ RunTime:0.000027s ]
INFO: [ app_init ] --END-- [ RunTime:0.000790s ]

[ 2015-04-26T20:34:14+08:00 ] 192.168.1.42 /certification
INFO: [ app_init ] --START--
INFO: Run Behavior\BuildLiteBehavior [ RunTime:0.000026s ]
INFO: [ app_init ] --END-- [ RunTime:0.000866s ]

[ 2015-04-26T20:34:14+08:00 ] 192.168.1.42 /certification
INFO: [ app_init ] --START--
INFO: Run Behavior\BuildLiteBehavior [ RunTime:0.000026s ]
INFO: [ app_init ] --END-- [ RunTime:0.000681s ]

[ 2015-04-26T20:34:38+08:00 ] 192.168.1.42 /certification
INFO: [ app_init ] --START--
INFO: Run Behavior\BuildLiteBehavior [ RunTime:0.000019s ]
INFO: [ app_init ] --END-- [ RunTime:0.000487s ]

[ 2015-04-26T20:35:06+08:00 ] 192.168.1.42 /certification
INFO: [ app_init ] --START--
INFO: Run Behavior\BuildLiteBehavior [ RunTime:0.000018s ]
INFO: [ app_init ] --END-- [ RunTime:0.000508s ]

[ 2015-04-26T20:37:16+08:00 ] 192.168.1.42 /certification
INFO: [ app_init ] --START--
INFO: Run Behavior\BuildLiteBehavior [ RunTime:0.000026s ]
INFO: [ app_init ] --END-- [ RunTime:0.000755s ]

[ 2015-04-26T20:37:25+08:00 ] 192.168.1.42 /index.php
INFO: [ app_init ] --START--
INFO: Run Behavior\BuildLiteBehavior [ RunTime:0.000027s ]
INFO: [ app_init ] --END-- [ RunTime:0.000791s ]

[ 2015-04-26T20:37:25+08:00 ] 192.168.1.42 /font.swf
INFO: [ app_init ] --START--
INFO: Run Behavior\BuildLiteBehavior [ RunTime:0.000021s ]
INFO: [ app_init ] --END-- [ RunTime:0.000550s ]
ERR: 非法操作:font.swf

[ 2015-04-26T20:37:52+08:00 ] 192.168.1.42 /certification
INFO: [ app_init ] --START--
INFO: Run Behavior\BuildLiteBehavior [ RunTime:0.000026s ]
INFO: [ app_init ] --END-- [ RunTime:0.000748s ]

[ 2015-04-26T20:38:05+08:00 ] 192.168.1.42 /certification
INFO: [ app_init ] --START--
INFO: Run Behavior\BuildLiteBehavior [ RunTime:0.000025s ]
INFO: [ app_init ] --END-- [ RunTime:0.000741s ]

[ 2015-04-26T20:38:22+08:00 ] 192.168.1.42 /index.php
INFO: [ app_init ] --START--
INFO: Run Behavior\BuildLiteBehavior [ RunTime:0.000027s ]
INFO: [ app_init ] --END-- [ RunTime:0.000800s ]

[ 2015-04-26T20:38:23+08:00 ] 192.168.1.42 /font.swf
INFO: [ app_init ] --START--
INFO: Run Behavior\BuildLiteBehavior [ RunTime:0.000019s ]
INFO: [ app_init ] --END-- [ RunTime:0.000476s ]
ERR: 非法操作:font.swf

[ 2015-04-26T20:38:24+08:00 ] 192.168.1.42 /about_us.php
INFO: [ app_init ] --START--
INFO: Run Behavior\BuildLiteBehavior [ RunTime:0.000030s ]
INFO: [ app_init ] --END-- [ RunTime:0.000956s ]

[ 2015-04-26T20:38:26+08:00 ] 192.168.1.42 /certification
INFO: [ app_init ] --START--
INFO: Run Behavior\BuildLiteBehavior [ RunTime:0.000028s ]
INFO: [ app_init ] --END-- [ RunTime:0.000783s ]

[ 2015-04-26T20:38:27+08:00 ] 192.168.1.42 /about_us.php
INFO: [ app_init ] --START--
INFO: Run Behavior\BuildLiteBehavior [ RunTime:0.000023s ]
INFO: [ app_init ] --END-- [ RunTime:0.000503s ]

[ 2015-04-26T20:38:31+08:00 ] 192.168.1.42 /certification
INFO: [ app_init ] --START--
INFO: Run Behavior\BuildLiteBehavior [ RunTime:0.000028s ]
INFO: [ app_init ] --END-- [ RunTime:0.000688s ]

[ 2015-04-26T20:39:35+08:00 ] 192.168.1.42 /index.php
INFO: [ app_init ] --START--
INFO: Run Behavior\BuildLiteBehavior [ RunTime:0.000019s ]
INFO: [ app_init ] --END-- [ RunTime:0.000609s ]

[ 2015-04-26T20:39:35+08:00 ] 192.168.1.42 /font.swf
INFO: [ app_init ] --START--
INFO: Run Behavior\BuildLiteBehavior [ RunTime:0.000020s ]
INFO: [ app_init ] --END-- [ RunTime:0.000532s ]
ERR: 非法操作:font.swf

[ 2015-04-26T20:39:38+08:00 ] 192.168.1.42 /honour
INFO: [ app_init ] --START--
INFO: Run Behavior\BuildLiteBehavior [ RunTime:0.000019s ]
INFO: [ app_init ] --END-- [ RunTime:0.000490s ]

[ 2015-04-26T20:40:31+08:00 ] 192.168.1.42 /honour
INFO: [ app_init ] --START--
INFO: Run Behavior\BuildLiteBehavior [ RunTime:0.000023s ]
INFO: [ app_init ] --END-- [ RunTime:0.000583s ]

[ 2015-04-26T20:40:48+08:00 ] 192.168.1.42 /honour
INFO: [ app_init ] --START--
INFO: Run Behavior\BuildLiteBehavior [ RunTime:0.000025s ]
INFO: [ app_init ] --END-- [ RunTime:0.000737s ]

[ 2015-04-26T20:40:54+08:00 ] 192.168.1.42 /honour
INFO: [ app_init ] --START--
INFO: Run Behavior\BuildLiteBehavior [ RunTime:0.000026s ]
INFO: [ app_init ] --END-- [ RunTime:0.000709s ]

[ 2015-04-26T20:41:09+08:00 ] 192.168.1.42 /honour
INFO: [ app_init ] --START--
INFO: Run Behavior\BuildLiteBehavior [ RunTime:0.000027s ]
INFO: [ app_init ] --END-- [ RunTime:0.000648s ]

[ 2015-04-26T20:41:22+08:00 ] 192.168.1.42 /honour
INFO: [ app_init ] --START--
INFO: Run Behavior\BuildLiteBehavior [ RunTime:0.000020s ]
INFO: [ app_init ] --END-- [ RunTime:0.000514s ]

[ 2015-04-26T20:41:36+08:00 ] 192.168.1.42 /honour
INFO: [ app_init ] --START--
INFO: Run Behavior\BuildLiteBehavior [ RunTime:0.000027s ]
INFO: [ app_init ] --END-- [ RunTime:0.000728s ]

[ 2015-04-26T20:42:31+08:00 ] 192.168.1.42 /honour
INFO: [ app_init ] --START--
INFO: Run Behavior\BuildLiteBehavior [ RunTime:0.000019s ]
INFO: [ app_init ] --END-- [ RunTime:0.000485s ]

[ 2015-04-26T20:42:50+08:00 ] 192.168.1.42 /honour
INFO: [ app_init ] --START--
INFO: Run Behavior\BuildLiteBehavior [ RunTime:0.000030s ]
INFO: [ app_init ] --END-- [ RunTime:0.002911s ]

[ 2015-04-26T20:43:04+08:00 ] 192.168.1.42 /honour
INFO: [ app_init ] --START--
INFO: Run Behavior\BuildLiteBehavior [ RunTime:0.000028s ]
INFO: [ app_init ] --END-- [ RunTime:0.001349s ]

[ 2015-04-26T20:43:28+08:00 ] 192.168.1.42 /honour
INFO: [ app_init ] --START--
INFO: Run Behavior\BuildLiteBehavior [ RunTime:0.000023s ]
INFO: [ app_init ] --END-- [ RunTime:0.000649s ]

[ 2015-04-26T20:44:34+08:00 ] 192.168.1.42 /honour
INFO: [ app_init ] --START--
INFO: Run Behavior\BuildLiteBehavior [ RunTime:0.000020s ]
INFO: [ app_init ] --END-- [ RunTime:0.000509s ]

[ 2015-04-26T20:46:04+08:00 ] 192.168.1.42 /honour
INFO: [ app_init ] --START--
INFO: Run Behavior\BuildLiteBehavior [ RunTime:0.000025s ]
INFO: [ app_init ] --END-- [ RunTime:0.000793s ]

[ 2015-04-26T20:47:34+08:00 ] 192.168.1.42 /honour
INFO: [ app_init ] --START--
INFO: Run Behavior\BuildLiteBehavior [ RunTime:0.000017s ]
INFO: [ app_init ] --END-- [ RunTime:0.000452s ]

[ 2015-04-26T20:50:08+08:00 ] 192.168.1.42 /honour
INFO: [ app_init ] --START--
INFO: Run Behavior\BuildLiteBehavior [ RunTime:0.000026s ]
INFO: [ app_init ] --END-- [ RunTime:0.000761s ]

[ 2015-04-26T20:50:20+08:00 ] 192.168.1.42 /honour
INFO: [ app_init ] --START--
INFO: Run Behavior\BuildLiteBehavior [ RunTime:0.000027s ]
INFO: [ app_init ] --END-- [ RunTime:0.000855s ]

[ 2015-04-26T20:50:34+08:00 ] 192.168.1.42 /honour
INFO: [ app_init ] --START--
INFO: Run Behavior\BuildLiteBehavior [ RunTime:0.000024s ]
INFO: [ app_init ] --END-- [ RunTime:0.000521s ]

[ 2015-04-26T20:51:15+08:00 ] 192.168.1.42 /honour
INFO: [ app_init ] --START--
INFO: Run Behavior\BuildLiteBehavior [ RunTime:0.000021s ]
INFO: [ app_init ] --END-- [ RunTime:0.000515s ]

[ 2015-04-26T20:52:33+08:00 ] 192.168.1.42 /honour
INFO: [ app_init ] --START--
INFO: Run Behavior\BuildLiteBehavior [ RunTime:0.000026s ]
INFO: [ app_init ] --END-- [ RunTime:0.000762s ]

[ 2015-04-26T20:53:26+08:00 ] 192.168.1.42 /honour
INFO: [ app_init ] --START--
INFO: Run Behavior\BuildLiteBehavior [ RunTime:0.000029s ]
INFO: [ app_init ] --END-- [ RunTime:0.000967s ]

[ 2015-04-26T20:53:49+08:00 ] 192.168.1.42 /honour
INFO: [ app_init ] --START--
INFO: Run Behavior\BuildLiteBehavior [ RunTime:0.000019s ]
INFO: [ app_init ] --END-- [ RunTime:0.000538s ]

[ 2015-04-26T20:57:21+08:00 ] 192.168.1.42 /about_us.php
INFO: [ app_init ] --START--
INFO: Run Behavior\BuildLiteBehavior [ RunTime:0.000020s ]
INFO: [ app_init ] --END-- [ RunTime:0.000550s ]

[ 2015-04-26T20:57:47+08:00 ] 192.168.1.42 /about_us.php
INFO: [ app_init ] --START--
INFO: Run Behavior\BuildLiteBehavior [ RunTime:0.000023s ]
INFO: [ app_init ] --END-- [ RunTime:0.000643s ]

[ 2015-04-26T20:57:49+08:00 ] 192.168.1.42 /certification
INFO: [ app_init ] --START--
INFO: Run Behavior\BuildLiteBehavior [ RunTime:0.000027s ]
INFO: [ app_init ] --END-- [ RunTime:0.000702s ]

[ 2015-04-26T20:57:50+08:00 ] 192.168.1.42 /honour
INFO: [ app_init ] --START--
INFO: Run Behavior\BuildLiteBehavior [ RunTime:0.000020s ]
INFO: [ app_init ] --END-- [ RunTime:0.000486s ]

[ 2015-04-26T20:59:18+08:00 ] 192.168.1.42 /honour
INFO: [ app_init ] --START--
INFO: Run Behavior\BuildLiteBehavior [ RunTime:0.000019s ]
INFO: [ app_init ] --END-- [ RunTime:0.000593s ]

[ 2015-04-26T21:00:19+08:00 ] 192.168.1.42 /honour
INFO: [ app_init ] --START--
INFO: Run Behavior\BuildLiteBehavior [ RunTime:0.000020s ]
INFO: [ app_init ] --END-- [ RunTime:0.000604s ]

[ 2015-04-26T21:00:50+08:00 ] 192.168.1.42 /honour
INFO: [ app_init ] --START--
INFO: Run Behavior\BuildLiteBehavior [ RunTime:0.000029s ]
INFO: [ app_init ] --END-- [ RunTime:0.000836s ]

[ 2015-04-26T21:03:02+08:00 ] 192.168.1.42 /honour
INFO: [ app_init ] --START--
INFO: Run Behavior\BuildLiteBehavior [ RunTime:0.000018s ]
INFO: [ app_init ] --END-- [ RunTime:0.000548s ]

[ 2015-04-26T21:03:12+08:00 ] 192.168.1.42 /honour
INFO: [ app_init ] --START--
INFO: Run Behavior\BuildLiteBehavior [ RunTime:0.000020s ]
INFO: [ app_init ] --END-- [ RunTime:0.000629s ]

[ 2015-04-26T21:03:27+08:00 ] 192.168.1.42 /honour
INFO: [ app_init ] --START--
INFO: Run Behavior\BuildLiteBehavior [ RunTime:0.000024s ]
INFO: [ app_init ] --END-- [ RunTime:0.000529s ]

[ 2015-04-26T21:03:53+08:00 ] 192.168.1.42 /honour
INFO: [ app_init ] --START--
INFO: Run Behavior\BuildLiteBehavior [ RunTime:0.000026s ]
INFO: [ app_init ] --END-- [ RunTime:0.000663s ]

[ 2015-04-26T21:04:05+08:00 ] 192.168.1.42 /honour
INFO: [ app_init ] --START--
INFO: Run Behavior\BuildLiteBehavior [ RunTime:0.000025s ]
INFO: [ app_init ] --END-- [ RunTime:0.000661s ]

[ 2015-04-26T21:08:35+08:00 ] 192.168.1.42 /video/
INFO: [ app_init ] --START--
INFO: Run Behavior\BuildLiteBehavior [ RunTime:0.000019s ]
INFO: [ app_init ] --END-- [ RunTime:0.000579s ]

[ 2015-04-26T21:08:35+08:00 ] 192.168.1.42 /video/src/cn/logo.jpg
INFO: [ app_init ] --START--
INFO: Run Behavior\BuildLiteBehavior [ RunTime:0.000027s ]
INFO: [ app_init ] --END-- [ RunTime:0.001091s ]

[ 2015-04-26T21:08:35+08:00 ] 192.168.1.42 /video/src/cn/home7.png
INFO: [ app_init ] --START--
INFO: Run Behavior\BuildLiteBehavior [ RunTime:0.000025s ]
INFO: [ app_init ] --END-- [ RunTime:0.000705s ]

[ 2015-04-26T21:08:35+08:00 ] 192.168.1.42 /video/Video/jwplayer.js
INFO: [ app_init ] --START--
INFO: Run Behavior\BuildLiteBehavior [ RunTime:0.000025s ]
INFO: [ app_init ] --END-- [ RunTime:0.001221s ]

[ 2015-04-26T21:08:35+08:00 ] 192.168.1.42 /video/src/img/china.png
INFO: [ app_init ] --START--
INFO: Run Behavior\BuildLiteBehavior [ RunTime:0.000024s ]
INFO: [ app_init ] --END-- [ RunTime:0.000674s ]

[ 2015-04-26T21:08:35+08:00 ] 192.168.1.42 /video/src/css/common.css
INFO: [ app_init ] --START--
INFO: Run Behavior\BuildLiteBehavior [ RunTime:0.000024s ]
INFO: [ app_init ] --END-- [ RunTime:0.000762s ]

[ 2015-04-26T21:08:36+08:00 ] 192.168.1.42 /video/src/img/english.png
INFO: [ app_init ] --START--
INFO: Run Behavior\BuildLiteBehavior [ RunTime:0.000029s ]
INFO: [ app_init ] --END-- [ RunTime:0.001901s ]

[ 2015-04-26T21:08:36+08:00 ] 192.168.1.42 /video/image/new.gif
INFO: [ app_init ] --START--
INFO: Run Behavior\BuildLiteBehavior [ RunTime:0.000027s ]
INFO: [ app_init ] --END-- [ RunTime:0.002971s ]

[ 2015-04-26T21:08:36+08:00 ] 192.168.1.42 /video/src/img/home6.png
INFO: [ app_init ] --START--
INFO: Run Behavior\BuildLiteBehavior [ RunTime:0.000026s ]
INFO: [ app_init ] --END-- [ RunTime:0.001534s ]

[ 2015-04-26T21:08:36+08:00 ] 192.168.1.42 /video/src/img/spanish.png
INFO: [ app_init ] --START--
INFO: Run Behavior\BuildLiteBehavior [ RunTime:0.000025s ]
INFO: [ app_init ] --END-- [ RunTime:0.001775s ]

[ 2015-04-26T21:08:36+08:00 ] 192.168.1.42 /video/image/about_banner.png
INFO: [ app_init ] --START--
INFO: Run Behavior\BuildLiteBehavior [ RunTime:0.000026s ]
INFO: [ app_init ] --END-- [ RunTime:0.001841s ]

[ 2015-04-26T21:08:36+08:00 ] 192.168.1.42 /video/image/search_top.png
INFO: [ app_init ] --START--
INFO: Run Behavior\BuildLiteBehavior [ RunTime:0.000027s ]
INFO: [ app_init ] --END-- [ RunTime:0.001672s ]

[ 2015-04-26T21:08:36+08:00 ] 192.168.1.42 /video/image/video.gif
INFO: [ app_init ] --START--
INFO: Run Behavior\BuildLiteBehavior [ RunTime:0.000026s ]
INFO: [ app_init ] --END-- [ RunTime:0.000699s ]

[ 2015-04-26T21:08:36+08:00 ] 192.168.1.42 /video/images/footer_bg.png
INFO: [ app_init ] --START--
INFO: Run Behavior\BuildLiteBehavior [ RunTime:0.000027s ]
INFO: [ app_init ] --END-- [ RunTime:0.000766s ]

[ 2015-04-26T21:08:36+08:00 ] 192.168.1.42 /video/image/search.gif
INFO: [ app_init ] --START--
INFO: Run Behavior\BuildLiteBehavior [ RunTime:0.000027s ]
INFO: [ app_init ] --END-- [ RunTime:0.000759s ]

[ 2015-04-26T21:08:36+08:00 ] 192.168.1.42 /video/image/search.gif
INFO: [ app_init ] --START--
INFO: Run Behavior\BuildLiteBehavior [ RunTime:0.000027s ]
INFO: [ app_init ] --END-- [ RunTime:0.000678s ]

[ 2015-04-26T21:08:36+08:00 ] 192.168.1.42 /video/favicon.ico
INFO: [ app_init ] --START--
INFO: Run Behavior\BuildLiteBehavior [ RunTime:0.000018s ]
INFO: [ app_init ] --END-- [ RunTime:0.000469s ]

[ 2015-04-26T21:08:38+08:00 ] 192.168.1.42 /video
INFO: [ app_init ] --START--
INFO: Run Behavior\BuildLiteBehavior [ RunTime:0.000024s ]
INFO: [ app_init ] --END-- [ RunTime:0.000604s ]

[ 2015-04-26T21:09:09+08:00 ] 192.168.1.42 /video
INFO: [ app_init ] --START--
INFO: Run Behavior\BuildLiteBehavior [ RunTime:0.000028s ]
INFO: [ app_init ] --END-- [ RunTime:0.000845s ]

[ 2015-04-26T21:09:09+08:00 ] 192.168.1.42 /Video/jwplayer.js
INFO: [ app_init ] --START--
INFO: Run Behavior\BuildLiteBehavior [ RunTime:0.000027s ]
INFO: [ app_init ] --END-- [ RunTime:0.000701s ]

[ 2015-04-26T21:09:55+08:00 ] 192.168.1.42 /video
INFO: [ app_init ] --START--
INFO: Run Behavior\BuildLiteBehavior [ RunTime:0.000020s ]
INFO: [ app_init ] --END-- [ RunTime:0.000520s ]

[ 2015-04-26T21:09:55+08:00 ] 192.168.1.42 /Video/jwplayer.js
INFO: [ app_init ] --START--
INFO: Run Behavior\BuildLiteBehavior [ RunTime:0.000019s ]
INFO: [ app_init ] --END-- [ RunTime:0.000491s ]

[ 2015-04-26T21:10:10+08:00 ] 192.168.1.42 /video
INFO: [ app_init ] --START--
INFO: Run Behavior\BuildLiteBehavior [ RunTime:0.000020s ]
INFO: [ app_init ] --END-- [ RunTime:0.000527s ]

[ 2015-04-26T21:10:10+08:00 ] 192.168.1.42 /Video/jwplayer.js
INFO: [ app_init ] --START--
INFO: Run Behavior\BuildLiteBehavior [ RunTime:0.000019s ]
INFO: [ app_init ] --END-- [ RunTime:0.000502s ]

[ 2015-04-26T21:11:05+08:00 ] 192.168.1.42 /video
INFO: [ app_init ] --START--
INFO: Run Behavior\BuildLiteBehavior [ RunTime:0.000026s ]
INFO: [ app_init ] --END-- [ RunTime:0.000773s ]

[ 2015-04-26T21:11:05+08:00 ] 192.168.1.42 /Video/jwplayer.js
INFO: [ app_init ] --START--
INFO: Run Behavior\BuildLiteBehavior [ RunTime:0.000028s ]
INFO: [ app_init ] --END-- [ RunTime:0.001463s ]

[ 2015-04-26T21:11:50+08:00 ] 192.168.1.42 /video
INFO: [ app_init ] --START--
INFO: Run Behavior\BuildLiteBehavior [ RunTime:0.000024s ]
INFO: [ app_init ] --END-- [ RunTime:0.000735s ]

[ 2015-04-26T21:12:08+08:00 ] 192.168.1.42 /video
INFO: [ app_init ] --START--
INFO: Run Behavior\BuildLiteBehavior [ RunTime:0.000025s ]
INFO: [ app_init ] --END-- [ RunTime:0.000768s ]

[ 2015-04-26T21:12:12+08:00 ] 192.168.1.42 /video
INFO: [ app_init ] --START--
INFO: Run Behavior\BuildLiteBehavior [ RunTime:0.000027s ]
INFO: [ app_init ] --END-- [ RunTime:0.000729s ]

[ 2015-04-26T21:12:33+08:00 ] 192.168.1.42 /video
INFO: [ app_init ] --START--
INFO: Run Behavior\BuildLiteBehavior [ RunTime:0.000025s ]
INFO: [ app_init ] --END-- [ RunTime:0.000673s ]

[ 2015-04-26T21:12:49+08:00 ] 192.168.1.42 /Download.php
INFO: [ app_init ] --START--
INFO: Run Behavior\BuildLiteBehavior [ RunTime:0.000021s ]
INFO: [ app_init ] --END-- [ RunTime:0.000601s ]

[ 2015-04-26T21:12:58+08:00 ] 192.168.1.42 /about_us.php
INFO: [ app_init ] --START--
INFO: Run Behavior\BuildLiteBehavior [ RunTime:0.000024s ]
INFO: [ app_init ] --END-- [ RunTime:0.000594s ]

[ 2015-04-26T21:12:59+08:00 ] 192.168.1.42 /index.php
INFO: [ app_init ] --START--
INFO: Run Behavior\BuildLiteBehavior [ RunTime:0.000020s ]
INFO: [ app_init ] --END-- [ RunTime:0.000490s ]

[ 2015-04-26T21:13:00+08:00 ] 192.168.1.42 /font.swf
INFO: [ app_init ] --START--
INFO: Run Behavior\BuildLiteBehavior [ RunTime:0.000018s ]
INFO: [ app_init ] --END-- [ RunTime:0.000488s ]
ERR: 非法操作:font.swf

[ 2015-04-26T21:13:08+08:00 ] 192.168.1.42 /about_us.php
INFO: [ app_init ] --START--
INFO: Run Behavior\BuildLiteBehavior [ RunTime:0.000026s ]
INFO: [ app_init ] --END-- [ RunTime:0.000734s ]

[ 2015-04-26T21:13:12+08:00 ] 192.168.1.42 /honour
INFO: [ app_init ] --START--
INFO: Run Behavior\BuildLiteBehavior [ RunTime:0.000021s ]
INFO: [ app_init ] --END-- [ RunTime:0.000510s ]

[ 2015-04-26T21:13:14+08:00 ] 192.168.1.42 /certification
INFO: [ app_init ] --START--
INFO: Run Behavior\BuildLiteBehavior [ RunTime:0.000028s ]
INFO: [ app_init ] --END-- [ RunTime:0.000571s ]

[ 2015-04-26T21:13:18+08:00 ] 192.168.1.42 /honour
INFO: [ app_init ] --START--
INFO: Run Behavior\BuildLiteBehavior [ RunTime:0.000029s ]
INFO: [ app_init ] --END-- [ RunTime:0.001097s ]

[ 2015-04-26T21:15:27+08:00 ] 192.168.1.42 /Video/jwplayer.js
INFO: [ app_init ] --START--
INFO: Run Behavior\BuildLiteBehavior [ RunTime:0.000025s ]
INFO: [ app_init ] --END-- [ RunTime:0.000724s ]

[ 2015-04-26T21:15:31+08:00 ] 192.168.1.42 /Video
INFO: [ app_init ] --START--
INFO: Run Behavior\BuildLiteBehavior [ RunTime:0.000025s ]
INFO: [ app_init ] --END-- [ RunTime:0.000678s ]

[ 2015-04-26T21:15:59+08:00 ] 192.168.1.42 /Video
INFO: [ app_init ] --START--
INFO: Run Behavior\BuildLiteBehavior [ RunTime:0.000028s ]
INFO: [ app_init ] --END-- [ RunTime:0.000830s ]

[ 2015-04-26T21:16:18+08:00 ] 192.168.1.42 /Video/jwplayer.js
INFO: [ app_init ] --START--
INFO: Run Behavior\BuildLiteBehavior [ RunTime:0.000026s ]
INFO: [ app_init ] --END-- [ RunTime:0.000720s ]

[ 2015-04-26T21:16:44+08:00 ] 192.168.1.42 /Video.php
INFO: [ app_init ] --START--
INFO: Run Behavior\BuildLiteBehavior [ RunTime:0.000027s ]
INFO: [ app_init ] --END-- [ RunTime:0.000739s ]

[ 2015-04-26T21:16:51+08:00 ] 192.168.1.42 /Video.php
INFO: [ app_init ] --START--
INFO: Run Behavior\BuildLiteBehavior [ RunTime:0.000020s ]
INFO: [ app_init ] --END-- [ RunTime:0.000583s ]

[ 2015-04-26T21:16:54+08:00 ] 192.168.1.42 /honour
INFO: [ app_init ] --START--
INFO: Run Behavior\BuildLiteBehavior [ RunTime:0.000027s ]
INFO: [ app_init ] --END-- [ RunTime:0.000702s ]

[ 2015-04-26T21:17:07+08:00 ] 192.168.1.42 /news_company.php
INFO: [ app_init ] --START--
INFO: Run Behavior\BuildLiteBehavior [ RunTime:0.000019s ]
INFO: [ app_init ] --END-- [ RunTime:0.000474s ]

[ 2015-04-26T21:17:13+08:00 ] 192.168.1.42 /about_us.php
INFO: [ app_init ] --START--
INFO: Run Behavior\BuildLiteBehavior [ RunTime:0.000025s ]
INFO: [ app_init ] --END-- [ RunTime:0.000510s ]

[ 2015-04-26T21:17:19+08:00 ] 192.168.1.42 /application
INFO: [ app_init ] --START--
INFO: Run Behavior\BuildLiteBehavior [ RunTime:0.000024s ]
INFO: [ app_init ] --END-- [ RunTime:0.000635s ]

[ 2015-04-26T21:17:22+08:00 ] 192.168.1.42 /news_Industry.php
INFO: [ app_init ] --START--
INFO: Run Behavior\BuildLiteBehavior [ RunTime:0.000028s ]
INFO: [ app_init ] --END-- [ RunTime:0.000695s ]

[ 2015-04-26T21:17:24+08:00 ] 192.168.1.42 /Download.php
INFO: [ app_init ] --START--
INFO: Run Behavior\BuildLiteBehavior [ RunTime:0.000023s ]
INFO: [ app_init ] --END-- [ RunTime:0.000763s ]

[ 2015-04-26T21:17:25+08:00 ] 192.168.1.42 /contact
INFO: [ app_init ] --START--
INFO: Run Behavior\BuildLiteBehavior [ RunTime:0.000024s ]
INFO: [ app_init ] --END-- [ RunTime:0.000636s ]

[ 2015-04-26T21:17:25+08:00 ] 192.168.1.42 /Code
INFO: [ app_init ] --START--
INFO: Run Behavior\BuildLiteBehavior [ RunTime:0.000023s ]
INFO: [ app_init ] --END-- [ RunTime:0.000541s ]

[ 2015-04-26T21:17:28+08:00 ] 192.168.1.42 /news_company.php
INFO: [ app_init ] --START--
INFO: Run Behavior\BuildLiteBehavior [ RunTime:0.000019s ]
INFO: [ app_init ] --END-- [ RunTime:0.000535s ]

[ 2015-04-26T21:17:28+08:00 ] 192.168.1.42 /application
INFO: [ app_init ] --START--
INFO: Run Behavior\BuildLiteBehavior [ RunTime:0.000017s ]
INFO: [ app_init ] --END-- [ RunTime:0.000487s ]

[ 2015-04-26T21:17:31+08:00 ] 192.168.1.42 /about_us.php
INFO: [ app_init ] --START--
INFO: Run Behavior\BuildLiteBehavior [ RunTime:0.000027s ]
INFO: [ app_init ] --END-- [ RunTime:0.000913s ]

[ 2015-04-26T21:17:32+08:00 ] 192.168.1.42 /certification
INFO: [ app_init ] --START--
INFO: Run Behavior\BuildLiteBehavior [ RunTime:0.000019s ]
INFO: [ app_init ] --END-- [ RunTime:0.000483s ]

[ 2015-04-26T21:17:34+08:00 ] 192.168.1.42 /contact
INFO: [ app_init ] --START--
INFO: Run Behavior\BuildLiteBehavior [ RunTime:0.000017s ]
INFO: [ app_init ] --END-- [ RunTime:0.000456s ]

[ 2015-04-26T21:17:34+08:00 ] 192.168.1.42 /Code
INFO: [ app_init ] --START--
INFO: Run Behavior\BuildLiteBehavior [ RunTime:0.000024s ]
INFO: [ app_init ] --END-- [ RunTime:0.000689s ]

[ 2015-04-26T21:17:38+08:00 ] 192.168.1.42 /Download.php
INFO: [ app_init ] --START--
INFO: Run Behavior\BuildLiteBehavior [ RunTime:0.000024s ]
INFO: [ app_init ] --END-- [ RunTime:0.000666s ]

[ 2015-04-26T21:17:43+08:00 ] 192.168.1.42 /news_company.php
INFO: [ app_init ] --START--
INFO: Run Behavior\BuildLiteBehavior [ RunTime:0.000025s ]
INFO: [ app_init ] --END-- [ RunTime:0.000681s ]

[ 2015-04-26T21:18:06+08:00 ] 192.168.1.42 /about_us.php
INFO: [ app_init ] --START--
INFO: Run Behavior\BuildLiteBehavior [ RunTime:0.000019s ]
INFO: [ app_init ] --END-- [ RunTime:0.000528s ]

[ 2015-04-26T21:18:08+08:00 ] 192.168.1.42 /certification
INFO: [ app_init ] --START--
INFO: Run Behavior\BuildLiteBehavior [ RunTime:0.000019s ]
INFO: [ app_init ] --END-- [ RunTime:0.000482s ]

[ 2015-04-26T21:18:29+08:00 ] 192.168.1.42 /Video.php
INFO: [ app_init ] --START--
INFO: Run Behavior\BuildLiteBehavior [ RunTime:0.000027s ]
INFO: [ app_init ] --END-- [ RunTime:0.000610s ]

[ 2015-04-26T21:18:31+08:00 ] 192.168.1.42 /about_us.php
INFO: [ app_init ] --START--
INFO: Run Behavior\BuildLiteBehavior [ RunTime:0.000020s ]
INFO: [ app_init ] --END-- [ RunTime:0.000579s ]

[ 2015-04-26T21:20:25+08:00 ] 192.168.1.42 /index.php
INFO: [ app_init ] --START--
INFO: Run Behavior\BuildLiteBehavior [ RunTime:0.000018s ]
INFO: [ app_init ] --END-- [ RunTime:0.000509s ]

[ 2015-04-26T21:20:25+08:00 ] 192.168.1.42 /font.swf
INFO: [ app_init ] --START--
INFO: Run Behavior\BuildLiteBehavior [ RunTime:0.000020s ]
INFO: [ app_init ] --END-- [ RunTime:0.000500s ]
ERR: 非法操作:font.swf

[ 2015-04-26T21:22:19+08:00 ] 192.168.1.42 /about_us.php
INFO: [ app_init ] --START--
INFO: Run Behavior\BuildLiteBehavior [ RunTime:0.000019s ]
INFO: [ app_init ] --END-- [ RunTime:0.000497s ]

[ 2015-04-26T21:28:18+08:00 ] 192.168.1.42 /about_us.php
INFO: [ app_init ] --START--
INFO: Run Behavior\BuildLiteBehavior [ RunTime:0.000026s ]
INFO: [ app_init ] --END-- [ RunTime:0.000673s ]

[ 2015-04-26T21:28:21+08:00 ] 192.168.1.42 /about_us.php
INFO: [ app_init ] --START--
INFO: Run Behavior\BuildLiteBehavior [ RunTime:0.000019s ]
INFO: [ app_init ] --END-- [ RunTime:0.000540s ]

[ 2015-04-26T21:28:23+08:00 ] 192.168.1.42 /about_us.php
INFO: [ app_init ] --START--
INFO: Run Behavior\BuildLiteBehavior [ RunTime:0.000029s ]
INFO: [ app_init ] --END-- [ RunTime:0.000695s ]

[ 2015-04-26T21:28:28+08:00 ] 192.168.1.42 /certification
INFO: [ app_init ] --START--
INFO: Run Behavior\BuildLiteBehavior [ RunTime:0.000019s ]
INFO: [ app_init ] --END-- [ RunTime:0.000483s ]

[ 2015-04-26T21:29:35+08:00 ] 192.168.1.42 /certification
INFO: [ app_init ] --START--
INFO: Run Behavior\BuildLiteBehavior [ RunTime:0.000022s ]
INFO: [ app_init ] --END-- [ RunTime:0.000643s ]

