[ 2015-04-13T07:49:17+08:00 ] ::1 /font.swf
ERR: 无法加载控制器:Font.swf

[ 2015-04-13T07:49:54+08:00 ] 127.0.0.1 /font.swf
ERR: 无法加载控制器:Font.swf

[ 2015-04-13T07:51:01+08:00 ] 192.168.1.42 /font.swf
ERR: Controller can't be loaded:Font.swf

[ 2015-04-13T07:51:24+08:00 ] 192.168.1.42 /font.swf
ERR: 无法加载控制器:Font.swf

[ 2015-04-13T07:51:34+08:00 ] 127.0.0.1 /font.swf
ERR: Controller can't be loaded:Font.swf

[ 2015-04-13T07:51:51+08:00 ] 127.0.0.1 /font.swf
ERR: Controller can't be loaded:Font.swf

[ 2015-04-13T07:51:52+08:00 ] 127.0.0.1 /font.swf
ERR: Controller can't be loaded:Font.swf

[ 2015-04-13T07:52:01+08:00 ] 192.168.1.42 /font.swf
ERR: 无法加载控制器:Font.swf

[ 2015-04-13T07:53:16+08:00 ] 127.0.0.1 /font.swf
ERR: Controller can't be loaded:Font.swf

[ 2015-04-13T07:54:14+08:00 ] 192.168.1.42 /font.swf
ERR: 无法加载控制器:Font.swf

[ 2015-04-13T07:55:47+08:00 ] 192.168.1.42 /font.swf
ERR: 无法加载控制器:Font.swf

[ 2015-04-13T07:55:57+08:00 ] ::1 /font.swf
ERR: 无法加载控制器:Font.swf

[ 2015-04-13T07:58:17+08:00 ] ::1 /font.swf
ERR: 无法加载控制器:Font.swf

[ 2015-04-13T07:58:25+08:00 ] 127.0.0.1 /font.swf
ERR: Controller can't be loaded:Font.swf

[ 2015-04-13T07:58:28+08:00 ] 192.168.1.42 /font.swf
ERR: 无法加载控制器:Font.swf

[ 2015-04-13T08:06:25+08:00 ] 127.0.0.1 /font.swf
ERR: Controller can't be loaded:Font.swf

[ 2015-04-13T08:07:15+08:00 ] 127.0.0.1 /font.swf
ERR: Controller can't be loaded:Font.swf

[ 2015-04-13T08:07:18+08:00 ] ::1 /font.swf
ERR: 无法加载控制器:Font.swf

[ 2015-04-13T08:09:59+08:00 ] 127.0.0.1 /font.swf
ERR: Controller can't be loaded:Font.swf

[ 2015-04-13T08:10:25+08:00 ] 192.168.1.42 /font.swf
ERR: 无法加载控制器:Font.swf

[ 2015-04-13T08:10:31+08:00 ] 127.0.0.1 /font.swf
ERR: Controller can't be loaded:Font.swf

[ 2015-04-13T08:10:33+08:00 ] 127.0.0.1 /font.swf
ERR: Controller can't be loaded:Font.swf

[ 2015-04-13T08:10:34+08:00 ] 127.0.0.1 /font.swf
ERR: Controller can't be loaded:Font.swf

[ 2015-04-13T08:10:43+08:00 ] 127.0.0.1 /font.swf
ERR: Controller can't be loaded:Font.swf

[ 2015-04-13T08:10:44+08:00 ] 127.0.0.1 /font.swf
ERR: Controller can't be loaded:Font.swf

[ 2015-04-13T08:11:17+08:00 ] 127.0.0.1 /font.swf
ERR: Controller can't be loaded:Font.swf

[ 2015-04-13T08:11:25+08:00 ] 127.0.0.1 /font.swf
ERR: Controller can't be loaded:Font.swf

[ 2015-04-13T08:11:35+08:00 ] 127.0.0.1 /font.swf
ERR: Controller can't be loaded:Font.swf

[ 2015-04-13T08:11:37+08:00 ] 127.0.0.1 /font.swf
ERR: Controller can't be loaded:Font.swf

[ 2015-04-13T08:11:49+08:00 ] 127.0.0.1 /font.swf
ERR: Controller can't be loaded:Font.swf

[ 2015-04-13T08:18:56+08:00 ] 127.0.0.1 /font.swf
ERR: Controller can't be loaded:Font.swf

[ 2015-04-13T08:21:09+08:00 ] 127.0.0.1 /font.swf
ERR: Controller can't be loaded:Font.swf

[ 2015-04-13T08:22:52+08:00 ] 127.0.0.1 /font.swf
ERR: Controller can't be loaded:Font.swf

[ 2015-04-13T08:23:03+08:00 ] 127.0.0.1 /font.swf
ERR: Controller can't be loaded:Font.swf

[ 2015-04-13T08:23:04+08:00 ] 127.0.0.1 /font.swf
ERR: Controller can't be loaded:Font.swf

[ 2015-04-13T08:27:03+08:00 ] 127.0.0.1 /font.swf
ERR: Controller can't be loaded:Font.swf

[ 2015-04-13T08:36:43+08:00 ] 127.0.0.1 /font.swf
ERR: Controller can't be loaded:Font.swf

[ 2015-04-13T08:36:54+08:00 ] 127.0.0.1 /font.swf
ERR: Controller can't be loaded:Font.swf

[ 2015-04-13T08:37:07+08:00 ] 127.0.0.1 /font.swf
ERR: Controller can't be loaded:Font.swf

[ 2015-04-13T08:37:26+08:00 ] 127.0.0.1 /font.swf
ERR: Controller can't be loaded:Font.swf

[ 2015-04-13T08:38:52+08:00 ] 127.0.0.1 /font.swf
ERR: Controller can't be loaded:Font.swf

[ 2015-04-13T08:39:14+08:00 ] 127.0.0.1 /font.swf
ERR: Controller can't be loaded:Font.swf

[ 2015-04-13T08:43:03+08:00 ] 127.0.0.1 /font.swf
ERR: Controller can't be loaded:Font.swf

[ 2015-04-13T09:48:44+08:00 ] 192.168.1.42 /font.swf
ERR: 无法加载控制器:Font.swf

[ 2015-04-13T09:54:29+08:00 ] 192.168.1.42 /font.swf
ERR: 无法加载控制器:Font.swf

[ 2015-04-13T09:55:21+08:00 ] 192.168.1.42 /font.swf
ERR: 无法加载控制器:Font.swf

[ 2015-04-13T09:55:34+08:00 ] 192.168.1.42 /font.swf
ERR: 无法加载控制器:Font.swf

[ 2015-04-13T09:56:13+08:00 ] 192.168.1.42 /font.swf
ERR: 无法加载控制器:Font.swf

[ 2015-04-13T09:57:03+08:00 ] 192.168.1.42 /font.swf
ERR: 无法加载控制器:Font.swf

[ 2015-04-13T09:59:12+08:00 ] 192.168.1.42 /font.swf
ERR: 无法加载控制器:Font.swf

[ 2015-04-13T10:01:13+08:00 ] 192.168.1.42 /font.swf
ERR: 无法加载控制器:Font.swf

[ 2015-04-13T10:03:13+08:00 ] 192.168.1.42 /font.swf
ERR: 无法加载控制器:Font.swf

[ 2015-04-13T10:06:04+08:00 ] 192.168.1.42 /font.swf
ERR: 无法加载控制器:Font.swf

[ 2015-04-13T10:06:11+08:00 ] 192.168.1.42 /font.swf
ERR: 无法加载控制器:Font.swf

[ 2015-04-13T10:07:06+08:00 ] 192.168.1.42 /font.swf
ERR: 无法加载控制器:Font.swf

[ 2015-04-13T10:07:41+08:00 ] 192.168.1.42 /font.swf
ERR: 无法加载控制器:Font.swf

[ 2015-04-13T10:07:53+08:00 ] 192.168.1.42 /font.swf
ERR: 无法加载控制器:Font.swf

[ 2015-04-13T10:11:23+08:00 ] 192.168.1.42 /font.swf
ERR: 无法加载控制器:Font.swf

[ 2015-04-13T10:12:02+08:00 ] 192.168.1.42 /font.swf
ERR: 无法加载控制器:Font.swf

[ 2015-04-13T10:12:21+08:00 ] 192.168.1.42 /font.swf
ERR: 无法加载控制器:Font.swf

[ 2015-04-13T10:16:22+08:00 ] 192.168.1.42 /font.swf
ERR: 无法加载控制器:Font.swf

[ 2015-04-13T10:18:54+08:00 ] 192.168.1.42 /font.swf
ERR: 无法加载控制器:Font.swf

[ 2015-04-13T10:19:30+08:00 ] 192.168.1.42 /font.swf
ERR: 无法加载控制器:Font.swf

[ 2015-04-13T10:19:42+08:00 ] 192.168.1.42 /font.swf
ERR: 无法加载控制器:Font.swf

[ 2015-04-13T10:20:29+08:00 ] 192.168.1.42 /font.swf
ERR: 无法加载控制器:Font.swf

[ 2015-04-13T10:20:53+08:00 ] 192.168.1.42 /font.swf
ERR: 无法加载控制器:Font.swf

[ 2015-04-13T10:24:37+08:00 ] 192.168.1.42 /font.swf
ERR: 无法加载控制器:Font.swf

[ 2015-04-13T10:25:31+08:00 ] 192.168.1.42 /index.php
INFO: [ app_begin ] --START--
INFO: Run Behavior\ReadHtmlCacheBehavior [ RunTime:0.000000s ]
INFO: Run Behavior\CheckLangBehavior [ RunTime:0.001000s ]
INFO: [ app_begin ] --END-- [ RunTime:0.002000s ]
INFO: [ view_parse ] --START--
INFO: [ template_filter ] --START--
INFO: Run Behavior\ContentReplaceBehavior [ RunTime:0.000000s ]
INFO: [ template_filter ] --END-- [ RunTime:0.000000s ]
INFO: Run Behavior\ParseTemplateBehavior [ RunTime:0.009001s ]
INFO: [ view_parse ] --END-- [ RunTime:0.009001s ]
INFO: [ view_filter ] --START--
INFO: Run Behavior\WriteHtmlCacheBehavior [ RunTime:0.000000s ]
INFO: [ view_filter ] --END-- [ RunTime:0.000000s ]
INFO: [ app_end ] --START--
INFO: Run Behavior\ShowPageTraceBehavior [ RunTime:0.001000s ]
INFO: [ app_end ] --END-- [ RunTime:0.001000s ]

[ 2015-04-13T10:25:31+08:00 ] 192.168.1.42 /font.swf
INFO: [ app_begin ] --START--
INFO: Run Behavior\ReadHtmlCacheBehavior [ RunTime:0.000000s ]
INFO: Run Behavior\CheckLangBehavior [ RunTime:0.001000s ]
INFO: [ app_begin ] --END-- [ RunTime:0.001000s ]
ERR: 无法加载控制器:Font.swf

[ 2015-04-13T10:26:10+08:00 ] 192.168.1.42 /index.php
INFO: [ app_begin ] --START--
INFO: Run Behavior\ReadHtmlCacheBehavior [ RunTime:0.000000s ]
INFO: Run Behavior\CheckLangBehavior [ RunTime:0.000000s ]
INFO: [ app_begin ] --END-- [ RunTime:0.001000s ]
INFO: [ view_parse ] --START--
INFO: [ template_filter ] --START--
INFO: Run Behavior\ContentReplaceBehavior [ RunTime:0.000000s ]
INFO: [ template_filter ] --END-- [ RunTime:0.000000s ]
INFO: Run Behavior\ParseTemplateBehavior [ RunTime:0.006001s ]
INFO: [ view_parse ] --END-- [ RunTime:0.006001s ]
INFO: [ view_filter ] --START--
INFO: Run Behavior\WriteHtmlCacheBehavior [ RunTime:0.000000s ]
INFO: [ view_filter ] --END-- [ RunTime:0.000000s ]
INFO: [ app_end ] --START--
INFO: Run Behavior\ShowPageTraceBehavior [ RunTime:0.000000s ]
INFO: [ app_end ] --END-- [ RunTime:0.000000s ]

[ 2015-04-13T10:26:11+08:00 ] 192.168.1.42 /font.swf
INFO: [ app_begin ] --START--
INFO: Run Behavior\ReadHtmlCacheBehavior [ RunTime:0.000000s ]
INFO: Run Behavior\CheckLangBehavior [ RunTime:0.001000s ]
INFO: [ app_begin ] --END-- [ RunTime:0.001000s ]
ERR: 无法加载控制器:Font.swf

[ 2015-04-13T10:27:00+08:00 ] 192.168.1.42 /index.php
INFO: [ app_begin ] --START--
INFO: Run Behavior\ReadHtmlCacheBehavior [ RunTime:0.001000s ]
INFO: Run Behavior\CheckLangBehavior [ RunTime:0.001000s ]
INFO: [ app_begin ] --END-- [ RunTime:0.003000s ]
INFO: [ view_parse ] --START--
INFO: [ template_filter ] --START--
INFO: Run Behavior\ContentReplaceBehavior [ RunTime:0.000000s ]
INFO: [ template_filter ] --END-- [ RunTime:0.000000s ]
INFO: Run Behavior\ParseTemplateBehavior [ RunTime:0.008000s ]
INFO: [ view_parse ] --END-- [ RunTime:0.008000s ]
INFO: [ view_filter ] --START--
INFO: Run Behavior\WriteHtmlCacheBehavior [ RunTime:0.001000s ]
INFO: [ view_filter ] --END-- [ RunTime:0.001000s ]
INFO: [ app_end ] --START--
INFO: Run Behavior\ShowPageTraceBehavior [ RunTime:0.000000s ]
INFO: [ app_end ] --END-- [ RunTime:0.000000s ]

[ 2015-04-13T10:27:03+08:00 ] 192.168.1.42 /font.swf
INFO: [ app_begin ] --START--
INFO: Run Behavior\ReadHtmlCacheBehavior [ RunTime:0.000000s ]
INFO: Run Behavior\CheckLangBehavior [ RunTime:0.000000s ]
INFO: [ app_begin ] --END-- [ RunTime:0.001000s ]
ERR: 无法加载控制器:Font.swf

[ 2015-04-13T10:34:14+08:00 ] 192.168.1.42 /index.php
INFO: [ app_begin ] --START--
INFO: Run Behavior\ReadHtmlCacheBehavior [ RunTime:0.000000s ]
INFO: Run Behavior\CheckLangBehavior [ RunTime:0.001000s ]
INFO: [ app_begin ] --END-- [ RunTime:0.002000s ]
INFO: [ view_parse ] --START--
INFO: [ template_filter ] --START--
INFO: Run Behavior\ContentReplaceBehavior [ RunTime:0.000000s ]
INFO: [ template_filter ] --END-- [ RunTime:0.000000s ]
INFO: Run Behavior\ParseTemplateBehavior [ RunTime:0.008000s ]
INFO: [ view_parse ] --END-- [ RunTime:0.008000s ]
INFO: [ view_filter ] --START--
INFO: Run Behavior\WriteHtmlCacheBehavior [ RunTime:0.000000s ]
INFO: [ view_filter ] --END-- [ RunTime:0.000000s ]
INFO: [ app_end ] --START--
INFO: Run Behavior\ShowPageTraceBehavior [ RunTime:0.001000s ]
INFO: [ app_end ] --END-- [ RunTime:0.001000s ]

[ 2015-04-13T10:34:14+08:00 ] 192.168.1.42 /font.swf
INFO: [ app_begin ] --START--
INFO: Run Behavior\ReadHtmlCacheBehavior [ RunTime:0.000000s ]
INFO: Run Behavior\CheckLangBehavior [ RunTime:0.001000s ]
INFO: [ app_begin ] --END-- [ RunTime:0.001000s ]
ERR: 无法加载控制器:Font.swf

[ 2015-04-13T10:36:02+08:00 ] 192.168.1.29 /%E9%8D%8F%E5%8F%98%E9%9F%A9/iR2520I%20win7%2064%E6%B5%A3%E5%B6%89%E2%94%8D%E9%8D%94%E2%95%98UFRII_Driver_V2120_W64_SC_12/
INFO: [ app_begin ] --START--
INFO: Run Behavior\ReadHtmlCacheBehavior [ RunTime:0.001000s ]
INFO: Run Behavior\CheckLangBehavior [ RunTime:0.001000s ]
INFO: [ app_begin ] --END-- [ RunTime:0.002000s ]
ERR: 无法加载控制器:鍏变韩

[ 2015-04-13T11:01:33+08:00 ] 192.168.1.42 /index.php
INFO: [ app_begin ] --START--
INFO: Run Behavior\ReadHtmlCacheBehavior [ RunTime:0.000000s ]
INFO: Run Behavior\CheckLangBehavior [ RunTime:0.001000s ]
INFO: [ app_begin ] --END-- [ RunTime:0.002000s ]
INFO: [ view_parse ] --START--
INFO: [ template_filter ] --START--
INFO: Run Behavior\ContentReplaceBehavior [ RunTime:0.000000s ]
INFO: [ template_filter ] --END-- [ RunTime:0.000000s ]
INFO: Run Behavior\ParseTemplateBehavior [ RunTime:0.007001s ]
INFO: [ view_parse ] --END-- [ RunTime:0.008001s ]
INFO: [ view_filter ] --START--
INFO: Run Behavior\WriteHtmlCacheBehavior [ RunTime:0.001000s ]
INFO: [ view_filter ] --END-- [ RunTime:0.001000s ]
INFO: [ app_end ] --START--
INFO: Run Behavior\ShowPageTraceBehavior [ RunTime:0.001000s ]
INFO: [ app_end ] --END-- [ RunTime:0.001000s ]

[ 2015-04-13T11:01:34+08:00 ] 192.168.1.42 /font.swf
INFO: [ app_begin ] --START--
INFO: Run Behavior\ReadHtmlCacheBehavior [ RunTime:0.000000s ]
INFO: Run Behavior\CheckLangBehavior [ RunTime:0.001000s ]
INFO: [ app_begin ] --END-- [ RunTime:0.001000s ]
ERR: 无法加载控制器:Font.swf

[ 2015-04-13T11:03:07+08:00 ] 192.168.1.42 /index.php
INFO: [ app_begin ] --START--
INFO: Run Behavior\ReadHtmlCacheBehavior [ RunTime:0.001000s ]
INFO: Run Behavior\CheckLangBehavior [ RunTime:0.000000s ]
INFO: [ app_begin ] --END-- [ RunTime:0.001000s ]
INFO: [ view_parse ] --START--
INFO: [ template_filter ] --START--
INFO: Run Behavior\ContentReplaceBehavior [ RunTime:0.000000s ]
INFO: [ template_filter ] --END-- [ RunTime:0.000000s ]
INFO: Run Behavior\ParseTemplateBehavior [ RunTime:0.006000s ]
INFO: [ view_parse ] --END-- [ RunTime:0.006000s ]
INFO: [ view_filter ] --START--
INFO: Run Behavior\WriteHtmlCacheBehavior [ RunTime:0.000000s ]
INFO: [ view_filter ] --END-- [ RunTime:0.000000s ]
INFO: [ app_end ] --START--
INFO: Run Behavior\ShowPageTraceBehavior [ RunTime:0.001000s ]
INFO: [ app_end ] --END-- [ RunTime:0.001000s ]

[ 2015-04-13T11:03:08+08:00 ] 192.168.1.42 /font.swf
INFO: [ app_begin ] --START--
INFO: Run Behavior\ReadHtmlCacheBehavior [ RunTime:0.000000s ]
INFO: Run Behavior\CheckLangBehavior [ RunTime:0.001000s ]
INFO: [ app_begin ] --END-- [ RunTime:0.002000s ]
ERR: 无法加载控制器:Font.swf

[ 2015-04-13T11:03:24+08:00 ] 192.168.1.42 /index.php
INFO: [ app_begin ] --START--
INFO: Run Behavior\ReadHtmlCacheBehavior [ RunTime:0.001000s ]
INFO: Run Behavior\CheckLangBehavior [ RunTime:0.002000s ]
INFO: [ app_begin ] --END-- [ RunTime:0.003000s ]
INFO: [ view_parse ] --START--
INFO: [ template_filter ] --START--
INFO: Run Behavior\ContentReplaceBehavior [ RunTime:0.000000s ]
INFO: [ template_filter ] --END-- [ RunTime:0.000000s ]
INFO: Run Behavior\ParseTemplateBehavior [ RunTime:0.010000s ]
INFO: [ view_parse ] --END-- [ RunTime:0.010000s ]
INFO: [ view_filter ] --START--
INFO: Run Behavior\WriteHtmlCacheBehavior [ RunTime:0.001000s ]
INFO: [ view_filter ] --END-- [ RunTime:0.001000s ]
INFO: [ app_end ] --START--
INFO: Run Behavior\ShowPageTraceBehavior [ RunTime:0.000000s ]
INFO: [ app_end ] --END-- [ RunTime:0.000000s ]

[ 2015-04-13T11:03:24+08:00 ] 192.168.1.42 /font.swf
INFO: [ app_begin ] --START--
INFO: Run Behavior\ReadHtmlCacheBehavior [ RunTime:0.001001s ]
INFO: Run Behavior\CheckLangBehavior [ RunTime:0.000000s ]
INFO: [ app_begin ] --END-- [ RunTime:0.001001s ]
ERR: 无法加载控制器:Font.swf

[ 2015-04-13T11:06:34+08:00 ] 192.168.1.42 /index.php
INFO: [ app_begin ] --START--
INFO: Run Behavior\ReadHtmlCacheBehavior [ RunTime:0.001000s ]
INFO: Run Behavior\CheckLangBehavior [ RunTime:0.000000s ]
INFO: [ app_begin ] --END-- [ RunTime:0.001000s ]
INFO: [ view_parse ] --START--
INFO: [ template_filter ] --START--
INFO: Run Behavior\ContentReplaceBehavior [ RunTime:0.000000s ]
INFO: [ template_filter ] --END-- [ RunTime:0.000000s ]
INFO: Run Behavior\ParseTemplateBehavior [ RunTime:0.006000s ]
INFO: [ view_parse ] --END-- [ RunTime:0.006000s ]
INFO: [ view_filter ] --START--
INFO: Run Behavior\WriteHtmlCacheBehavior [ RunTime:0.000000s ]
INFO: [ view_filter ] --END-- [ RunTime:0.000000s ]
INFO: [ app_end ] --START--
INFO: Run Behavior\ShowPageTraceBehavior [ RunTime:0.001000s ]
INFO: [ app_end ] --END-- [ RunTime:0.001000s ]

[ 2015-04-13T11:06:34+08:00 ] 192.168.1.42 /font.swf
INFO: [ app_begin ] --START--
INFO: Run Behavior\ReadHtmlCacheBehavior [ RunTime:0.000000s ]
INFO: Run Behavior\CheckLangBehavior [ RunTime:0.001000s ]
INFO: [ app_begin ] --END-- [ RunTime:0.001000s ]
ERR: 无法加载控制器:Font.swf

[ 2015-04-13T11:07:37+08:00 ] 192.168.1.42 /index.php
INFO: [ app_begin ] --START--
INFO: Run Behavior\ReadHtmlCacheBehavior [ RunTime:0.000000s ]
INFO: Run Behavior\CheckLangBehavior [ RunTime:0.001000s ]
INFO: [ app_begin ] --END-- [ RunTime:0.002001s ]
INFO: [ view_parse ] --START--
INFO: [ template_filter ] --START--
INFO: Run Behavior\ContentReplaceBehavior [ RunTime:0.000000s ]
INFO: [ template_filter ] --END-- [ RunTime:0.000000s ]
INFO: Run Behavior\ParseTemplateBehavior [ RunTime:0.009000s ]
INFO: [ view_parse ] --END-- [ RunTime:0.009000s ]
INFO: [ view_filter ] --START--
INFO: Run Behavior\WriteHtmlCacheBehavior [ RunTime:0.000000s ]
INFO: [ view_filter ] --END-- [ RunTime:0.000000s ]
INFO: [ app_end ] --START--
INFO: Run Behavior\ShowPageTraceBehavior [ RunTime:0.000000s ]
INFO: [ app_end ] --END-- [ RunTime:0.000000s ]

[ 2015-04-13T11:07:38+08:00 ] 192.168.1.42 /font.swf
INFO: [ app_begin ] --START--
INFO: Run Behavior\ReadHtmlCacheBehavior [ RunTime:0.000000s ]
INFO: Run Behavior\CheckLangBehavior [ RunTime:0.001000s ]
INFO: [ app_begin ] --END-- [ RunTime:0.001000s ]
ERR: 无法加载控制器:Font.swf

[ 2015-04-13T11:17:22+08:00 ] 192.168.1.42 /
INFO: [ app_begin ] --START--
INFO: Run Behavior\ReadHtmlCacheBehavior [ RunTime:0.000000s ]
INFO: Run Behavior\CheckLangBehavior [ RunTime:0.001001s ]
INFO: [ app_begin ] --END-- [ RunTime:0.001001s ]
INFO: [ view_parse ] --START--
INFO: [ template_filter ] --START--
INFO: Run Behavior\ContentReplaceBehavior [ RunTime:0.000000s ]
INFO: [ template_filter ] --END-- [ RunTime:0.000000s ]
INFO: Run Behavior\ParseTemplateBehavior [ RunTime:0.005000s ]
INFO: [ view_parse ] --END-- [ RunTime:0.005000s ]
INFO: [ view_filter ] --START--
INFO: Run Behavior\WriteHtmlCacheBehavior [ RunTime:0.001000s ]
INFO: [ view_filter ] --END-- [ RunTime:0.001000s ]
INFO: [ app_end ] --START--
INFO: Run Behavior\ShowPageTraceBehavior [ RunTime:0.000000s ]
INFO: [ app_end ] --END-- [ RunTime:0.000000s ]

[ 2015-04-13T11:17:22+08:00 ] 192.168.1.42 /font.swf
INFO: [ app_begin ] --START--
INFO: Run Behavior\ReadHtmlCacheBehavior [ RunTime:0.001000s ]
INFO: Run Behavior\CheckLangBehavior [ RunTime:0.000000s ]
INFO: [ app_begin ] --END-- [ RunTime:0.001000s ]
ERR: 无法加载控制器:Font.swf

[ 2015-04-13T11:19:41+08:00 ] 192.168.1.42 /
INFO: [ app_begin ] --START--
INFO: Run Behavior\ReadHtmlCacheBehavior [ RunTime:0.001000s ]
INFO: Run Behavior\CheckLangBehavior [ RunTime:0.001000s ]
INFO: [ app_begin ] --END-- [ RunTime:0.002000s ]
INFO: [ view_parse ] --START--
INFO: [ template_filter ] --START--
INFO: Run Behavior\ContentReplaceBehavior [ RunTime:0.000000s ]
INFO: [ template_filter ] --END-- [ RunTime:0.000000s ]
INFO: Run Behavior\ParseTemplateBehavior [ RunTime:0.007001s ]
INFO: [ view_parse ] --END-- [ RunTime:0.008001s ]
INFO: [ view_filter ] --START--
INFO: Run Behavior\WriteHtmlCacheBehavior [ RunTime:0.000000s ]
INFO: [ view_filter ] --END-- [ RunTime:0.000000s ]
INFO: [ app_end ] --START--
INFO: Run Behavior\ShowPageTraceBehavior [ RunTime:0.000000s ]
INFO: [ app_end ] --END-- [ RunTime:0.000000s ]

[ 2015-04-13T11:19:41+08:00 ] 192.168.1.42 /font.swf
INFO: [ app_begin ] --START--
INFO: Run Behavior\ReadHtmlCacheBehavior [ RunTime:0.001000s ]
INFO: Run Behavior\CheckLangBehavior [ RunTime:0.000000s ]
INFO: [ app_begin ] --END-- [ RunTime:0.001000s ]
ERR: 无法加载控制器:Font.swf

[ 2015-04-13T11:19:48+08:00 ] 192.168.1.42 /
INFO: [ app_begin ] --START--
INFO: Run Behavior\ReadHtmlCacheBehavior [ RunTime:0.000000s ]
INFO: Run Behavior\CheckLangBehavior [ RunTime:0.001000s ]
INFO: [ app_begin ] --END-- [ RunTime:0.001000s ]
INFO: [ view_parse ] --START--
INFO: [ template_filter ] --START--
INFO: Run Behavior\ContentReplaceBehavior [ RunTime:0.000000s ]
INFO: [ template_filter ] --END-- [ RunTime:0.000000s ]
INFO: Run Behavior\ParseTemplateBehavior [ RunTime:0.006000s ]
INFO: [ view_parse ] --END-- [ RunTime:0.006000s ]
INFO: [ view_filter ] --START--
INFO: Run Behavior\WriteHtmlCacheBehavior [ RunTime:0.001000s ]
INFO: [ view_filter ] --END-- [ RunTime:0.001000s ]
INFO: [ app_end ] --START--
INFO: Run Behavior\ShowPageTraceBehavior [ RunTime:0.000000s ]
INFO: [ app_end ] --END-- [ RunTime:0.000000s ]

[ 2015-04-13T11:19:48+08:00 ] 192.168.1.42 /font.swf
INFO: [ app_begin ] --START--
INFO: Run Behavior\ReadHtmlCacheBehavior [ RunTime:0.000000s ]
INFO: Run Behavior\CheckLangBehavior [ RunTime:0.000000s ]
INFO: [ app_begin ] --END-- [ RunTime:0.001000s ]
ERR: 无法加载控制器:Font.swf

[ 2015-04-13T11:20:40+08:00 ] 192.168.1.42 /
INFO: [ app_begin ] --START--
INFO: Run Behavior\ReadHtmlCacheBehavior [ RunTime:0.001000s ]
INFO: Run Behavior\CheckLangBehavior [ RunTime:0.000000s ]
INFO: [ app_begin ] --END-- [ RunTime:0.001000s ]
INFO: [ view_parse ] --START--
INFO: [ template_filter ] --START--
INFO: Run Behavior\ContentReplaceBehavior [ RunTime:0.000000s ]
INFO: [ template_filter ] --END-- [ RunTime:0.000000s ]
INFO: Run Behavior\ParseTemplateBehavior [ RunTime:0.005000s ]
INFO: [ view_parse ] --END-- [ RunTime:0.005000s ]
INFO: [ view_filter ] --START--
INFO: Run Behavior\WriteHtmlCacheBehavior [ RunTime:0.000000s ]
INFO: [ view_filter ] --END-- [ RunTime:0.000000s ]
INFO: [ app_end ] --START--
INFO: Run Behavior\ShowPageTraceBehavior [ RunTime:0.000000s ]
INFO: [ app_end ] --END-- [ RunTime:0.001000s ]

[ 2015-04-13T11:20:41+08:00 ] 192.168.1.42 /font.swf
INFO: [ app_begin ] --START--
INFO: Run Behavior\ReadHtmlCacheBehavior [ RunTime:0.000000s ]
INFO: Run Behavior\CheckLangBehavior [ RunTime:0.000000s ]
INFO: [ app_begin ] --END-- [ RunTime:0.000000s ]
ERR: 无法加载控制器:Font.swf

[ 2015-04-13T11:27:37+08:00 ] 192.168.1.42 /
INFO: [ app_begin ] --START--
INFO: Run Behavior\ReadHtmlCacheBehavior [ RunTime:0.000000s ]
INFO: Run Behavior\CheckLangBehavior [ RunTime:0.001000s ]
INFO: [ app_begin ] --END-- [ RunTime:0.002000s ]
INFO: [ view_parse ] --START--
INFO: [ template_filter ] --START--
INFO: Run Behavior\ContentReplaceBehavior [ RunTime:0.000000s ]
INFO: [ template_filter ] --END-- [ RunTime:0.000000s ]
INFO: Run Behavior\ParseTemplateBehavior [ RunTime:0.006000s ]
INFO: [ view_parse ] --END-- [ RunTime:0.006000s ]
INFO: [ view_filter ] --START--
INFO: Run Behavior\WriteHtmlCacheBehavior [ RunTime:0.000000s ]
INFO: [ view_filter ] --END-- [ RunTime:0.000000s ]
INFO: [ app_end ] --START--
INFO: Run Behavior\ShowPageTraceBehavior [ RunTime:0.001000s ]
INFO: [ app_end ] --END-- [ RunTime:0.001000s ]

[ 2015-04-13T11:27:37+08:00 ] 192.168.1.42 /font.swf
INFO: [ app_begin ] --START--
INFO: Run Behavior\ReadHtmlCacheBehavior [ RunTime:0.001000s ]
INFO: Run Behavior\CheckLangBehavior [ RunTime:0.001000s ]
INFO: [ app_begin ] --END-- [ RunTime:0.002000s ]
ERR: 无法加载控制器:Font.swf

[ 2015-04-13T11:30:32+08:00 ] 192.168.1.42 /
INFO: [ app_begin ] --START--
INFO: Run Behavior\ReadHtmlCacheBehavior [ RunTime:0.001000s ]
INFO: Run Behavior\CheckLangBehavior [ RunTime:0.001000s ]
INFO: [ app_begin ] --END-- [ RunTime:0.002000s ]
INFO: [ view_parse ] --START--
INFO: [ template_filter ] --START--
INFO: Run Behavior\ContentReplaceBehavior [ RunTime:0.000000s ]
INFO: [ template_filter ] --END-- [ RunTime:0.000000s ]
INFO: Run Behavior\ParseTemplateBehavior [ RunTime:0.009001s ]
INFO: [ view_parse ] --END-- [ RunTime:0.009001s ]
INFO: [ view_filter ] --START--
INFO: Run Behavior\WriteHtmlCacheBehavior [ RunTime:0.001000s ]
INFO: [ view_filter ] --END-- [ RunTime:0.001000s ]
INFO: [ app_end ] --START--
INFO: Run Behavior\ShowPageTraceBehavior [ RunTime:0.001000s ]
INFO: [ app_end ] --END-- [ RunTime:0.001000s ]

[ 2015-04-13T11:30:32+08:00 ] 192.168.1.42 /font.swf
INFO: [ app_begin ] --START--
INFO: Run Behavior\ReadHtmlCacheBehavior [ RunTime:0.000000s ]
INFO: Run Behavior\CheckLangBehavior [ RunTime:0.001000s ]
INFO: [ app_begin ] --END-- [ RunTime:0.002000s ]
ERR: 无法加载控制器:Font.swf

