[ 2015-05-03T06:14:02+08:00 ] 192.168.1.42 /
INFO: [ app_init ] --START--
INFO: Run Behavior\BuildLiteBehavior [ RunTime:0.000023s ]
INFO: [ app_init ] --END-- [ RunTime:0.005365s ]

[ 2015-05-03T06:14:04+08:00 ] 192.168.1.42 /
INFO: [ app_init ] --START--
INFO: Run Behavior\BuildLiteBehavior [ RunTime:0.000026s ]
INFO: [ app_init ] --END-- [ RunTime:0.000859s ]

[ 2015-05-03T06:14:04+08:00 ] 192.168.1.42 /font.swf
INFO: [ app_init ] --START--
INFO: Run Behavior\BuildLiteBehavior [ RunTime:0.000018s ]
INFO: [ app_init ] --END-- [ RunTime:0.000554s ]
ERR: 无法加载控制器:Font.swf

[ 2015-05-03T06:14:07+08:00 ] 192.168.1.42 /PROD/2RB_1
INFO: [ app_init ] --START--
INFO: Run Behavior\BuildLiteBehavior [ RunTime:0.000026s ]
INFO: [ app_init ] --END-- [ RunTime:0.000619s ]

[ 2015-05-03T06:14:07+08:00 ] 192.168.1.42 /PROD/favicon.ico
INFO: [ app_init ] --START--
INFO: Run Behavior\BuildLiteBehavior [ RunTime:0.000026s ]
INFO: [ app_init ] --END-- [ RunTime:0.000831s ]

[ 2015-05-03T06:14:10+08:00 ] 192.168.1.42 /PROD/get2RBList?series=010
INFO: [ app_init ] --START--
INFO: Run Behavior\BuildLiteBehavior [ RunTime:0.000026s ]
INFO: [ app_init ] --END-- [ RunTime:0.000809s ]

[ 2015-05-03T06:14:18+08:00 ] 192.168.1.42 /PROD/2RB_1
INFO: [ app_init ] --START--
INFO: Run Behavior\BuildLiteBehavior [ RunTime:0.000023s ]
INFO: [ app_init ] --END-- [ RunTime:0.000636s ]

[ 2015-05-03T06:14:22+08:00 ] 192.168.1.42 /PROD/3RB_1
INFO: [ app_init ] --START--
INFO: Run Behavior\BuildLiteBehavior [ RunTime:0.000026s ]
INFO: [ app_init ] --END-- [ RunTime:0.000795s ]

[ 2015-05-03T06:14:26+08:00 ] 192.168.1.42 /PROD/2RB_1
INFO: [ app_init ] --START--
INFO: Run Behavior\BuildLiteBehavior [ RunTime:0.000025s ]
INFO: [ app_init ] --END-- [ RunTime:0.000650s ]

[ 2015-05-03T06:14:29+08:00 ] 192.168.1.42 /PROD/2RB_2
INFO: [ app_init ] --START--
INFO: Run Behavior\BuildLiteBehavior [ RunTime:0.000025s ]
INFO: [ app_init ] --END-- [ RunTime:0.000811s ]

[ 2015-05-03T06:15:31+08:00 ] 192.168.1.42 /PROD/get2RBList?series=220
INFO: [ app_init ] --START--
INFO: Run Behavior\BuildLiteBehavior [ RunTime:0.000022s ]
INFO: [ app_init ] --END-- [ RunTime:0.000836s ]

[ 2015-05-03T06:15:37+08:00 ] 192.168.1.42 /PROD/2RB_1
INFO: [ app_init ] --START--
INFO: Run Behavior\BuildLiteBehavior [ RunTime:0.000020s ]
INFO: [ app_init ] --END-- [ RunTime:0.000567s ]

[ 2015-05-03T06:15:39+08:00 ] 192.168.1.42 /PROD/2RB_2
INFO: [ app_init ] --START--
INFO: Run Behavior\BuildLiteBehavior [ RunTime:0.000019s ]
INFO: [ app_init ] --END-- [ RunTime:0.000587s ]

[ 2015-05-03T06:15:40+08:00 ] 192.168.1.42 /PROD/get2RBList?series=220
INFO: [ app_init ] --START--
INFO: Run Behavior\BuildLiteBehavior [ RunTime:0.000021s ]
INFO: [ app_init ] --END-- [ RunTime:0.000739s ]

[ 2015-05-03T06:15:49+08:00 ] 192.168.1.42 /PROD/3RB_3
INFO: [ app_init ] --START--
INFO: Run Behavior\BuildLiteBehavior [ RunTime:0.000029s ]
INFO: [ app_init ] --END-- [ RunTime:0.000866s ]

[ 2015-05-03T06:15:50+08:00 ] 192.168.1.42 /PROD/get3RBList?series=350-3
INFO: [ app_init ] --START--
INFO: Run Behavior\BuildLiteBehavior [ RunTime:0.000021s ]
INFO: [ app_init ] --END-- [ RunTime:0.000702s ]

[ 2015-05-03T06:28:44+08:00 ] 192.168.1.42 /PROD/IE2_2
INFO: [ app_init ] --START--
INFO: Run Behavior\BuildLiteBehavior [ RunTime:0.000026s ]
INFO: [ app_init ] --END-- [ RunTime:0.000692s ]

[ 2015-05-03T06:28:46+08:00 ] 192.168.1.42 /PROD/Suction
INFO: [ app_init ] --START--
INFO: Run Behavior\BuildLiteBehavior [ RunTime:0.000025s ]
INFO: [ app_init ] --END-- [ RunTime:0.000779s ]

[ 2015-05-03T06:28:50+08:00 ] 192.168.1.42 /PROD/IE2_2
INFO: [ app_init ] --START--
INFO: Run Behavior\BuildLiteBehavior [ RunTime:0.000027s ]
INFO: [ app_init ] --END-- [ RunTime:0.000973s ]

[ 2015-05-03T06:28:51+08:00 ] 192.168.1.42 /PROD/IE2_Double_Stage_Regenerative_Blower_table.php?series=220
INFO: [ app_init ] --START--
INFO: Run Behavior\BuildLiteBehavior [ RunTime:0.000022s ]
INFO: [ app_init ] --END-- [ RunTime:0.000716s ]
ERR: 非法操作:IE2_Double_Stage_Regenerative_Blower_table.php

[ 2015-05-03T06:28:54+08:00 ] 192.168.1.42 /PROD/IE2_2
INFO: [ app_init ] --START--
INFO: Run Behavior\BuildLiteBehavior [ RunTime:0.000069s ]
INFO: [ app_init ] --END-- [ RunTime:0.001413s ]

[ 2015-05-03T06:28:57+08:00 ] 192.168.1.42 /PROD/2RB_1
INFO: [ app_init ] --START--
INFO: Run Behavior\BuildLiteBehavior [ RunTime:0.000018s ]
INFO: [ app_init ] --END-- [ RunTime:0.000559s ]

[ 2015-05-03T06:28:58+08:00 ] 192.168.1.42 /PROD/3RB_3
INFO: [ app_init ] --START--
INFO: Run Behavior\BuildLiteBehavior [ RunTime:0.000028s ]
INFO: [ app_init ] --END-- [ RunTime:0.000833s ]

[ 2015-05-03T06:29:00+08:00 ] 192.168.1.42 /PROD/Belt_2RB_1
INFO: [ app_init ] --START--
INFO: Run Behavior\BuildLiteBehavior [ RunTime:0.000029s ]
INFO: [ app_init ] --END-- [ RunTime:0.001338s ]

[ 2015-05-03T06:29:00+08:00 ] 192.168.1.42 /src/js/PRODjs
INFO: [ app_init ] --START--
INFO: Run Behavior\BuildLiteBehavior [ RunTime:0.000027s ]
INFO: [ app_init ] --END-- [ RunTime:0.000947s ]
ERR: 无法加载控制器:Src

[ 2015-05-03T06:29:01+08:00 ] 192.168.1.42 /PROD/upfile/Belt_drive/Side%20Channel%20Blower%20Belt%20drive%202RB213.pdf
INFO: [ app_init ] --START--
INFO: Run Behavior\BuildLiteBehavior [ RunTime:0.000025s ]
INFO: [ app_init ] --END-- [ RunTime:0.000791s ]
ERR: 非法操作:upfile

[ 2015-05-03T06:29:04+08:00 ] 192.168.1.42 /PROD/4RB_3
INFO: [ app_init ] --START--
INFO: Run Behavior\BuildLiteBehavior [ RunTime:0.000018s ]
INFO: [ app_init ] --END-- [ RunTime:0.000538s ]

[ 2015-05-03T06:29:05+08:00 ] 192.168.1.42 /PROD/get4RBList?series=530
INFO: [ app_init ] --START--
INFO: Run Behavior\BuildLiteBehavior [ RunTime:0.000029s ]
INFO: [ app_init ] --END-- [ RunTime:0.001005s ]

[ 2015-05-03T06:29:10+08:00 ] 192.168.1.42 /PROD/Belt_2RB_1
INFO: [ app_init ] --START--
INFO: Run Behavior\BuildLiteBehavior [ RunTime:0.000019s ]
INFO: [ app_init ] --END-- [ RunTime:0.000563s ]

[ 2015-05-03T06:29:10+08:00 ] 192.168.1.42 /src/js/PRODjs
INFO: [ app_init ] --START--
INFO: Run Behavior\BuildLiteBehavior [ RunTime:0.000027s ]
INFO: [ app_init ] --END-- [ RunTime:0.000777s ]
ERR: 无法加载控制器:Src

[ 2015-05-03T06:29:11+08:00 ] 192.168.1.42 /PROD/upfile/Belt_drive/Side%20Channel%20Blower%20Belt%20drive%202RB213.pdf
INFO: [ app_init ] --START--
INFO: Run Behavior\BuildLiteBehavior [ RunTime:0.000030s ]
INFO: [ app_init ] --END-- [ RunTime:0.001358s ]
ERR: 非法操作:upfile

[ 2015-05-03T07:33:04+08:00 ] 192.168.1.42 /PROD/Belt_2RB_1
INFO: [ app_init ] --START--
INFO: Run Behavior\BuildLiteBehavior [ RunTime:0.000032s ]
INFO: [ app_init ] --END-- [ RunTime:0.001399s ]

[ 2015-05-03T07:33:04+08:00 ] 192.168.1.42 /src/js/PRODjs
INFO: [ app_init ] --START--
INFO: Run Behavior\BuildLiteBehavior [ RunTime:0.000027s ]
INFO: [ app_init ] --END-- [ RunTime:0.000869s ]
ERR: 无法加载控制器:Src

[ 2015-05-03T09:23:16+08:00 ] 127.0.0.1 /
INFO: [ app_init ] --START--
INFO: Run Behavior\BuildLiteBehavior [ RunTime:0.000030s ]
INFO: [ app_init ] --END-- [ RunTime:0.018699s ]

[ 2015-05-03T09:23:16+08:00 ] 127.0.0.1 /SRC_LAN/logo.jpg
INFO: [ app_init ] --START--
INFO: Run Behavior\BuildLiteBehavior [ RunTime:0.000020s ]
INFO: [ app_init ] --END-- [ RunTime:0.000637s ]

[ 2015-05-03T09:23:16+08:00 ] 127.0.0.1 /SRC_LAN/home7.png
INFO: [ app_init ] --START--
INFO: Run Behavior\BuildLiteBehavior [ RunTime:0.000026s ]
INFO: [ app_init ] --END-- [ RunTime:0.000787s ]

[ 2015-05-03T09:23:16+08:00 ] 127.0.0.1 /SRC_LAN/home2.jpg
INFO: [ app_init ] --START--
INFO: Run Behavior\BuildLiteBehavior [ RunTime:0.000029s ]
INFO: [ app_init ] --END-- [ RunTime:0.001312s ]

[ 2015-05-03T09:23:16+08:00 ] 127.0.0.1 /SRC_LAN/home4.jpg
INFO: [ app_init ] --START--
INFO: Run Behavior\BuildLiteBehavior [ RunTime:0.000025s ]
INFO: [ app_init ] --END-- [ RunTime:0.001658s ]

[ 2015-05-03T09:23:16+08:00 ] 127.0.0.1 /SRC_LAN/home3.jpg
INFO: [ app_init ] --START--
INFO: Run Behavior\BuildLiteBehavior [ RunTime:0.000051s ]
INFO: [ app_init ] --END-- [ RunTime:0.001245s ]

[ 2015-05-03T09:23:18+08:00 ] 127.0.0.1 /SRC_LAN/config.xml?t=1430616198140
INFO: [ app_init ] --START--
INFO: Run Behavior\BuildLiteBehavior [ RunTime:0.000027s ]
INFO: [ app_init ] --END-- [ RunTime:0.000850s ]
ERR: 无法加载控制器:SRC_LAN

[ 2015-05-03T09:23:25+08:00 ] 192.168.1.42 /
INFO: [ app_init ] --START--
INFO: Run Behavior\BuildLiteBehavior [ RunTime:0.000020s ]
INFO: [ app_init ] --END-- [ RunTime:0.000608s ]

[ 2015-05-03T09:23:28+08:00 ] 192.168.1.42 /font.swf
INFO: [ app_init ] --START--
INFO: Run Behavior\BuildLiteBehavior [ RunTime:0.000021s ]
INFO: [ app_init ] --END-- [ RunTime:0.000591s ]
ERR: 无法加载控制器:Font.swf

[ 2015-05-03T09:23:32+08:00 ] 192.168.1.42 /PROD/2RB_1
INFO: [ app_init ] --START--
INFO: Run Behavior\BuildLiteBehavior [ RunTime:0.000020s ]
INFO: [ app_init ] --END-- [ RunTime:0.000592s ]

[ 2015-05-03T09:23:32+08:00 ] 192.168.1.42 /PROD/favicon.ico
INFO: [ app_init ] --START--
INFO: Run Behavior\BuildLiteBehavior [ RunTime:0.000025s ]
INFO: [ app_init ] --END-- [ RunTime:0.000774s ]

[ 2015-05-03T09:24:02+08:00 ] 192.168.1.42 /About/about_us
INFO: [ app_init ] --START--
INFO: Run Behavior\BuildLiteBehavior [ RunTime:0.000020s ]
INFO: [ app_init ] --END-- [ RunTime:0.000607s ]

[ 2015-05-03T09:24:02+08:00 ] 192.168.1.42 /About/favicon.ico
INFO: [ app_init ] --START--
INFO: Run Behavior\BuildLiteBehavior [ RunTime:0.000027s ]
INFO: [ app_init ] --END-- [ RunTime:0.001297s ]

[ 2015-05-03T09:24:07+08:00 ] 192.168.1.42 /About/certification
INFO: [ app_init ] --START--
INFO: Run Behavior\BuildLiteBehavior [ RunTime:0.000020s ]
INFO: [ app_init ] --END-- [ RunTime:0.000557s ]

[ 2015-05-03T09:24:09+08:00 ] 192.168.1.42 /About/honour
INFO: [ app_init ] --START--
INFO: Run Behavior\BuildLiteBehavior [ RunTime:0.000020s ]
INFO: [ app_init ] --END-- [ RunTime:0.000692s ]

[ 2015-05-03T09:24:12+08:00 ] 192.168.1.42 /Index/index
INFO: [ app_init ] --START--
INFO: Run Behavior\BuildLiteBehavior [ RunTime:0.000026s ]
INFO: [ app_init ] --END-- [ RunTime:0.000833s ]

[ 2015-05-03T09:24:12+08:00 ] 192.168.1.42 /Index/cu3er.swf?t=1430616252000
INFO: [ app_init ] --START--
INFO: Run Behavior\BuildLiteBehavior [ RunTime:0.000026s ]
INFO: [ app_init ] --END-- [ RunTime:0.000796s ]
ERR: 非法操作:cu3er.swf

[ 2015-05-03T09:24:12+08:00 ] 192.168.1.42 /Index/favicon.ico
INFO: [ app_init ] --START--
INFO: Run Behavior\BuildLiteBehavior [ RunTime:0.000018s ]
INFO: [ app_init ] --END-- [ RunTime:0.000563s ]

[ 2015-05-03T09:24:17+08:00 ] 192.168.1.42 /About/about_us
INFO: [ app_init ] --START--
INFO: Run Behavior\BuildLiteBehavior [ RunTime:0.000020s ]
INFO: [ app_init ] --END-- [ RunTime:0.000587s ]

[ 2015-05-03T09:24:18+08:00 ] 192.168.1.42 /About/certification
INFO: [ app_init ] --START--
INFO: Run Behavior\BuildLiteBehavior [ RunTime:0.000019s ]
INFO: [ app_init ] --END-- [ RunTime:0.000595s ]

[ 2015-05-03T09:24:21+08:00 ] 192.168.1.42 /About/honour
INFO: [ app_init ] --START--
INFO: Run Behavior\BuildLiteBehavior [ RunTime:0.000023s ]
INFO: [ app_init ] --END-- [ RunTime:0.000691s ]

[ 2015-05-03T09:24:23+08:00 ] 192.168.1.42 /About/video
INFO: [ app_init ] --START--
INFO: Run Behavior\BuildLiteBehavior [ RunTime:0.000024s ]
INFO: [ app_init ] --END-- [ RunTime:0.000835s ]

[ 2015-05-03T09:24:26+08:00 ] 192.168.1.42 /About/equipments
INFO: [ app_init ] --START--
INFO: Run Behavior\BuildLiteBehavior [ RunTime:0.000022s ]
INFO: [ app_init ] --END-- [ RunTime:0.000672s ]

[ 2015-05-03T09:24:30+08:00 ] 192.168.1.42 /About/about_us
INFO: [ app_init ] --START--
INFO: Run Behavior\BuildLiteBehavior [ RunTime:0.000020s ]
INFO: [ app_init ] --END-- [ RunTime:0.000654s ]

[ 2015-05-03T09:24:34+08:00 ] 192.168.1.42 /About/certification
INFO: [ app_init ] --START--
INFO: Run Behavior\BuildLiteBehavior [ RunTime:0.000021s ]
INFO: [ app_init ] --END-- [ RunTime:0.000621s ]

[ 2015-05-03T09:24:46+08:00 ] 192.168.1.42 /About/equipments
INFO: [ app_init ] --START--
INFO: Run Behavior\BuildLiteBehavior [ RunTime:0.000026s ]
INFO: [ app_init ] --END-- [ RunTime:0.000766s ]

[ 2015-05-03T09:24:50+08:00 ] 192.168.1.42 /PROD/2RB_1
INFO: [ app_init ] --START--
INFO: Run Behavior\BuildLiteBehavior [ RunTime:0.000019s ]
INFO: [ app_init ] --END-- [ RunTime:0.000651s ]

[ 2015-05-03T09:24:54+08:00 ] 192.168.1.42 /PROD/Belt_2RB_1
INFO: [ app_init ] --START--
INFO: Run Behavior\BuildLiteBehavior [ RunTime:0.000025s ]
INFO: [ app_init ] --END-- [ RunTime:0.000794s ]

[ 2015-05-03T09:24:54+08:00 ] 192.168.1.42 /src/js/PRODjs
INFO: [ app_init ] --START--
INFO: Run Behavior\BuildLiteBehavior [ RunTime:0.000030s ]
INFO: [ app_init ] --END-- [ RunTime:0.001003s ]
ERR: 无法加载控制器:Src

[ 2015-05-03T09:26:49+08:00 ] 192.168.1.42 /PROD/Belt_2RB_1
INFO: [ app_init ] --START--
INFO: Run Behavior\BuildLiteBehavior [ RunTime:0.000019s ]
INFO: [ app_init ] --END-- [ RunTime:0.000649s ]

[ 2015-05-03T09:26:49+08:00 ] 192.168.1.42 /src/js/PRODjs
INFO: [ app_init ] --START--
INFO: Run Behavior\BuildLiteBehavior [ RunTime:0.000028s ]
INFO: [ app_init ] --END-- [ RunTime:0.000941s ]
ERR: 无法加载控制器:Src

[ 2015-05-03T09:26:56+08:00 ] 192.168.1.42 /PROD/Belt_2RB_1
INFO: [ app_init ] --START--
INFO: Run Behavior\BuildLiteBehavior [ RunTime:0.000024s ]
INFO: [ app_init ] --END-- [ RunTime:0.000775s ]

[ 2015-05-03T09:26:56+08:00 ] 192.168.1.42 /src/js/PRODjs
INFO: [ app_init ] --START--
INFO: Run Behavior\BuildLiteBehavior [ RunTime:0.000028s ]
INFO: [ app_init ] --END-- [ RunTime:0.000887s ]
ERR: 无法加载控制器:Src

[ 2015-05-03T09:27:08+08:00 ] 192.168.1.42 /PROD/IE2_1
INFO: [ app_init ] --START--
INFO: Run Behavior\BuildLiteBehavior [ RunTime:0.000019s ]
INFO: [ app_init ] --END-- [ RunTime:0.000608s ]

[ 2015-05-03T09:27:10+08:00 ] 192.168.1.42 /PROD/IE2_Single_Stage_Regenerative_Blower_table.php?series=210
INFO: [ app_init ] --START--
INFO: Run Behavior\BuildLiteBehavior [ RunTime:0.000021s ]
INFO: [ app_init ] --END-- [ RunTime:0.000746s ]
ERR: 非法操作:IE2_Single_Stage_Regenerative_Blower_table.php

[ 2015-05-03T09:49:19+08:00 ] 192.168.1.42 /PROD/IE2_1
INFO: [ app_init ] --START--
INFO: Run Behavior\BuildLiteBehavior [ RunTime:0.000032s ]
INFO: [ app_init ] --END-- [ RunTime:0.000922s ]

[ 2015-05-03T09:49:22+08:00 ] 192.168.1.42 /PROD/Belt_2RB_2
INFO: [ app_init ] --START--
INFO: Run Behavior\BuildLiteBehavior [ RunTime:0.000025s ]
INFO: [ app_init ] --END-- [ RunTime:0.000956s ]

[ 2015-05-03T09:49:22+08:00 ] 192.168.1.42 /src/js/PRODjs
INFO: [ app_init ] --START--
INFO: Run Behavior\BuildLiteBehavior [ RunTime:0.000030s ]
INFO: [ app_init ] --END-- [ RunTime:0.000982s ]
ERR: 无法加载控制器:Src

[ 2015-05-03T09:49:45+08:00 ] 192.168.1.42 /PROD/IE2_1
INFO: [ app_init ] --START--
INFO: Run Behavior\BuildLiteBehavior [ RunTime:0.000018s ]
INFO: [ app_init ] --END-- [ RunTime:0.000537s ]

[ 2015-05-03T09:49:46+08:00 ] 192.168.1.42 /PROD/IE2_Single_Stage_Regenerative_Blower_table.php?series=210
INFO: [ app_init ] --START--
INFO: Run Behavior\BuildLiteBehavior [ RunTime:0.000024s ]
INFO: [ app_init ] --END-- [ RunTime:0.000684s ]
ERR: 非法操作:IE2_Single_Stage_Regenerative_Blower_table.php

[ 2015-05-03T09:49:50+08:00 ] 192.168.1.42 /PROD/Silencer
INFO: [ app_init ] --START--
INFO: Run Behavior\BuildLiteBehavior [ RunTime:0.000019s ]
INFO: [ app_init ] --END-- [ RunTime:0.000556s ]

[ 2015-05-03T09:49:50+08:00 ] 192.168.1.42 /src/js/PRODjs
INFO: [ app_init ] --START--
INFO: Run Behavior\BuildLiteBehavior [ RunTime:0.000026s ]
INFO: [ app_init ] --END-- [ RunTime:0.000865s ]
ERR: 无法加载控制器:Src

[ 2015-05-03T09:49:51+08:00 ] 192.168.1.42 /PROD/silencer_content.php?type=2BX4%20011
INFO: [ app_init ] --START--
INFO: Run Behavior\BuildLiteBehavior [ RunTime:0.000019s ]
INFO: [ app_init ] --END-- [ RunTime:0.000562s ]
ERR: 非法操作:silencer_content.php

[ 2015-05-03T09:50:15+08:00 ] 192.168.1.42 /PROD/IE2_1
INFO: [ app_init ] --START--
INFO: Run Behavior\BuildLiteBehavior [ RunTime:0.000018s ]
INFO: [ app_init ] --END-- [ RunTime:0.000559s ]

[ 2015-05-03T09:53:26+08:00 ] 192.168.1.42 /PROD/IE2_1
INFO: [ app_init ] --START--
INFO: Run Behavior\BuildLiteBehavior [ RunTime:0.000023s ]
INFO: [ app_init ] --END-- [ RunTime:0.000682s ]

[ 2015-05-03T09:53:28+08:00 ] 192.168.1.42 /PROD/getIE2List?series=210
INFO: [ app_init ] --START--
INFO: Run Behavior\BuildLiteBehavior [ RunTime:0.000023s ]
INFO: [ app_init ] --END-- [ RunTime:0.000736s ]

[ 2015-05-03T09:53:37+08:00 ] 192.168.1.42 /PROD/upfile/2RB_series/side%20channel%20blower%202rb210.pdf
INFO: [ app_init ] --START--
INFO: Run Behavior\BuildLiteBehavior [ RunTime:0.000023s ]
INFO: [ app_init ] --END-- [ RunTime:0.000702s ]
ERR: 非法操作:upfile

[ 2015-05-03T09:56:55+08:00 ] 192.168.1.42 /PROD/getIE2List?series=210
INFO: [ app_init ] --START--
INFO: Run Behavior\BuildLiteBehavior [ RunTime:0.000027s ]
INFO: [ app_init ] --END-- [ RunTime:0.000726s ]

[ 2015-05-03T09:57:48+08:00 ] 192.168.1.42 /PROD/getIE2List?series=210
INFO: [ app_init ] --START--
INFO: Run Behavior\BuildLiteBehavior [ RunTime:0.000025s ]
INFO: [ app_init ] --END-- [ RunTime:0.000790s ]
ERR: SQLSTATE[42S02]: Base table or view not found: 1146 Table 'greenco.ie' doesn't exist

[ 2015-05-03T09:58:03+08:00 ] 192.168.1.42 /PROD/getIE2List?series=210
INFO: [ app_init ] --START--
INFO: Run Behavior\BuildLiteBehavior [ RunTime:0.000027s ]
INFO: [ app_init ] --END-- [ RunTime:0.000926s ]

[ 2015-05-03T09:58:14+08:00 ] 192.168.1.42 /PROD/IE2_2
INFO: [ app_init ] --START--
INFO: Run Behavior\BuildLiteBehavior [ RunTime:0.000024s ]
INFO: [ app_init ] --END-- [ RunTime:0.000768s ]

[ 2015-05-03T09:58:15+08:00 ] 192.168.1.42 /PROD/getIE2List?series=220
INFO: [ app_init ] --START--
INFO: Run Behavior\BuildLiteBehavior [ RunTime:0.000019s ]
INFO: [ app_init ] --END-- [ RunTime:0.000632s ]

[ 2015-05-03T09:58:18+08:00 ] 192.168.1.42 /PROD/Suction
INFO: [ app_init ] --START--
INFO: Run Behavior\BuildLiteBehavior [ RunTime:0.000027s ]
INFO: [ app_init ] --END-- [ RunTime:0.001022s ]

[ 2015-05-03T09:58:21+08:00 ] 192.168.1.42 /PROD/Cover_Suction_Ring_Blower_table.php?series=210
INFO: [ app_init ] --START--
INFO: Run Behavior\BuildLiteBehavior [ RunTime:0.000023s ]
INFO: [ app_init ] --END-- [ RunTime:0.000695s ]
ERR: 非法操作:Cover_Suction_Ring_Blower_table.php

[ 2015-05-03T10:57:19+08:00 ] 192.168.1.42 /PROD/IE2_1
INFO: [ app_init ] --START--
INFO: Run Behavior\BuildLiteBehavior [ RunTime:0.000023s ]
INFO: [ app_init ] --END-- [ RunTime:0.000769s ]

[ 2015-05-03T10:57:21+08:00 ] 192.168.1.42 /PROD/getIE2List?series=210
INFO: [ app_init ] --START--
INFO: Run Behavior\BuildLiteBehavior [ RunTime:0.000022s ]
INFO: [ app_init ] --END-- [ RunTime:0.000741s ]

[ 2015-05-03T10:57:23+08:00 ] 192.168.1.42 /PROD/Suction
INFO: [ app_init ] --START--
INFO: Run Behavior\BuildLiteBehavior [ RunTime:0.000018s ]
INFO: [ app_init ] --END-- [ RunTime:0.000561s ]

[ 2015-05-03T10:57:25+08:00 ] 192.168.1.42 /PROD/Cover_Suction_Ring_Blower_table.php?series=210
INFO: [ app_init ] --START--
INFO: Run Behavior\BuildLiteBehavior [ RunTime:0.000019s ]
INFO: [ app_init ] --END-- [ RunTime:0.000562s ]
ERR: 非法操作:Cover_Suction_Ring_Blower_table.php

[ 2015-05-03T12:26:43+08:00 ] 192.168.1.42 /PROD/Cover_Suction_Ring_Blower_table.php?series=210
INFO: [ app_init ] --START--
INFO: Run Behavior\BuildLiteBehavior [ RunTime:0.000022s ]
INFO: [ app_init ] --END-- [ RunTime:0.005229s ]
ERR: 非法操作:Cover_Suction_Ring_Blower_table.php

[ 2015-05-03T12:55:05+08:00 ] 192.168.1.42 /PROD/Suction
INFO: [ app_init ] --START--
INFO: Run Behavior\BuildLiteBehavior [ RunTime:0.000021s ]
INFO: [ app_init ] --END-- [ RunTime:0.005340s ]

[ 2015-05-03T12:55:08+08:00 ] 192.168.1.42 /PROD/getSuctionList?series=210
INFO: [ app_init ] --START--
INFO: Run Behavior\BuildLiteBehavior [ RunTime:0.000024s ]
INFO: [ app_init ] --END-- [ RunTime:0.016629s ]
ERR: 模板不存在:./greenco/Home/View/PROD/getSuctionList.html

[ 2015-05-03T12:55:40+08:00 ] 192.168.1.42 /PROD/getSuctionList?series=210
INFO: [ app_init ] --START--
INFO: Run Behavior\BuildLiteBehavior [ RunTime:0.000028s ]
INFO: [ app_init ] --END-- [ RunTime:0.005608s ]

[ 2015-05-03T12:55:46+08:00 ] 192.168.1.42 /PROD/Suction
INFO: [ app_init ] --START--
INFO: Run Behavior\BuildLiteBehavior [ RunTime:0.000022s ]
INFO: [ app_init ] --END-- [ RunTime:0.027736s ]

[ 2015-05-03T12:55:48+08:00 ] 192.168.1.42 /PROD/getSuctionList?series=410
INFO: [ app_init ] --START--
INFO: Run Behavior\BuildLiteBehavior [ RunTime:0.000024s ]
INFO: [ app_init ] --END-- [ RunTime:0.005480s ]

[ 2015-05-03T12:56:18+08:00 ] 192.168.1.42 /PROD/getSuctionList?series=410
INFO: [ app_init ] --START--
INFO: Run Behavior\BuildLiteBehavior [ RunTime:0.000023s ]
INFO: [ app_init ] --END-- [ RunTime:0.005453s ]

[ 2015-05-03T12:57:01+08:00 ] 192.168.1.42 /PROD/Suction
INFO: [ app_init ] --START--
INFO: Run Behavior\BuildLiteBehavior [ RunTime:0.000031s ]
INFO: [ app_init ] --END-- [ RunTime:0.005615s ]

[ 2015-05-03T12:57:04+08:00 ] 192.168.1.42 /PROD/getSuctionList?series=410
INFO: [ app_init ] --START--
INFO: Run Behavior\BuildLiteBehavior [ RunTime:0.000024s ]
INFO: [ app_init ] --END-- [ RunTime:0.016607s ]

[ 2015-05-03T12:57:55+08:00 ] 192.168.1.42 /PROD/IE2_2
INFO: [ app_init ] --START--
INFO: Run Behavior\BuildLiteBehavior [ RunTime:0.000023s ]
INFO: [ app_init ] --END-- [ RunTime:0.005375s ]

[ 2015-05-03T12:57:58+08:00 ] 192.168.1.42 /PROD/Silencer
INFO: [ app_init ] --START--
INFO: Run Behavior\BuildLiteBehavior [ RunTime:0.000024s ]
INFO: [ app_init ] --END-- [ RunTime:0.005533s ]

[ 2015-05-03T12:57:59+08:00 ] 192.168.1.42 /src/js/PRODjs
INFO: [ app_init ] --START--
INFO: Run Behavior\BuildLiteBehavior [ RunTime:0.000027s ]
INFO: [ app_init ] --END-- [ RunTime:0.016546s ]
ERR: 无法加载控制器:Src

[ 2015-05-03T12:58:00+08:00 ] 192.168.1.42 /PROD/silencer_content.php?type=2BX4%20011
INFO: [ app_init ] --START--
INFO: Run Behavior\BuildLiteBehavior [ RunTime:0.000029s ]
INFO: [ app_init ] --END-- [ RunTime:0.016735s ]
ERR: 非法操作:silencer_content.php

[ 2015-05-03T12:58:13+08:00 ] 192.168.1.42 /PROD/Relief
INFO: [ app_init ] --START--
INFO: Run Behavior\BuildLiteBehavior [ RunTime:0.000023s ]
INFO: [ app_init ] --END-- [ RunTime:0.016585s ]

[ 2015-05-03T12:58:30+08:00 ] 192.168.1.42 /PROD/Suction
INFO: [ app_init ] --START--
INFO: Run Behavior\BuildLiteBehavior [ RunTime:0.000026s ]
INFO: [ app_init ] --END-- [ RunTime:0.005651s ]

[ 2015-05-03T13:05:12+08:00 ] 192.168.1.42 /PROD/2RB_1
INFO: [ app_init ] --START--
INFO: Run Behavior\BuildLiteBehavior [ RunTime:0.000022s ]
INFO: [ app_init ] --END-- [ RunTime:0.005395s ]

[ 2015-05-03T13:05:14+08:00 ] 192.168.1.42 /PROD/get2RBList?series=010
INFO: [ app_init ] --START--
INFO: Run Behavior\BuildLiteBehavior [ RunTime:0.000023s ]
INFO: [ app_init ] --END-- [ RunTime:0.027844s ]

[ 2015-05-03T13:05:20+08:00 ] 192.168.1.42 /PROD/Silencer
INFO: [ app_init ] --START--
INFO: Run Behavior\BuildLiteBehavior [ RunTime:0.000027s ]
INFO: [ app_init ] --END-- [ RunTime:0.005625s ]

[ 2015-05-03T13:05:21+08:00 ] 192.168.1.42 /src/js/PRODjs
INFO: [ app_init ] --START--
INFO: Run Behavior\BuildLiteBehavior [ RunTime:0.000024s ]
INFO: [ app_init ] --END-- [ RunTime:0.038875s ]
ERR: 无法加载控制器:Src

[ 2015-05-03T13:05:59+08:00 ] 192.168.1.42 /PROD/Silencer
INFO: [ app_init ] --START--
INFO: Run Behavior\BuildLiteBehavior [ RunTime:0.000026s ]
INFO: [ app_init ] --END-- [ RunTime:0.005432s ]

[ 2015-05-03T13:06:00+08:00 ] 192.168.1.42 /src/js/PRODjs
INFO: [ app_init ] --START--
INFO: Run Behavior\BuildLiteBehavior [ RunTime:0.000029s ]
INFO: [ app_init ] --END-- [ RunTime:0.016568s ]
ERR: 无法加载控制器:Src

[ 2015-05-03T13:06:00+08:00 ] 192.168.1.42 /PROD/getSilencerContent?type=2BX4%20011
INFO: [ app_init ] --START--
INFO: Run Behavior\BuildLiteBehavior [ RunTime:0.000031s ]
INFO: [ app_init ] --END-- [ RunTime:0.016584s ]

[ 2015-05-03T13:08:46+08:00 ] 192.168.1.42 /PROD/getSilencerContent?type=2BX4%20011
INFO: [ app_init ] --START--
INFO: Run Behavior\BuildLiteBehavior [ RunTime:0.000023s ]
INFO: [ app_init ] --END-- [ RunTime:0.016446s ]

[ 2015-05-03T13:09:09+08:00 ] 192.168.1.42 /PROD/getSilencerContent?type=2BX4%20011
INFO: [ app_init ] --START--
INFO: Run Behavior\BuildLiteBehavior [ RunTime:0.000024s ]
INFO: [ app_init ] --END-- [ RunTime:0.005547s ]

[ 2015-05-03T13:09:46+08:00 ] 192.168.1.42 /PROD/getSilencerContent?type=2BX4%20011
INFO: [ app_init ] --START--
INFO: Run Behavior\BuildLiteBehavior [ RunTime:0.000610s ]
INFO: [ app_init ] --END-- [ RunTime:0.006159s ]

[ 2015-05-03T13:09:47+08:00 ] 192.168.1.42 /PROD/shadowbox/shadowbox.js
INFO: [ app_init ] --START--
INFO: Run Behavior\BuildLiteBehavior [ RunTime:0.000028s ]
INFO: [ app_init ] --END-- [ RunTime:0.016032s ]
ERR: 非法操作:shadowbox

[ 2015-05-03T13:09:47+08:00 ] 192.168.1.42 /PROD/js/jquery-1.7.2.js
INFO: [ app_init ] --START--
INFO: Run Behavior\BuildLiteBehavior [ RunTime:0.000024s ]
INFO: [ app_init ] --END-- [ RunTime:0.016837s ]
ERR: 非法操作:js

[ 2015-05-03T13:09:47+08:00 ] 192.168.1.42 /PROD/shadowbox/shadowbox.css
INFO: [ app_init ] --START--
INFO: Run Behavior\BuildLiteBehavior [ RunTime:0.000029s ]
INFO: [ app_init ] --END-- [ RunTime:0.017744s ]
ERR: 非法操作:shadowbox

[ 2015-05-03T13:09:47+08:00 ] 192.168.1.42 /PROD/js/menu.js
INFO: [ app_init ] --START--
INFO: Run Behavior\BuildLiteBehavior [ RunTime:0.000025s ]
INFO: [ app_init ] --END-- [ RunTime:0.017765s ]
ERR: 非法操作:js

[ 2015-05-03T13:09:47+08:00 ] 192.168.1.42 /PROD/uniform/css/uniform.default.css
INFO: [ app_init ] --START--
INFO: Run Behavior\BuildLiteBehavior [ RunTime:0.000029s ]
INFO: [ app_init ] --END-- [ RunTime:0.015746s ]
ERR: 非法操作:uniform

[ 2015-05-03T13:09:47+08:00 ] 192.168.1.42 /PROD/css/main.css
INFO: [ app_init ] --START--
INFO: Run Behavior\BuildLiteBehavior [ RunTime:0.000027s ]
INFO: [ app_init ] --END-- [ RunTime:0.016865s ]
ERR: 非法操作:css

[ 2015-05-03T13:09:47+08:00 ] 192.168.1.42 /PROD/image/home7.png
INFO: [ app_init ] --START--
INFO: Run Behavior\BuildLiteBehavior [ RunTime:0.000028s ]
INFO: [ app_init ] --END-- [ RunTime:0.016198s ]

[ 2015-05-03T13:09:47+08:00 ] 192.168.1.42 /PROD/image/home6.png
INFO: [ app_init ] --START--
INFO: Run Behavior\BuildLiteBehavior [ RunTime:0.000027s ]
INFO: [ app_init ] --END-- [ RunTime:0.016288s ]

[ 2015-05-03T13:09:47+08:00 ] 192.168.1.42 /PROD/js/swfobject.js
INFO: [ app_init ] --START--
INFO: Run Behavior\BuildLiteBehavior [ RunTime:0.000026s ]
INFO: [ app_init ] --END-- [ RunTime:0.018223s ]
ERR: 非法操作:js

[ 2015-05-03T13:09:47+08:00 ] 192.168.1.42 /PROD/js/application.js
INFO: [ app_init ] --START--
INFO: Run Behavior\BuildLiteBehavior [ RunTime:0.000028s ]
INFO: [ app_init ] --END-- [ RunTime:0.016058s ]
ERR: 非法操作:js

[ 2015-05-03T13:09:47+08:00 ] 192.168.1.42 /PROD/layer/layer.js
INFO: [ app_init ] --START--
INFO: Run Behavior\BuildLiteBehavior [ RunTime:0.000024s ]
INFO: [ app_init ] --END-- [ RunTime:0.017731s ]
ERR: 非法操作:layer

[ 2015-05-03T13:09:48+08:00 ] 192.168.1.42 /PROD/image/new.gif
INFO: [ app_init ] --START--
INFO: Run Behavior\BuildLiteBehavior [ RunTime:0.000025s ]
INFO: [ app_init ] --END-- [ RunTime:0.017050s ]

[ 2015-05-03T13:09:48+08:00 ] 192.168.1.42 /PROD/image/china.png
INFO: [ app_init ] --START--
INFO: Run Behavior\BuildLiteBehavior [ RunTime:0.000027s ]
INFO: [ app_init ] --END-- [ RunTime:0.016761s ]

[ 2015-05-03T13:09:48+08:00 ] 192.168.1.42 /PROD/image/spanish.png
INFO: [ app_init ] --START--
INFO: Run Behavior\BuildLiteBehavior [ RunTime:0.000029s ]
INFO: [ app_init ] --END-- [ RunTime:0.016738s ]

[ 2015-05-03T13:09:48+08:00 ] 192.168.1.42 /PROD/image/product_banner.png
INFO: [ app_init ] --START--
INFO: Run Behavior\BuildLiteBehavior [ RunTime:0.000037s ]
INFO: [ app_init ] --END-- [ RunTime:0.018224s ]

[ 2015-05-03T13:09:48+08:00 ] 192.168.1.42 /PROD/product_image/product_content_big/silencer.jpg
INFO: [ app_init ] --START--
INFO: Run Behavior\BuildLiteBehavior [ RunTime:0.000026s ]
INFO: [ app_init ] --END-- [ RunTime:0.016920s ]

[ 2015-05-03T13:09:48+08:00 ] 192.168.1.42 /PROD/image/english.png
INFO: [ app_init ] --START--
INFO: Run Behavior\BuildLiteBehavior [ RunTime:0.000023s ]
INFO: [ app_init ] --END-- [ RunTime:0.016925s ]

[ 2015-05-03T13:09:48+08:00 ] 192.168.1.42 /PROD/product_image/Dimensions_Silencer/silencer_2BX4_small.jpg
INFO: [ app_init ] --START--
INFO: Run Behavior\BuildLiteBehavior [ RunTime:0.000029s ]
INFO: [ app_init ] --END-- [ RunTime:0.027832s ]

[ 2015-05-03T13:09:48+08:00 ] 192.168.1.42 /PROD/image/download1.png
INFO: [ app_init ] --START--
INFO: Run Behavior\BuildLiteBehavior [ RunTime:0.000028s ]
INFO: [ app_init ] --END-- [ RunTime:0.027380s ]

[ 2015-05-03T13:09:48+08:00 ] 192.168.1.42 /PROD/images/footer_bg.png
INFO: [ app_init ] --START--
INFO: Run Behavior\BuildLiteBehavior [ RunTime:0.000029s ]
INFO: [ app_init ] --END-- [ RunTime:0.028421s ]

[ 2015-05-03T13:09:48+08:00 ] 192.168.1.42 /PROD/image/table_bg.png
INFO: [ app_init ] --START--
INFO: Run Behavior\BuildLiteBehavior [ RunTime:0.000025s ]
INFO: [ app_init ] --END-- [ RunTime:0.027965s ]

[ 2015-05-03T13:10:51+08:00 ] 192.168.1.42 /PROD/getSilencerContent?type=2BX4%20011
INFO: [ app_init ] --START--
INFO: Run Behavior\BuildLiteBehavior [ RunTime:0.000024s ]
INFO: [ app_init ] --END-- [ RunTime:0.016652s ]

[ 2015-05-03T13:10:51+08:00 ] 192.168.1.42 /PROD/js/swfobject.js
INFO: [ app_init ] --START--
INFO: Run Behavior\BuildLiteBehavior [ RunTime:0.000026s ]
INFO: [ app_init ] --END-- [ RunTime:0.027872s ]
ERR: 非法操作:js

[ 2015-05-03T13:10:51+08:00 ] 192.168.1.42 /PROD/js/application.js
INFO: [ app_init ] --START--
INFO: Run Behavior\BuildLiteBehavior [ RunTime:0.000026s ]
INFO: [ app_init ] --END-- [ RunTime:0.027819s ]
ERR: 非法操作:js

[ 2015-05-03T13:10:51+08:00 ] 192.168.1.42 /PROD/layer/layer.js
INFO: [ app_init ] --START--
INFO: Run Behavior\BuildLiteBehavior [ RunTime:0.000027s ]
INFO: [ app_init ] --END-- [ RunTime:0.027717s ]
ERR: 非法操作:layer

[ 2015-05-03T13:10:52+08:00 ] 192.168.1.42 /PROD/product_image/Dimensions_Silencer/silencer_2BX4_small.jpg
INFO: [ app_init ] --START--
INFO: Run Behavior\BuildLiteBehavior [ RunTime:0.000026s ]
INFO: [ app_init ] --END-- [ RunTime:0.016656s ]

[ 2015-05-03T13:10:52+08:00 ] 192.168.1.42 /PROD/image/download1.png
INFO: [ app_init ] --START--
INFO: Run Behavior\BuildLiteBehavior [ RunTime:0.000026s ]
INFO: [ app_init ] --END-- [ RunTime:0.016684s ]

[ 2015-05-03T13:10:52+08:00 ] 192.168.1.42 /PROD/product_image/product_content_big/silencer.jpg
INFO: [ app_init ] --START--
INFO: Run Behavior\BuildLiteBehavior [ RunTime:0.000027s ]
INFO: [ app_init ] --END-- [ RunTime:0.016655s ]

[ 2015-05-03T13:10:52+08:00 ] 192.168.1.42 /PROD/images/footer_bg.png
INFO: [ app_init ] --START--
INFO: Run Behavior\BuildLiteBehavior [ RunTime:0.000024s ]
INFO: [ app_init ] --END-- [ RunTime:0.005527s ]

[ 2015-05-03T13:11:26+08:00 ] 192.168.1.42 /PROD/getSilencerContent?type=2BX4%20011
INFO: [ app_init ] --START--
INFO: Run Behavior\BuildLiteBehavior [ RunTime:0.000028s ]
INFO: [ app_init ] --END-- [ RunTime:0.038970s ]

[ 2015-05-03T13:11:27+08:00 ] 192.168.1.42 /PROD/product_image/Dimensions_Silencer/silencer_2BX4_small.jpg
INFO: [ app_init ] --START--
INFO: Run Behavior\BuildLiteBehavior [ RunTime:0.000024s ]
INFO: [ app_init ] --END-- [ RunTime:0.016292s ]

[ 2015-05-03T13:11:27+08:00 ] 192.168.1.42 /PROD/image/download1.png
INFO: [ app_init ] --START--
INFO: Run Behavior\BuildLiteBehavior [ RunTime:0.000023s ]
INFO: [ app_init ] --END-- [ RunTime:0.017221s ]

- [ RunTime:0.016768s ]

[ 2015-05-03T13:11:27+08:00 ] 192.168.1.42 /PROD/layer/layer.js
INFO: [ app_init ] --START--
INFO: Run Behavior\BuildLiteBehavior [ RunTime:0.000024s ]
INFO: [ app_init ] --END-- [ RunTime:0.017829s ]
ERR: 非法操作:layer

[ 2015-05-03T13:11:27+08:00 ] 192.168.1.42 /PROD/js/application.js
INFO: [ app_init ] --START--
INFO: Run Behavior\BuildLiteBehavior [ RunTime:0.000029s ]
INFO: [ app_init ] --END-- [ RunTime:0.016747s ]
ERR: 非法操作:js

[ 2015-05-03T13:11:27+08:00 ] 192.168.1.42 /PROD/js/swfobject.js
INFO: [ app_init ] --START--
INFO: Run Behavior\BuildLiteBehavior [ RunTime:0.000025s ]
INFO: [ app_init ] --END-- [ RunTime:0.017462s ]
ERR: 非法操作:js

[ 2015-05-03T13:11:27+08:00 ] 192.168.1.42 /PROD/images/footer_bg.png
INFO: [ app_init ] --START--
INFO: Run Behavior\BuildLiteBehavior [ RunTime:0.000025s ]
INFO: [ app_init ] --END-- [ RunTime:0.016663s ]

[ 2015-05-03T13:11:57+08:00 ] 192.168.1.42 /PROD/getSilencerContent?type=2BX4%20011
INFO: [ app_init ] --START--
INFO: Run Behavior\BuildLiteBehavior [ RunTime:0.000028s ]
INFO: [ app_init ] --END-- [ RunTime:0.027685s ]

[ 2015-05-03T13:11:57+08:00 ] 192.168.1.42 /PROD/product_image/Dimensions_Silencer/silencer_2BX4_small.jpg
INFO: [ app_init ] --START--
INFO: Run Behavior\BuildLiteBehavior [ RunTime:0.000027s ]
INFO: [ app_init ] --END-- [ RunTime:0.016705s ]

[ 2015-05-03T13:11:57+08:00 ] 192.168.1.42 /PROD/product_image/product_content_big/silencer.jpg
INFO: [ app_init ] --START--
INFO: Run Behavior\BuildLiteBehavior [ RunTime:0.000028s ]
INFO: [ app_init ] --END-- [ RunTime:0.016607s ]

[ 2015-05-03T13:11:57+08:00 ] 192.168.1.42 /PROD/image/download1.png
INFO: [ app_init ] --START--
INFO: Run Behavior\BuildLiteBehavior [ RunTime:0.000025s ]
INFO: [ app_init ] --END-- [ RunTime:0.015681s ]

[ 2015-05-03T13:12:21+08:00 ] 192.168.1.42 /PROD/getSilencerContent?type=2BX4%20011
INFO: [ app_init ] --START--
INFO: Run Behavior\BuildLiteBehavior [ RunTime:0.000023s ]
INFO: [ app_init ] --END-- [ RunTime:0.027771s ]

[ 2015-05-03T13:12:22+08:00 ] 192.168.1.42 /PROD/image/download1.png
INFO: [ app_init ] --START--
INFO: Run Behavior\BuildLiteBehavior [ RunTime:0.000024s ]
INFO: [ app_init ] --END-- [ RunTime:0.005507s ]

- [ RunTime:0.005363s ]

[ 2015-05-03T13:12:22+08:00 ] 192.168.1.42 /PROD/product_image/Dimensions_Silencer/silencer_2BX4_small.jpg
INFO: [ app_init ] --START--
INFO: Run Behavior\BuildLiteBehavior [ RunTime:0.000025s ]
INFO: [ app_init ] --END-- [ RunTime:0.005171s ]

[ 2015-05-03T13:12:44+08:00 ] 192.168.1.42 /PROD/getSilencerContent?type=2BX4%20011
INFO: [ app_init ] --START--
INFO: Run Behavior\BuildLiteBehavior [ RunTime:0.000026s ]
INFO: [ app_init ] --END-- [ RunTime:0.016606s ]

[ 2015-05-03T13:12:45+08:00 ] 192.168.1.42 /PROD/product_image/product_content_big/silencer.jpg
INFO: [ app_init ] --START--
INFO: Run Behavior\BuildLiteBehavior [ RunTime:0.000027s ]
INFO: [ app_init ] --END-- [ RunTime:0.016659s ]

[ 2015-05-03T13:12:45+08:00 ] 192.168.1.42 /PROD/image/download1.png
INFO: [ app_init ] --START--
INFO: Run Behavior\BuildLiteBehavior [ RunTime:0.000026s ]
INFO: [ app_init ] --END-- [ RunTime:0.016682s ]

[ 2015-05-03T13:12:45+08:00 ] 192.168.1.42 /PROD/product_image/Dimensions_Silencer/silencer_2BX4_small.jpg
INFO: [ app_init ] --START--
INFO: Run Behavior\BuildLiteBehavior [ RunTime:0.000024s ]
INFO: [ app_init ] --END-- [ RunTime:0.016694s ]

[ 2015-05-03T15:03:55+08:00 ] 192.168.1.42 /PROD/Suction
INFO: [ app_init ] --START--
INFO: Run Behavior\BuildLiteBehavior [ RunTime:0.000028s ]
INFO: [ app_init ] --END-- [ RunTime:0.063301s ]

[ 2015-05-03T15:03:55+08:00 ] 192.168.1.42 /PROD/favicon.ico
INFO: [ app_init ] --START--
INFO: Run Behavior\BuildLiteBehavior [ RunTime:0.000027s ]
INFO: [ app_init ] --END-- [ RunTime:0.000781s ]

[ 2015-05-03T15:11:05+08:00 ] 192.168.1.42 /PROD/Suction
INFO: [ app_init ] --START--
INFO: Run Behavior\BuildLiteBehavior [ RunTime:0.000021s ]
INFO: [ app_init ] --END-- [ RunTime:0.000720s ]

[ 2015-05-03T15:11:08+08:00 ] 192.168.1.42 /PROD/Suction
INFO: [ app_init ] --START--
INFO: Run Behavior\BuildLiteBehavior [ RunTime:0.000026s ]
INFO: [ app_init ] --END-- [ RunTime:0.000675s ]

[ 2015-05-03T15:11:11+08:00 ] 192.168.1.42 /PROD/getSuctionList?series=210
INFO: [ app_init ] --START--
INFO: Run Behavior\BuildLiteBehavior [ RunTime:0.000026s ]
INFO: [ app_init ] --END-- [ RunTime:0.000777s ]

[ 2015-05-03T15:11:15+08:00 ] 192.168.1.42 /PROD/getSuctionList?series=210
INFO: [ app_init ] --START--
INFO: Run Behavior\BuildLiteBehavior [ RunTime:0.000027s ]
INFO: [ app_init ] --END-- [ RunTime:0.000826s ]

[ 2015-05-03T15:11:17+08:00 ] 192.168.1.42 /PROD/upfile/2RB_series/side%20channel%20blower%202rb210.pdf
INFO: [ app_init ] --START--
INFO: Run Behavior\BuildLiteBehavior [ RunTime:0.000025s ]
INFO: [ app_init ] --END-- [ RunTime:0.000740s ]
ERR: 非法操作:upfile

[ 2015-05-03T15:11:21+08:00 ] 192.168.1.42 /PROD/2RB_1
INFO: [ app_init ] --START--
INFO: Run Behavior\BuildLiteBehavior [ RunTime:0.000018s ]
INFO: [ app_init ] --END-- [ RunTime:0.000551s ]

[ 2015-05-03T15:11:22+08:00 ] 192.168.1.42 /PROD/get2RBList?series=010
INFO: [ app_init ] --START--
INFO: Run Behavior\BuildLiteBehavior [ RunTime:0.000026s ]
INFO: [ app_init ] --END-- [ RunTime:0.000813s ]

[ 2015-05-03T15:11:29+08:00 ] 192.168.1.42 /PROD/Silencer
INFO: [ app_init ] --START--
INFO: Run Behavior\BuildLiteBehavior [ RunTime:0.000019s ]
INFO: [ app_init ] --END-- [ RunTime:0.000631s ]

[ 2015-05-03T15:11:29+08:00 ] 192.168.1.42 /src/js/PRODjs
INFO: [ app_init ] --START--
INFO: Run Behavior\BuildLiteBehavior [ RunTime:0.000026s ]
INFO: [ app_init ] --END-- [ RunTime:0.000835s ]
ERR: 无法加载控制器:Src

[ 2015-05-03T15:11:31+08:00 ] 192.168.1.42 /PROD/getSilencerContent?type=2BX4%20011
INFO: [ app_init ] --START--
INFO: Run Behavior\BuildLiteBehavior [ RunTime:0.000029s ]
INFO: [ app_init ] --END-- [ RunTime:0.000857s ]

[ 2015-05-03T15:11:31+08:00 ] 192.168.1.42 /PROD/product_image/product_content_big/silencer.jpg
INFO: [ app_init ] --START--
INFO: Run Behavior\BuildLiteBehavior [ RunTime:0.000029s ]
INFO: [ app_init ] --END-- [ RunTime:0.000970s ]

[ 2015-05-03T15:11:31+08:00 ] 192.168.1.42 /PROD/product_image/Dimensions_Silencer/silencer_2BX4_small.jpg
INFO: [ app_init ] --START--
INFO: Run Behavior\BuildLiteBehavior [ RunTime:0.000028s ]
INFO: [ app_init ] --END-- [ RunTime:0.001464s ]

[ 2015-05-03T15:11:31+08:00 ] 192.168.1.42 /PROD/image/download1.png
INFO: [ app_init ] --START--
INFO: Run Behavior\BuildLiteBehavior [ RunTime:0.000032s ]
INFO: [ app_init ] --END-- [ RunTime:0.002178s ]

[ 2015-05-03T15:11:52+08:00 ] 192.168.1.42 /PROD/getSilencerContent?type=2BX4%20011
INFO: [ app_init ] --START--
INFO: Run Behavior\BuildLiteBehavior [ RunTime:0.000019s ]
INFO: [ app_init ] --END-- [ RunTime:0.000580s ]

[ 2015-05-03T15:11:52+08:00 ] 192.168.1.42 /PROD/product_image/product_content_big/silencer.jpg
INFO: [ app_init ] --START--
INFO: Run Behavior\BuildLiteBehavior [ RunTime:0.000028s ]
INFO: [ app_init ] --END-- [ RunTime:0.000868s ]

[ 2015-05-03T15:11:52+08:00 ] 192.168.1.42 /PROD/product_image/Dimensions_Silencer/silencer_2BX4_small.jpg
INFO: [ app_init ] --START--
INFO: Run Behavior\BuildLiteBehavior [ RunTime:0.000026s ]
INFO: [ app_init ] --END-- [ RunTime:0.000765s ]

[ 2015-05-03T15:11:53+08:00 ] 192.168.1.42 /PROD/image/download1.png
INFO: [ app_init ] --START--
INFO: Run Behavior\BuildLiteBehavior [ RunTime:0.000031s ]
INFO: [ app_init ] --END-- [ RunTime:0.001420s ]

[ 2015-05-03T15:13:46+08:00 ] 192.168.1.42 /PROD/getSilencerContent?type=2BX4%20011
INFO: [ app_init ] --START--
INFO: Run Behavior\BuildLiteBehavior [ RunTime:0.000025s ]
INFO: [ app_init ] --END-- [ RunTime:0.000815s ]

[ 2015-05-03T15:13:46+08:00 ] 192.168.1.42 /PROD/product_image/product_content_big/silencer.jpg
INFO: [ app_init ] --START--
INFO: Run Behavior\BuildLiteBehavior [ RunTime:0.000021s ]
INFO: [ app_init ] --END-- [ RunTime:0.000775s ]

[ 2015-05-03T15:13:46+08:00 ] 192.168.1.42 /PROD/product_image/Dimensions_Silencer/silencer_2BX4_small.jpg
INFO: [ app_init ] --START--
INFO: Run Behavior\BuildLiteBehavior [ RunTime:0.000030s ]
INFO: [ app_init ] --END-- [ RunTime:0.000875s ]

[ 2015-05-03T15:13:46+08:00 ] 192.168.1.42 /PROD/image/download1.png
INFO: [ app_init ] --START--
INFO: Run Behavior\BuildLiteBehavior [ RunTime:0.000026s ]
INFO: [ app_init ] --END-- [ RunTime:0.000899s ]

[ 2015-05-03T15:17:02+08:00 ] 192.168.1.42 /PROD/Suction
INFO: [ app_init ] --START--
INFO: Run Behavior\BuildLiteBehavior [ RunTime:0.000019s ]
INFO: [ app_init ] --END-- [ RunTime:0.000643s ]

[ 2015-05-03T15:17:06+08:00 ] 192.168.1.42 /PROD/getSilencerContent?type=2BX4%20011
INFO: [ app_init ] --START--
INFO: Run Behavior\BuildLiteBehavior [ RunTime:0.000020s ]
INFO: [ app_init ] --END-- [ RunTime:0.000678s ]

[ 2015-05-03T15:17:06+08:00 ] 192.168.1.42 /PROD/product_image/product_content_big/silencer.jpg
INFO: [ app_init ] --START--
INFO: Run Behavior\BuildLiteBehavior [ RunTime:0.000032s ]
INFO: [ app_init ] --END-- [ RunTime:0.002157s ]

[ 2015-05-03T15:17:06+08:00 ] 192.168.1.42 /PROD/product_image/Dimensions_Silencer/silencer_2BX4_small.jpg
INFO: [ app_init ] --START--
INFO: Run Behavior\BuildLiteBehavior [ RunTime:0.000028s ]
INFO: [ app_init ] --END-- [ RunTime:0.000830s ]

[ 2015-05-03T15:17:06+08:00 ] 192.168.1.42 /PROD/image/download1.png
INFO: [ app_init ] --START--
INFO: Run Behavior\BuildLiteBehavior [ RunTime:0.000028s ]
INFO: [ app_init ] --END-- [ RunTime:0.001359s ]

[ 2015-05-03T15:18:11+08:00 ] 192.168.1.42 /PROD/getSilencerContent?type=2BX4%20011
INFO: [ app_init ] --START--
INFO: Run Behavior\BuildLiteBehavior [ RunTime:0.000028s ]
INFO: [ app_init ] --END-- [ RunTime:0.000937s ]

[ 2015-05-03T15:18:11+08:00 ] 192.168.1.42 /PROD/product_image/Dimensions_Silencer/silencer_2BX4_small.jpg
INFO: [ app_init ] --START--
INFO: Run Behavior\BuildLiteBehavior [ RunTime:0.000029s ]
INFO: [ app_init ] --END-- [ RunTime:0.000703s ]

[ 2015-05-03T15:18:11+08:00 ] 192.168.1.42 /PROD/image/download1.png
INFO: [ app_init ] --START--
INFO: Run Behavior\BuildLiteBehavior [ RunTime:0.000029s ]
INFO: [ app_init ] --END-- [ RunTime:0.000880s ]

[ 2015-05-03T15:18:25+08:00 ] 192.168.1.42 /PROD/getSilencerContent?type=2BX4%20011
INFO: [ app_init ] --START--
INFO: Run Behavior\BuildLiteBehavior [ RunTime:0.000020s ]
INFO: [ app_init ] --END-- [ RunTime:0.000599s ]

[ 2015-05-03T15:18:25+08:00 ] 192.168.1.42 /PROD/product_image/Dimensions_Silencer/silencer_2BX4_small.jpg
INFO: [ app_init ] --START--
INFO: Run Behavior\BuildLiteBehavior [ RunTime:0.000026s ]
INFO: [ app_init ] --END-- [ RunTime:0.000783s ]

[ 2015-05-03T15:18:25+08:00 ] 192.168.1.42 /PROD/image/download1.png
INFO: [ app_init ] --START--
INFO: Run Behavior\BuildLiteBehavior [ RunTime:0.000025s ]
INFO: [ app_init ] --END-- [ RunTime:0.000817s ]

[ 2015-05-03T15:19:26+08:00 ] 192.168.1.42 /PROD/getSilencerContent?type=2BX4%20011
INFO: [ app_init ] --START--
INFO: Run Behavior\BuildLiteBehavior [ RunTime:0.000026s ]
INFO: [ app_init ] --END-- [ RunTime:0.000878s ]

[ 2015-05-03T15:19:27+08:00 ] 192.168.1.42 /PROD/product_image/Dimensions_Silencer/silencer_2BX4_small.jpg
INFO: [ app_init ] --START--
INFO: Run Behavior\BuildLiteBehavior [ RunTime:0.000020s ]
INFO: [ app_init ] --END-- [ RunTime:0.000752s ]

[ 2015-05-03T15:19:27+08:00 ] 192.168.1.42 /PROD/image/download1.png
INFO: [ app_init ] --START--
INFO: Run Behavior\BuildLiteBehavior [ RunTime:0.000028s ]
INFO: [ app_init ] --END-- [ RunTime:0.003856s ]

[ 2015-05-03T15:27:43+08:00 ] 192.168.1.42 /PROD/Silencer
INFO: [ app_init ] --START--
INFO: Run Behavior\BuildLiteBehavior [ RunTime:0.000019s ]
INFO: [ app_init ] --END-- [ RunTime:0.000745s ]

[ 2015-05-03T15:27:43+08:00 ] 192.168.1.42 /src/js/PRODjs
INFO: [ app_init ] --START--
INFO: Run Behavior\BuildLiteBehavior [ RunTime:0.000027s ]
INFO: [ app_init ] --END-- [ RunTime:0.000904s ]
ERR: 无法加载控制器:Src

[ 2015-05-03T15:27:45+08:00 ] 192.168.1.42 /PROD/Suction
INFO: [ app_init ] --START--
INFO: Run Behavior\BuildLiteBehavior [ RunTime:0.000026s ]
INFO: [ app_init ] --END-- [ RunTime:0.000706s ]

[ 2015-05-03T15:27:48+08:00 ] 192.168.1.42 /PROD/Silencer
INFO: [ app_init ] --START--
INFO: Run Behavior\BuildLiteBehavior [ RunTime:0.000021s ]
INFO: [ app_init ] --END-- [ RunTime:0.000733s ]

[ 2015-05-03T15:27:48+08:00 ] 192.168.1.42 /src/js/PRODjs
INFO: [ app_init ] --START--
INFO: Run Behavior\BuildLiteBehavior [ RunTime:0.000028s ]
INFO: [ app_init ] --END-- [ RunTime:0.000863s ]
ERR: 无法加载控制器:Src

[ 2015-05-03T15:27:49+08:00 ] 192.168.1.42 /PROD/getSilencerContent?type=2BX4%20011
INFO: [ app_init ] --START--
INFO: Run Behavior\BuildLiteBehavior [ RunTime:0.000034s ]
INFO: [ app_init ] --END-- [ RunTime:0.002235s ]

[ 2015-05-03T15:27:49+08:00 ] 192.168.1.42 /PROD/product_image/Dimensions_Silencer/silencer_2BX4_small.jpg
INFO: [ app_init ] --START--
INFO: Run Behavior\BuildLiteBehavior [ RunTime:0.000028s ]
INFO: [ app_init ] --END-- [ RunTime:0.000872s ]

[ 2015-05-03T15:27:49+08:00 ] 192.168.1.42 /PROD/image/download1.png
INFO: [ app_init ] --START--
INFO: Run Behavior\BuildLiteBehavior [ RunTime:0.000028s ]
INFO: [ app_init ] --END-- [ RunTime:0.002328s ]

[ 2015-05-03T15:28:16+08:00 ] 192.168.1.42 /PROD/getSilencerContent?type=2BX4%20011
INFO: [ app_init ] --START--
INFO: Run Behavior\BuildLiteBehavior [ RunTime:0.000021s ]
INFO: [ app_init ] --END-- [ RunTime:0.000608s ]

[ 2015-05-03T15:28:16+08:00 ] 192.168.1.42 /PROD/product_image/Dimensions_Silencer/silencer_2BX4_small.jpg
INFO: [ app_init ] --START--
INFO: Run Behavior\BuildLiteBehavior [ RunTime:0.000020s ]
INFO: [ app_init ] --END-- [ RunTime:0.000593s ]

[ 2015-05-03T15:28:16+08:00 ] 192.168.1.42 /PROD/image/download1.png
INFO: [ app_init ] --START--
INFO: Run Behavior\BuildLiteBehavior [ RunTime:0.000029s ]
INFO: [ app_init ] --END-- [ RunTime:0.003548s ]

[ 2015-05-03T15:29:37+08:00 ] 192.168.1.42 /PROD/getSilencerContent?type=2BX4%20011
INFO: [ app_init ] --START--
INFO: Run Behavior\BuildLiteBehavior [ RunTime:0.000025s ]
INFO: [ app_init ] --END-- [ RunTime:0.000725s ]

[ 2015-05-03T15:29:37+08:00 ] 192.168.1.42 /PROD/product_image/Dimensions_Silencer/silencer_2BX4_small.jpg
INFO: [ app_init ] --START--
INFO: Run Behavior\BuildLiteBehavior [ RunTime:0.000024s ]
INFO: [ app_init ] --END-- [ RunTime:0.000694s ]

[ 2015-05-03T15:29:37+08:00 ] 192.168.1.42 /PROD/image/download1.png
INFO: [ app_init ] --START--
INFO: Run Behavior\BuildLiteBehavior [ RunTime:0.000034s ]
INFO: [ app_init ] --END-- [ RunTime:0.001060s ]

[ 2015-05-03T15:29:51+08:00 ] 192.168.1.42 /PROD/getSilencerContent?type=2BX4%20011
INFO: [ app_init ] --START--
INFO: Run Behavior\BuildLiteBehavior [ RunTime:0.000026s ]
INFO: [ app_init ] --END-- [ RunTime:0.000896s ]

[ 2015-05-03T15:29:51+08:00 ] 192.168.1.42 /PROD/product_image/Dimensions_Silencer/silencer_2BX4_small.jpg
INFO: [ app_init ] --START--
INFO: Run Behavior\BuildLiteBehavior [ RunTime:0.000027s ]
INFO: [ app_init ] --END-- [ RunTime:0.001107s ]

[ 2015-05-03T15:29:52+08:00 ] 192.168.1.42 /PROD/image/download1.png
INFO: [ app_init ] --START--
INFO: Run Behavior\BuildLiteBehavior [ RunTime:0.000027s ]
INFO: [ app_init ] --END-- [ RunTime:0.000969s ]

[ 2015-05-03T15:29:56+08:00 ] 192.168.1.42 /PROD/getSilencerContent?type=2BX4%20011
INFO: [ app_init ] --START--
INFO: Run Behavior\BuildLiteBehavior [ RunTime:0.000027s ]
INFO: [ app_init ] --END-- [ RunTime:0.000780s ]

[ 2015-05-03T15:29:56+08:00 ] 192.168.1.42 /PROD/product_image/Dimensions_Silencer/silencer_2BX4_small.jpg
INFO: [ app_init ] --START--
INFO: Run Behavior\BuildLiteBehavior [ RunTime:0.000026s ]
INFO: [ app_init ] --END-- [ RunTime:0.000777s ]

[ 2015-05-03T15:29:56+08:00 ] 192.168.1.42 /PROD/image/download1.png
INFO: [ app_init ] --START--
INFO: Run Behavior\BuildLiteBehavior [ RunTime:0.000030s ]
INFO: [ app_init ] --END-- [ RunTime:0.000982s ]

[ 2015-05-03T15:30:21+08:00 ] 192.168.1.42 /PROD/getSilencerContent?type=2BX4%20011
INFO: [ app_init ] --START--
INFO: Run Behavior\BuildLiteBehavior [ RunTime:0.000031s ]
INFO: [ app_init ] --END-- [ RunTime:0.000900s ]

[ 2015-05-03T15:30:21+08:00 ] 192.168.1.42 /PROD/product_image/Dimensions_Silencer/silencer_2BX4_small.jpg
INFO: [ app_init ] --START--
INFO: Run Behavior\BuildLiteBehavior [ RunTime:0.000026s ]
INFO: [ app_init ] --END-- [ RunTime:0.000787s ]

[ 2015-05-03T15:30:21+08:00 ] 192.168.1.42 /PROD/image/download1.png
INFO: [ app_init ] --START--
INFO: Run Behavior\BuildLiteBehavior [ RunTime:0.000030s ]
INFO: [ app_init ] --END-- [ RunTime:0.001574s ]

[ 2015-05-03T15:30:55+08:00 ] 192.168.1.42 /PROD/getSilencerContent?type=2BX4%20011
INFO: [ app_init ] --START--
INFO: Run Behavior\BuildLiteBehavior [ RunTime:0.000019s ]
INFO: [ app_init ] --END-- [ RunTime:0.000582s ]

[ 2015-05-03T15:30:55+08:00 ] 192.168.1.42 /PROD/product_image/Dimensions_Silencer/silencer_2BX4_small.jpg
INFO: [ app_init ] --START--
INFO: Run Behavior\BuildLiteBehavior [ RunTime:0.000023s ]
INFO: [ app_init ] --END-- [ RunTime:0.000684s ]

[ 2015-05-03T15:30:56+08:00 ] 192.168.1.42 /PROD/image/download1.png
INFO: [ app_init ] --START--
INFO: Run Behavior\BuildLiteBehavior [ RunTime:0.000031s ]
INFO: [ app_init ] --END-- [ RunTime:0.002445s ]

[ 2015-05-03T15:31:09+08:00 ] 192.168.1.42 /PROD/getSilencerContent?type=2BX4%20011
INFO: [ app_init ] --START--
INFO: Run Behavior\BuildLiteBehavior [ RunTime:0.000020s ]
INFO: [ app_init ] --END-- [ RunTime:0.000592s ]

[ 2015-05-03T15:31:09+08:00 ] 192.168.1.42 /PROD/product_image/Dimensions_Silencer/silencer_2BX4_small.jpg
INFO: [ app_init ] --START--
INFO: Run Behavior\BuildLiteBehavior [ RunTime:0.000029s ]
INFO: [ app_init ] --END-- [ RunTime:0.001032s ]

[ 2015-05-03T15:31:09+08:00 ] 192.168.1.42 /PROD/image/download1.png
INFO: [ app_init ] --START--
INFO: Run Behavior\BuildLiteBehavior [ RunTime:0.000034s ]
INFO: [ app_init ] --END-- [ RunTime:0.001482s ]

[ 2015-05-03T15:32:05+08:00 ] 192.168.1.42 /PROD/getSilencerContent?type=2BX4%20011
INFO: [ app_init ] --START--
INFO: Run Behavior\BuildLiteBehavior [ RunTime:0.000022s ]
INFO: [ app_init ] --END-- [ RunTime:0.000680s ]

[ 2015-05-03T15:32:05+08:00 ] 192.168.1.42 /PROD/product_image/Dimensions_Silencer/silencer_2BX4_small.jpg
INFO: [ app_init ] --START--
INFO: Run Behavior\BuildLiteBehavior [ RunTime:0.000020s ]
INFO: [ app_init ] --END-- [ RunTime:0.000645s ]

[ 2015-05-03T15:32:05+08:00 ] 192.168.1.42 /PROD/image/download1.png
INFO: [ app_init ] --START--
INFO: Run Behavior\BuildLiteBehavior [ RunTime:0.000031s ]
INFO: [ app_init ] --END-- [ RunTime:0.000944s ]

[ 2015-05-03T15:32:51+08:00 ] 192.168.1.42 /PROD/getSilencerContent?type=2BX4%20011
INFO: [ app_init ] --START--
INFO: Run Behavior\BuildLiteBehavior [ RunTime:0.000028s ]
INFO: [ app_init ] --END-- [ RunTime:0.000817s ]

[ 2015-05-03T15:32:51+08:00 ] 192.168.1.42 /PROD/image/download1.png
INFO: [ app_init ] --START--
INFO: Run Behavior\BuildLiteBehavior [ RunTime:0.000045s ]
INFO: [ app_init ] --END-- [ RunTime:0.001194s ]

[ 2015-05-03T15:32:56+08:00 ] 192.168.1.42 /PROD/getSilencerContent?type=2BX4%20011
INFO: [ app_init ] --START--
INFO: Run Behavior\BuildLiteBehavior [ RunTime:0.000029s ]
INFO: [ app_init ] --END-- [ RunTime:0.000936s ]

[ 2015-05-03T15:32:56+08:00 ] 192.168.1.42 /PROD/image/download1.png
INFO: [ app_init ] --START--
INFO: Run Behavior\BuildLiteBehavior [ RunTime:0.000029s ]
INFO: [ app_init ] --END-- [ RunTime:0.000993s ]

[ 2015-05-03T15:35:18+08:00 ] 192.168.1.42 /PROD/getSilencerContent?type=2BX4%20011
INFO: [ app_init ] --START--
INFO: Run Behavior\BuildLiteBehavior [ RunTime:0.000028s ]
INFO: [ app_init ] --END-- [ RunTime:0.000883s ]

[ 2015-05-03T15:35:18+08:00 ] 192.168.1.42 /PROD/image/download1.png
INFO: [ app_init ] --START--
INFO: Run Behavior\BuildLiteBehavior [ RunTime:0.000031s ]
INFO: [ app_init ] --END-- [ RunTime:0.001022s ]

[ 2015-05-03T15:35:43+08:00 ] 192.168.1.42 /PROD/getSilencerContent?type=2BX4%20011
INFO: [ app_init ] --START--
INFO: Run Behavior\BuildLiteBehavior [ RunTime:0.000021s ]
INFO: [ app_init ] --END-- [ RunTime:0.000645s ]

[ 2015-05-03T15:35:43+08:00 ] 192.168.1.42 /PROD/image/download1.png
INFO: [ app_init ] --START--
INFO: Run Behavior\BuildLiteBehavior [ RunTime:0.000027s ]
INFO: [ app_init ] --END-- [ RunTime:0.001539s ]

[ 2015-05-03T15:41:48+08:00 ] 192.168.1.42 /PROD/2RB_1
INFO: [ app_init ] --START--
INFO: Run Behavior\BuildLiteBehavior [ RunTime:0.000022s ]
INFO: [ app_init ] --END-- [ RunTime:0.000697s ]

[ 2015-05-03T15:41:51+08:00 ] 192.168.1.42 /PROD/getSilencerContent?type=2BX4%20011
INFO: [ app_init ] --START--
INFO: Run Behavior\BuildLiteBehavior [ RunTime:0.000019s ]
INFO: [ app_init ] --END-- [ RunTime:0.000623s ]

[ 2015-05-03T15:41:51+08:00 ] 192.168.1.42 /PROD/image/download1.png
INFO: [ app_init ] --START--
INFO: Run Behavior\BuildLiteBehavior [ RunTime:0.000025s ]
INFO: [ app_init ] --END-- [ RunTime:0.000778s ]

[ 2015-05-03T15:43:35+08:00 ] 192.168.1.42 /PROD/getSilencerContent?type=2BX4%20011
INFO: [ app_init ] --START--
INFO: Run Behavior\BuildLiteBehavior [ RunTime:0.000027s ]
INFO: [ app_init ] --END-- [ RunTime:0.000852s ]

[ 2015-05-03T15:43:35+08:00 ] 192.168.1.42 /PROD/image/download1.png
INFO: [ app_init ] --START--
INFO: Run Behavior\BuildLiteBehavior [ RunTime:0.000023s ]
INFO: [ app_init ] --END-- [ RunTime:0.000867s ]

[ 2015-05-03T15:45:33+08:00 ] 192.168.1.42 /PROD/Cover_Suction_Ring_Blower_table.php?series=210
INFO: [ app_init ] --START--
INFO: Run Behavior\BuildLiteBehavior [ RunTime:0.000019s ]
INFO: [ app_init ] --END-- [ RunTime:0.000572s ]
ERR: 非法操作:Cover_Suction_Ring_Blower_table.php

[ 2015-05-03T15:45:40+08:00 ] 192.168.1.42 /PROD/getSilencerContent?type=2BX4%20011
INFO: [ app_init ] --START--
INFO: Run Behavior\BuildLiteBehavior [ RunTime:0.000019s ]
INFO: [ app_init ] --END-- [ RunTime:0.000607s ]

[ 2015-05-03T15:45:40+08:00 ] 192.168.1.42 /PROD/image/download1.png
INFO: [ app_init ] --START--
INFO: Run Behavior\BuildLiteBehavior [ RunTime:0.000029s ]
INFO: [ app_init ] --END-- [ RunTime:0.001234s ]

[ 2015-05-03T15:45:42+08:00 ] 192.168.1.42 /PROD/Silencer
INFO: [ app_init ] --START--
INFO: Run Behavior\BuildLiteBehavior [ RunTime:0.000027s ]
INFO: [ app_init ] --END-- [ RunTime:0.000825s ]

[ 2015-05-03T15:45:42+08:00 ] 192.168.1.42 /src/js/PRODjs
INFO: [ app_init ] --START--
INFO: Run Behavior\BuildLiteBehavior [ RunTime:0.000028s ]
INFO: [ app_init ] --END-- [ RunTime:0.000896s ]
ERR: 无法加载控制器:Src

[ 2015-05-03T15:45:44+08:00 ] 192.168.1.42 /PROD/getSilencerContent?type=2BX4%20011
INFO: [ app_init ] --START--
INFO: Run Behavior\BuildLiteBehavior [ RunTime:0.000021s ]
INFO: [ app_init ] --END-- [ RunTime:0.000575s ]

[ 2015-05-03T15:45:44+08:00 ] 192.168.1.42 /PROD/image/download1.png
INFO: [ app_init ] --START--
INFO: Run Behavior\BuildLiteBehavior [ RunTime:0.000026s ]
INFO: [ app_init ] --END-- [ RunTime:0.000834s ]

[ 2015-05-03T15:49:41+08:00 ] 192.168.1.42 /PROD/getSilencerContent?type=2BX4%20011
INFO: [ app_init ] --START--
INFO: Run Behavior\BuildLiteBehavior [ RunTime:0.000027s ]
INFO: [ app_init ] --END-- [ RunTime:0.001065s ]

[ 2015-05-03T15:49:42+08:00 ] 192.168.1.42 /PROD/image/download1.png
INFO: [ app_init ] --START--
INFO: Run Behavior\BuildLiteBehavior [ RunTime:0.000031s ]
INFO: [ app_init ] --END-- [ RunTime:0.001983s ]

[ 2015-05-03T15:50:25+08:00 ] 192.168.1.42 /PROD/getSilencerContent?type=2BX4%20011
INFO: [ app_init ] --START--
INFO: Run Behavior\BuildLiteBehavior [ RunTime:0.000025s ]
INFO: [ app_init ] --END-- [ RunTime:0.001029s ]

[ 2015-05-03T15:50:25+08:00 ] 192.168.1.42 /PROD/image/download1.png
INFO: [ app_init ] --START--
INFO: Run Behavior\BuildLiteBehavior [ RunTime:0.000027s ]
INFO: [ app_init ] --END-- [ RunTime:0.000920s ]

[ 2015-05-03T15:51:30+08:00 ] 192.168.1.42 /PROD/getSilencerContent?type=2BX4%20011
INFO: [ app_init ] --START--
INFO: Run Behavior\BuildLiteBehavior [ RunTime:0.000027s ]
INFO: [ app_init ] --END-- [ RunTime:0.001242s ]

[ 2015-05-03T15:51:30+08:00 ] 192.168.1.42 /PROD/image/download1.png
INFO: [ app_init ] --START--
INFO: Run Behavior\BuildLiteBehavior [ RunTime:0.000029s ]
INFO: [ app_init ] --END-- [ RunTime:0.001560s ]

[ 2015-05-03T15:51:56+08:00 ] 192.168.1.42 /PROD/Relief
INFO: [ app_init ] --START--
INFO: Run Behavior\BuildLiteBehavior [ RunTime:0.000020s ]
INFO: [ app_init ] --END-- [ RunTime:0.000648s ]

[ 2015-05-03T15:51:57+08:00 ] 192.168.1.42 /PROD/Relief_valve_content.php?type=RV-01
INFO: [ app_init ] --START--
INFO: Run Behavior\BuildLiteBehavior [ RunTime:0.000031s ]
INFO: [ app_init ] --END-- [ RunTime:0.001016s ]
ERR: 非法操作:Relief_valve_content.php

[ 2015-05-03T16:51:50+08:00 ] 192.168.1.42 /PROD/Relief
INFO: [ app_init ] --START--
INFO: Run Behavior\BuildLiteBehavior [ RunTime:0.000018s ]
INFO: [ app_init ] --END-- [ RunTime:0.000603s ]

[ 2015-05-03T16:51:52+08:00 ] 192.168.1.42 /PROD/Silencer
INFO: [ app_init ] --START--
INFO: Run Behavior\BuildLiteBehavior [ RunTime:0.000025s ]
INFO: [ app_init ] --END-- [ RunTime:0.000852s ]

[ 2015-05-03T16:51:52+08:00 ] 192.168.1.42 /src/js/PRODjs
INFO: [ app_init ] --START--
INFO: Run Behavior\BuildLiteBehavior [ RunTime:0.000027s ]
INFO: [ app_init ] --END-- [ RunTime:0.001013s ]
ERR: 无法加载控制器:Src

[ 2015-05-03T16:51:53+08:00 ] 192.168.1.42 /PROD/getSilencerContent?type=2BX4%20011
INFO: [ app_init ] --START--
INFO: Run Behavior\BuildLiteBehavior [ RunTime:0.000020s ]
INFO: [ app_init ] --END-- [ RunTime:0.000561s ]

[ 2015-05-03T16:51:54+08:00 ] 192.168.1.42 /PROD/image/download1.png
INFO: [ app_init ] --START--
INFO: Run Behavior\BuildLiteBehavior [ RunTime:0.000027s ]
INFO: [ app_init ] --END-- [ RunTime:0.000833s ]

[ 2015-05-03T16:52:01+08:00 ] 192.168.1.42 /PROD/2RB_1
INFO: [ app_init ] --START--
INFO: Run Behavior\BuildLiteBehavior [ RunTime:0.000019s ]
INFO: [ app_init ] --END-- [ RunTime:0.000572s ]

[ 2015-05-03T16:52:03+08:00 ] 192.168.1.42 /PROD/get2RBList?series=010
INFO: [ app_init ] --START--
INFO: Run Behavior\BuildLiteBehavior [ RunTime:0.000025s ]
INFO: [ app_init ] --END-- [ RunTime:0.000749s ]

[ 2015-05-03T16:52:53+08:00 ] 192.168.1.42 /PROD/Silencer
INFO: [ app_init ] --START--
INFO: Run Behavior\BuildLiteBehavior [ RunTime:0.000024s ]
INFO: [ app_init ] --END-- [ RunTime:0.000719s ]

[ 2015-05-03T16:52:53+08:00 ] 192.168.1.42 /src/js/PRODjs
INFO: [ app_init ] --START--
INFO: Run Behavior\BuildLiteBehavior [ RunTime:0.000025s ]
INFO: [ app_init ] --END-- [ RunTime:0.000827s ]
ERR: 无法加载控制器:Src

[ 2015-05-03T16:52:54+08:00 ] 192.168.1.42 /PROD/getSilencerContent?type=2BX4%20011
INFO: [ app_init ] --START--
INFO: Run Behavior\BuildLiteBehavior [ RunTime:0.000024s ]
INFO: [ app_init ] --END-- [ RunTime:0.000732s ]

[ 2015-05-03T16:52:54+08:00 ] 192.168.1.42 /PROD/image/download1.png
INFO: [ app_init ] --START--
INFO: Run Behavior\BuildLiteBehavior [ RunTime:0.000027s ]
INFO: [ app_init ] --END-- [ RunTime:0.000791s ]

[ 2015-05-03T17:30:57+08:00 ] 192.168.1.42 /PROD/2RB_1
INFO: [ app_init ] --START--
INFO: Run Behavior\BuildLiteBehavior [ RunTime:0.000022s ]
INFO: [ app_init ] --END-- [ RunTime:0.005401s ]

[ 2015-05-03T17:30:59+08:00 ] 192.168.1.42 /PROD/get2RBList?series=010
INFO: [ app_init ] --START--
INFO: Run Behavior\BuildLiteBehavior [ RunTime:0.000022s ]
INFO: [ app_init ] --END-- [ RunTime:0.005521s ]

[ 2015-05-03T17:31:02+08:00 ] 192.168.1.42 /PROD/upfile/2RB_series/side%20channel%20blower%202rb010.pdf
INFO: [ app_init ] --START--
INFO: Run Behavior\BuildLiteBehavior [ RunTime:0.000028s ]
INFO: [ app_init ] --END-- [ RunTime:0.016712s ]
ERR: 非法操作:upfile

[ 2015-05-03T17:32:43+08:00 ] 192.168.1.42 /PROD/get2RBList?series=010
INFO: [ app_init ] --START--
INFO: Run Behavior\BuildLiteBehavior [ RunTime:0.000026s ]
INFO: [ app_init ] --END-- [ RunTime:0.016620s ]

[ 2015-05-03T17:34:26+08:00 ] 192.168.1.42 /PROD/get2RBList?series=010
INFO: [ app_init ] --START--
INFO: Run Behavior\BuildLiteBehavior [ RunTime:0.000023s ]
INFO: [ app_init ] --END-- [ RunTime:0.005333s ]

[ 2015-05-03T17:36:06+08:00 ] 192.168.1.42 /PROD/2RB_2
INFO: [ app_init ] --START--
INFO: Run Behavior\BuildLiteBehavior [ RunTime:0.000024s ]
INFO: [ app_init ] --END-- [ RunTime:0.005343s ]

[ 2015-05-03T17:36:08+08:00 ] 192.168.1.42 /PROD/get2RBList?series=220
INFO: [ app_init ] --START--
INFO: Run Behavior\BuildLiteBehavior [ RunTime:0.000023s ]
INFO: [ app_init ] --END-- [ RunTime:0.016516s ]

[ 2015-05-03T17:36:16+08:00 ] 192.168.1.42 /PROD/2RB_2
INFO: [ app_init ] --START--
INFO: Run Behavior\BuildLiteBehavior [ RunTime:0.000030s ]
INFO: [ app_init ] --END-- [ RunTime:0.005484s ]

[ 2015-05-03T17:36:18+08:00 ] 192.168.1.42 /PROD/get2RBList?series=220
INFO: [ app_init ] --START--
INFO: Run Behavior\BuildLiteBehavior [ RunTime:0.000028s ]
INFO: [ app_init ] --END-- [ RunTime:0.016761s ]

[ 2015-05-03T17:37:30+08:00 ] 192.168.1.42 /PROD/get2RBList?series=220
INFO: [ app_init ] --START--
INFO: Run Behavior\BuildLiteBehavior [ RunTime:0.000022s ]
INFO: [ app_init ] --END-- [ RunTime:0.016607s ]

[ 2015-05-03T17:37:32+08:00 ] 192.168.1.42 /PROD/3RB_1
INFO: [ app_init ] --START--
INFO: Run Behavior\BuildLiteBehavior [ RunTime:0.000029s ]
INFO: [ app_init ] --END-- [ RunTime:0.027867s ]

[ 2015-05-03T17:37:35+08:00 ] 192.168.1.42 /PROD/get3RBList?series=350-1
INFO: [ app_init ] --START--
INFO: Run Behavior\BuildLiteBehavior [ RunTime:0.000023s ]
INFO: [ app_init ] --END-- [ RunTime:0.005508s ]

[ 2015-05-03T17:37:43+08:00 ] 192.168.1.42 /PROD/Silencer
INFO: [ app_init ] --START--
INFO: Run Behavior\BuildLiteBehavior [ RunTime:0.000022s ]
INFO: [ app_init ] --END-- [ RunTime:0.005524s ]

[ 2015-05-03T17:37:44+08:00 ] 192.168.1.42 /src/js/PRODjs
INFO: [ app_init ] --START--
INFO: Run Behavior\BuildLiteBehavior [ RunTime:0.000027s ]
INFO: [ app_init ] --END-- [ RunTime:0.005507s ]
ERR: 无法加载控制器:Src

[ 2015-05-03T17:39:35+08:00 ] 192.168.1.42 /PROD/2RB_1
INFO: [ app_init ] --START--
INFO: Run Behavior\BuildLiteBehavior [ RunTime:0.000031s ]
INFO: [ app_init ] --END-- [ RunTime:0.005483s ]

[ 2015-05-03T17:39:37+08:00 ] 192.168.1.42 /PROD/get2RBList?series=010
INFO: [ app_init ] --START--
INFO: Run Behavior\BuildLiteBehavior [ RunTime:0.000027s ]
INFO: [ app_init ] --END-- [ RunTime:0.005625s ]

[ 2015-05-03T17:40:06+08:00 ] 192.168.1.42 /PROD/2RB_1
INFO: [ app_init ] --START--
INFO: Run Behavior\BuildLiteBehavior [ RunTime:0.000023s ]
INFO: [ app_init ] --END-- [ RunTime:0.005310s ]

[ 2015-05-03T17:40:09+08:00 ] 192.168.1.42 /PROD/3RB_1
INFO: [ app_init ] --START--
INFO: Run Behavior\BuildLiteBehavior [ RunTime:0.000027s ]
INFO: [ app_init ] --END-- [ RunTime:0.016702s ]

[ 2015-05-03T17:40:27+08:00 ] 192.168.1.42 /PROD/2RB_1
INFO: [ app_init ] --START--
INFO: Run Behavior\BuildLiteBehavior [ RunTime:0.000022s ]
INFO: [ app_init ] --END-- [ RunTime:0.005498s ]

[ 2015-05-03T17:40:29+08:00 ] 192.168.1.42 /PROD/get2RBList?series=010
INFO: [ app_init ] --START--
INFO: Run Behavior\BuildLiteBehavior [ RunTime:0.000022s ]
INFO: [ app_init ] --END-- [ RunTime:0.005572s ]

[ 2015-05-03T18:01:52+08:00 ] 192.168.1.42 /PROD/get2RBList?series=010
INFO: [ app_init ] --START--
INFO: Run Behavior\BuildLiteBehavior [ RunTime:0.000027s ]
INFO: [ app_init ] --END-- [ RunTime:0.016532s ]

[ 2015-05-03T18:02:26+08:00 ] 192.168.1.42 /PROD/get2RBList?series=010
INFO: [ app_init ] --START--
INFO: Run Behavior\BuildLiteBehavior [ RunTime:0.000024s ]
INFO: [ app_init ] --END-- [ RunTime:0.005378s ]

[ 2015-05-03T18:03:23+08:00 ] 192.168.1.42 /PROD/get2RBList?series=010
INFO: [ app_init ] --START--
INFO: Run Behavior\BuildLiteBehavior [ RunTime:0.000022s ]
INFO: [ app_init ] --END-- [ RunTime:0.016697s ]

[ 2015-05-03T20:40:57+08:00 ] 192.168.1.42 /
INFO: [ app_init ] --START--
INFO: Run Behavior\BuildLiteBehavior [ RunTime:0.000034s ]
INFO: [ app_init ] --END-- [ RunTime:0.035097s ]

[ 2015-05-03T20:40:58+08:00 ] 192.168.1.42 /font.swf
INFO: [ app_init ] --START--
INFO: Run Behavior\BuildLiteBehavior [ RunTime:0.000029s ]
INFO: [ app_init ] --END-- [ RunTime:0.000996s ]
ERR: 无法加载控制器:Font.swf

[ 2015-05-03T20:45:41+08:00 ] 192.168.1.42 /PROD/2RB_1
INFO: [ app_init ] --START--
INFO: Run Behavior\BuildLiteBehavior [ RunTime:0.000020s ]
INFO: [ app_init ] --END-- [ RunTime:0.000651s ]

[ 2015-05-03T20:45:42+08:00 ] 192.168.1.42 /PROD/favicon.ico
INFO: [ app_init ] --START--
INFO: Run Behavior\BuildLiteBehavior [ RunTime:0.000028s ]
INFO: [ app_init ] --END-- [ RunTime:0.000921s ]

[ 2015-05-03T20:45:43+08:00 ] 192.168.1.42 /PROD/get2RBList?series=010
INFO: [ app_init ] --START--
INFO: Run Behavior\BuildLiteBehavior [ RunTime:0.000021s ]
INFO: [ app_init ] --END-- [ RunTime:0.000585s ]

[ 2015-05-03T20:45:49+08:00 ] 192.168.1.42 /PROD/2RB_2
INFO: [ app_init ] --START--
INFO: Run Behavior\BuildLiteBehavior [ RunTime:0.000025s ]
INFO: [ app_init ] --END-- [ RunTime:0.000842s ]

[ 2015-05-03T20:45:51+08:00 ] 192.168.1.42 /PROD/get2RBList?series=220
INFO: [ app_init ] --START--
INFO: Run Behavior\BuildLiteBehavior [ RunTime:0.000021s ]
INFO: [ app_init ] --END-- [ RunTime:0.000658s ]

[ 2015-05-03T20:45:56+08:00 ] 192.168.1.42 /PROD/Suction
INFO: [ app_init ] --START--
INFO: Run Behavior\BuildLiteBehavior [ RunTime:0.000027s ]
INFO: [ app_init ] --END-- [ RunTime:0.000897s ]

[ 2015-05-03T20:45:58+08:00 ] 192.168.1.42 /PROD/getSuctionList?series=210
INFO: [ app_init ] --START--
INFO: Run Behavior\BuildLiteBehavior [ RunTime:0.000028s ]
INFO: [ app_init ] --END-- [ RunTime:0.000659s ]

[ 2015-05-03T20:46:01+08:00 ] 192.168.1.42 /PROD/upfile/2RB_series/side%20channel%20blower%202rb210.pdf
INFO: [ app_init ] --START--
INFO: Run Behavior\BuildLiteBehavior [ RunTime:0.000022s ]
INFO: [ app_init ] --END-- [ RunTime:0.000666s ]
ERR: 非法操作:upfile

[ 2015-05-03T20:46:04+08:00 ] 192.168.1.42 /PROD/Relief
INFO: [ app_init ] --START--
INFO: Run Behavior\BuildLiteBehavior [ RunTime:0.000028s ]
INFO: [ app_init ] --END-- [ RunTime:0.000630s ]

[ 2015-05-03T20:46:06+08:00 ] 192.168.1.42 /PROD/3RB_1
INFO: [ app_init ] --START--
INFO: Run Behavior\BuildLiteBehavior [ RunTime:0.000027s ]
INFO: [ app_init ] --END-- [ RunTime:0.000861s ]

[ 2015-05-03T20:46:08+08:00 ] 192.168.1.42 /PROD/get3RBList?series=350-1
INFO: [ app_init ] --START--
INFO: Run Behavior\BuildLiteBehavior [ RunTime:0.000020s ]
INFO: [ app_init ] --END-- [ RunTime:0.000591s ]

[ 2015-05-03T20:47:24+08:00 ] 192.168.1.42 /PROD/get3RBList?series=350-1
INFO: [ app_init ] --START--
INFO: Run Behavior\BuildLiteBehavior [ RunTime:0.000029s ]
INFO: [ app_init ] --END-- [ RunTime:0.001667s ]

[ 2015-05-03T20:47:26+08:00 ] 192.168.1.42 /src/cn/3rb_350.pdf
INFO: [ app_init ] --START--
INFO: Run Behavior\BuildLiteBehavior [ RunTime:0.000021s ]
INFO: [ app_init ] --END-- [ RunTime:0.000715s ]
ERR: 无法加载控制器:Src

[ 2015-05-03T20:47:46+08:00 ] 192.168.1.42 /PROD/get3RBList?series=350-1
INFO: [ app_init ] --START--
INFO: Run Behavior\BuildLiteBehavior [ RunTime:0.000017s ]
INFO: [ app_init ] --END-- [ RunTime:0.000589s ]

[ 2015-05-03T20:48:08+08:00 ] 192.168.1.42 /PROD/2RB_1
INFO: [ app_init ] --START--
INFO: Run Behavior\BuildLiteBehavior [ RunTime:0.000021s ]
INFO: [ app_init ] --END-- [ RunTime:0.000604s ]

[ 2015-05-03T20:48:10+08:00 ] 192.168.1.42 /PROD/2RB_2
INFO: [ app_init ] --START--
INFO: Run Behavior\BuildLiteBehavior [ RunTime:0.000017s ]
INFO: [ app_init ] --END-- [ RunTime:0.000540s ]

[ 2015-05-03T20:48:13+08:00 ] 192.168.1.42 /Index/contact
INFO: [ app_init ] --START--
INFO: Run Behavior\BuildLiteBehavior [ RunTime:0.000027s ]
INFO: [ app_init ] --END-- [ RunTime:0.000791s ]

[ 2015-05-03T20:48:13+08:00 ] 192.168.1.42 /Index/Code
INFO: [ app_init ] --START--
INFO: Run Behavior\BuildLiteBehavior [ RunTime:0.000026s ]
INFO: [ app_init ] --END-- [ RunTime:0.000805s ]

[ 2015-05-03T20:48:17+08:00 ] 192.168.1.42 /Index/favicon.ico
INFO: [ app_init ] --START--
INFO: Run Behavior\BuildLiteBehavior [ RunTime:0.000019s ]
INFO: [ app_init ] --END-- [ RunTime:0.000481s ]

[ 2015-05-03T20:51:41+08:00 ] 192.168.1.42 /PROD/3RB_1
INFO: [ app_init ] --START--
INFO: Run Behavior\BuildLiteBehavior [ RunTime:0.000016s ]
INFO: [ app_init ] --END-- [ RunTime:0.000504s ]

[ 2015-05-03T20:51:43+08:00 ] 192.168.1.42 /PROD/get3RBList?series=350-1
INFO: [ app_init ] --START--
INFO: Run Behavior\BuildLiteBehavior [ RunTime:0.000028s ]
INFO: [ app_init ] --END-- [ RunTime:0.000767s ]

[ 2015-05-03T20:51:57+08:00 ] 192.168.1.42 /PROD/3RB_3
INFO: [ app_init ] --START--
INFO: Run Behavior\BuildLiteBehavior [ RunTime:0.000019s ]
INFO: [ app_init ] --END-- [ RunTime:0.000542s ]

[ 2015-05-03T20:51:59+08:00 ] 192.168.1.42 /PROD/4RB_1
INFO: [ app_init ] --START--
INFO: Run Behavior\BuildLiteBehavior [ RunTime:0.000027s ]
INFO: [ app_init ] --END-- [ RunTime:0.000760s ]

[ 2015-05-03T20:52:01+08:00 ] 192.168.1.42 /PROD/get4RBList?series=210
INFO: [ app_init ] --START--
INFO: Run Behavior\BuildLiteBehavior [ RunTime:0.000021s ]
INFO: [ app_init ] --END-- [ RunTime:0.000613s ]

[ 2015-05-03T20:52:04+08:00 ] 192.168.1.42 /PROD/upfile/2RB_series/side%20channel%20blower%202rb210.pdf
INFO: [ app_init ] --START--
INFO: Run Behavior\BuildLiteBehavior [ RunTime:0.000028s ]
INFO: [ app_init ] --END-- [ RunTime:0.000768s ]
ERR: 非法操作:upfile

[ 2015-05-03T20:52:07+08:00 ] 192.168.1.42 /PROD/Silencer
INFO: [ app_init ] --START--
INFO: Run Behavior\BuildLiteBehavior [ RunTime:0.000026s ]
INFO: [ app_init ] --END-- [ RunTime:0.000677s ]

[ 2015-05-03T20:52:08+08:00 ] 192.168.1.42 /src/js/PRODjs
INFO: [ app_init ] --START--
INFO: Run Behavior\BuildLiteBehavior [ RunTime:0.000027s ]
INFO: [ app_init ] --END-- [ RunTime:0.000742s ]
ERR: 无法加载控制器:Src

[ 2015-05-03T20:52:10+08:00 ] 192.168.1.42 /PROD/Filter
INFO: [ app_init ] --START--
INFO: Run Behavior\BuildLiteBehavior [ RunTime:0.000027s ]
INFO: [ app_init ] --END-- [ RunTime:0.000760s ]

[ 2015-05-03T20:52:11+08:00 ] 192.168.1.42 /PROD/Inlet_Vacuum_Filter_content.php?type=2BX4%20080
INFO: [ app_init ] --START--
INFO: Run Behavior\BuildLiteBehavior [ RunTime:0.000020s ]
INFO: [ app_init ] --END-- [ RunTime:0.000493s ]
ERR: 非法操作:Inlet_Vacuum_Filter_content.php

[ 2015-05-03T20:52:44+08:00 ] 192.168.1.42 /PROD/get4RBList?series=210
INFO: [ app_init ] --START--
INFO: Run Behavior\BuildLiteBehavior [ RunTime:0.000024s ]
INFO: [ app_init ] --END-- [ RunTime:0.000614s ]

[ 2015-05-03T20:55:28+08:00 ] 192.168.1.42 /PROD/get4RBList?series=210
INFO: [ app_init ] --START--
INFO: Run Behavior\BuildLiteBehavior [ RunTime:0.000020s ]
INFO: [ app_init ] --END-- [ RunTime:0.000683s ]

