[ 2015-05-01T07:50:31+08:00 ] 127.0.0.1 /SRC_LAN/logo.jpg
INFO: [ app_init ] --START--
INFO: Run Behavior\BuildLiteBehavior [ RunTime:0.000026s ]
INFO: [ app_init ] --END-- [ RunTime:0.000922s ]

[ 2015-05-01T07:50:31+08:00 ] 127.0.0.1 /
INFO: [ app_init ] --START--
INFO: Run Behavior\BuildLiteBehavior [ RunTime:0.000030s ]
INFO: [ app_init ] --END-- [ RunTime:0.027838s ]

[ 2015-05-01T07:50:31+08:00 ] 127.0.0.1 /SRC_LAN/home7.png
INFO: [ app_init ] --START--
INFO: Run Behavior\BuildLiteBehavior [ RunTime:0.000025s ]
INFO: [ app_init ] --END-- [ RunTime:0.000637s ]

[ 2015-05-01T07:50:32+08:00 ] 192.168.1.42 /
INFO: [ app_init ] --START--
INFO: Run Behavior\BuildLiteBehavior [ RunTime:0.000027s ]
INFO: [ app_init ] --END-- [ RunTime:0.000851s ]

[ 2015-05-01T07:50:44+08:00 ] 192.168.1.42 /
INFO: [ app_init ] --START--
INFO: Run Behavior\BuildLiteBehavior [ RunTime:0.000023s ]
INFO: [ app_init ] --END-- [ RunTime:0.000687s ]

[ 2015-05-01T07:50:46+08:00 ] 192.168.1.42 /font.swf
INFO: [ app_init ] --START--
INFO: Run Behavior\BuildLiteBehavior [ RunTime:0.000030s ]
INFO: [ app_init ] --END-- [ RunTime:0.000951s ]
ERR: 无法加载控制器:Font.swf

[ 2015-05-01T07:50:49+08:00 ] 192.168.1.42 /About/equipments
INFO: [ app_init ] --START--
INFO: Run Behavior\BuildLiteBehavior [ RunTime:0.000023s ]
INFO: [ app_init ] --END-- [ RunTime:0.000688s ]

[ 2015-05-01T07:50:49+08:00 ] 192.168.1.42 /About/favicon.ico
INFO: [ app_init ] --START--
INFO: Run Behavior\BuildLiteBehavior [ RunTime:0.000025s ]
INFO: [ app_init ] --END-- [ RunTime:0.000850s ]

[ 2015-05-01T07:50:53+08:00 ] 192.168.1.42 /font.swf
INFO: [ app_init ] --START--
INFO: Run Behavior\BuildLiteBehavior [ RunTime:0.000023s ]
INFO: [ app_init ] --END-- [ RunTime:0.000698s ]
ERR: 无法加载控制器:Font.swf

[ 2015-05-01T07:51:27+08:00 ] 192.168.1.42 /
INFO: [ app_init ] --START--
INFO: Run Behavior\BuildLiteBehavior [ RunTime:0.000020s ]
INFO: [ app_init ] --END-- [ RunTime:0.000641s ]

[ 2015-05-01T07:51:28+08:00 ] 192.168.1.42 /font.swf
INFO: [ app_init ] --START--
INFO: Run Behavior\BuildLiteBehavior [ RunTime:0.000025s ]
INFO: [ app_init ] --END-- [ RunTime:0.000812s ]
ERR: 无法加载控制器:Font.swf

[ 2015-05-01T07:51:30+08:00 ] 192.168.1.42 /Index/application
INFO: [ app_init ] --START--
INFO: Run Behavior\BuildLiteBehavior [ RunTime:0.000052s ]
INFO: [ app_init ] --END-- [ RunTime:0.000782s ]

[ 2015-05-01T07:51:30+08:00 ] 192.168.1.42 /Index/favicon.ico
INFO: [ app_init ] --START--
INFO: Run Behavior\BuildLiteBehavior [ RunTime:0.000024s ]
INFO: [ app_init ] --END-- [ RunTime:0.000764s ]

[ 2015-05-01T07:51:34+08:00 ] 192.168.1.42 /Index/application
INFO: [ app_init ] --START--
INFO: Run Behavior\BuildLiteBehavior [ RunTime:0.000024s ]
INFO: [ app_init ] --END-- [ RunTime:0.000688s ]

[ 2015-05-01T07:51:49+08:00 ] 192.168.1.42 /About/about_us
INFO: [ app_init ] --START--
INFO: Run Behavior\BuildLiteBehavior [ RunTime:0.000021s ]
INFO: [ app_init ] --END-- [ RunTime:0.000596s ]

[ 2015-05-01T07:51:52+08:00 ] 192.168.1.42 /About/certification
INFO: [ app_init ] --START--
INFO: Run Behavior\BuildLiteBehavior [ RunTime:0.000019s ]
INFO: [ app_init ] --END-- [ RunTime:0.000620s ]

[ 2015-05-01T07:51:55+08:00 ] 192.168.1.42 /About/video
INFO: [ app_init ] --START--
INFO: Run Behavior\BuildLiteBehavior [ RunTime:0.000019s ]
INFO: [ app_init ] --END-- [ RunTime:0.000619s ]

[ 2015-05-01T07:51:58+08:00 ] 192.168.1.42 /About/equipments
INFO: [ app_init ] --START--
INFO: Run Behavior\BuildLiteBehavior [ RunTime:0.000027s ]
INFO: [ app_init ] --END-- [ RunTime:0.000826s ]

[ 2015-05-01T07:52:00+08:00 ] 192.168.1.42 /PROD/2RB_1
INFO: [ app_init ] --START--
INFO: Run Behavior\BuildLiteBehavior [ RunTime:0.000026s ]
INFO: [ app_init ] --END-- [ RunTime:0.000818s ]

[ 2015-05-01T07:52:00+08:00 ] 192.168.1.42 /PROD/favicon.ico
INFO: [ app_init ] --START--
INFO: Run Behavior\BuildLiteBehavior [ RunTime:0.000026s ]
INFO: [ app_init ] --END-- [ RunTime:0.003022s ]

[ 2015-05-01T07:52:04+08:00 ] 192.168.1.42 /PROD/2RB_2
INFO: [ app_init ] --START--
INFO: Run Behavior\BuildLiteBehavior [ RunTime:0.000027s ]
INFO: [ app_init ] --END-- [ RunTime:0.000858s ]

[ 2015-05-01T07:52:08+08:00 ] 192.168.1.42 /PROD/Belt_2RB_2
INFO: [ app_init ] --START--
INFO: Run Behavior\BuildLiteBehavior [ RunTime:0.000025s ]
INFO: [ app_init ] --END-- [ RunTime:0.000727s ]

[ 2015-05-01T07:52:08+08:00 ] 192.168.1.42 /src/js/PRODjs
INFO: [ app_init ] --START--
INFO: Run Behavior\BuildLiteBehavior [ RunTime:0.000027s ]
INFO: [ app_init ] --END-- [ RunTime:0.000605s ]
ERR: 无法加载控制器:Src

[ 2015-05-01T07:52:11+08:00 ] 192.168.1.42 /PROD/4RB_3
INFO: [ app_init ] --START--
INFO: Run Behavior\BuildLiteBehavior [ RunTime:0.000017s ]
INFO: [ app_init ] --END-- [ RunTime:0.000544s ]

[ 2015-05-01T07:52:15+08:00 ] 192.168.1.42 /PROD/Belt_2RB_1
INFO: [ app_init ] --START--
INFO: Run Behavior\BuildLiteBehavior [ RunTime:0.000020s ]
INFO: [ app_init ] --END-- [ RunTime:0.000664s ]

[ 2015-05-01T07:52:15+08:00 ] 192.168.1.42 /src/js/PRODjs
INFO: [ app_init ] --START--
INFO: Run Behavior\BuildLiteBehavior [ RunTime:0.000019s ]
INFO: [ app_init ] --END-- [ RunTime:0.000571s ]
ERR: 无法加载控制器:Src

[ 2015-05-01T08:00:44+08:00 ] 192.168.1.42 /PROD/Belt_2RB_1
INFO: [ app_init ] --START--
INFO: Run Behavior\BuildLiteBehavior [ RunTime:0.000026s ]
INFO: [ app_init ] --END-- [ RunTime:0.000874s ]

[ 2015-05-01T08:00:44+08:00 ] 192.168.1.42 /src/js/PRODjs
INFO: [ app_init ] --START--
INFO: Run Behavior\BuildLiteBehavior [ RunTime:0.000029s ]
INFO: [ app_init ] --END-- [ RunTime:0.000829s ]
ERR: 无法加载控制器:Src

[ 2015-05-01T08:00:46+08:00 ] 192.168.1.42 /PROD/Belt_2RB_2
INFO: [ app_init ] --START--
INFO: Run Behavior\BuildLiteBehavior [ RunTime:0.000019s ]
INFO: [ app_init ] --END-- [ RunTime:0.000763s ]

[ 2015-05-01T08:00:46+08:00 ] 192.168.1.42 /src/js/PRODjs
INFO: [ app_init ] --START--
INFO: Run Behavior\BuildLiteBehavior [ RunTime:0.000027s ]
INFO: [ app_init ] --END-- [ RunTime:0.001032s ]
ERR: 无法加载控制器:Src

[ 2015-05-01T08:00:48+08:00 ] 192.168.1.42 /PROD/Belt_2RB_2
INFO: [ app_init ] --START--
INFO: Run Behavior\BuildLiteBehavior [ RunTime:0.000028s ]
INFO: [ app_init ] --END-- [ RunTime:0.000828s ]

[ 2015-05-01T08:00:48+08:00 ] 192.168.1.42 /src/js/PRODjs
INFO: [ app_init ] --START--
INFO: Run Behavior\BuildLiteBehavior [ RunTime:0.000025s ]
INFO: [ app_init ] --END-- [ RunTime:0.000820s ]
ERR: 无法加载控制器:Src

[ 2015-05-01T08:00:50+08:00 ] 192.168.1.42 /PROD/Belt_2RB_1
INFO: [ app_init ] --START--
INFO: Run Behavior\BuildLiteBehavior [ RunTime:0.000029s ]
INFO: [ app_init ] --END-- [ RunTime:0.000707s ]

[ 2015-05-01T08:00:50+08:00 ] 192.168.1.42 /src/js/PRODjs
INFO: [ app_init ] --START--
INFO: Run Behavior\BuildLiteBehavior [ RunTime:0.000022s ]
INFO: [ app_init ] --END-- [ RunTime:0.000691s ]
ERR: 无法加载控制器:Src

[ 2015-05-01T08:10:28+08:00 ] 192.168.1.42 /PROD/Belt_2RB_1
INFO: [ app_init ] --START--
INFO: Run Behavior\BuildLiteBehavior [ RunTime:0.000027s ]
INFO: [ app_init ] --END-- [ RunTime:0.000879s ]

[ 2015-05-01T08:10:28+08:00 ] 192.168.1.42 /src/js/PRODjs
INFO: [ app_init ] --START--
INFO: Run Behavior\BuildLiteBehavior [ RunTime:0.000024s ]
INFO: [ app_init ] --END-- [ RunTime:0.000789s ]
ERR: 无法加载控制器:Src

[ 2015-05-01T08:11:49+08:00 ] 192.168.1.42 /PROD/Belt_2RB_1
INFO: [ app_init ] --START--
INFO: Run Behavior\BuildLiteBehavior [ RunTime:0.000017s ]
INFO: [ app_init ] --END-- [ RunTime:0.000582s ]

[ 2015-05-01T08:11:49+08:00 ] 192.168.1.42 /src/js/PRODjs
INFO: [ app_init ] --START--
INFO: Run Behavior\BuildLiteBehavior [ RunTime:0.000026s ]
INFO: [ app_init ] --END-- [ RunTime:0.000639s ]
ERR: 无法加载控制器:Src

[ 2015-05-01T08:11:52+08:00 ] 192.168.1.42 /PROD/Belt_2RB_2
INFO: [ app_init ] --START--
INFO: Run Behavior\BuildLiteBehavior [ RunTime:0.000019s ]
INFO: [ app_init ] --END-- [ RunTime:0.000557s ]

[ 2015-05-01T08:11:52+08:00 ] 192.168.1.42 /src/js/PRODjs
INFO: [ app_init ] --START--
INFO: Run Behavior\BuildLiteBehavior [ RunTime:0.000026s ]
INFO: [ app_init ] --END-- [ RunTime:0.000729s ]
ERR: 无法加载控制器:Src

[ 2015-05-01T08:11:59+08:00 ] 192.168.1.42 /PROD/IE2_1
INFO: [ app_init ] --START--
INFO: Run Behavior\BuildLiteBehavior [ RunTime:0.000024s ]
INFO: [ app_init ] --END-- [ RunTime:0.000594s ]

[ 2015-05-01T08:12:00+08:00 ] 192.168.1.42 /src/js/PRODjs
INFO: [ app_init ] --START--
INFO: Run Behavior\BuildLiteBehavior [ RunTime:0.000030s ]
INFO: [ app_init ] --END-- [ RunTime:0.011597s ]
ERR: 无法加载控制器:Src

[ 2015-05-01T08:16:19+08:00 ] 192.168.1.42 /PROD/IE2_1
INFO: [ app_init ] --START--
INFO: Run Behavior\BuildLiteBehavior [ RunTime:0.000027s ]
INFO: [ app_init ] --END-- [ RunTime:0.001090s ]

[ 2015-05-01T08:16:19+08:00 ] 192.168.1.42 /src/js/PRODjs
INFO: [ app_init ] --START--
INFO: Run Behavior\BuildLiteBehavior [ RunTime:0.000031s ]
INFO: [ app_init ] --END-- [ RunTime:0.001536s ]
ERR: 无法加载控制器:Src

[ 2015-05-01T08:16:22+08:00 ] 192.168.1.42 /PROD/IE2_2
INFO: [ app_init ] --START--
INFO: Run Behavior\BuildLiteBehavior [ RunTime:0.000027s ]
INFO: [ app_init ] --END-- [ RunTime:0.000876s ]

[ 2015-05-01T08:16:25+08:00 ] 192.168.1.42 /PROD/Suction
INFO: [ app_init ] --START--
INFO: Run Behavior\BuildLiteBehavior [ RunTime:0.000024s ]
INFO: [ app_init ] --END-- [ RunTime:0.000794s ]

[ 2015-05-01T08:16:31+08:00 ] 192.168.1.42 /PROD/3RB_1
INFO: [ app_init ] --START--
INFO: Run Behavior\BuildLiteBehavior [ RunTime:0.000019s ]
INFO: [ app_init ] --END-- [ RunTime:0.000557s ]

[ 2015-05-01T08:16:40+08:00 ] 192.168.1.42 /PROD/Belt_2RB_2
INFO: [ app_init ] --START--
INFO: Run Behavior\BuildLiteBehavior [ RunTime:0.000027s ]
INFO: [ app_init ] --END-- [ RunTime:0.000816s ]

[ 2015-05-01T08:16:40+08:00 ] 192.168.1.42 /src/js/PRODjs
INFO: [ app_init ] --START--
INFO: Run Behavior\BuildLiteBehavior [ RunTime:0.000019s ]
INFO: [ app_init ] --END-- [ RunTime:0.000576s ]
ERR: 无法加载控制器:Src

[ 2015-05-01T08:16:42+08:00 ] 192.168.1.42 /PROD/IE2_1
INFO: [ app_init ] --START--
INFO: Run Behavior\BuildLiteBehavior [ RunTime:0.000022s ]
INFO: [ app_init ] --END-- [ RunTime:0.000602s ]

[ 2015-05-01T08:16:42+08:00 ] 192.168.1.42 /src/js/PRODjs
INFO: [ app_init ] --START--
INFO: Run Behavior\BuildLiteBehavior [ RunTime:0.000027s ]
INFO: [ app_init ] --END-- [ RunTime:0.000885s ]
ERR: 无法加载控制器:Src

[ 2015-05-01T08:16:50+08:00 ] 192.168.1.42 /PROD/IE2_2
INFO: [ app_init ] --START--
INFO: Run Behavior\BuildLiteBehavior [ RunTime:0.000020s ]
INFO: [ app_init ] --END-- [ RunTime:0.000581s ]

[ 2015-05-01T08:16:52+08:00 ] 192.168.1.42 /PROD/IE2_1
INFO: [ app_init ] --START--
INFO: Run Behavior\BuildLiteBehavior [ RunTime:0.000019s ]
INFO: [ app_init ] --END-- [ RunTime:0.000553s ]

[ 2015-05-01T08:16:52+08:00 ] 192.168.1.42 /src/js/PRODjs
INFO: [ app_init ] --START--
INFO: Run Behavior\BuildLiteBehavior [ RunTime:0.000027s ]
INFO: [ app_init ] --END-- [ RunTime:0.000814s ]
ERR: 无法加载控制器:Src

[ 2015-05-01T08:16:54+08:00 ] 192.168.1.42 /PROD/Suction
INFO: [ app_init ] --START--
INFO: Run Behavior\BuildLiteBehavior [ RunTime:0.000029s ]
INFO: [ app_init ] --END-- [ RunTime:0.001033s ]

[ 2015-05-01T08:17:05+08:00 ] 192.168.1.42 /PROD/2RB_1
INFO: [ app_init ] --START--
INFO: Run Behavior\BuildLiteBehavior [ RunTime:0.000019s ]
INFO: [ app_init ] --END-- [ RunTime:0.000577s ]

[ 2015-05-01T08:17:06+08:00 ] 192.168.1.42 /PROD/Side_Channel_Blower_2RB_Single_Stage_table.php?series=010
INFO: [ app_init ] --START--
INFO: Run Behavior\BuildLiteBehavior [ RunTime:0.000024s ]
INFO: [ app_init ] --END-- [ RunTime:0.000695s ]
ERR: 非法操作:Side_Channel_Blower_2RB_Single_Stage_table.php

[ 2015-05-01T08:17:12+08:00 ] 192.168.1.42 /About/about_us
INFO: [ app_init ] --START--
INFO: Run Behavior\BuildLiteBehavior [ RunTime:0.000026s ]
INFO: [ app_init ] --END-- [ RunTime:0.000688s ]

[ 2015-05-01T08:17:15+08:00 ] 192.168.1.42 /About/equipments
INFO: [ app_init ] --START--
INFO: Run Behavior\BuildLiteBehavior [ RunTime:0.000026s ]
INFO: [ app_init ] --END-- [ RunTime:0.000662s ]

[ 2015-05-01T08:17:18+08:00 ] 192.168.1.42 /About/equipments
INFO: [ app_init ] --START--
INFO: Run Behavior\BuildLiteBehavior [ RunTime:0.000025s ]
INFO: [ app_init ] --END-- [ RunTime:0.000781s ]

[ 2015-05-01T10:24:37+08:00 ] 192.168.1.42 /PROD/2RB_1
INFO: [ app_init ] --START--
INFO: Run Behavior\BuildLiteBehavior [ RunTime:0.000025s ]
INFO: [ app_init ] --END-- [ RunTime:0.016409s ]

[ 2015-05-01T10:24:39+08:00 ] 192.168.1.42 /PROD/3RB_3
INFO: [ app_init ] --START--
INFO: Run Behavior\BuildLiteBehavior [ RunTime:0.000030s ]
INFO: [ app_init ] --END-- [ RunTime:0.005378s ]

[ 2015-05-01T10:24:42+08:00 ] 192.168.1.42 /PROD/IE2_1
INFO: [ app_init ] --START--
INFO: Run Behavior\BuildLiteBehavior [ RunTime:0.000023s ]
INFO: [ app_init ] --END-- [ RunTime:0.005386s ]

[ 2015-05-01T10:24:42+08:00 ] 192.168.1.42 /src/js/PRODjs
INFO: [ app_init ] --START--
INFO: Run Behavior\BuildLiteBehavior [ RunTime:0.000027s ]
INFO: [ app_init ] --END-- [ RunTime:0.005580s ]
ERR: 无法加载控制器:Src

[ 2015-05-01T10:24:45+08:00 ] 192.168.1.42 /PROD/Suction
INFO: [ app_init ] --START--
INFO: Run Behavior\BuildLiteBehavior [ RunTime:0.000024s ]
INFO: [ app_init ] --END-- [ RunTime:0.027680s ]

[ 2015-05-01T10:25:43+08:00 ] 192.168.1.42 /PROD/Silencer
INFO: [ app_init ] --START--
INFO: Run Behavior\BuildLiteBehavior [ RunTime:0.000024s ]
INFO: [ app_init ] --END-- [ RunTime:0.027802s ]

[ 2015-05-01T10:25:44+08:00 ] 192.168.1.42 /src/js/PRODjs
INFO: [ app_init ] --START--
INFO: Run Behavior\BuildLiteBehavior [ RunTime:0.000024s ]
INFO: [ app_init ] --END-- [ RunTime:0.005384s ]
ERR: 无法加载控制器:Src

[ 2015-05-01T10:25:48+08:00 ] 192.168.1.42 /PROD/Filter
INFO: [ app_init ] --START--
INFO: Run Behavior\BuildLiteBehavior [ RunTime:0.000023s ]
INFO: [ app_init ] --END-- [ RunTime:0.038977s ]

[ 2015-05-01T10:25:57+08:00 ] 192.168.1.42 /PROD/Relief
INFO: [ app_init ] --START--
INFO: Run Behavior\BuildLiteBehavior [ RunTime:0.000026s ]
INFO: [ app_init ] --END-- [ RunTime:0.005542s ]

[ 2015-05-01T10:27:06+08:00 ] 192.168.1.42 /PROD/IE2_1
INFO: [ app_init ] --START--
INFO: Run Behavior\BuildLiteBehavior [ RunTime:0.000024s ]
INFO: [ app_init ] --END-- [ RunTime:0.038722s ]

[ 2015-05-01T10:27:06+08:00 ] 192.168.1.42 /src/js/PRODjs
INFO: [ app_init ] --START--
INFO: Run Behavior\BuildLiteBehavior [ RunTime:0.000024s ]
INFO: [ app_init ] --END-- [ RunTime:0.027713s ]
ERR: 无法加载控制器:Src

[ 2015-05-01T10:27:08+08:00 ] 192.168.1.42 /PROD/Suction
INFO: [ app_init ] --START--
INFO: Run Behavior\BuildLiteBehavior [ RunTime:0.000023s ]
INFO: [ app_init ] --END-- [ RunTime:0.005512s ]

[ 2015-05-01T10:29:33+08:00 ] 192.168.1.42 /PROD/Suction
INFO: [ app_init ] --START--
INFO: Run Behavior\BuildLiteBehavior [ RunTime:0.000020s ]
INFO: [ app_init ] --END-- [ RunTime:0.005341s ]

[ 2015-05-01T10:30:43+08:00 ] 192.168.1.42 /PROD/Suction
INFO: [ app_init ] --START--
INFO: Run Behavior\BuildLiteBehavior [ RunTime:0.000022s ]
INFO: [ app_init ] --END-- [ RunTime:0.005375s ]

[ 2015-05-01T10:31:06+08:00 ] 192.168.1.42 /PROD/Suction
INFO: [ app_init ] --START--
INFO: Run Behavior\BuildLiteBehavior [ RunTime:0.000026s ]
INFO: [ app_init ] --END-- [ RunTime:0.005393s ]

[ 2015-05-01T10:31:37+08:00 ] 192.168.1.42 /PROD/Suction
INFO: [ app_init ] --START--
INFO: Run Behavior\BuildLiteBehavior [ RunTime:0.000026s ]
INFO: [ app_init ] --END-- [ RunTime:0.005405s ]

[ 2015-05-01T10:31:57+08:00 ] 192.168.1.42 /PROD/Silencer
INFO: [ app_init ] --START--
INFO: Run Behavior\BuildLiteBehavior [ RunTime:0.000028s ]
INFO: [ app_init ] --END-- [ RunTime:0.027834s ]

[ 2015-05-01T10:31:58+08:00 ] 192.168.1.42 /src/js/PRODjs
INFO: [ app_init ] --START--
INFO: Run Behavior\BuildLiteBehavior [ RunTime:0.000023s ]
INFO: [ app_init ] --END-- [ RunTime:0.005512s ]
ERR: 无法加载控制器:Src

[ 2015-05-01T10:33:18+08:00 ] 192.168.1.42 /PROD/Suction
INFO: [ app_init ] --START--
INFO: Run Behavior\BuildLiteBehavior [ RunTime:0.000023s ]
INFO: [ app_init ] --END-- [ RunTime:0.005474s ]

[ 2015-05-01T10:33:39+08:00 ] 192.168.1.42 /PROD/Suction
INFO: [ app_init ] --START--
INFO: Run Behavior\BuildLiteBehavior [ RunTime:0.000027s ]
INFO: [ app_init ] --END-- [ RunTime:0.016435s ]

[ 2015-05-01T10:36:18+08:00 ] 192.168.1.42 /PROD/Suction
INFO: [ app_init ] --START--
INFO: Run Behavior\BuildLiteBehavior [ RunTime:0.000023s ]
INFO: [ app_init ] --END-- [ RunTime:0.005384s ]

[ 2015-05-01T10:37:46+08:00 ] 192.168.1.42 /PROD/Suction
INFO: [ app_init ] --START--
INFO: Run Behavior\BuildLiteBehavior [ RunTime:0.000023s ]
INFO: [ app_init ] --END-- [ RunTime:0.038740s ]

[ 2015-05-01T10:38:11+08:00 ] 192.168.1.42 /PROD/Suction
INFO: [ app_init ] --START--
INFO: Run Behavior\BuildLiteBehavior [ RunTime:0.000022s ]
INFO: [ app_init ] --END-- [ RunTime:0.005526s ]

[ 2015-05-01T10:38:32+08:00 ] 192.168.1.42 /News/industry
INFO: [ app_init ] --START--
INFO: Run Behavior\BuildLiteBehavior [ RunTime:0.000023s ]
INFO: [ app_init ] --END-- [ RunTime:0.005446s ]

[ 2015-05-01T10:38:32+08:00 ] 192.168.1.42 /News/favicon.ico
INFO: [ app_init ] --START--
INFO: Run Behavior\BuildLiteBehavior [ RunTime:0.000029s ]
INFO: [ app_init ] --END-- [ RunTime:0.038870s ]

[ 2015-05-01T10:53:33+08:00 ] 192.168.1.42 /PROD/Suction
INFO: [ app_init ] --START--
INFO: Run Behavior\BuildLiteBehavior [ RunTime:0.000031s ]
INFO: [ app_init ] --END-- [ RunTime:0.038843s ]

[ 2015-05-01T10:53:40+08:00 ] 192.168.1.42 /PROD/Cover_Suction_Ring_Blower_table.php?series=710
INFO: [ app_init ] --START--
INFO: Run Behavior\BuildLiteBehavior [ RunTime:0.000028s ]
INFO: [ app_init ] --END-- [ RunTime:0.038881s ]
ERR: 非法操作:Cover_Suction_Ring_Blower_table.php

[ 2015-05-01T10:53:56+08:00 ] 192.168.1.42 /PROD/IE2_1
INFO: [ app_init ] --START--
INFO: Run Behavior\BuildLiteBehavior [ RunTime:0.000026s ]
INFO: [ app_init ] --END-- [ RunTime:0.005558s ]

[ 2015-05-01T10:53:56+08:00 ] 192.168.1.42 /src/js/PRODjs
INFO: [ app_init ] --START--
INFO: Run Behavior\BuildLiteBehavior [ RunTime:0.000028s ]
INFO: [ app_init ] --END-- [ RunTime:0.027754s ]
ERR: 无法加载控制器:Src

[ 2015-05-01T10:54:59+08:00 ] 192.168.1.42 /PROD/IE2_1
INFO: [ app_init ] --START--
INFO: Run Behavior\BuildLiteBehavior [ RunTime:0.000028s ]
INFO: [ app_init ] --END-- [ RunTime:0.016888s ]

[ 2015-05-01T10:55:00+08:00 ] 192.168.1.42 /src/js/PRODjs
INFO: [ app_init ] --START--
INFO: Run Behavior\BuildLiteBehavior [ RunTime:0.000028s ]
INFO: [ app_init ] --END-- [ RunTime:0.005387s ]
ERR: 无法加载控制器:Src

[ 2015-05-01T10:55:19+08:00 ] 192.168.1.42 /PROD/IE2_1
INFO: [ app_init ] --START--
INFO: Run Behavior\BuildLiteBehavior [ RunTime:0.000022s ]
INFO: [ app_init ] --END-- [ RunTime:0.005540s ]

[ 2015-05-01T10:55:27+08:00 ] 192.168.1.42 /PROD/Suction
INFO: [ app_init ] --START--
INFO: Run Behavior\BuildLiteBehavior [ RunTime:0.000023s ]
INFO: [ app_init ] --END-- [ RunTime:0.005529s ]

[ 2015-05-01T10:56:16+08:00 ] 192.168.1.42 /PROD/Suction
INFO: [ app_init ] --START--
INFO: Run Behavior\BuildLiteBehavior [ RunTime:0.000023s ]
INFO: [ app_init ] --END-- [ RunTime:0.005536s ]

[ 2015-05-01T10:56:27+08:00 ] 192.168.1.42 /PROD/Suction
INFO: [ app_init ] --START--
INFO: Run Behavior\BuildLiteBehavior [ RunTime:0.000031s ]
INFO: [ app_init ] --END-- [ RunTime:0.038900s ]

[ 2015-05-01T10:56:37+08:00 ] 192.168.1.42 /PROD/Silencer
INFO: [ app_init ] --START--
INFO: Run Behavior\BuildLiteBehavior [ RunTime:0.000023s ]
INFO: [ app_init ] --END-- [ RunTime:0.038750s ]

[ 2015-05-01T10:56:37+08:00 ] 192.168.1.42 /src/js/PRODjs
INFO: [ app_init ] --START--
INFO: Run Behavior\BuildLiteBehavior [ RunTime:0.000026s ]
INFO: [ app_init ] --END-- [ RunTime:0.005599s ]
ERR: 无法加载控制器:Src

[ 2015-05-01T10:56:40+08:00 ] 192.168.1.42 /PROD/Suction
INFO: [ app_init ] --START--
INFO: Run Behavior\BuildLiteBehavior [ RunTime:0.000026s ]
INFO: [ app_init ] --END-- [ RunTime:0.005603s ]

[ 2015-05-01T10:56:44+08:00 ] 192.168.1.42 /PROD/IE2_2
INFO: [ app_init ] --START--
INFO: Run Behavior\BuildLiteBehavior [ RunTime:0.000021s ]
INFO: [ app_init ] --END-- [ RunTime:0.005398s ]

[ 2015-05-01T10:56:52+08:00 ] 192.168.1.42 /PROD/Silencer
INFO: [ app_init ] --START--
INFO: Run Behavior\BuildLiteBehavior [ RunTime:0.000028s ]
INFO: [ app_init ] --END-- [ RunTime:0.016696s ]

[ 2015-05-01T10:56:52+08:00 ] 192.168.1.42 /src/js/PRODjs
INFO: [ app_init ] --START--
INFO: Run Behavior\BuildLiteBehavior [ RunTime:0.000027s ]
INFO: [ app_init ] --END-- [ RunTime:0.005594s ]
ERR: 无法加载控制器:Src

[ 2015-05-01T10:57:10+08:00 ] 192.168.1.42 /PROD/2RB_1
INFO: [ app_init ] --START--
INFO: Run Behavior\BuildLiteBehavior [ RunTime:0.000031s ]
INFO: [ app_init ] --END-- [ RunTime:0.038866s ]

[ 2015-05-01T10:57:13+08:00 ] 192.168.1.42 /PROD/Suction
INFO: [ app_init ] --START--
INFO: Run Behavior\BuildLiteBehavior [ RunTime:0.000023s ]
INFO: [ app_init ] --END-- [ RunTime:0.016593s ]

[ 2015-05-01T10:57:24+08:00 ] 192.168.1.42 /PROD/Silencer
INFO: [ app_init ] --START--
INFO: Run Behavior\BuildLiteBehavior [ RunTime:0.000023s ]
INFO: [ app_init ] --END-- [ RunTime:0.005479s ]

[ 2015-05-01T10:57:25+08:00 ] 192.168.1.42 /src/js/PRODjs
INFO: [ app_init ] --START--
INFO: Run Behavior\BuildLiteBehavior [ RunTime:0.000027s ]
INFO: [ app_init ] --END-- [ RunTime:0.038738s ]
ERR: 无法加载控制器:Src

[ 2015-05-01T10:57:45+08:00 ] 192.168.1.42 /PROD/Filter
INFO: [ app_init ] --START--
INFO: Run Behavior\BuildLiteBehavior [ RunTime:0.000022s ]
INFO: [ app_init ] --END-- [ RunTime:0.005527s ]

[ 2015-05-01T10:57:53+08:00 ] 192.168.1.42 /PROD/Relief
INFO: [ app_init ] --START--
INFO: Run Behavior\BuildLiteBehavior [ RunTime:0.000032s ]
INFO: [ app_init ] --END-- [ RunTime:0.005666s ]

[ 2015-05-01T10:58:11+08:00 ] 192.168.1.42 /Index/contact
INFO: [ app_init ] --START--
INFO: Run Behavior\BuildLiteBehavior [ RunTime:0.000031s ]
INFO: [ app_init ] --END-- [ RunTime:0.005626s ]

[ 2015-05-01T10:58:11+08:00 ] 192.168.1.42 /Index/Code
INFO: [ app_init ] --START--
INFO: Run Behavior\BuildLiteBehavior [ RunTime:0.000027s ]
INFO: [ app_init ] --END-- [ RunTime:0.005641s ]

[ 2015-05-01T10:58:13+08:00 ] 192.168.1.42 /Index/download
INFO: [ app_init ] --START--
INFO: Run Behavior\BuildLiteBehavior [ RunTime:0.000026s ]
INFO: [ app_init ] --END-- [ RunTime:0.005544s ]

[ 2015-05-01T10:58:16+08:00 ] 192.168.1.42 /News/company
INFO: [ app_init ] --START--
INFO: Run Behavior\BuildLiteBehavior [ RunTime:0.000031s ]
INFO: [ app_init ] --END-- [ RunTime:0.038960s ]

[ 2015-05-01T10:58:18+08:00 ] 192.168.1.42 /Index/application
INFO: [ app_init ] --START--
INFO: Run Behavior\BuildLiteBehavior [ RunTime:0.000023s ]
INFO: [ app_init ] --END-- [ RunTime:0.027725s ]

[ 2015-05-01T10:58:21+08:00 ] 192.168.1.42 /About/certification
INFO: [ app_init ] --START--
INFO: Run Behavior\BuildLiteBehavior [ RunTime:0.000023s ]
INFO: [ app_init ] --END-- [ RunTime:0.005427s ]

[ 2015-05-01T10:58:24+08:00 ] 192.168.1.42 /PROD/2RB_1
INFO: [ app_init ] --START--
INFO: Run Behavior\BuildLiteBehavior [ RunTime:0.000022s ]
INFO: [ app_init ] --END-- [ RunTime:0.005540s ]

[ 2015-05-01T10:58:34+08:00 ] 192.168.1.42 /PROD/IE2_2
INFO: [ app_init ] --START--
INFO: Run Behavior\BuildLiteBehavior [ RunTime:0.000024s ]
INFO: [ app_init ] --END-- [ RunTime:0.005563s ]

[ 2015-05-01T11:03:45+08:00 ] 192.168.1.42 /PROD/IE2_2
INFO: [ app_init ] --START--
INFO: Run Behavior\BuildLiteBehavior [ RunTime:0.000032s ]
INFO: [ app_init ] --END-- [ RunTime:0.027611s ]

[ 2015-05-01T11:03:49+08:00 ] 192.168.1.42 /PROD/Silencer
INFO: [ app_init ] --START--
INFO: Run Behavior\BuildLiteBehavior [ RunTime:0.000028s ]
INFO: [ app_init ] --END-- [ RunTime:0.005445s ]

[ 2015-05-01T11:03:50+08:00 ] 192.168.1.42 /src/js/PRODjs
INFO: [ app_init ] --START--
INFO: Run Behavior\BuildLiteBehavior [ RunTime:0.000022s ]
INFO: [ app_init ] --END-- [ RunTime:0.016123s ]
ERR: 无法加载控制器:Src

[ 2015-05-01T11:05:58+08:00 ] 192.168.1.42 /PROD/IE2_2
INFO: [ app_init ] --START--
INFO: Run Behavior\BuildLiteBehavior [ RunTime:0.000023s ]
INFO: [ app_init ] --END-- [ RunTime:0.027579s ]

[ 2015-05-01T11:06:01+08:00 ] 192.168.1.42 /PROD/Silencer
INFO: [ app_init ] --START--
INFO: Run Behavior\BuildLiteBehavior [ RunTime:0.000027s ]
INFO: [ app_init ] --END-- [ RunTime:0.005518s ]

[ 2015-05-01T11:06:02+08:00 ] 192.168.1.42 /src/js/PRODjs
INFO: [ app_init ] --START--
INFO: Run Behavior\BuildLiteBehavior [ RunTime:0.000028s ]
INFO: [ app_init ] --END-- [ RunTime:0.005424s ]
ERR: 无法加载控制器:Src

[ 2015-05-01T11:06:10+08:00 ] 192.168.1.42 /PROD/IE2_1
INFO: [ app_init ] --START--
INFO: Run Behavior\BuildLiteBehavior [ RunTime:0.000023s ]
INFO: [ app_init ] --END-- [ RunTime:0.005514s ]

[ 2015-05-01T11:07:11+08:00 ] 192.168.1.42 /PROD/Silencer
INFO: [ app_init ] --START--
INFO: Run Behavior\BuildLiteBehavior [ RunTime:0.000027s ]
INFO: [ app_init ] --END-- [ RunTime:0.006217s ]

[ 2015-05-01T11:07:11+08:00 ] 192.168.1.42 /src/js/PRODjs
INFO: [ app_init ] --START--
INFO: Run Behavior\BuildLiteBehavior [ RunTime:0.000023s ]
INFO: [ app_init ] --END-- [ RunTime:0.005325s ]
ERR: 无法加载控制器:Src

[ 2015-05-01T11:08:29+08:00 ] 192.168.1.42 /PROD/Silencer
INFO: [ app_init ] --START--
INFO: Run Behavior\BuildLiteBehavior [ RunTime:0.000023s ]
INFO: [ app_init ] --END-- [ RunTime:0.005645s ]

[ 2015-05-01T11:08:30+08:00 ] 192.168.1.42 /src/js/PRODjs
INFO: [ app_init ] --START--
INFO: Run Behavior\BuildLiteBehavior [ RunTime:0.000027s ]
INFO: [ app_init ] --END-- [ RunTime:0.083329s ]
ERR: 无法加载控制器:Src

[ 2015-05-01T11:08:34+08:00 ] 192.168.1.42 /PROD/Filter
INFO: [ app_init ] --START--
INFO: Run Behavior\BuildLiteBehavior [ RunTime:0.000026s ]
INFO: [ app_init ] --END-- [ RunTime:0.005494s ]

[ 2015-05-01T11:09:49+08:00 ] 192.168.1.42 /PROD/IE2_1
INFO: [ app_init ] --START--
INFO: Run Behavior\BuildLiteBehavior [ RunTime:0.000023s ]
INFO: [ app_init ] --END-- [ RunTime:0.005470s ]

[ 2015-05-01T11:09:51+08:00 ] 192.168.1.42 /PROD/Filter
INFO: [ app_init ] --START--
INFO: Run Behavior\BuildLiteBehavior [ RunTime:0.000022s ]
INFO: [ app_init ] --END-- [ RunTime:0.005400s ]

[ 2015-05-01T11:09:55+08:00 ] 192.168.1.42 /PROD/Relief
INFO: [ app_init ] --START--
INFO: Run Behavior\BuildLiteBehavior [ RunTime:0.000029s ]
INFO: [ app_init ] --END-- [ RunTime:0.016756s ]

[ 2015-05-01T11:10:58+08:00 ] 192.168.1.42 /PROD/Filter
INFO: [ app_init ] --START--
INFO: Run Behavior\BuildLiteBehavior [ RunTime:0.000024s ]
INFO: [ app_init ] --END-- [ RunTime:0.005495s ]

[ 2015-05-01T11:12:37+08:00 ] 192.168.1.42 /PROD/Filter
INFO: [ app_init ] --START--
INFO: Run Behavior\BuildLiteBehavior [ RunTime:0.000027s ]
INFO: [ app_init ] --END-- [ RunTime:0.005456s ]

[ 2015-05-01T11:12:41+08:00 ] 192.168.1.42 /PROD/Inlet_Vacuum_Filter_content.php?type=2BX4%20083
INFO: [ app_init ] --START--
INFO: Run Behavior\BuildLiteBehavior [ RunTime:0.000024s ]
INFO: [ app_init ] --END-- [ RunTime:0.005364s ]
ERR: 非法操作:Inlet_Vacuum_Filter_content.php

[ 2015-05-01T11:12:45+08:00 ] 192.168.1.42 /PROD/Relief
INFO: [ app_init ] --START--
INFO: Run Behavior\BuildLiteBehavior [ RunTime:0.000025s ]
INFO: [ app_init ] --END-- [ RunTime:0.027890s ]

[ 2015-05-01T11:12:50+08:00 ] 192.168.1.42 /PROD/Relief
INFO: [ app_init ] --START--
INFO: Run Behavior\BuildLiteBehavior [ RunTime:0.000022s ]
INFO: [ app_init ] --END-- [ RunTime:0.005475s ]

[ 2015-05-01T11:12:53+08:00 ] 192.168.1.42 /PROD/Filter
INFO: [ app_init ] --START--
INFO: Run Behavior\BuildLiteBehavior [ RunTime:0.000026s ]
INFO: [ app_init ] --END-- [ RunTime:0.005551s ]

[ 2015-05-01T11:12:56+08:00 ] 192.168.1.42 /PROD/Relief
INFO: [ app_init ] --START--
INFO: Run Behavior\BuildLiteBehavior [ RunTime:0.000151s ]
INFO: [ app_init ] --END-- [ RunTime:0.028105s ]

[ 2015-05-01T11:13:20+08:00 ] 192.168.1.42 /PROD/Relief
INFO: [ app_init ] --START--
INFO: Run Behavior\BuildLiteBehavior [ RunTime:0.000028s ]
INFO: [ app_init ] --END-- [ RunTime:0.005599s ]

[ 2015-05-01T11:13:49+08:00 ] 192.168.1.42 /PROD/Relief
INFO: [ app_init ] --START--
INFO: Run Behavior\BuildLiteBehavior [ RunTime:0.000022s ]
INFO: [ app_init ] --END-- [ RunTime:0.005497s ]

[ 2015-05-01T11:14:15+08:00 ] 192.168.1.42 /PROD/Relief
INFO: [ app_init ] --START--
INFO: Run Behavior\BuildLiteBehavior [ RunTime:0.000026s ]
INFO: [ app_init ] --END-- [ RunTime:0.005405s ]

[ 2015-05-01T11:14:29+08:00 ] 192.168.1.42 /PROD/Relief
INFO: [ app_init ] --START--
INFO: Run Behavior\BuildLiteBehavior [ RunTime:0.000020s ]
INFO: [ app_init ] --END-- [ RunTime:0.005447s ]

[ 2015-05-01T11:14:36+08:00 ] 192.168.1.42 /PROD/2RB_1
INFO: [ app_init ] --START--
INFO: Run Behavior\BuildLiteBehavior [ RunTime:0.000022s ]
INFO: [ app_init ] --END-- [ RunTime:0.005698s ]

[ 2015-05-01T11:14:42+08:00 ] 192.168.1.42 /PROD/2RB_1
INFO: [ app_init ] --START--
INFO: Run Behavior\BuildLiteBehavior [ RunTime:0.000027s ]
INFO: [ app_init ] --END-- [ RunTime:0.005535s ]

[ 2015-05-01T11:14:44+08:00 ] 192.168.1.42 /PROD/2RB_2
INFO: [ app_init ] --START--
INFO: Run Behavior\BuildLiteBehavior [ RunTime:0.000026s ]
INFO: [ app_init ] --END-- [ RunTime:0.005618s ]

[ 2015-05-01T11:14:46+08:00 ] 192.168.1.42 /PROD/3RB_1
INFO: [ app_init ] --START--
INFO: Run Behavior\BuildLiteBehavior [ RunTime:0.000028s ]
INFO: [ app_init ] --END-- [ RunTime:0.038656s ]

[ 2015-05-01T11:14:50+08:00 ] 192.168.1.42 /PROD/3RB_1
INFO: [ app_init ] --START--
INFO: Run Behavior\BuildLiteBehavior [ RunTime:0.000021s ]
INFO: [ app_init ] --END-- [ RunTime:0.005448s ]

[ 2015-05-01T11:14:52+08:00 ] 192.168.1.42 /PROD/3RB_1
INFO: [ app_init ] --START--
INFO: Run Behavior\BuildLiteBehavior [ RunTime:0.000021s ]
INFO: [ app_init ] --END-- [ RunTime:0.005518s ]

[ 2015-05-01T11:14:55+08:00 ] 192.168.1.42 /PROD/3RB_2
INFO: [ app_init ] --START--
INFO: Run Behavior\BuildLiteBehavior [ RunTime:0.000022s ]
INFO: [ app_init ] --END-- [ RunTime:0.016718s ]

[ 2015-05-01T11:14:57+08:00 ] 192.168.1.42 /PROD/3RB_3
INFO: [ app_init ] --START--
INFO: Run Behavior\BuildLiteBehavior [ RunTime:0.000024s ]
INFO: [ app_init ] --END-- [ RunTime:0.038912s ]

[ 2015-05-01T11:15:06+08:00 ] 192.168.1.42 /PROD/2RB_1
INFO: [ app_init ] --START--
INFO: Run Behavior\BuildLiteBehavior [ RunTime:0.000028s ]
INFO: [ app_init ] --END-- [ RunTime:0.005723s ]

[ 2015-05-01T11:15:09+08:00 ] 192.168.1.42 /PROD/Side_Channel_Blower_2RB_Single_Stage_table.php?series=010
INFO: [ app_init ] --START--
INFO: Run Behavior\BuildLiteBehavior [ RunTime:0.000023s ]
INFO: [ app_init ] --END-- [ RunTime:0.005524s ]
ERR: 非法操作:Side_Channel_Blower_2RB_Single_Stage_table.php

[ 2015-05-01T11:18:35+08:00 ] 192.168.1.42 /PROD/2RB_1
INFO: [ app_init ] --START--
INFO: Run Behavior\BuildLiteBehavior [ RunTime:0.000024s ]
INFO: [ app_init ] --END-- [ RunTime:0.027649s ]

[ 2015-05-01T11:18:37+08:00 ] 192.168.1.42 /PROD/2RB_1
INFO: [ app_init ] --START--
INFO: Run Behavior\BuildLiteBehavior [ RunTime:0.000023s ]
INFO: [ app_init ] --END-- [ RunTime:0.005478s ]

[ 2015-05-01T11:18:39+08:00 ] 192.168.1.42 /PROD/2RB_1L?series=010
INFO: [ app_init ] --START--
INFO: Run Behavior\BuildLiteBehavior [ RunTime:0.000024s ]
INFO: [ app_init ] --END-- [ RunTime:0.050088s ]
ERR: 非法操作:2RB_1L

[ 2015-05-01T11:18:51+08:00 ] 192.168.1.42 /PROD/2RB_1L
INFO: [ app_init ] --START--
INFO: Run Behavior\BuildLiteBehavior [ RunTime:0.000022s ]
INFO: [ app_init ] --END-- [ RunTime:0.005453s ]
ERR: 非法操作:2RB_1L

[ 2015-05-01T11:18:55+08:00 ] 192.168.1.42 /PROD/2RB_1L
INFO: [ app_init ] --START--
INFO: Run Behavior\BuildLiteBehavior [ RunTime:0.000026s ]
INFO: [ app_init ] --END-- [ RunTime:0.005542s ]
ERR: 非法操作:2RB_1L

[ 2015-05-01T11:20:05+08:00 ] 192.168.1.42 /PROD/2RB_1L?series=010
INFO: [ app_init ] --START--
INFO: Run Behavior\BuildLiteBehavior [ RunTime:0.000024s ]
INFO: [ app_init ] --END-- [ RunTime:0.005572s ]

[ 2015-05-01T11:20:08+08:00 ] 192.168.1.42 /PROD/2RB_1L?series=010
INFO: [ app_init ] --START--
INFO: Run Behavior\BuildLiteBehavior [ RunTime:0.000026s ]
INFO: [ app_init ] --END-- [ RunTime:0.005572s ]

[ 2015-05-01T11:21:13+08:00 ] 192.168.1.42 /PROD/2RB_1L?series=010
INFO: [ app_init ] --START--
INFO: Run Behavior\BuildLiteBehavior [ RunTime:0.000028s ]
INFO: [ app_init ] --END-- [ RunTime:0.005440s ]

[ 2015-05-01T11:21:42+08:00 ] 192.168.1.42 /PROD/2RB_1L?series=010
INFO: [ app_init ] --START--
INFO: Run Behavior\BuildLiteBehavior [ RunTime:0.000022s ]
INFO: [ app_init ] --END-- [ RunTime:0.005524s ]

[ 2015-05-01T11:21:43+08:00 ] 192.168.1.42 /PROD/image/new.gif
INFO: [ app_init ] --START--
INFO: Run Behavior\BuildLiteBehavior [ RunTime:0.000026s ]
INFO: [ app_init ] --END-- [ RunTime:0.040052s ]

[ 2015-05-01T11:21:43+08:00 ] 192.168.1.42 /PROD/image/product_banner.png
INFO: [ app_init ] --START--
INFO: Run Behavior\BuildLiteBehavior [ RunTime:0.000031s ]
INFO: [ app_init ] --END-- [ RunTime:0.038607s ]

[ 2015-05-01T11:21:43+08:00 ] 192.168.1.42 /PROD/image/search_top.png
INFO: [ app_init ] --START--
INFO: Run Behavior\BuildLiteBehavior [ RunTime:0.000023s ]
INFO: [ app_init ] --END-- [ RunTime:0.037776s ]

[ 2015-05-01T11:21:44+08:00 ] 192.168.1.42 /PROD/image/search.gif
INFO: [ app_init ] --START--
INFO: Run Behavior\BuildLiteBehavior [ RunTime:0.000023s ]
INFO: [ app_init ] --END-- [ RunTime:0.005379s ]

[ 2015-05-01T11:22:17+08:00 ] 192.168.1.42 /PROD/2RB_1L?series=010
INFO: [ app_init ] --START--
INFO: Run Behavior\BuildLiteBehavior [ RunTime:0.000022s ]
INFO: [ app_init ] --END-- [ RunTime:0.005500s ]

[ 2015-05-01T11:22:18+08:00 ] 192.168.1.42 /PROD/image/new.gif
INFO: [ app_init ] --START--
INFO: Run Behavior\BuildLiteBehavior [ RunTime:0.000023s ]
INFO: [ app_init ] --END-- [ RunTime:0.005343s ]

[ 2015-05-01T11:22:18+08:00 ] 192.168.1.42 /PROD/image/search_top.png
INFO: [ app_init ] --START--
INFO: Run Behavior\BuildLiteBehavior [ RunTime:0.000024s ]
INFO: [ app_init ] --END-- [ RunTime:0.006175s ]

[ 2015-05-01T11:22:18+08:00 ] 192.168.1.42 /PROD/image/search.gif
INFO: [ app_init ] --START--
INFO: Run Behavior\BuildLiteBehavior [ RunTime:0.000027s ]
INFO: [ app_init ] --END-- [ RunTime:0.005369s ]

[ 2015-05-01T11:22:18+08:00 ] 192.168.1.42 /PROD/image/product_banner.png
INFO: [ app_init ] --START--
INFO: Run Behavior\BuildLiteBehavior [ RunTime:0.000028s ]
INFO: [ app_init ] --END-- [ RunTime:0.005511s ]

[ 2015-05-01T11:22:18+08:00 ] 192.168.1.42 /PROD/image/search.gif
INFO: [ app_init ] --START--
INFO: Run Behavior\BuildLiteBehavior [ RunTime:0.000022s ]
INFO: [ app_init ] --END-- [ RunTime:0.005503s ]

[ 2015-05-01T11:22:22+08:00 ] 192.168.1.42 /PROD/Side_Channel_Blower_3RB_Single_Stage.php
INFO: [ app_init ] --START--
INFO: Run Behavior\BuildLiteBehavior [ RunTime:0.000027s ]
INFO: [ app_init ] --END-- [ RunTime:0.027864s ]
ERR: 非法操作:Side_Channel_Blower_3RB_Single_Stage.php

[ 2015-05-01T11:22:25+08:00 ] 192.168.1.42 /PROD/image/search.gif
INFO: [ app_init ] --START--
INFO: Run Behavior\BuildLiteBehavior [ RunTime:0.000026s ]
INFO: [ app_init ] --END-- [ RunTime:0.005562s ]

[ 2015-05-01T11:24:05+08:00 ] 192.168.1.42 /PROD/Relief
INFO: [ app_init ] --START--
INFO: Run Behavior\BuildLiteBehavior [ RunTime:0.000022s ]
INFO: [ app_init ] --END-- [ RunTime:0.005394s ]

[ 2015-05-01T11:24:11+08:00 ] 192.168.1.42 /PROD/2RB_1
INFO: [ app_init ] --START--
INFO: Run Behavior\BuildLiteBehavior [ RunTime:0.000024s ]
INFO: [ app_init ] --END-- [ RunTime:0.061121s ]

[ 2015-05-01T11:24:19+08:00 ] 192.168.1.42 /PROD/Silencer
INFO: [ app_init ] --START--
INFO: Run Behavior\BuildLiteBehavior [ RunTime:0.000023s ]
INFO: [ app_init ] --END-- [ RunTime:0.005555s ]

[ 2015-05-01T11:24:19+08:00 ] 192.168.1.42 /src/js/PRODjs
INFO: [ app_init ] --START--
INFO: Run Behavior\BuildLiteBehavior [ RunTime:0.000026s ]
INFO: [ app_init ] --END-- [ RunTime:0.005579s ]
ERR: 无法加载控制器:Src

[ 2015-05-01T11:24:27+08:00 ] 192.168.1.42 /PROD/2RB_1
INFO: [ app_init ] --START--
INFO: Run Behavior\BuildLiteBehavior [ RunTime:0.000026s ]
INFO: [ app_init ] --END-- [ RunTime:0.005629s ]

[ 2015-05-01T11:24:29+08:00 ] 192.168.1.42 /PROD/2RB_1L?series=010
INFO: [ app_init ] --START--
INFO: Run Behavior\BuildLiteBehavior [ RunTime:0.000024s ]
INFO: [ app_init ] --END-- [ RunTime:0.005572s ]

[ 2015-05-01T11:24:29+08:00 ] 192.168.1.42 /PROD/image/search_top.png
INFO: [ app_init ] --START--
INFO: Run Behavior\BuildLiteBehavior [ RunTime:0.000028s ]
INFO: [ app_init ] --END-- [ RunTime:0.038492s ]

[ 2015-05-01T11:24:29+08:00 ] 192.168.1.42 /PROD/image/new.gif
INFO: [ app_init ] --START--
INFO: Run Behavior\BuildLiteBehavior [ RunTime:0.000027s ]
INFO: [ app_init ] --END-- [ RunTime:0.038947s ]

[ 2015-05-01T11:24:29+08:00 ] 192.168.1.42 /PROD/image/product_banner.png
INFO: [ app_init ] --START--
INFO: Run Behavior\BuildLiteBehavior [ RunTime:0.000022s ]
INFO: [ app_init ] --END-- [ RunTime:0.039099s ]

[ 2015-05-01T11:24:29+08:00 ] 192.168.1.42 /PROD/image/search.gif
INFO: [ app_init ] --START--
INFO: Run Behavior\BuildLiteBehavior [ RunTime:0.000026s ]
INFO: [ app_init ] --END-- [ RunTime:0.039704s ]

[ 2015-05-01T11:24:29+08:00 ] 192.168.1.42 /PROD/image/search.gif
INFO: [ app_init ] --START--
INFO: Run Behavior\BuildLiteBehavior [ RunTime:0.000027s ]
INFO: [ app_init ] --END-- [ RunTime:0.005618s ]

[ 2015-05-01T13:02:16+08:00 ] 192.168.1.42 /
INFO: [ app_init ] --START--
INFO: Run Behavior\BuildLiteBehavior [ RunTime:0.000024s ]
INFO: [ app_init ] --END-- [ RunTime:0.029851s ]

[ 2015-05-01T13:02:16+08:00 ] 192.168.1.42 /
INFO: [ app_init ] --START--
INFO: Run Behavior\BuildLiteBehavior [ RunTime:0.000020s ]
INFO: [ app_init ] --END-- [ RunTime:0.000645s ]

[ 2015-05-01T13:02:17+08:00 ] 192.168.1.42 /font.swf
INFO: [ app_init ] --START--
INFO: Run Behavior\BuildLiteBehavior [ RunTime:0.000019s ]
INFO: [ app_init ] --END-- [ RunTime:0.000755s ]
ERR: 无法加载控制器:Font.swf

[ 2015-05-01T13:02:22+08:00 ] 192.168.1.42 /PROD/2RB_1
INFO: [ app_init ] --START--
INFO: Run Behavior\BuildLiteBehavior [ RunTime:0.000027s ]
INFO: [ app_init ] --END-- [ RunTime:0.000995s ]

[ 2015-05-01T13:02:22+08:00 ] 192.168.1.42 /PROD/favicon.ico
INFO: [ app_init ] --START--
INFO: Run Behavior\BuildLiteBehavior [ RunTime:0.000022s ]
INFO: [ app_init ] --END-- [ RunTime:0.000653s ]

[ 2015-05-01T13:02:26+08:00 ] 192.168.1.42 /PROD/Filter
INFO: [ app_init ] --START--
INFO: Run Behavior\BuildLiteBehavior [ RunTime:0.000032s ]
INFO: [ app_init ] --END-- [ RunTime:0.001914s ]

[ 2015-05-01T13:02:31+08:00 ] 192.168.1.42 /PROD/Relief
INFO: [ app_init ] --START--
INFO: Run Behavior\BuildLiteBehavior [ RunTime:0.000019s ]
INFO: [ app_init ] --END-- [ RunTime:0.000594s ]

[ 2015-05-01T13:02:35+08:00 ] 192.168.1.42 /PROD/Silencer
INFO: [ app_init ] --START--
INFO: Run Behavior\BuildLiteBehavior [ RunTime:0.000021s ]
INFO: [ app_init ] --END-- [ RunTime:0.000790s ]

[ 2015-05-01T13:02:35+08:00 ] 192.168.1.42 /src/js/PRODjs
INFO: [ app_init ] --START--
INFO: Run Behavior\BuildLiteBehavior [ RunTime:0.000029s ]
INFO: [ app_init ] --END-- [ RunTime:0.001963s ]
ERR: 无法加载控制器:Src

[ 2015-05-01T13:02:40+08:00 ] 192.168.1.42 /PROD/2RB_1
INFO: [ app_init ] --START--
INFO: Run Behavior\BuildLiteBehavior [ RunTime:0.000019s ]
INFO: [ app_init ] --END-- [ RunTime:0.000568s ]

[ 2015-05-01T13:02:49+08:00 ] 192.168.1.42 /PROD/2RB_1L?series=010
INFO: [ app_init ] --START--
INFO: Run Behavior\BuildLiteBehavior [ RunTime:0.000026s ]
INFO: [ app_init ] --END-- [ RunTime:0.001181s ]

[ 2015-05-01T13:02:49+08:00 ] 192.168.1.42 /PROD/image/product_banner.png
INFO: [ app_init ] --START--
INFO: Run Behavior\BuildLiteBehavior [ RunTime:0.000027s ]
INFO: [ app_init ] --END-- [ RunTime:0.000856s ]

[ 2015-05-01T13:02:55+08:00 ] 192.168.1.42 /PROD/2RB_1
INFO: [ app_init ] --START--
INFO: Run Behavior\BuildLiteBehavior [ RunTime:0.000026s ]
INFO: [ app_init ] --END-- [ RunTime:0.000760s ]

[ 2015-05-01T13:02:57+08:00 ] 192.168.1.42 /PROD/2RB_1L?series=010
INFO: [ app_init ] --START--
INFO: Run Behavior\BuildLiteBehavior [ RunTime:0.000027s ]
INFO: [ app_init ] --END-- [ RunTime:0.000865s ]

[ 2015-05-01T13:02:57+08:00 ] 192.168.1.42 /PROD/image/product_banner.png
INFO: [ app_init ] --START--
INFO: Run Behavior\BuildLiteBehavior [ RunTime:0.000027s ]
INFO: [ app_init ] --END-- [ RunTime:0.003305s ]

[ 2015-05-01T14:55:23+08:00 ] 192.168.1.42 /PROD/2RB_1L?series=010
INFO: [ app_init ] --START--
INFO: Run Behavior\BuildLiteBehavior [ RunTime:0.000033s ]
INFO: [ app_init ] --END-- [ RunTime:0.001348s ]

[ 2015-05-01T14:55:23+08:00 ] 192.168.1.42 /PROD/image/product_banner.png
INFO: [ app_init ] --START--
INFO: Run Behavior\BuildLiteBehavior [ RunTime:0.000033s ]
INFO: [ app_init ] --END-- [ RunTime:0.020545s ]

[ 2015-05-01T14:57:19+08:00 ] 192.168.1.42 /PROD/2RB_1L?series=010
INFO: [ app_init ] --START--
INFO: Run Behavior\BuildLiteBehavior [ RunTime:0.000026s ]
INFO: [ app_init ] --END-- [ RunTime:0.000813s ]

[ 2015-05-01T14:57:53+08:00 ] 192.168.1.42 /PROD/2RB_1L?series=010
INFO: [ app_init ] --START--
INFO: Run Behavior\BuildLiteBehavior [ RunTime:0.000019s ]
INFO: [ app_init ] --END-- [ RunTime:0.000604s ]

[ 2015-05-01T14:58:47+08:00 ] 192.168.1.42 /PROD/2RB_1L?series=010
INFO: [ app_init ] --START--
INFO: Run Behavior\BuildLiteBehavior [ RunTime:0.000019s ]
INFO: [ app_init ] --END-- [ RunTime:0.000626s ]

[ 2015-05-01T15:02:03+08:00 ] 192.168.1.42 /PROD/2RB_1L?series=010
INFO: [ app_init ] --START--
INFO: Run Behavior\BuildLiteBehavior [ RunTime:0.000019s ]
INFO: [ app_init ] --END-- [ RunTime:0.000609s ]

[ 2015-05-01T15:08:53+08:00 ] 192.168.1.42 /PROD/2RB_1
INFO: [ app_init ] --START--
INFO: Run Behavior\BuildLiteBehavior [ RunTime:0.000020s ]
INFO: [ app_init ] --END-- [ RunTime:0.001062s ]

[ 2015-05-01T15:08:55+08:00 ] 192.168.1.42 /PROD/
INFO: [ app_init ] --START--
INFO: Run Behavior\BuildLiteBehavior [ RunTime:0.000018s ]
INFO: [ app_init ] --END-- [ RunTime:0.000539s ]

[ 2015-05-01T15:09:00+08:00 ] 192.168.1.42 /
INFO: [ app_init ] --START--
INFO: Run Behavior\BuildLiteBehavior [ RunTime:0.000027s ]
INFO: [ app_init ] --END-- [ RunTime:0.000784s ]

[ 2015-05-01T15:09:00+08:00 ] 192.168.1.42 /font.swf
INFO: [ app_init ] --START--
INFO: Run Behavior\BuildLiteBehavior [ RunTime:0.000018s ]
INFO: [ app_init ] --END-- [ RunTime:0.000562s ]
ERR: 无法加载控制器:Font.swf

[ 2015-05-01T15:09:03+08:00 ] 192.168.1.42 /PROD/2RB_1
INFO: [ app_init ] --START--
INFO: Run Behavior\BuildLiteBehavior [ RunTime:0.000020s ]
INFO: [ app_init ] --END-- [ RunTime:0.000713s ]

[ 2015-05-01T15:09:48+08:00 ] 192.168.1.42 /font.swf
INFO: [ app_init ] --START--
INFO: Run Behavior\BuildLiteBehavior [ RunTime:0.000027s ]
INFO: [ app_init ] --END-- [ RunTime:0.000800s ]
ERR: 无法加载控制器:Font.swf

[ 2015-05-01T15:09:49+08:00 ] 192.168.1.42 /
INFO: [ app_init ] --START--
INFO: Run Behavior\BuildLiteBehavior [ RunTime:0.000026s ]
INFO: [ app_init ] --END-- [ RunTime:0.000751s ]

[ 2015-05-01T15:09:49+08:00 ] 192.168.1.42 /font.swf
INFO: [ app_init ] --START--
INFO: Run Behavior\BuildLiteBehavior [ RunTime:0.000019s ]
INFO: [ app_init ] --END-- [ RunTime:0.000554s ]
ERR: 无法加载控制器:Font.swf

[ 2015-05-01T15:09:51+08:00 ] 192.168.1.42 /PROD/_2RB_1
INFO: [ app_init ] --START--
INFO: Run Behavior\BuildLiteBehavior [ RunTime:0.000026s ]
INFO: [ app_init ] --END-- [ RunTime:0.000968s ]

[ 2015-05-01T15:10:04+08:00 ] 192.168.1.42 /PROD/_2RB_1
INFO: [ app_init ] --START--
INFO: Run Behavior\BuildLiteBehavior [ RunTime:0.000024s ]
INFO: [ app_init ] --END-- [ RunTime:0.000613s ]

[ 2015-05-01T15:10:04+08:00 ] 192.168.1.42 /PROD/_2RB_1
INFO: [ app_init ] --START--
INFO: Run Behavior\BuildLiteBehavior [ RunTime:0.000028s ]
INFO: [ app_init ] --END-- [ RunTime:0.000959s ]

[ 2015-05-01T15:10:04+08:00 ] 192.168.1.42 /PROD/_2RB_1
INFO: [ app_init ] --START--
INFO: Run Behavior\BuildLiteBehavior [ RunTime:0.000032s ]
INFO: [ app_init ] --END-- [ RunTime:0.000878s ]

[ 2015-05-01T15:10:04+08:00 ] 192.168.1.42 /PROD/_2RB_1
INFO: [ app_init ] --START--
INFO: Run Behavior\BuildLiteBehavior [ RunTime:0.000028s ]
INFO: [ app_init ] --END-- [ RunTime:0.000812s ]

[ 2015-05-01T15:10:04+08:00 ] 192.168.1.42 /PROD/_2RB_1
INFO: [ app_init ] --START--
INFO: Run Behavior\BuildLiteBehavior [ RunTime:0.000029s ]
INFO: [ app_init ] --END-- [ RunTime:0.001004s ]

[ 2015-05-01T15:10:04+08:00 ] 192.168.1.42 /PROD/_2RB_1
INFO: [ app_init ] --START--
INFO: Run Behavior\BuildLiteBehavior [ RunTime:0.000028s ]
INFO: [ app_init ] --END-- [ RunTime:0.000835s ]

[ 2015-05-01T15:10:05+08:00 ] 192.168.1.42 /PROD/_2RB_1
INFO: [ app_init ] --START--
INFO: Run Behavior\BuildLiteBehavior [ RunTime:0.000021s ]
INFO: [ app_init ] --END-- [ RunTime:0.000756s ]

[ 2015-05-01T15:10:05+08:00 ] 192.168.1.42 /PROD/_2RB_1
INFO: [ app_init ] --START--
INFO: Run Behavior\BuildLiteBehavior [ RunTime:0.000027s ]
INFO: [ app_init ] --END-- [ RunTime:0.000862s ]

[ 2015-05-01T15:10:05+08:00 ] 192.168.1.42 /PROD/_2RB_1
INFO: [ app_init ] --START--
INFO: Run Behavior\BuildLiteBehavior [ RunTime:0.000057s ]
INFO: [ app_init ] --END-- [ RunTime:0.006245s ]

[ 2015-05-01T15:10:05+08:00 ] 192.168.1.42 /PROD/_2RB_1
INFO: [ app_init ] --START--
INFO: Run Behavior\BuildLiteBehavior [ RunTime:0.000024s ]
INFO: [ app_init ] --END-- [ RunTime:0.000702s ]

[ 2015-05-01T15:10:06+08:00 ] 192.168.1.42 /PROD/_2RB_1
INFO: [ app_init ] --START--
INFO: Run Behavior\BuildLiteBehavior [ RunTime:0.000027s ]
INFO: [ app_init ] --END-- [ RunTime:0.000863s ]

[ 2015-05-01T15:10:06+08:00 ] 192.168.1.42 /PROD/_2RB_1
INFO: [ app_init ] --START--
INFO: Run Behavior\BuildLiteBehavior [ RunTime:0.000028s ]
INFO: [ app_init ] --END-- [ RunTime:0.000849s ]

[ 2015-05-01T15:10:06+08:00 ] 192.168.1.42 /PROD/_2RB_1
INFO: [ app_init ] --START--
INFO: Run Behavior\BuildLiteBehavior [ RunTime:0.000030s ]
INFO: [ app_init ] --END-- [ RunTime:0.001228s ]

[ 2015-05-01T15:10:06+08:00 ] 192.168.1.42 /PROD/_2RB_1
INFO: [ app_init ] --START--
INFO: Run Behavior\BuildLiteBehavior [ RunTime:0.000025s ]
INFO: [ app_init ] --END-- [ RunTime:0.001072s ]

[ 2015-05-01T15:10:24+08:00 ] 192.168.1.42 /PROD/_2RB_1
INFO: [ app_init ] --START--
INFO: Run Behavior\BuildLiteBehavior [ RunTime:0.000024s ]
INFO: [ app_init ] --END-- [ RunTime:0.000756s ]

[ 2015-05-01T15:10:27+08:00 ] 192.168.1.42 /PROD/2RB_1L?series=010
INFO: [ app_init ] --START--
INFO: Run Behavior\BuildLiteBehavior [ RunTime:0.000026s ]
INFO: [ app_init ] --END-- [ RunTime:0.000891s ]
ERR: 非法操作:2RB_1L

[ 2015-05-01T15:11:30+08:00 ] 192.168.1.42 /PROD/2RB_1L?series=010
INFO: [ app_init ] --START--
INFO: Run Behavior\BuildLiteBehavior [ RunTime:0.000019s ]
INFO: [ app_init ] --END-- [ RunTime:0.000580s ]
ERR: 非法操作:2RB_1L

[ 2015-05-01T15:13:06+08:00 ] 192.168.1.42 /
INFO: [ app_init ] --START--
INFO: Run Behavior\BuildLiteBehavior [ RunTime:0.000024s ]
INFO: [ app_init ] --END-- [ RunTime:0.000754s ]

[ 2015-05-01T15:13:06+08:00 ] 192.168.1.42 /font.swf
INFO: [ app_init ] --START--
INFO: Run Behavior\BuildLiteBehavior [ RunTime:0.000018s ]
INFO: [ app_init ] --END-- [ RunTime:0.000558s ]
ERR: 无法加载控制器:Font.swf

[ 2015-05-01T15:13:07+08:00 ] 192.168.1.42 /PROD/_2RB_1
INFO: [ app_init ] --START--
INFO: Run Behavior\BuildLiteBehavior [ RunTime:0.000019s ]
INFO: [ app_init ] --END-- [ RunTime:0.000564s ]

[ 2015-05-01T15:13:09+08:00 ] 192.168.1.42 /PROD/_2RBList?series=010
INFO: [ app_init ] --START--
INFO: Run Behavior\BuildLiteBehavior [ RunTime:0.000026s ]
INFO: [ app_init ] --END-- [ RunTime:0.003427s ]

[ 2015-05-01T15:13:30+08:00 ] 192.168.1.42 /PROD/_2RBList?series=010
INFO: [ app_init ] --START--
INFO: Run Behavior\BuildLiteBehavior [ RunTime:0.000023s ]
INFO: [ app_init ] --END-- [ RunTime:0.000690s ]

[ 2015-05-01T15:19:54+08:00 ] 192.168.1.42 /PROD/_2RB_1
INFO: [ app_init ] --START--
INFO: Run Behavior\BuildLiteBehavior [ RunTime:0.000020s ]
INFO: [ app_init ] --END-- [ RunTime:0.000614s ]

[ 2015-05-01T15:19:56+08:00 ] 192.168.1.42 /PROD/_2RBList?series=010
INFO: [ app_init ] --START--
INFO: Run Behavior\BuildLiteBehavior [ RunTime:0.000028s ]
INFO: [ app_init ] --END-- [ RunTime:0.002523s ]

[ 2015-05-01T15:20:27+08:00 ] 192.168.1.42 /PROD/_2RBList?series=010
INFO: [ app_init ] --START--
INFO: Run Behavior\BuildLiteBehavior [ RunTime:0.000023s ]
INFO: [ app_init ] --END-- [ RunTime:0.000684s ]

[ 2015-05-01T15:20:52+08:00 ] 192.168.1.42 /PROD/_2RBList?series=010
INFO: [ app_init ] --START--
INFO: Run Behavior\BuildLiteBehavior [ RunTime:0.000028s ]
INFO: [ app_init ] --END-- [ RunTime:0.000855s ]

[ 2015-05-01T15:21:14+08:00 ] 192.168.1.42 /PROD/_2RBList?series=010
INFO: [ app_init ] --START--
INFO: Run Behavior\BuildLiteBehavior [ RunTime:0.000020s ]
INFO: [ app_init ] --END-- [ RunTime:0.000625s ]

[ 2015-05-01T15:21:20+08:00 ] 192.168.1.42 /PROD/_2RBList?series=010
INFO: [ app_init ] --START--
INFO: Run Behavior\BuildLiteBehavior [ RunTime:0.000027s ]
INFO: [ app_init ] --END-- [ RunTime:0.000908s ]

[ 2015-05-01T15:21:37+08:00 ] 192.168.1.42 /PROD/_2RBList?series=010
INFO: [ app_init ] --START--
INFO: Run Behavior\BuildLiteBehavior [ RunTime:0.000026s ]
INFO: [ app_init ] --END-- [ RunTime:0.000787s ]

[ 2015-05-01T15:21:38+08:00 ] 192.168.1.42 /PROD/_2RBList?series=010
INFO: [ app_init ] --START--
INFO: Run Behavior\BuildLiteBehavior [ RunTime:0.000027s ]
INFO: [ app_init ] --END-- [ RunTime:0.000913s ]

[ 2015-05-01T15:21:38+08:00 ] 192.168.1.42 /PROD/_2RBList?series=010
INFO: [ app_init ] --START--
INFO: Run Behavior\BuildLiteBehavior [ RunTime:0.000020s ]
INFO: [ app_init ] --END-- [ RunTime:0.000631s ]

[ 2015-05-01T15:21:39+08:00 ] 192.168.1.42 /PROD/_2RBList?series=010
INFO: [ app_init ] --START--
INFO: Run Behavior\BuildLiteBehavior [ RunTime:0.000027s ]
INFO: [ app_init ] --END-- [ RunTime:0.000805s ]

[ 2015-05-01T15:21:39+08:00 ] 192.168.1.42 /PROD/_2RBList?series=010
INFO: [ app_init ] --START--
INFO: Run Behavior\BuildLiteBehavior [ RunTime:0.000028s ]
INFO: [ app_init ] --END-- [ RunTime:0.000607s ]

[ 2015-05-01T15:21:40+08:00 ] 192.168.1.42 /PROD/_2RBList?series=010
INFO: [ app_init ] --START--
INFO: Run Behavior\BuildLiteBehavior [ RunTime:0.000019s ]
INFO: [ app_init ] --END-- [ RunTime:0.000571s ]

[ 2015-05-01T15:21:40+08:00 ] 192.168.1.42 /PROD/_2RBList?series=010
INFO: [ app_init ] --START--
INFO: Run Behavior\BuildLiteBehavior [ RunTime:0.000025s ]
INFO: [ app_init ] --END-- [ RunTime:0.000755s ]

[ 2015-05-01T15:22:04+08:00 ] 192.168.1.42 /PROD/_2RBList
INFO: [ app_init ] --START--
INFO: Run Behavior\BuildLiteBehavior [ RunTime:0.000025s ]
INFO: [ app_init ] --END-- [ RunTime:0.000624s ]

[ 2015-05-01T15:22:09+08:00 ] 192.168.1.42 /PROD/_2RBList
INFO: [ app_init ] --START--
INFO: Run Behavior\BuildLiteBehavior [ RunTime:0.000024s ]
INFO: [ app_init ] --END-- [ RunTime:0.000639s ]

[ 2015-05-01T15:22:13+08:00 ] 192.168.1.42 /PROD/_2RB_1
INFO: [ app_init ] --START--
INFO: Run Behavior\BuildLiteBehavior [ RunTime:0.000024s ]
INFO: [ app_init ] --END-- [ RunTime:0.000636s ]

[ 2015-05-01T15:22:16+08:00 ] 192.168.1.42 /PROD/_2RB_1
INFO: [ app_init ] --START--
INFO: Run Behavior\BuildLiteBehavior [ RunTime:0.000026s ]
INFO: [ app_init ] --END-- [ RunTime:0.000686s ]

[ 2015-05-01T15:22:18+08:00 ] 192.168.1.42 /PROD/_2RBList?series=010
INFO: [ app_init ] --START--
INFO: Run Behavior\BuildLiteBehavior [ RunTime:0.000027s ]
INFO: [ app_init ] --END-- [ RunTime:0.000691s ]

[ 2015-05-01T15:22:51+08:00 ] 192.168.1.42 /PROD/_2RBList
INFO: [ app_init ] --START--
INFO: Run Behavior\BuildLiteBehavior [ RunTime:0.000019s ]
INFO: [ app_init ] --END-- [ RunTime:0.000502s ]

[ 2015-05-01T15:23:10+08:00 ] 192.168.1.42 /PROD/_2RBList
INFO: [ app_init ] --START--
INFO: Run Behavior\BuildLiteBehavior [ RunTime:0.000019s ]
INFO: [ app_init ] --END-- [ RunTime:0.000490s ]
ERR: 非法操作:_2RBList

[ 2015-05-01T15:23:31+08:00 ] 192.168.1.42 /PROD/_2RBList
INFO: [ app_init ] --START--
INFO: Run Behavior\BuildLiteBehavior [ RunTime:0.000019s ]
INFO: [ app_init ] --END-- [ RunTime:0.000547s ]
ERR: 非法操作:_2RBList

[ 2015-05-01T15:23:32+08:00 ] 192.168.1.42 /PROD/_2RBList
INFO: [ app_init ] --START--
INFO: Run Behavior\BuildLiteBehavior [ RunTime:0.000019s ]
INFO: [ app_init ] --END-- [ RunTime:0.000490s ]
ERR: 非法操作:_2RBList

[ 2015-05-01T15:23:32+08:00 ] 192.168.1.42 /PROD/_2RBList
INFO: [ app_init ] --START--
INFO: Run Behavior\BuildLiteBehavior [ RunTime:0.000025s ]
INFO: [ app_init ] --END-- [ RunTime:0.000704s ]
ERR: 非法操作:_2RBList

[ 2015-05-01T15:23:32+08:00 ] 192.168.1.42 /PROD/_2RBList
INFO: [ app_init ] --START--
INFO: Run Behavior\BuildLiteBehavior [ RunTime:0.000030s ]
INFO: [ app_init ] --END-- [ RunTime:0.000777s ]
ERR: 非法操作:_2RBList

[ 2015-05-01T15:23:33+08:00 ] 192.168.1.42 /PROD/_2RBList
INFO: [ app_init ] --START--
INFO: Run Behavior\BuildLiteBehavior [ RunTime:0.000028s ]
INFO: [ app_init ] --END-- [ RunTime:0.000775s ]
ERR: 非法操作:_2RBList

[ 2015-05-01T15:23:59+08:00 ] 192.168.1.42 /index.php/Home/PROD/_2RBList
INFO: [ app_init ] --START--
INFO: Run Behavior\BuildLiteBehavior [ RunTime:0.000020s ]
INFO: [ app_init ] --END-- [ RunTime:0.000753s ]
ERR: 非法操作:_2RBList

[ 2015-05-01T15:24:42+08:00 ] 192.168.1.42 /index.php/Home/PROD/test
INFO: [ app_init ] --START--
INFO: Run Behavior\BuildLiteBehavior [ RunTime:0.000026s ]
INFO: [ app_init ] --END-- [ RunTime:0.000877s ]

[ 2015-05-01T15:26:29+08:00 ] 192.168.1.42 /index.php/Home/PROD/get2RBList
INFO: [ app_init ] --START--
INFO: Run Behavior\BuildLiteBehavior [ RunTime:0.000019s ]
INFO: [ app_init ] --END-- [ RunTime:0.000538s ]

[ 2015-05-01T15:28:10+08:00 ] 192.168.1.42 /PROD/_2RB_1
INFO: [ app_init ] --START--
INFO: Run Behavior\BuildLiteBehavior [ RunTime:0.000023s ]
INFO: [ app_init ] --END-- [ RunTime:0.000613s ]

[ 2015-05-01T15:29:17+08:00 ] 192.168.1.42 /PROD/_2RB_1
INFO: [ app_init ] --START--
INFO: Run Behavior\BuildLiteBehavior [ RunTime:0.000025s ]
INFO: [ app_init ] --END-- [ RunTime:0.000574s ]

[ 2015-05-01T15:29:18+08:00 ] 192.168.1.42 /PROD/2RB_1
INFO: [ app_init ] --START--
INFO: Run Behavior\BuildLiteBehavior [ RunTime:0.000019s ]
INFO: [ app_init ] --END-- [ RunTime:0.000533s ]
ERR: 非法操作:2RB_1

[ 2015-05-01T15:29:22+08:00 ] 192.168.1.42 /PROD/get2RBList?series=010
INFO: [ app_init ] --START--
INFO: Run Behavior\BuildLiteBehavior [ RunTime:0.000027s ]
INFO: [ app_init ] --END-- [ RunTime:0.001295s ]

[ 2015-05-01T15:32:09+08:00 ] 192.168.1.42 /PROD/get2RBList?series=010
INFO: [ app_init ] --START--
INFO: Run Behavior\BuildLiteBehavior [ RunTime:0.000019s ]
INFO: [ app_init ] --END-- [ RunTime:0.000543s ]

[ 2015-05-01T15:33:40+08:00 ] 192.168.1.42 /PROD/get2RBList?series=010
INFO: [ app_init ] --START--
INFO: Run Behavior\BuildLiteBehavior [ RunTime:0.000026s ]
INFO: [ app_init ] --END-- [ RunTime:0.000719s ]

[ 2015-05-01T15:34:06+08:00 ] 192.168.1.42 /PROD/get2RBList?series=010
INFO: [ app_init ] --START--
INFO: Run Behavior\BuildLiteBehavior [ RunTime:0.000019s ]
INFO: [ app_init ] --END-- [ RunTime:0.000565s ]

[ 2015-05-01T15:36:59+08:00 ] 192.168.1.42 /PROD/get2RBList?series=010
INFO: [ app_init ] --START--
INFO: Run Behavior\BuildLiteBehavior [ RunTime:0.000021s ]
INFO: [ app_init ] --END-- [ RunTime:0.000838s ]

[ 2015-05-01T15:38:36+08:00 ] 192.168.1.42 /PROD/get2RBList?series=010
INFO: [ app_init ] --START--
INFO: Run Behavior\BuildLiteBehavior [ RunTime:0.000020s ]
INFO: [ app_init ] --END-- [ RunTime:0.000696s ]

[ 2015-05-01T15:38:49+08:00 ] 192.168.1.42 /PROD/get2RBList?series=010
INFO: [ app_init ] --START--
INFO: Run Behavior\BuildLiteBehavior [ RunTime:0.000019s ]
INFO: [ app_init ] --END-- [ RunTime:0.000535s ]

[ 2015-05-01T15:38:57+08:00 ] 192.168.1.42 /PROD/get2RBList?series=010
INFO: [ app_init ] --START--
INFO: Run Behavior\BuildLiteBehavior [ RunTime:0.000019s ]
INFO: [ app_init ] --END-- [ RunTime:0.000477s ]

[ 2015-05-01T15:43:05+08:00 ] 192.168.1.42 /PROD/get2RBList?series=010
INFO: [ app_init ] --START--
INFO: Run Behavior\BuildLiteBehavior [ RunTime:0.000026s ]
INFO: [ app_init ] --END-- [ RunTime:0.000779s ]

[ 2015-05-01T15:44:04+08:00 ] 192.168.1.42 /PROD/get2RBList?series=010
INFO: [ app_init ] --START--
INFO: Run Behavior\BuildLiteBehavior [ RunTime:0.000024s ]
INFO: [ app_init ] --END-- [ RunTime:0.001039s ]

[ 2015-05-01T15:44:21+08:00 ] 192.168.1.42 /PROD/get2RBList?series=010
INFO: [ app_init ] --START--
INFO: Run Behavior\BuildLiteBehavior [ RunTime:0.000019s ]
INFO: [ app_init ] --END-- [ RunTime:0.000537s ]

[ 2015-05-01T15:44:37+08:00 ] 192.168.1.42 /PROD/get2RBList?series=010
INFO: [ app_init ] --START--
INFO: Run Behavior\BuildLiteBehavior [ RunTime:0.000029s ]
INFO: [ app_init ] --END-- [ RunTime:0.000762s ]

[ 2015-05-01T15:44:58+08:00 ] 192.168.1.42 /PROD/get2RBList?series=010
INFO: [ app_init ] --START--
INFO: Run Behavior\BuildLiteBehavior [ RunTime:0.000025s ]
INFO: [ app_init ] --END-- [ RunTime:0.000641s ]

[ 2015-05-01T15:45:17+08:00 ] 192.168.1.42 /PROD/get2RBList?series=010
INFO: [ app_init ] --START--
INFO: Run Behavior\BuildLiteBehavior [ RunTime:0.000020s ]
INFO: [ app_init ] --END-- [ RunTime:0.000695s ]

[ 2015-05-01T15:46:09+08:00 ] 192.168.1.42 /PROD/get2RBList?series=010
INFO: [ app_init ] --START--
INFO: Run Behavior\BuildLiteBehavior [ RunTime:0.000020s ]
INFO: [ app_init ] --END-- [ RunTime:0.000751s ]

[ 2015-05-01T15:48:00+08:00 ] 192.168.1.42 /PROD/get2RBList?series=010
INFO: [ app_init ] --START--
INFO: Run Behavior\BuildLiteBehavior [ RunTime:0.000020s ]
INFO: [ app_init ] --END-- [ RunTime:0.000533s ]

[ 2015-05-01T15:48:20+08:00 ] 192.168.1.42 /PROD/get2RBList?series=010
INFO: [ app_init ] --START--
INFO: Run Behavior\BuildLiteBehavior [ RunTime:0.000019s ]
INFO: [ app_init ] --END-- [ RunTime:0.000550s ]

[ 2015-05-01T15:48:33+08:00 ] 192.168.1.42 /PROD/get2RBList?series=010
INFO: [ app_init ] --START--
INFO: Run Behavior\BuildLiteBehavior [ RunTime:0.000020s ]
INFO: [ app_init ] --END-- [ RunTime:0.000500s ]

[ 2015-05-01T15:49:13+08:00 ] 192.168.1.42 /PROD/2RB_1
INFO: [ app_init ] --START--
INFO: Run Behavior\BuildLiteBehavior [ RunTime:0.000020s ]
INFO: [ app_init ] --END-- [ RunTime:0.000712s ]
ERR: 非法操作:2RB_1

[ 2015-05-01T15:49:47+08:00 ] 192.168.1.42 /PROD/get2RBList?series=010
INFO: [ app_init ] --START--
INFO: Run Behavior\BuildLiteBehavior [ RunTime:0.000026s ]
INFO: [ app_init ] --END-- [ RunTime:0.000712s ]

[ 2015-05-01T15:49:48+08:00 ] 192.168.1.42 /PROD/2RB_1
INFO: [ app_init ] --START--
INFO: Run Behavior\BuildLiteBehavior [ RunTime:0.000028s ]
INFO: [ app_init ] --END-- [ RunTime:0.000850s ]

[ 2015-05-01T15:49:50+08:00 ] 192.168.1.42 /PROD/get2RBList?series=010
INFO: [ app_init ] --START--
INFO: Run Behavior\BuildLiteBehavior [ RunTime:0.000027s ]
INFO: [ app_init ] --END-- [ RunTime:0.000758s ]

[ 2015-05-01T15:49:53+08:00 ] 192.168.1.42 /PROD/get2RBList?series=110
INFO: [ app_init ] --START--
INFO: Run Behavior\BuildLiteBehavior [ RunTime:0.000023s ]
INFO: [ app_init ] --END-- [ RunTime:0.000621s ]

[ 2015-05-01T15:49:56+08:00 ] 192.168.1.42 /PROD/get2RBList?series=210
INFO: [ app_init ] --START--
INFO: Run Behavior\BuildLiteBehavior [ RunTime:0.000028s ]
INFO: [ app_init ] --END-- [ RunTime:0.000967s ]

[ 2015-05-01T15:49:59+08:00 ] 192.168.1.42 /PROD/get2RBList?series=010
INFO: [ app_init ] --START--
INFO: Run Behavior\BuildLiteBehavior [ RunTime:0.000028s ]
INFO: [ app_init ] --END-- [ RunTime:0.000737s ]

[ 2015-05-01T15:50:00+08:00 ] 192.168.1.42 /PROD/get2RBList?series=110
INFO: [ app_init ] --START--
INFO: Run Behavior\BuildLiteBehavior [ RunTime:0.000025s ]
INFO: [ app_init ] --END-- [ RunTime:0.000638s ]

[ 2015-05-01T15:50:03+08:00 ] 192.168.1.42 /PROD/get2RBList?series=310
INFO: [ app_init ] --START--
INFO: Run Behavior\BuildLiteBehavior [ RunTime:0.000021s ]
INFO: [ app_init ] --END-- [ RunTime:0.000679s ]

[ 2015-05-01T15:50:08+08:00 ] 192.168.1.42 /PROD/2RB_1
INFO: [ app_init ] --START--
INFO: Run Behavior\BuildLiteBehavior [ RunTime:0.000026s ]
INFO: [ app_init ] --END-- [ RunTime:0.000761s ]

[ 2015-05-01T15:50:13+08:00 ] 192.168.1.42 /PROD/2RB_1
INFO: [ app_init ] --START--
INFO: Run Behavior\BuildLiteBehavior [ RunTime:0.000025s ]
INFO: [ app_init ] --END-- [ RunTime:0.000631s ]

[ 2015-05-01T15:50:14+08:00 ] 192.168.1.42 /PROD/2RB_1
INFO: [ app_init ] --START--
INFO: Run Behavior\BuildLiteBehavior [ RunTime:0.000024s ]
INFO: [ app_init ] --END-- [ RunTime:0.000674s ]

[ 2015-05-01T15:50:15+08:00 ] 192.168.1.42 /PROD/2RB_2
INFO: [ app_init ] --START--
INFO: Run Behavior\BuildLiteBehavior [ RunTime:0.000019s ]
INFO: [ app_init ] --END-- [ RunTime:0.000510s ]

[ 2015-05-01T15:50:16+08:00 ] 192.168.1.42 /PROD/Side_Channel_Blower_2RB_Double_Stage_table.php?series=220
INFO: [ app_init ] --START--
INFO: Run Behavior\BuildLiteBehavior [ RunTime:0.000031s ]
INFO: [ app_init ] --END-- [ RunTime:0.000886s ]
ERR: 非法操作:Side_Channel_Blower_2RB_Double_Stage_table.php

[ 2015-05-01T15:50:19+08:00 ] 192.168.1.42 /PROD/2RB_1
INFO: [ app_init ] --START--
INFO: Run Behavior\BuildLiteBehavior [ RunTime:0.000019s ]
INFO: [ app_init ] --END-- [ RunTime:0.000491s ]

[ 2015-05-01T15:50:20+08:00 ] 192.168.1.42 /PROD/get2RBList?series=010
INFO: [ app_init ] --START--
INFO: Run Behavior\BuildLiteBehavior [ RunTime:0.000028s ]
INFO: [ app_init ] --END-- [ RunTime:0.001656s ]

[ 2015-05-01T15:50:57+08:00 ] 192.168.1.42 /PROD/get2RBList?series=010
INFO: [ app_init ] --START--
INFO: Run Behavior\BuildLiteBehavior [ RunTime:0.000021s ]
INFO: [ app_init ] --END-- [ RunTime:0.000642s ]

[ 2015-05-01T16:05:55+08:00 ] 192.168.1.42 /PROD/2RB_1
INFO: [ app_init ] --START--
INFO: Run Behavior\BuildLiteBehavior [ RunTime:0.000023s ]
INFO: [ app_init ] --END-- [ RunTime:0.005419s ]

[ 2015-05-01T16:05:57+08:00 ] 192.168.1.42 /PROD/get2RBList?series=010
INFO: [ app_init ] --START--
INFO: Run Behavior\BuildLiteBehavior [ RunTime:0.000022s ]
INFO: [ app_init ] --END-- [ RunTime:0.005381s ]

[ 2015-05-01T16:08:17+08:00 ] 192.168.1.42 /PROD/get2RBList?series=010
INFO: [ app_init ] --START--
INFO: Run Behavior\BuildLiteBehavior [ RunTime:0.000024s ]
INFO: [ app_init ] --END-- [ RunTime:0.027588s ]

[ 2015-05-01T16:08:36+08:00 ] 192.168.1.42 /PROD/get2RBList?series=010
INFO: [ app_init ] --START--
INFO: Run Behavior\BuildLiteBehavior [ RunTime:0.000023s ]
INFO: [ app_init ] --END-- [ RunTime:0.038871s ]

[ 2015-05-01T16:09:32+08:00 ] 192.168.1.42 /PROD/get2RBList?series=010
INFO: [ app_init ] --START--
INFO: Run Behavior\BuildLiteBehavior [ RunTime:0.000026s ]
INFO: [ app_init ] --END-- [ RunTime:0.005523s ]

[ 2015-05-01T16:10:04+08:00 ] 192.168.1.42 /PROD/get2RBList?series=010
INFO: [ app_init ] --START--
INFO: Run Behavior\BuildLiteBehavior [ RunTime:0.000027s ]
INFO: [ app_init ] --END-- [ RunTime:0.005385s ]

[ 2015-05-01T16:10:30+08:00 ] 192.168.1.42 /PROD/2RB_1
INFO: [ app_init ] --START--
INFO: Run Behavior\BuildLiteBehavior [ RunTime:0.000028s ]
INFO: [ app_init ] --END-- [ RunTime:0.005565s ]

[ 2015-05-01T16:10:34+08:00 ] 192.168.1.42 /PROD/2RB_2
INFO: [ app_init ] --START--
INFO: Run Behavior\BuildLiteBehavior [ RunTime:0.000026s ]
INFO: [ app_init ] --END-- [ RunTime:0.005556s ]

[ 2015-05-01T16:10:37+08:00 ] 192.168.1.42 /PROD/3RB_1
INFO: [ app_init ] --START--
INFO: Run Behavior\BuildLiteBehavior [ RunTime:0.000028s ]
INFO: [ app_init ] --END-- [ RunTime:0.038896s ]

[ 2015-05-01T16:13:44+08:00 ] 192.168.1.42 /PROD/2RB_1
INFO: [ app_init ] --START--
INFO: Run Behavior\BuildLiteBehavior [ RunTime:0.000022s ]
INFO: [ app_init ] --END-- [ RunTime:0.005366s ]

[ 2015-05-01T16:13:46+08:00 ] 192.168.1.42 /PROD/get2RBList?series=010
INFO: [ app_init ] --START--
INFO: Run Behavior\BuildLiteBehavior [ RunTime:0.000030s ]
INFO: [ app_init ] --END-- [ RunTime:0.005775s ]

[ 2015-05-01T16:16:33+08:00 ] 192.168.1.42 /PROD/get2RBList?series=010
INFO: [ app_init ] --START--
INFO: Run Behavior\BuildLiteBehavior [ RunTime:0.000022s ]
INFO: [ app_init ] --END-- [ RunTime:0.005344s ]

[ 2015-05-01T16:17:20+08:00 ] 192.168.1.42 /PROD/get2RBList?series=010
INFO: [ app_init ] --START--
INFO: Run Behavior\BuildLiteBehavior [ RunTime:0.000024s ]
INFO: [ app_init ] --END-- [ RunTime:0.005479s ]

[ 2015-05-01T16:17:35+08:00 ] 192.168.1.42 /PROD/get2RBList?series=010
INFO: [ app_init ] --START--
INFO: Run Behavior\BuildLiteBehavior [ RunTime:0.000024s ]
INFO: [ app_init ] --END-- [ RunTime:0.005484s ]

[ 2015-05-01T16:17:45+08:00 ] 192.168.1.42 /PROD/get2RBList?series=010
INFO: [ app_init ] --START--
INFO: Run Behavior\BuildLiteBehavior [ RunTime:0.000027s ]
INFO: [ app_init ] --END-- [ RunTime:0.005362s ]

[ 2015-05-01T16:19:24+08:00 ] 192.168.1.42 /PROD/get2RBList?series=010
INFO: [ app_init ] --START--
INFO: Run Behavior\BuildLiteBehavior [ RunTime:0.000027s ]
INFO: [ app_init ] --END-- [ RunTime:0.005546s ]

[ 2015-05-01T16:19:38+08:00 ] 192.168.1.42 /PROD/get2RBList?series=010
INFO: [ app_init ] --START--
INFO: Run Behavior\BuildLiteBehavior [ RunTime:0.000023s ]
INFO: [ app_init ] --END-- [ RunTime:0.027823s ]

[ 2015-05-01T16:19:45+08:00 ] 192.168.1.42 /PROD/get2RBList?series=010
INFO: [ app_init ] --START--
INFO: Run Behavior\BuildLiteBehavior [ RunTime:0.000026s ]
INFO: [ app_init ] --END-- [ RunTime:0.005392s ]

[ 2015-05-01T16:21:16+08:00 ] 192.168.1.42 /PROD/get2RBList?series=010
INFO: [ app_init ] --START--
INFO: Run Behavior\BuildLiteBehavior [ RunTime:0.000028s ]
INFO: [ app_init ] --END-- [ RunTime:0.005478s ]

[ 2015-05-01T16:21:29+08:00 ] 192.168.1.42 /PROD/get2RBList?series=010
INFO: [ app_init ] --START--
INFO: Run Behavior\BuildLiteBehavior [ RunTime:0.000023s ]
INFO: [ app_init ] --END-- [ RunTime:0.016582s ]

[ 2015-05-01T16:22:17+08:00 ] 192.168.1.42 /PROD/get2RBList?series=010
INFO: [ app_init ] --START--
INFO: Run Behavior\BuildLiteBehavior [ RunTime:0.000024s ]
INFO: [ app_init ] --END-- [ RunTime:0.038932s ]

[ 2015-05-01T16:22:34+08:00 ] 192.168.1.42 /PROD/get2RBList?series=010
INFO: [ app_init ] --START--
INFO: Run Behavior\BuildLiteBehavior [ RunTime:0.000027s ]
INFO: [ app_init ] --END-- [ RunTime:0.038952s ]

[ 2015-05-01T16:22:50+08:00 ] 192.168.1.42 /PROD/get2RBList?series=010
INFO: [ app_init ] --START--
INFO: Run Behavior\BuildLiteBehavior [ RunTime:0.000027s ]
INFO: [ app_init ] --END-- [ RunTime:0.005510s ]

[ 2015-05-01T16:24:15+08:00 ] 192.168.1.42 /PROD/get2RBList?series=010
INFO: [ app_init ] --START--
INFO: Run Behavior\BuildLiteBehavior [ RunTime:0.000028s ]
INFO: [ app_init ] --END-- [ RunTime:0.027688s ]

[ 2015-05-01T16:24:57+08:00 ] 192.168.1.42 /PROD/get2RBList?series=010
INFO: [ app_init ] --START--
INFO: Run Behavior\BuildLiteBehavior [ RunTime:0.000023s ]
INFO: [ app_init ] --END-- [ RunTime:0.005323s ]

[ 2015-05-01T16:27:26+08:00 ] 192.168.1.42 /PROD/get2RBList?series=010
INFO: [ app_init ] --START--
INFO: Run Behavior\BuildLiteBehavior [ RunTime:0.000031s ]
INFO: [ app_init ] --END-- [ RunTime:0.038773s ]

[ 2015-05-01T16:27:34+08:00 ] 192.168.1.42 /PROD/get2RBList?series=010
INFO: [ app_init ] --START--
INFO: Run Behavior\BuildLiteBehavior [ RunTime:0.000024s ]
INFO: [ app_init ] --END-- [ RunTime:0.083231s ]

[ 2015-05-01T16:30:01+08:00 ] 192.168.1.42 /PROD/get2RBList?series=010
INFO: [ app_init ] --START--
INFO: Run Behavior\BuildLiteBehavior [ RunTime:0.000023s ]
INFO: [ app_init ] --END-- [ RunTime:0.005451s ]

[ 2015-05-01T16:30:34+08:00 ] 192.168.1.42 /PROD/get2RBList?series=010
INFO: [ app_init ] --START--
INFO: Run Behavior\BuildLiteBehavior [ RunTime:0.000022s ]
INFO: [ app_init ] --END-- [ RunTime:0.005430s ]

[ 2015-05-01T16:30:55+08:00 ] 192.168.1.42 /PROD/get2RBList?series=010
INFO: [ app_init ] --START--
INFO: Run Behavior\BuildLiteBehavior [ RunTime:0.000022s ]
INFO: [ app_init ] --END-- [ RunTime:0.005462s ]

[ 2015-05-01T16:31:36+08:00 ] 192.168.1.42 /PROD/get2RBList?series=010
INFO: [ app_init ] --START--
INFO: Run Behavior\BuildLiteBehavior [ RunTime:0.000025s ]
INFO: [ app_init ] --END-- [ RunTime:0.005412s ]

[ 2015-05-01T16:32:43+08:00 ] 192.168.1.42 /PROD/get2RBList?series=010
INFO: [ app_init ] --START--
INFO: Run Behavior\BuildLiteBehavior [ RunTime:0.000024s ]
INFO: [ app_init ] --END-- [ RunTime:0.005356s ]

[ 2015-05-01T16:32:45+08:00 ] 192.168.1.42 /PROD/2RB_2
INFO: [ app_init ] --START--
INFO: Run Behavior\BuildLiteBehavior [ RunTime:0.000026s ]
INFO: [ app_init ] --END-- [ RunTime:0.005384s ]

[ 2015-05-01T16:32:48+08:00 ] 192.168.1.42 /PROD/get2RBList?series=220
INFO: [ app_init ] --START--
INFO: Run Behavior\BuildLiteBehavior [ RunTime:0.000022s ]
INFO: [ app_init ] --END-- [ RunTime:0.005590s ]

[ 2015-05-01T16:33:14+08:00 ] 192.168.1.42 /PROD/_2RBList?series=010
INFO: [ app_init ] --START--
INFO: Run Behavior\BuildLiteBehavior [ RunTime:0.000022s ]
INFO: [ app_init ] --END-- [ RunTime:0.005542s ]
ERR: 非法操作:_2RBList

[ 2015-05-01T17:28:40+08:00 ] 192.168.1.42 /
INFO: [ app_init ] --START--
INFO: Run Behavior\BuildLiteBehavior [ RunTime:0.000031s ]
INFO: [ app_init ] --END-- [ RunTime:0.015144s ]

[ 2015-05-01T17:28:42+08:00 ] 192.168.1.42 /font.swf
INFO: [ app_init ] --START--
INFO: Run Behavior\BuildLiteBehavior [ RunTime:0.000023s ]
INFO: [ app_init ] --END-- [ RunTime:0.016285s ]
ERR: 无法加载控制器:Font.swf

[ 2015-05-01T17:28:44+08:00 ] 192.168.1.42 /PROD/2RB_1
INFO: [ app_init ] --START--
INFO: Run Behavior\BuildLiteBehavior [ RunTime:0.000031s ]
INFO: [ app_init ] --END-- [ RunTime:0.027862s ]

[ 2015-05-01T17:28:46+08:00 ] 192.168.1.42 /PROD/2RB_1
INFO: [ app_init ] --START--
INFO: Run Behavior\BuildLiteBehavior [ RunTime:0.000030s ]
INFO: [ app_init ] --END-- [ RunTime:0.005527s ]

[ 2015-05-01T17:28:49+08:00 ] 192.168.1.42 /PROD/get2RBList?series=010
INFO: [ app_init ] --START--
INFO: Run Behavior\BuildLiteBehavior [ RunTime:0.000028s ]
INFO: [ app_init ] --END-- [ RunTime:0.005557s ]

[ 2015-05-01T17:28:54+08:00 ] 192.168.1.42 /PROD/2RB_2
INFO: [ app_init ] --START--
INFO: Run Behavior\BuildLiteBehavior [ RunTime:0.000023s ]
INFO: [ app_init ] --END-- [ RunTime:0.005526s ]

[ 2015-05-01T17:28:56+08:00 ] 192.168.1.42 /PROD/get2RBList?series=220
INFO: [ app_init ] --START--
INFO: Run Behavior\BuildLiteBehavior [ RunTime:0.000356s ]
INFO: [ app_init ] --END-- [ RunTime:0.005881s ]

[ 2015-05-01T17:29:03+08:00 ] 192.168.1.42 /PROD/3RB_1
INFO: [ app_init ] --START--
INFO: Run Behavior\BuildLiteBehavior [ RunTime:0.000023s ]
INFO: [ app_init ] --END-- [ RunTime:0.005505s ]

[ 2015-05-01T17:29:05+08:00 ] 192.168.1.42 /PROD/Side_Channel_Blower_3RB_Single_Stage_table.php?series=350-1
INFO: [ app_init ] --START--
INFO: Run Behavior\BuildLiteBehavior [ RunTime:0.000031s ]
INFO: [ app_init ] --END-- [ RunTime:0.072262s ]
ERR: 非法操作:Side_Channel_Blower_3RB_Single_Stage_table.php

[ 2015-05-01T17:29:31+08:00 ] 192.168.1.42 /PROD/3RB_1
INFO: [ app_init ] --START--
INFO: Run Behavior\BuildLiteBehavior [ RunTime:0.000023s ]
INFO: [ app_init ] --END-- [ RunTime:0.038854s ]

[ 2015-05-01T17:29:33+08:00 ] 192.168.1.42 /PROD/2RB_2
INFO: [ app_init ] --START--
INFO: Run Behavior\BuildLiteBehavior [ RunTime:0.000023s ]
INFO: [ app_init ] --END-- [ RunTime:0.005537s ]

[ 2015-05-01T17:29:35+08:00 ] 192.168.1.42 /PROD/3RB_1
INFO: [ app_init ] --START--
INFO: Run Behavior\BuildLiteBehavior [ RunTime:0.000030s ]
INFO: [ app_init ] --END-- [ RunTime:0.005724s ]

[ 2015-05-01T17:29:38+08:00 ] 192.168.1.42 /PROD/get2RBList?series=350-1
INFO: [ app_init ] --START--
INFO: Run Behavior\BuildLiteBehavior [ RunTime:0.000024s ]
INFO: [ app_init ] --END-- [ RunTime:0.005433s ]

[ 2015-05-01T17:31:12+08:00 ] 192.168.1.42 /PROD/get2RBList?series=350-1
INFO: [ app_init ] --START--
INFO: Run Behavior\BuildLiteBehavior [ RunTime:0.000023s ]
INFO: [ app_init ] --END-- [ RunTime:0.038656s ]

[ 2015-05-01T17:31:20+08:00 ] 192.168.1.42 /PROD/get2RBList?series=350-1
INFO: [ app_init ] --START--
INFO: Run Behavior\BuildLiteBehavior [ RunTime:0.000026s ]
INFO: [ app_init ] --END-- [ RunTime:0.005585s ]

[ 2015-05-01T17:31:23+08:00 ] 192.168.1.42 /PROD/2RB_2
INFO: [ app_init ] --START--
INFO: Run Behavior\BuildLiteBehavior [ RunTime:0.000022s ]
INFO: [ app_init ] --END-- [ RunTime:0.005538s ]

[ 2015-05-01T17:31:25+08:00 ] 192.168.1.42 /PROD/3RB_1
INFO: [ app_init ] --START--
INFO: Run Behavior\BuildLiteBehavior [ RunTime:0.000020s ]
INFO: [ app_init ] --END-- [ RunTime:0.005344s ]

[ 2015-05-01T17:31:28+08:00 ] 192.168.1.42 /PROD/get2RBList?series=350-1
INFO: [ app_init ] --START--
INFO: Run Behavior\BuildLiteBehavior [ RunTime:0.000022s ]
INFO: [ app_init ] --END-- [ RunTime:0.005569s ]

[ 2015-05-01T17:31:50+08:00 ] 192.168.1.42 /PROD/3RB_1
INFO: [ app_init ] --START--
INFO: Run Behavior\BuildLiteBehavior [ RunTime:0.000025s ]
INFO: [ app_init ] --END-- [ RunTime:0.005526s ]

[ 2015-05-01T17:31:53+08:00 ] 192.168.1.42 /PROD/2RB_1
INFO: [ app_init ] --START--
INFO: Run Behavior\BuildLiteBehavior [ RunTime:0.000024s ]
INFO: [ app_init ] --END-- [ RunTime:0.005403s ]

[ 2015-05-01T17:31:55+08:00 ] 192.168.1.42 /PROD/3RB_1
INFO: [ app_init ] --START--
INFO: Run Behavior\BuildLiteBehavior [ RunTime:0.000026s ]
INFO: [ app_init ] --END-- [ RunTime:0.005541s ]

[ 2015-05-01T17:31:58+08:00 ] 192.168.1.42 /PROD/get3RBList?series=350-1
INFO: [ app_init ] --START--
INFO: Run Behavior\BuildLiteBehavior [ RunTime:0.000025s ]
INFO: [ app_init ] --END-- [ RunTime:0.038879s ]

[ 2015-05-01T17:35:55+08:00 ] 192.168.1.42 /PROD/get3RBList?series=350-1
INFO: [ app_init ] --START--
INFO: Run Behavior\BuildLiteBehavior [ RunTime:0.000027s ]
INFO: [ app_init ] --END-- [ RunTime:0.005441s ]

[ 2015-05-01T17:35:57+08:00 ] 192.168.1.42 /PROD/3RB_2
INFO: [ app_init ] --START--
INFO: Run Behavior\BuildLiteBehavior [ RunTime:0.000022s ]
INFO: [ app_init ] --END-- [ RunTime:0.005509s ]

[ 2015-05-01T17:35:59+08:00 ] 192.168.1.42 /PROD/get3RBList?series=350-2
INFO: [ app_init ] --START--
INFO: Run Behavior\BuildLiteBehavior [ RunTime:0.000027s ]
INFO: [ app_init ] --END-- [ RunTime:0.005595s ]

[ 2015-05-01T17:36:13+08:00 ] 192.168.1.42 /PROD/3RB_3
INFO: [ app_init ] --START--
INFO: Run Behavior\BuildLiteBehavior [ RunTime:0.000021s ]
INFO: [ app_init ] --END-- [ RunTime:0.005395s ]

[ 2015-05-01T17:36:32+08:00 ] 192.168.1.42 /PROD/3RB_3
INFO: [ app_init ] --START--
INFO: Run Behavior\BuildLiteBehavior [ RunTime:0.000022s ]
INFO: [ app_init ] --END-- [ RunTime:0.005502s ]

[ 2015-05-01T17:36:35+08:00 ] 192.168.1.42 /PROD/3RB_3
INFO: [ app_init ] --START--
INFO: Run Behavior\BuildLiteBehavior [ RunTime:0.000024s ]
INFO: [ app_init ] --END-- [ RunTime:0.005515s ]

[ 2015-05-01T17:36:37+08:00 ] 192.168.1.42 /PROD/get3RBList?series=350-3
INFO: [ app_init ] --START--
INFO: Run Behavior\BuildLiteBehavior [ RunTime:0.000021s ]
INFO: [ app_init ] --END-- [ RunTime:0.005543s ]

[ 2015-05-01T17:36:47+08:00 ] 192.168.1.42 /PROD/3RB_2
INFO: [ app_init ] --START--
INFO: Run Behavior\BuildLiteBehavior [ RunTime:0.000023s ]
INFO: [ app_init ] --END-- [ RunTime:0.005599s ]

[ 2015-05-01T17:36:50+08:00 ] 192.168.1.42 /PROD/get3RBList?series=350-2
INFO: [ app_init ] --START--
INFO: Run Behavior\BuildLiteBehavior [ RunTime:0.000027s ]
INFO: [ app_init ] --END-- [ RunTime:0.005593s ]

[ 2015-05-01T17:36:55+08:00 ] 192.168.1.42 /PROD/3RB_3
INFO: [ app_init ] --START--
INFO: Run Behavior\BuildLiteBehavior [ RunTime:0.000024s ]
INFO: [ app_init ] --END-- [ RunTime:0.005445s ]

[ 2015-05-01T17:36:58+08:00 ] 192.168.1.42 /PROD/get3RBList?series=350-3
INFO: [ app_init ] --START--
INFO: Run Behavior\BuildLiteBehavior [ RunTime:0.000026s ]
INFO: [ app_init ] --END-- [ RunTime:0.005578s ]

[ 2015-05-01T17:37:46+08:00 ] 192.168.1.42 /PROD/get3RBList?series=350-3
INFO: [ app_init ] --START--
INFO: Run Behavior\BuildLiteBehavior [ RunTime:0.000026s ]
INFO: [ app_init ] --END-- [ RunTime:0.005567s ]
ERR: SQLSTATE[42000]: Syntax error or access violation: 1064 You have an error in your SQL syntax; check the manual that corresponds to your MySQL server version for the right syntax to use near 'order by id ASC )' at line 1

[ 2015-05-01T17:39:03+08:00 ] 192.168.1.42 /PROD/3RB_3
INFO: [ app_init ] --START--
INFO: Run Behavior\BuildLiteBehavior [ RunTime:0.000029s ]
INFO: [ app_init ] --END-- [ RunTime:0.005522s ]

[ 2015-05-01T17:39:05+08:00 ] 192.168.1.42 /PROD/3RB_3
INFO: [ app_init ] --START--
INFO: Run Behavior\BuildLiteBehavior [ RunTime:0.000031s ]
INFO: [ app_init ] --END-- [ RunTime:0.027811s ]

[ 2015-05-01T17:39:07+08:00 ] 192.168.1.42 /PROD/get3RBList?series=350-3
INFO: [ app_init ] --START--
INFO: Run Behavior\BuildLiteBehavior [ RunTime:0.000027s ]
INFO: [ app_init ] --END-- [ RunTime:0.005563s ]
ERR: SQLSTATE[42000]: Syntax error or access violation: 1064 You have an error in your SQL syntax; check the manual that corresponds to your MySQL server version for the right syntax to use near 'ord' ) ORDER BY id ASC' at line 1

[ 2015-05-01T17:39:39+08:00 ] 192.168.1.42 /PROD/get3RBList?series=350-3
INFO: [ app_init ] --START--
INFO: Run Behavior\BuildLiteBehavior [ RunTime:0.000027s ]
INFO: [ app_init ] --END-- [ RunTime:0.005563s ]

[ 2015-05-01T17:39:58+08:00 ] 192.168.1.42 /PROD/2RB_1
INFO: [ app_init ] --START--
INFO: Run Behavior\BuildLiteBehavior [ RunTime:0.000028s ]
INFO: [ app_init ] --END-- [ RunTime:0.005611s ]

[ 2015-05-01T17:40:03+08:00 ] 192.168.1.42 /PROD/3RB_3
INFO: [ app_init ] --START--
INFO: Run Behavior\BuildLiteBehavior [ RunTime:0.000030s ]
INFO: [ app_init ] --END-- [ RunTime:0.039048s ]

[ 2015-05-01T17:40:06+08:00 ] 192.168.1.42 /PROD/get3RBList?series=350-3
INFO: [ app_init ] --START--
INFO: Run Behavior\BuildLiteBehavior [ RunTime:0.000022s ]
INFO: [ app_init ] --END-- [ RunTime:0.005533s ]

[ 2015-05-01T17:45:04+08:00 ] 192.168.1.42 /PROD/get3RBList?series=350-3
INFO: [ app_init ] --START--
INFO: Run Behavior\BuildLiteBehavior [ RunTime:0.000024s ]
INFO: [ app_init ] --END-- [ RunTime:0.005359s ]

[ 2015-05-01T17:45:09+08:00 ] 192.168.1.42 /PROD/4RB_2
INFO: [ app_init ] --START--
INFO: Run Behavior\BuildLiteBehavior [ RunTime:0.000028s ]
INFO: [ app_init ] --END-- [ RunTime:0.027818s ]

[ 2015-05-01T17:48:19+08:00 ] 192.168.1.42 /PROD/4RB_2
INFO: [ app_init ] --START--
INFO: Run Behavior\BuildLiteBehavior [ RunTime:0.000027s ]
INFO: [ app_init ] --END-- [ RunTime:0.005230s ]

[ 2015-05-01T17:48:22+08:00 ] 192.168.1.42 /PROD/4RB_1
INFO: [ app_init ] --START--
INFO: Run Behavior\BuildLiteBehavior [ RunTime:0.000021s ]
INFO: [ app_init ] --END-- [ RunTime:0.005426s ]

[ 2015-05-01T17:48:24+08:00 ] 192.168.1.42 /PROD/get3RBList?series=210
INFO: [ app_init ] --START--
INFO: Run Behavior\BuildLiteBehavior [ RunTime:0.000022s ]
INFO: [ app_init ] --END-- [ RunTime:0.038670s ]

[ 2015-05-01T17:48:45+08:00 ] 192.168.1.42 /PROD/4RB_1
INFO: [ app_init ] --START--
INFO: Run Behavior\BuildLiteBehavior [ RunTime:0.000025s ]
INFO: [ app_init ] --END-- [ RunTime:0.005559s ]

[ 2015-05-01T17:48:47+08:00 ] 192.168.1.42 /PROD/get3RBList?series=310
INFO: [ app_init ] --START--
INFO: Run Behavior\BuildLiteBehavior [ RunTime:0.000028s ]
INFO: [ app_init ] --END-- [ RunTime:0.050008s ]

[ 2015-05-01T17:49:40+08:00 ] 192.168.1.42 /PROD/4RB_1
INFO: [ app_init ] --START--
INFO: Run Behavior\BuildLiteBehavior [ RunTime:0.000024s ]
INFO: [ app_init ] --END-- [ RunTime:0.094396s ]

[ 2015-05-01T17:49:42+08:00 ] 192.168.1.42 /PROD/4RB_1
INFO: [ app_init ] --START--
INFO: Run Behavior\BuildLiteBehavior [ RunTime:0.000022s ]
INFO: [ app_init ] --END-- [ RunTime:0.005436s ]

[ 2015-05-01T17:49:44+08:00 ] 192.168.1.42 /PROD/get4RBList?series=210
INFO: [ app_init ] --START--
INFO: Run Behavior\BuildLiteBehavior [ RunTime:0.000023s ]
INFO: [ app_init ] --END-- [ RunTime:0.005572s ]

[ 2015-05-01T17:49:50+08:00 ] 192.168.1.42 /PROD/4RB_2
INFO: [ app_init ] --START--
INFO: Run Behavior\BuildLiteBehavior [ RunTime:0.000026s ]
INFO: [ app_init ] --END-- [ RunTime:0.005561s ]

[ 2015-05-01T17:49:52+08:00 ] 192.168.1.42 /PROD/get4RBList?series=220
INFO: [ app_init ] --START--
INFO: Run Behavior\BuildLiteBehavior [ RunTime:0.000022s ]
INFO: [ app_init ] --END-- [ RunTime:0.005533s ]

[ 2015-05-01T17:49:56+08:00 ] 192.168.1.42 /PROD/4RB_3
INFO: [ app_init ] --START--
INFO: Run Behavior\BuildLiteBehavior [ RunTime:0.000022s ]
INFO: [ app_init ] --END-- [ RunTime:0.039003s ]

[ 2015-05-01T17:49:58+08:00 ] 192.168.1.42 /PROD/get4RBList?series=530
INFO: [ app_init ] --START--
INFO: Run Behavior\BuildLiteBehavior [ RunTime:0.000026s ]
INFO: [ app_init ] --END-- [ RunTime:0.005530s ]

[ 2015-05-01T17:50:06+08:00 ] 192.168.1.42 /PROD/4RB_3
INFO: [ app_init ] --START--
INFO: Run Behavior\BuildLiteBehavior [ RunTime:0.000022s ]
INFO: [ app_init ] --END-- [ RunTime:0.005544s ]

