[ 2015-04-18T08:05:02+08:00 ] 192.168.1.42 /
INFO: [ app_init ] --START--
INFO: Run Behavior\BuildLiteBehavior [ RunTime:0.000021s ]
INFO: [ app_init ] --END-- [ RunTime:0.005326s ]

[ 2015-04-18T08:05:03+08:00 ] 192.168.1.42 /font.swf
INFO: [ app_init ] --START--
INFO: Run Behavior\BuildLiteBehavior [ RunTime:0.000029s ]
INFO: [ app_init ] --END-- [ RunTime:0.000964s ]
ERR: 非法操作:font.swf

[ 2015-04-18T08:05:06+08:00 ] 192.168.1.42 /Code/index
INFO: [ app_init ] --START--
INFO: Run Behavior\BuildLiteBehavior [ RunTime:0.000025s ]
INFO: [ app_init ] --END-- [ RunTime:0.000836s ]
ERR: 非法操作:Code

[ 2015-04-18T08:05:06+08:00 ] 192.168.1.42 /Code/index
INFO: [ app_init ] --START--
INFO: Run Behavior\BuildLiteBehavior [ RunTime:0.000019s ]
INFO: [ app_init ] --END-- [ RunTime:0.000602s ]
ERR: 非法操作:Code

[ 2015-04-18T08:05:46+08:00 ] 192.168.1.42 /Code/index
INFO: [ app_init ] --START--
INFO: Run Behavior\BuildLiteBehavior [ RunTime:0.000027s ]
INFO: [ app_init ] --END-- [ RunTime:0.000829s ]
ERR: 非法操作:Code

[ 2015-04-18T08:05:46+08:00 ] 192.168.1.42 /Code/index
INFO: [ app_init ] --START--
INFO: Run Behavior\BuildLiteBehavior [ RunTime:0.000023s ]
INFO: [ app_init ] --END-- [ RunTime:0.000600s ]
ERR: 非法操作:Code

[ 2015-04-18T08:05:58+08:00 ] 192.168.1.42 /Contact_us
INFO: [ app_init ] --START--
INFO: Run Behavior\BuildLiteBehavior [ RunTime:0.000017s ]
INFO: [ app_init ] --END-- [ RunTime:0.000549s ]

[ 2015-04-18T08:05:58+08:00 ] 192.168.1.42 /Code/index
INFO: [ app_init ] --START--
INFO: Run Behavior\BuildLiteBehavior [ RunTime:0.000028s ]
INFO: [ app_init ] --END-- [ RunTime:0.000836s ]
ERR: 非法操作:Code

[ 2015-04-18T08:06:45+08:00 ] 192.168.1.42 /Contact_us
INFO: [ app_init ] --START--
INFO: Run Behavior\BuildLiteBehavior [ RunTime:0.000020s ]
INFO: [ app_init ] --END-- [ RunTime:0.000695s ]

[ 2015-04-18T08:06:46+08:00 ] 192.168.1.42 /Code/index
INFO: [ app_init ] --START--
INFO: Run Behavior\BuildLiteBehavior [ RunTime:0.000026s ]
INFO: [ app_init ] --END-- [ RunTime:0.000844s ]
ERR: 非法操作:Code

[ 2015-04-18T08:06:46+08:00 ] 192.168.1.42 /Code/index
INFO: [ app_init ] --START--
INFO: Run Behavior\BuildLiteBehavior [ RunTime:0.000021s ]
INFO: [ app_init ] --END-- [ RunTime:0.000649s ]
ERR: 非法操作:Code

[ 2015-04-18T08:08:22+08:00 ] 192.168.1.42 /Contact_us
INFO: [ app_init ] --START--
INFO: Run Behavior\BuildLiteBehavior [ RunTime:0.000020s ]
INFO: [ app_init ] --END-- [ RunTime:0.000908s ]

[ 2015-04-18T08:08:22+08:00 ] 192.168.1.42 /Code/index
INFO: [ app_init ] --START--
INFO: Run Behavior\BuildLiteBehavior [ RunTime:0.000026s ]
INFO: [ app_init ] --END-- [ RunTime:0.000841s ]
ERR: 非法操作:Code

[ 2015-04-18T08:08:23+08:00 ] 192.168.1.42 /Code/index
INFO: [ app_init ] --START--
INFO: Run Behavior\BuildLiteBehavior [ RunTime:0.000018s ]
INFO: [ app_init ] --END-- [ RunTime:0.000558s ]
ERR: 非法操作:Code

[ 2015-04-18T08:10:08+08:00 ] 192.168.1.42 /Contact_us
INFO: [ app_init ] --START--
INFO: Run Behavior\BuildLiteBehavior [ RunTime:0.000025s ]
INFO: [ app_init ] --END-- [ RunTime:0.000757s ]

[ 2015-04-18T08:10:08+08:00 ] 192.168.1.42 /Code/index
INFO: [ app_init ] --START--
INFO: Run Behavior\BuildLiteBehavior [ RunTime:0.000029s ]
INFO: [ app_init ] --END-- [ RunTime:0.001074s ]
ERR: 非法操作:Code

[ 2015-04-18T08:10:09+08:00 ] 192.168.1.42 /Code/index
INFO: [ app_init ] --START--
INFO: Run Behavior\BuildLiteBehavior [ RunTime:0.000029s ]
INFO: [ app_init ] --END-- [ RunTime:0.001278s ]
ERR: 非法操作:Code

[ 2015-04-18T08:10:32+08:00 ] 192.168.1.42 /Contact_us
INFO: [ app_init ] --START--
INFO: Run Behavior\BuildLiteBehavior [ RunTime:0.000027s ]
INFO: [ app_init ] --END-- [ RunTime:0.000807s ]

[ 2015-04-18T08:10:33+08:00 ] 192.168.1.42 /Code/index
INFO: [ app_init ] --START--
INFO: Run Behavior\BuildLiteBehavior [ RunTime:0.000029s ]
INFO: [ app_init ] --END-- [ RunTime:0.001088s ]
ERR: 非法操作:Code

[ 2015-04-18T08:10:33+08:00 ] 192.168.1.42 /Code/index
INFO: [ app_init ] --START--
INFO: Run Behavior\BuildLiteBehavior [ RunTime:0.000028s ]
INFO: [ app_init ] --END-- [ RunTime:0.000849s ]
ERR: 非法操作:Code

[ 2015-04-18T08:10:57+08:00 ] 192.168.1.42 /Contact_us
INFO: [ app_init ] --START--
INFO: Run Behavior\BuildLiteBehavior [ RunTime:0.000024s ]
INFO: [ app_init ] --END-- [ RunTime:0.000692s ]

[ 2015-04-18T08:10:57+08:00 ] 192.168.1.42 /Code/index
INFO: [ app_init ] --START--
INFO: Run Behavior\BuildLiteBehavior [ RunTime:0.000026s ]
INFO: [ app_init ] --END-- [ RunTime:0.000991s ]
ERR: 非法操作:Code

[ 2015-04-18T08:10:57+08:00 ] 192.168.1.42 /Code/index
INFO: [ app_init ] --START--
INFO: Run Behavior\BuildLiteBehavior [ RunTime:0.000022s ]
INFO: [ app_init ] --END-- [ RunTime:0.000718s ]
ERR: 非法操作:Code

[ 2015-04-18T08:11:21+08:00 ] 192.168.1.42 /Contact_us
INFO: [ app_init ] --START--
INFO: Run Behavior\BuildLiteBehavior [ RunTime:0.000029s ]
INFO: [ app_init ] --END-- [ RunTime:0.000982s ]

[ 2015-04-18T08:11:21+08:00 ] 192.168.1.42 /Code/index
INFO: [ app_init ] --START--
INFO: Run Behavior\BuildLiteBehavior [ RunTime:0.000029s ]
INFO: [ app_init ] --END-- [ RunTime:0.001040s ]
ERR: 非法操作:Code

[ 2015-04-18T08:11:21+08:00 ] 192.168.1.42 /Code/index
INFO: [ app_init ] --START--
INFO: Run Behavior\BuildLiteBehavior [ RunTime:0.000030s ]
INFO: [ app_init ] --END-- [ RunTime:0.001274s ]
ERR: 非法操作:Code

[ 2015-04-18T08:13:35+08:00 ] 192.168.1.42 /Contact_us
INFO: [ app_init ] --START--
INFO: Run Behavior\BuildLiteBehavior [ RunTime:0.000048s ]
INFO: [ app_init ] --END-- [ RunTime:0.001142s ]

[ 2015-04-18T08:13:35+08:00 ] 192.168.1.42 /Code/index
INFO: [ app_init ] --START--
INFO: Run Behavior\BuildLiteBehavior [ RunTime:0.000019s ]
INFO: [ app_init ] --END-- [ RunTime:0.000685s ]
ERR: 非法操作:Code

[ 2015-04-18T08:13:36+08:00 ] 192.168.1.42 /Code/index
INFO: [ app_init ] --START--
INFO: Run Behavior\BuildLiteBehavior [ RunTime:0.000030s ]
INFO: [ app_init ] --END-- [ RunTime:0.001866s ]
ERR: 非法操作:Code

[ 2015-04-18T08:14:02+08:00 ] 192.168.1.42 /Contact_us
INFO: [ app_init ] --START--
INFO: Run Behavior\BuildLiteBehavior [ RunTime:0.000018s ]
INFO: [ app_init ] --END-- [ RunTime:0.000576s ]

[ 2015-04-18T08:14:02+08:00 ] 192.168.1.42 /Code/index
INFO: [ app_init ] --START--
INFO: Run Behavior\BuildLiteBehavior [ RunTime:0.000020s ]
INFO: [ app_init ] --END-- [ RunTime:0.000607s ]
ERR: 非法操作:Code

[ 2015-04-18T08:14:02+08:00 ] 192.168.1.42 /Code/index
INFO: [ app_init ] --START--
INFO: Run Behavior\BuildLiteBehavior [ RunTime:0.000026s ]
INFO: [ app_init ] --END-- [ RunTime:0.000848s ]
ERR: 非法操作:Code

[ 2015-04-18T08:14:25+08:00 ] 192.168.1.42 /Contact_us
INFO: [ app_init ] --START--
INFO: Run Behavior\BuildLiteBehavior [ RunTime:0.000018s ]
INFO: [ app_init ] --END-- [ RunTime:0.000543s ]

[ 2015-04-18T08:14:25+08:00 ] 192.168.1.42 /Code/index
INFO: [ app_init ] --START--
INFO: Run Behavior\BuildLiteBehavior [ RunTime:0.000022s ]
INFO: [ app_init ] --END-- [ RunTime:0.000894s ]
ERR: 非法操作:Code

[ 2015-04-18T08:14:25+08:00 ] 192.168.1.42 /Code/index
INFO: [ app_init ] --START--
INFO: Run Behavior\BuildLiteBehavior [ RunTime:0.000029s ]
INFO: [ app_init ] --END-- [ RunTime:0.000764s ]
ERR: 非法操作:Code

[ 2015-04-18T08:15:09+08:00 ] 192.168.1.42 /Contact_us
INFO: [ app_init ] --START--
INFO: Run Behavior\BuildLiteBehavior [ RunTime:0.000019s ]
INFO: [ app_init ] --END-- [ RunTime:0.000557s ]

[ 2015-04-18T08:15:09+08:00 ] 192.168.1.42 /Code/index
INFO: [ app_init ] --START--
INFO: Run Behavior\BuildLiteBehavior [ RunTime:0.000019s ]
INFO: [ app_init ] --END-- [ RunTime:0.000627s ]
ERR: 非法操作:Code

[ 2015-04-18T08:15:09+08:00 ] 192.168.1.42 /Code/index
INFO: [ app_init ] --START--
INFO: Run Behavior\BuildLiteBehavior [ RunTime:0.000027s ]
INFO: [ app_init ] --END-- [ RunTime:0.001686s ]
ERR: 非法操作:Code

[ 2015-04-18T08:16:16+08:00 ] 192.168.1.42 /Contact_us
INFO: [ app_init ] --START--
INFO: Run Behavior\BuildLiteBehavior [ RunTime:0.000049s ]
INFO: [ app_init ] --END-- [ RunTime:0.000825s ]

[ 2015-04-18T08:16:16+08:00 ] 192.168.1.42 /Code/index
INFO: [ app_init ] --START--
INFO: Run Behavior\BuildLiteBehavior [ RunTime:0.000019s ]
INFO: [ app_init ] --END-- [ RunTime:0.000612s ]
ERR: 非法操作:Code

[ 2015-04-18T08:16:16+08:00 ] 192.168.1.42 /Code/index
INFO: [ app_init ] --START--
INFO: Run Behavior\BuildLiteBehavior [ RunTime:0.000020s ]
INFO: [ app_init ] --END-- [ RunTime:0.000786s ]
ERR: 非法操作:Code

[ 2015-04-18T08:16:28+08:00 ] 192.168.1.42 /Contact_us
INFO: [ app_init ] --START--
INFO: Run Behavior\BuildLiteBehavior [ RunTime:0.000031s ]
INFO: [ app_init ] --END-- [ RunTime:0.000572s ]

[ 2015-04-18T08:16:28+08:00 ] 192.168.1.42 /Code/index
INFO: [ app_init ] --START--
INFO: Run Behavior\BuildLiteBehavior [ RunTime:0.000020s ]
INFO: [ app_init ] --END-- [ RunTime:0.000620s ]
ERR: 非法操作:Code

[ 2015-04-18T08:16:55+08:00 ] 192.168.1.42 /Contact_us
INFO: [ app_init ] --START--
INFO: Run Behavior\BuildLiteBehavior [ RunTime:0.000018s ]
INFO: [ app_init ] --END-- [ RunTime:0.000546s ]

[ 2015-04-18T08:16:55+08:00 ] 192.168.1.42 /Code/index
INFO: [ app_init ] --START--
INFO: Run Behavior\BuildLiteBehavior [ RunTime:0.000022s ]
INFO: [ app_init ] --END-- [ RunTime:0.001047s ]
ERR: 非法操作:Code

[ 2015-04-18T08:20:20+08:00 ] 192.168.1.42 /Contact_us
INFO: [ app_init ] --START--
INFO: Run Behavior\BuildLiteBehavior [ RunTime:0.000027s ]
INFO: [ app_init ] --END-- [ RunTime:0.000868s ]

[ 2015-04-18T08:20:20+08:00 ] 192.168.1.42 /Code/index
INFO: [ app_init ] --START--
INFO: Run Behavior\BuildLiteBehavior [ RunTime:0.000026s ]
INFO: [ app_init ] --END-- [ RunTime:0.000713s ]
ERR: 非法操作:Code

[ 2015-04-18T08:20:24+08:00 ] 192.168.1.42 /Contact_us
INFO: [ app_init ] --START--
INFO: Run Behavior\BuildLiteBehavior [ RunTime:0.000019s ]
INFO: [ app_init ] --END-- [ RunTime:0.000636s ]

[ 2015-04-18T08:20:24+08:00 ] 192.168.1.42 /Code/index
INFO: [ app_init ] --START--
INFO: Run Behavior\BuildLiteBehavior [ RunTime:0.000018s ]
INFO: [ app_init ] --END-- [ RunTime:0.000560s ]
ERR: 非法操作:Code

[ 2015-04-18T08:20:34+08:00 ] 192.168.1.42 /Contact_us
INFO: [ app_init ] --START--
INFO: Run Behavior\BuildLiteBehavior [ RunTime:0.000019s ]
INFO: [ app_init ] --END-- [ RunTime:0.000595s ]

[ 2015-04-18T08:20:34+08:00 ] 192.168.1.42 /Code/index
INFO: [ app_init ] --START--
INFO: Run Behavior\BuildLiteBehavior [ RunTime:0.000019s ]
INFO: [ app_init ] --END-- [ RunTime:0.000748s ]
ERR: 非法操作:Code

[ 2015-04-18T08:20:41+08:00 ] 192.168.1.42 /index.php
INFO: [ app_init ] --START--
INFO: Run Behavior\BuildLiteBehavior [ RunTime:0.000019s ]
INFO: [ app_init ] --END-- [ RunTime:0.000674s ]

[ 2015-04-18T08:20:41+08:00 ] 192.168.1.42 /font.swf
INFO: [ app_init ] --START--
INFO: Run Behavior\BuildLiteBehavior [ RunTime:0.000018s ]
INFO: [ app_init ] --END-- [ RunTime:0.000655s ]
ERR: 非法操作:font.swf

[ 2015-04-18T08:20:58+08:00 ] 192.168.1.42 /Code/index
INFO: [ app_init ] --START--
INFO: Run Behavior\BuildLiteBehavior [ RunTime:0.000027s ]
INFO: [ app_init ] --END-- [ RunTime:0.000895s ]
ERR: 非法操作:Code

[ 2015-04-18T08:21:00+08:00 ] 192.168.1.42 /Contact_us
INFO: [ app_init ] --START--
INFO: Run Behavior\BuildLiteBehavior [ RunTime:0.000018s ]
INFO: [ app_init ] --END-- [ RunTime:0.000545s ]

[ 2015-04-18T08:21:00+08:00 ] 192.168.1.42 /Code/index
INFO: [ app_init ] --START--
INFO: Run Behavior\BuildLiteBehavior [ RunTime:0.000019s ]
INFO: [ app_init ] --END-- [ RunTime:0.000559s ]
ERR: 非法操作:Code

[ 2015-04-18T08:21:08+08:00 ] 192.168.1.42 /Contact_us
INFO: [ app_init ] --START--
INFO: Run Behavior\BuildLiteBehavior [ RunTime:0.000018s ]
INFO: [ app_init ] --END-- [ RunTime:0.000608s ]

[ 2015-04-18T08:21:08+08:00 ] 192.168.1.42 /Code/index
INFO: [ app_init ] --START--
INFO: Run Behavior\BuildLiteBehavior [ RunTime:0.000025s ]
INFO: [ app_init ] --END-- [ RunTime:0.000763s ]
ERR: 非法操作:Code

[ 2015-04-18T08:22:56+08:00 ] 192.168.1.42 /Contact_us
INFO: [ app_init ] --START--
INFO: Run Behavior\BuildLiteBehavior [ RunTime:0.000018s ]
INFO: [ app_init ] --END-- [ RunTime:0.000592s ]

[ 2015-04-18T08:22:56+08:00 ] 192.168.1.42 /Code/index
INFO: [ app_init ] --START--
INFO: Run Behavior\BuildLiteBehavior [ RunTime:0.000017s ]
INFO: [ app_init ] --END-- [ RunTime:0.000592s ]
ERR: 非法操作:Code

[ 2015-04-18T08:22:59+08:00 ] 192.168.1.42 /Contact_us
INFO: [ app_init ] --START--
INFO: Run Behavior\BuildLiteBehavior [ RunTime:0.000017s ]
INFO: [ app_init ] --END-- [ RunTime:0.000589s ]

[ 2015-04-18T08:23:00+08:00 ] 192.168.1.42 /Code/index
INFO: [ app_init ] --START--
INFO: Run Behavior\BuildLiteBehavior [ RunTime:0.000026s ]
INFO: [ app_init ] --END-- [ RunTime:0.000930s ]
ERR: 非法操作:Code

[ 2015-04-18T08:23:02+08:00 ] 192.168.1.42 /Contact_us
INFO: [ app_init ] --START--
INFO: Run Behavior\BuildLiteBehavior [ RunTime:0.000021s ]
INFO: [ app_init ] --END-- [ RunTime:0.000918s ]

[ 2015-04-18T08:23:02+08:00 ] 192.168.1.42 /Code/index
INFO: [ app_init ] --START--
INFO: Run Behavior\BuildLiteBehavior [ RunTime:0.000020s ]
INFO: [ app_init ] --END-- [ RunTime:0.000574s ]
ERR: 非法操作:Code

[ 2015-04-18T08:23:28+08:00 ] 192.168.1.42 /Contact_us
INFO: [ app_init ] --START--
INFO: Run Behavior\BuildLiteBehavior [ RunTime:0.000020s ]
INFO: [ app_init ] --END-- [ RunTime:0.000615s ]

[ 2015-04-18T08:23:29+08:00 ] 192.168.1.42 /Code/index
INFO: [ app_init ] --START--
INFO: Run Behavior\BuildLiteBehavior [ RunTime:0.000026s ]
INFO: [ app_init ] --END-- [ RunTime:0.000902s ]
ERR: 非法操作:Code

[ 2015-04-18T08:23:54+08:00 ] 192.168.1.42 /Contact_us
INFO: [ app_init ] --START--
INFO: Run Behavior\BuildLiteBehavior [ RunTime:0.000018s ]
INFO: [ app_init ] --END-- [ RunTime:0.000546s ]

[ 2015-04-18T08:23:54+08:00 ] 192.168.1.42 /Code/index
INFO: [ app_init ] --START--
INFO: Run Behavior\BuildLiteBehavior [ RunTime:0.000019s ]
INFO: [ app_init ] --END-- [ RunTime:0.000806s ]
ERR: 非法操作:Code

[ 2015-04-18T08:23:55+08:00 ] 192.168.1.42 /Contact_us
INFO: [ app_init ] --START--
INFO: Run Behavior\BuildLiteBehavior [ RunTime:0.000019s ]
INFO: [ app_init ] --END-- [ RunTime:0.000592s ]

[ 2015-04-18T08:23:55+08:00 ] 192.168.1.42 /Code/index
INFO: [ app_init ] --START--
INFO: Run Behavior\BuildLiteBehavior [ RunTime:0.000029s ]
INFO: [ app_init ] --END-- [ RunTime:0.000869s ]
ERR: 非法操作:Code

[ 2015-04-18T08:24:15+08:00 ] 192.168.1.42 /Contact_us
INFO: [ app_init ] --START--
INFO: Run Behavior\BuildLiteBehavior [ RunTime:0.000018s ]
INFO: [ app_init ] --END-- [ RunTime:0.000546s ]

[ 2015-04-18T08:24:15+08:00 ] 192.168.1.42 /Code/index
INFO: [ app_init ] --START--
INFO: Run Behavior\BuildLiteBehavior [ RunTime:0.000020s ]
INFO: [ app_init ] --END-- [ RunTime:0.000558s ]
ERR: 非法操作:Code

[ 2015-04-18T08:24:46+08:00 ] 192.168.1.42 /Contact_us
INFO: [ app_init ] --START--
INFO: Run Behavior\BuildLiteBehavior [ RunTime:0.000018s ]
INFO: [ app_init ] --END-- [ RunTime:0.000555s ]

[ 2015-04-18T08:24:46+08:00 ] 192.168.1.42 /Code/index
INFO: [ app_init ] --START--
INFO: Run Behavior\BuildLiteBehavior [ RunTime:0.000020s ]
INFO: [ app_init ] --END-- [ RunTime:0.000600s ]
ERR: 非法操作:Code

[ 2015-04-18T08:27:46+08:00 ] 192.168.1.42 /Contact_us
INFO: [ app_init ] --START--
INFO: Run Behavior\BuildLiteBehavior [ RunTime:0.000025s ]
INFO: [ app_init ] --END-- [ RunTime:0.000697s ]

[ 2015-04-18T08:27:46+08:00 ] 192.168.1.42 /Code/index
INFO: [ app_init ] --START--
INFO: Run Behavior\BuildLiteBehavior [ RunTime:0.000018s ]
INFO: [ app_init ] --END-- [ RunTime:0.000811s ]
ERR: 非法操作:Code

[ 2015-04-18T08:28:23+08:00 ] 192.168.1.42 /Contact_us
INFO: [ app_init ] --START--
INFO: Run Behavior\BuildLiteBehavior [ RunTime:0.000019s ]
INFO: [ app_init ] --END-- [ RunTime:0.000552s ]

[ 2015-04-18T08:28:23+08:00 ] 192.168.1.42 /Code/index
INFO: [ app_init ] --START--
INFO: Run Behavior\BuildLiteBehavior [ RunTime:0.000026s ]
INFO: [ app_init ] --END-- [ RunTime:0.000906s ]
ERR: 非法操作:Code

[ 2015-04-18T08:28:54+08:00 ] 192.168.1.42 /Contact_us
INFO: [ app_init ] --START--
INFO: Run Behavior\BuildLiteBehavior [ RunTime:0.000018s ]
INFO: [ app_init ] --END-- [ RunTime:0.000546s ]

[ 2015-04-18T08:28:54+08:00 ] 192.168.1.42 /Code/index
INFO: [ app_init ] --START--
INFO: Run Behavior\BuildLiteBehavior [ RunTime:0.000026s ]
INFO: [ app_init ] --END-- [ RunTime:0.000815s ]
ERR: 非法操作:Code

[ 2015-04-18T08:31:01+08:00 ] 192.168.1.42 /Contact_us
INFO: [ app_init ] --START--
INFO: Run Behavior\BuildLiteBehavior [ RunTime:0.000026s ]
INFO: [ app_init ] --END-- [ RunTime:0.000875s ]

[ 2015-04-18T08:31:01+08:00 ] 192.168.1.42 /Code/index
INFO: [ app_init ] --START--
INFO: Run Behavior\BuildLiteBehavior [ RunTime:0.000026s ]
INFO: [ app_init ] --END-- [ RunTime:0.001093s ]
ERR: 非法操作:Code

[ 2015-04-18T08:31:01+08:00 ] 192.168.1.42 /Code/index
INFO: [ app_init ] --START--
INFO: Run Behavior\BuildLiteBehavior [ RunTime:0.000029s ]
INFO: [ app_init ] --END-- [ RunTime:0.000858s ]
ERR: 非法操作:Code

[ 2015-04-18T08:31:58+08:00 ] 192.168.1.42 /Contact_us
INFO: [ app_init ] --START--
INFO: Run Behavior\BuildLiteBehavior [ RunTime:0.000018s ]
INFO: [ app_init ] --END-- [ RunTime:0.000611s ]

[ 2015-04-18T08:31:58+08:00 ] 192.168.1.42 /Code/index
INFO: [ app_init ] --START--
INFO: Run Behavior\BuildLiteBehavior [ RunTime:0.000028s ]
INFO: [ app_init ] --END-- [ RunTime:0.000962s ]
ERR: 非法操作:Code

[ 2015-04-18T08:31:59+08:00 ] 192.168.1.42 /Code/index
INFO: [ app_init ] --START--
INFO: Run Behavior\BuildLiteBehavior [ RunTime:0.000018s ]
INFO: [ app_init ] --END-- [ RunTime:0.000592s ]
ERR: 非法操作:Code

[ 2015-04-18T08:39:28+08:00 ] 192.168.1.42 /Contact_us
INFO: [ app_init ] --START--
INFO: Run Behavior\BuildLiteBehavior [ RunTime:0.000026s ]
INFO: [ app_init ] --END-- [ RunTime:0.000924s ]

[ 2015-04-18T08:39:28+08:00 ] 192.168.1.42 /Code/index
INFO: [ app_init ] --START--
INFO: Run Behavior\BuildLiteBehavior [ RunTime:0.000027s ]
INFO: [ app_init ] --END-- [ RunTime:0.001133s ]
ERR: 非法操作:Code

[ 2015-04-18T08:39:28+08:00 ] 192.168.1.42 /Code/index
INFO: [ app_init ] --START--
INFO: Run Behavior\BuildLiteBehavior [ RunTime:0.000032s ]
INFO: [ app_init ] --END-- [ RunTime:0.001404s ]
ERR: 非法操作:Code

[ 2015-04-18T08:39:48+08:00 ] 192.168.1.42 /Contact_us
INFO: [ app_init ] --START--
INFO: Run Behavior\BuildLiteBehavior [ RunTime:0.000018s ]
INFO: [ app_init ] --END-- [ RunTime:0.000542s ]

[ 2015-04-18T08:39:54+08:00 ] 192.168.1.42 /Contact_us
INFO: [ app_init ] --START--
INFO: Run Behavior\BuildLiteBehavior [ RunTime:0.000019s ]
INFO: [ app_init ] --END-- [ RunTime:0.000546s ]

[ 2015-04-18T08:39:54+08:00 ] 192.168.1.42 /Code/index
INFO: [ app_init ] --START--
INFO: Run Behavior\BuildLiteBehavior [ RunTime:0.000034s ]
INFO: [ app_init ] --END-- [ RunTime:0.001136s ]
ERR: 非法操作:Code

[ 2015-04-18T08:39:54+08:00 ] 192.168.1.42 /Code/index
INFO: [ app_init ] --START--
INFO: Run Behavior\BuildLiteBehavior [ RunTime:0.000019s ]
INFO: [ app_init ] --END-- [ RunTime:0.000592s ]
ERR: 非法操作:Code

[ 2015-04-18T08:46:23+08:00 ] 192.168.1.42 /Code/index
INFO: [ app_init ] --START--
INFO: Run Behavior\BuildLiteBehavior [ RunTime:0.000029s ]
INFO: [ app_init ] --END-- [ RunTime:0.002130s ]
ERR: 非法操作:Code

[ 2015-04-18T08:46:23+08:00 ] 192.168.1.42 /Code/index
INFO: [ app_init ] --START--
INFO: Run Behavior\BuildLiteBehavior [ RunTime:0.000019s ]
INFO: [ app_init ] --END-- [ RunTime:0.000561s ]
ERR: 非法操作:Code

[ 2015-04-18T08:46:25+08:00 ] 192.168.1.42 /Download.php
INFO: [ app_init ] --START--
INFO: Run Behavior\BuildLiteBehavior [ RunTime:0.000017s ]
INFO: [ app_init ] --END-- [ RunTime:0.000549s ]

[ 2015-04-18T08:46:26+08:00 ] 192.168.1.42 /Download.php
INFO: [ app_init ] --START--
INFO: Run Behavior\BuildLiteBehavior [ RunTime:0.000017s ]
INFO: [ app_init ] --END-- [ RunTime:0.000552s ]

[ 2015-04-18T08:46:27+08:00 ] 192.168.1.42 /Code/index
INFO: [ app_init ] --START--
INFO: Run Behavior\BuildLiteBehavior [ RunTime:0.000027s ]
INFO: [ app_init ] --END-- [ RunTime:0.000824s ]
ERR: 非法操作:Code

[ 2015-04-18T08:46:27+08:00 ] 192.168.1.42 /Code/index
INFO: [ app_init ] --START--
INFO: Run Behavior\BuildLiteBehavior [ RunTime:0.000028s ]
INFO: [ app_init ] --END-- [ RunTime:0.000852s ]
ERR: 非法操作:Code

[ 2015-04-18T08:46:29+08:00 ] 192.168.1.42 /Download.php
INFO: [ app_init ] --START--
INFO: Run Behavior\BuildLiteBehavior [ RunTime:0.000018s ]
INFO: [ app_init ] --END-- [ RunTime:0.000540s ]

[ 2015-04-18T08:48:27+08:00 ] 192.168.1.42 /Code/index
INFO: [ app_init ] --START--
INFO: Run Behavior\BuildLiteBehavior [ RunTime:0.000026s ]
INFO: [ app_init ] --END-- [ RunTime:0.001018s ]
ERR: 非法操作:Code

[ 2015-04-18T08:48:27+08:00 ] 192.168.1.42 /Code/index
INFO: [ app_init ] --START--
INFO: Run Behavior\BuildLiteBehavior [ RunTime:0.000020s ]
INFO: [ app_init ] --END-- [ RunTime:0.000646s ]
ERR: 非法操作:Code

[ 2015-04-18T08:48:32+08:00 ] 192.168.1.42 /Contact_us
INFO: [ app_init ] --START--
INFO: Run Behavior\BuildLiteBehavior [ RunTime:0.000029s ]
INFO: [ app_init ] --END-- [ RunTime:0.001096s ]

[ 2015-04-18T08:48:32+08:00 ] 192.168.1.42 /Code/index
INFO: [ app_init ] --START--
INFO: Run Behavior\BuildLiteBehavior [ RunTime:0.000026s ]
INFO: [ app_init ] --END-- [ RunTime:0.000830s ]
ERR: 非法操作:Code

[ 2015-04-18T08:48:32+08:00 ] 192.168.1.42 /Code/index
INFO: [ app_init ] --START--
INFO: Run Behavior\BuildLiteBehavior [ RunTime:0.000020s ]
INFO: [ app_init ] --END-- [ RunTime:0.000576s ]
ERR: 非法操作:Code

[ 2015-04-18T08:49:07+08:00 ] 192.168.1.42 /Contact_us
INFO: [ app_init ] --START--
INFO: Run Behavior\BuildLiteBehavior [ RunTime:0.000018s ]
INFO: [ app_init ] --END-- [ RunTime:0.000601s ]

[ 2015-04-18T08:49:07+08:00 ] 192.168.1.42 /Code/index
INFO: [ app_init ] --START--
INFO: Run Behavior\BuildLiteBehavior [ RunTime:0.000028s ]
INFO: [ app_init ] --END-- [ RunTime:0.001135s ]
ERR: 非法操作:Code

[ 2015-04-18T08:49:07+08:00 ] 192.168.1.42 /Code/index
INFO: [ app_init ] --START--
INFO: Run Behavior\BuildLiteBehavior [ RunTime:0.000020s ]
INFO: [ app_init ] --END-- [ RunTime:0.000718s ]
ERR: 非法操作:Code

[ 2015-04-18T08:50:14+08:00 ] 192.168.1.42 /Contact_us
INFO: [ app_init ] --START--
INFO: Run Behavior\BuildLiteBehavior [ RunTime:0.000021s ]
INFO: [ app_init ] --END-- [ RunTime:0.000654s ]

[ 2015-04-18T08:50:14+08:00 ] 192.168.1.42 /Code/index
INFO: [ app_init ] --START--
INFO: Run Behavior\BuildLiteBehavior [ RunTime:0.000026s ]
INFO: [ app_init ] --END-- [ RunTime:0.000916s ]
ERR: 非法操作:Code

[ 2015-04-18T08:50:15+08:00 ] 192.168.1.42 /Code/index
INFO: [ app_init ] --START--
INFO: Run Behavior\BuildLiteBehavior [ RunTime:0.000025s ]
INFO: [ app_init ] --END-- [ RunTime:0.000697s ]
ERR: 非法操作:Code

[ 2015-04-18T08:56:10+08:00 ] 192.168.1.42 /Contact_us
INFO: [ app_init ] --START--
INFO: Run Behavior\BuildLiteBehavior [ RunTime:0.000019s ]
INFO: [ app_init ] --END-- [ RunTime:0.000605s ]

[ 2015-04-18T08:56:10+08:00 ] 192.168.1.42 /Code/index
INFO: [ app_init ] --START--
INFO: Run Behavior\BuildLiteBehavior [ RunTime:0.000025s ]
INFO: [ app_init ] --END-- [ RunTime:0.000829s ]
ERR: 非法操作:Code

[ 2015-04-18T08:56:11+08:00 ] 192.168.1.42 /Code/index
INFO: [ app_init ] --START--
INFO: Run Behavior\BuildLiteBehavior [ RunTime:0.000019s ]
INFO: [ app_init ] --END-- [ RunTime:0.000605s ]
ERR: 非法操作:Code

[ 2015-04-18T08:57:48+08:00 ] 192.168.1.42 /Contact_us
INFO: [ app_init ] --START--
INFO: Run Behavior\BuildLiteBehavior [ RunTime:0.000019s ]
INFO: [ app_init ] --END-- [ RunTime:0.000583s ]

[ 2015-04-18T08:57:48+08:00 ] 192.168.1.42 /Code/index
INFO: [ app_init ] --START--
INFO: Run Behavior\BuildLiteBehavior [ RunTime:0.000031s ]
INFO: [ app_init ] --END-- [ RunTime:0.001854s ]
ERR: 非法操作:Code

[ 2015-04-18T08:57:49+08:00 ] 192.168.1.42 /Code/index
INFO: [ app_init ] --START--
INFO: Run Behavior\BuildLiteBehavior [ RunTime:0.000036s ]
INFO: [ app_init ] --END-- [ RunTime:0.001092s ]
ERR: 非法操作:Code

[ 2015-04-18T08:58:37+08:00 ] 192.168.1.42 /Contact_us
INFO: [ app_init ] --START--
INFO: Run Behavior\BuildLiteBehavior [ RunTime:0.000019s ]
INFO: [ app_init ] --END-- [ RunTime:0.000576s ]

[ 2015-04-18T08:58:37+08:00 ] 192.168.1.42 /Code/index
INFO: [ app_init ] --START--
INFO: Run Behavior\BuildLiteBehavior [ RunTime:0.000019s ]
INFO: [ app_init ] --END-- [ RunTime:0.000639s ]
ERR: 非法操作:Code

[ 2015-04-18T08:58:37+08:00 ] 192.168.1.42 /Code/index
INFO: [ app_init ] --START--
INFO: Run Behavior\BuildLiteBehavior [ RunTime:0.000019s ]
INFO: [ app_init ] --END-- [ RunTime:0.000576s ]
ERR: 非法操作:Code

[ 2015-04-18T09:07:33+08:00 ] 192.168.1.42 /Contact_us
INFO: [ app_init ] --START--
INFO: Run Behavior\BuildLiteBehavior [ RunTime:0.000018s ]
INFO: [ app_init ] --END-- [ RunTime:0.000604s ]

[ 2015-04-18T09:07:33+08:00 ] 192.168.1.42 /Code/index
INFO: [ app_init ] --START--
INFO: Run Behavior\BuildLiteBehavior [ RunTime:0.000019s ]
INFO: [ app_init ] --END-- [ RunTime:0.000616s ]
ERR: 非法操作:Code

[ 2015-04-18T09:07:34+08:00 ] 192.168.1.42 /Code/index
INFO: [ app_init ] --START--
INFO: Run Behavior\BuildLiteBehavior [ RunTime:0.000043s ]
INFO: [ app_init ] --END-- [ RunTime:0.002657s ]
ERR: 非法操作:Code

[ 2015-04-18T09:07:59+08:00 ] 192.168.1.42 /Contact_us
INFO: [ app_init ] --START--
INFO: Run Behavior\BuildLiteBehavior [ RunTime:0.000018s ]
INFO: [ app_init ] --END-- [ RunTime:0.000551s ]

[ 2015-04-18T09:07:59+08:00 ] 192.168.1.42 /Code/index
INFO: [ app_init ] --START--
INFO: Run Behavior\BuildLiteBehavior [ RunTime:0.000019s ]
INFO: [ app_init ] --END-- [ RunTime:0.000763s ]
ERR: 非法操作:Code

[ 2015-04-18T09:08:00+08:00 ] 192.168.1.42 /Code/index
INFO: [ app_init ] --START--
INFO: Run Behavior\BuildLiteBehavior [ RunTime:0.000025s ]
INFO: [ app_init ] --END-- [ RunTime:0.000913s ]
ERR: 非法操作:Code

[ 2015-04-18T09:10:01+08:00 ] 192.168.1.42 /Contact_us
INFO: [ app_init ] --START--
INFO: Run Behavior\BuildLiteBehavior [ RunTime:0.000028s ]
INFO: [ app_init ] --END-- [ RunTime:0.000959s ]

[ 2015-04-18T09:10:01+08:00 ] 192.168.1.42 /Code/index
INFO: [ app_init ] --START--
INFO: Run Behavior\BuildLiteBehavior [ RunTime:0.000022s ]
INFO: [ app_init ] --END-- [ RunTime:0.000686s ]
ERR: 非法操作:Code

[ 2015-04-18T09:10:01+08:00 ] 192.168.1.42 /Code/index
INFO: [ app_init ] --START--
INFO: Run Behavior\BuildLiteBehavior [ RunTime:0.000028s ]
INFO: [ app_init ] --END-- [ RunTime:0.000840s ]
ERR: 非法操作:Code

[ 2015-04-18T09:11:05+08:00 ] 192.168.1.42 /Contact_us
INFO: [ app_init ] --START--
INFO: Run Behavior\BuildLiteBehavior [ RunTime:0.000027s ]
INFO: [ app_init ] --END-- [ RunTime:0.001065s ]

[ 2015-04-18T09:11:05+08:00 ] 192.168.1.42 /Code/index
INFO: [ app_init ] --START--
INFO: Run Behavior\BuildLiteBehavior [ RunTime:0.000019s ]
INFO: [ app_init ] --END-- [ RunTime:0.000562s ]
ERR: 非法操作:Code

[ 2015-04-18T09:11:06+08:00 ] 192.168.1.42 /Code/index
INFO: [ app_init ] --START--
INFO: Run Behavior\BuildLiteBehavior [ RunTime:0.000029s ]
INFO: [ app_init ] --END-- [ RunTime:0.001054s ]
ERR: 非法操作:Code

[ 2015-04-18T09:12:03+08:00 ] 192.168.1.42 /Code/index
INFO: [ app_init ] --START--
INFO: Run Behavior\BuildLiteBehavior [ RunTime:0.000020s ]
INFO: [ app_init ] --END-- [ RunTime:0.000688s ]
ERR: 非法操作:Code

[ 2015-04-18T09:22:57+08:00 ] 192.168.1.42 /Download.php
INFO: [ app_init ] --START--
INFO: Run Behavior\BuildLiteBehavior [ RunTime:0.000018s ]
INFO: [ app_init ] --END-- [ RunTime:0.000600s ]

[ 2015-04-18T09:23:02+08:00 ] 192.168.1.42 /Code/index
INFO: [ app_init ] --START--
INFO: Run Behavior\BuildLiteBehavior [ RunTime:0.000028s ]
INFO: [ app_init ] --END-- [ RunTime:0.000917s ]
ERR: 非法操作:Code

[ 2015-04-18T09:23:02+08:00 ] 192.168.1.42 /Code/index
INFO: [ app_init ] --START--
INFO: Run Behavior\BuildLiteBehavior [ RunTime:0.000027s ]
INFO: [ app_init ] --END-- [ RunTime:0.000858s ]
ERR: 非法操作:Code

[ 2015-04-18T09:23:05+08:00 ] 192.168.1.42 /Contact_us
INFO: [ app_init ] --START--
INFO: Run Behavior\BuildLiteBehavior [ RunTime:0.000018s ]
INFO: [ app_init ] --END-- [ RunTime:0.000548s ]

[ 2015-04-18T09:23:05+08:00 ] 192.168.1.42 /Code/index
INFO: [ app_init ] --START--
INFO: Run Behavior\BuildLiteBehavior [ RunTime:0.000029s ]
INFO: [ app_init ] --END-- [ RunTime:0.000686s ]
ERR: 非法操作:Code

[ 2015-04-18T09:23:05+08:00 ] 192.168.1.42 /Code/index
INFO: [ app_init ] --START--
INFO: Run Behavior\BuildLiteBehavior [ RunTime:0.000018s ]
INFO: [ app_init ] --END-- [ RunTime:0.000559s ]
ERR: 非法操作:Code

[ 2015-04-18T09:33:32+08:00 ] 192.168.1.42 /Contact_us
INFO: [ app_init ] --START--
INFO: Run Behavior\BuildLiteBehavior [ RunTime:0.000019s ]
INFO: [ app_init ] --END-- [ RunTime:0.000832s ]

[ 2015-04-18T09:33:32+08:00 ] 192.168.1.42 /Code/index
INFO: [ app_init ] --START--
INFO: Run Behavior\BuildLiteBehavior [ RunTime:0.000020s ]
INFO: [ app_init ] --END-- [ RunTime:0.000660s ]
ERR: 非法操作:Code

[ 2015-04-18T09:33:33+08:00 ] 192.168.1.42 /Code/index
INFO: [ app_init ] --START--
INFO: Run Behavior\BuildLiteBehavior [ RunTime:0.000028s ]
INFO: [ app_init ] --END-- [ RunTime:0.000986s ]
ERR: 非法操作:Code

[ 2015-04-18T09:34:08+08:00 ] 192.168.1.42 /Contact_us
INFO: [ app_init ] --START--
INFO: Run Behavior\BuildLiteBehavior [ RunTime:0.000018s ]
INFO: [ app_init ] --END-- [ RunTime:0.000630s ]

[ 2015-04-18T09:34:08+08:00 ] 192.168.1.42 /Code/index
INFO: [ app_init ] --START--
INFO: Run Behavior\BuildLiteBehavior [ RunTime:0.000029s ]
INFO: [ app_init ] --END-- [ RunTime:0.001250s ]
ERR: 非法操作:Code

[ 2015-04-18T09:34:08+08:00 ] 192.168.1.42 /Code/index
INFO: [ app_init ] --START--
INFO: Run Behavior\BuildLiteBehavior [ RunTime:0.000018s ]
INFO: [ app_init ] --END-- [ RunTime:0.000873s ]
ERR: 非法操作:Code

[ 2015-04-18T09:41:17+08:00 ] 192.168.1.42 /contact_us
INFO: [ app_init ] --START--
INFO: Run Behavior\BuildLiteBehavior [ RunTime:0.000028s ]
INFO: [ app_init ] --END-- [ RunTime:0.000708s ]

[ 2015-04-18T09:41:17+08:00 ] 192.168.1.42 /Code/index
INFO: [ app_init ] --START--
INFO: Run Behavior\BuildLiteBehavior [ RunTime:0.000018s ]
INFO: [ app_init ] --END-- [ RunTime:0.000556s ]
ERR: 非法操作:Code

[ 2015-04-18T09:41:17+08:00 ] 192.168.1.42 /Code/index
INFO: [ app_init ] --START--
INFO: Run Behavior\BuildLiteBehavior [ RunTime:0.000027s ]
INFO: [ app_init ] --END-- [ RunTime:0.000681s ]
ERR: 非法操作:Code

[ 2015-04-18T09:41:31+08:00 ] 192.168.1.42 /contact_us
INFO: [ app_init ] --START--
INFO: Run Behavior\BuildLiteBehavior [ RunTime:0.000019s ]
INFO: [ app_init ] --END-- [ RunTime:0.000625s ]

[ 2015-04-18T09:41:31+08:00 ] 192.168.1.42 /Code/index
INFO: [ app_init ] --START--
INFO: Run Behavior\BuildLiteBehavior [ RunTime:0.000019s ]
INFO: [ app_init ] --END-- [ RunTime:0.000612s ]
ERR: 非法操作:Code

[ 2015-04-18T09:41:31+08:00 ] 192.168.1.42 /index.php
INFO: [ app_init ] --START--
INFO: Run Behavior\BuildLiteBehavior [ RunTime:0.000017s ]
INFO: [ app_init ] --END-- [ RunTime:0.000591s ]

[ 2015-04-18T09:41:32+08:00 ] 192.168.1.42 /font.swf
INFO: [ app_init ] --START--
INFO: Run Behavior\BuildLiteBehavior [ RunTime:0.000018s ]
INFO: [ app_init ] --END-- [ RunTime:0.000549s ]
ERR: 非法操作:font.swf

[ 2015-04-18T09:41:34+08:00 ] 192.168.1.42 /Code/index
INFO: [ app_init ] --START--
INFO: Run Behavior\BuildLiteBehavior [ RunTime:0.000039s ]
INFO: [ app_init ] --END-- [ RunTime:0.000891s ]
ERR: 非法操作:Code

[ 2015-04-18T09:41:34+08:00 ] 192.168.1.42 /Code/index
INFO: [ app_init ] --START--
INFO: Run Behavior\BuildLiteBehavior [ RunTime:0.000024s ]
INFO: [ app_init ] --END-- [ RunTime:0.000661s ]
ERR: 非法操作:Code

[ 2015-04-18T09:41:45+08:00 ] 192.168.1.42 /font.swf
INFO: [ app_init ] --START--
INFO: Run Behavior\BuildLiteBehavior [ RunTime:0.000023s ]
INFO: [ app_init ] --END-- [ RunTime:0.000794s ]
ERR: 非法操作:font.swf

[ 2015-04-18T09:41:45+08:00 ] 192.168.1.42 /index.php
INFO: [ app_init ] --START--
INFO: Run Behavior\BuildLiteBehavior [ RunTime:0.000020s ]
INFO: [ app_init ] --END-- [ RunTime:0.000778s ]

[ 2015-04-18T09:41:46+08:00 ] 192.168.1.42 /font.swf
INFO: [ app_init ] --START--
INFO: Run Behavior\BuildLiteBehavior [ RunTime:0.000019s ]
INFO: [ app_init ] --END-- [ RunTime:0.000597s ]
ERR: 非法操作:font.swf

[ 2015-04-18T09:41:47+08:00 ] 192.168.1.42 /Code/index
INFO: [ app_init ] --START--
INFO: Run Behavior\BuildLiteBehavior [ RunTime:0.000025s ]
INFO: [ app_init ] --END-- [ RunTime:0.000836s ]
ERR: 非法操作:Code

[ 2015-04-18T09:41:47+08:00 ] 192.168.1.42 /Code/index
INFO: [ app_init ] --START--
INFO: Run Behavior\BuildLiteBehavior [ RunTime:0.000025s ]
INFO: [ app_init ] --END-- [ RunTime:0.000778s ]
ERR: 非法操作:Code

[ 2015-04-18T09:41:58+08:00 ] 192.168.1.42 /font.swf
INFO: [ app_init ] --START--
INFO: Run Behavior\BuildLiteBehavior [ RunTime:0.000018s ]
INFO: [ app_init ] --END-- [ RunTime:0.000553s ]
ERR: 非法操作:font.swf

[ 2015-04-18T09:42:11+08:00 ] 192.168.1.42 /index.php
INFO: [ app_init ] --START--
INFO: Run Behavior\BuildLiteBehavior [ RunTime:0.000018s ]
INFO: [ app_init ] --END-- [ RunTime:0.000614s ]

[ 2015-04-18T09:42:11+08:00 ] 192.168.1.42 /font.swf
INFO: [ app_init ] --START--
INFO: Run Behavior\BuildLiteBehavior [ RunTime:0.000016s ]
INFO: [ app_init ] --END-- [ RunTime:0.000540s ]
ERR: 非法操作:font.swf

[ 2015-04-18T09:42:13+08:00 ] 192.168.1.42 /Download.php
INFO: [ app_init ] --START--
INFO: Run Behavior\BuildLiteBehavior [ RunTime:0.000019s ]
INFO: [ app_init ] --END-- [ RunTime:0.000594s ]

[ 2015-04-18T11:12:34+08:00 ] 192.168.1.42 /Code/index
INFO: [ app_init ] --START--
INFO: Run Behavior\BuildLiteBehavior [ RunTime:0.000027s ]
INFO: [ app_init ] --END-- [ RunTime:0.001109s ]
ERR: 非法操作:Code

[ 2015-04-18T11:12:34+08:00 ] 192.168.1.42 /Code/index
INFO: [ app_init ] --START--
INFO: Run Behavior\BuildLiteBehavior [ RunTime:0.000019s ]
INFO: [ app_init ] --END-- [ RunTime:0.000604s ]
ERR: 非法操作:Code

[ 2015-04-18T11:12:42+08:00 ] 192.168.1.42 /Contact_us
INFO: [ app_init ] --START--
INFO: Run Behavior\BuildLiteBehavior [ RunTime:0.000018s ]
INFO: [ app_init ] --END-- [ RunTime:0.000555s ]

[ 2015-04-18T11:12:42+08:00 ] 192.168.1.42 /Code/index
INFO: [ app_init ] --START--
INFO: Run Behavior\BuildLiteBehavior [ RunTime:0.000026s ]
INFO: [ app_init ] --END-- [ RunTime:0.000779s ]
ERR: 非法操作:Code

[ 2015-04-18T11:12:42+08:00 ] 192.168.1.42 /Code/index
INFO: [ app_init ] --START--
INFO: Run Behavior\BuildLiteBehavior [ RunTime:0.000021s ]
INFO: [ app_init ] --END-- [ RunTime:0.000604s ]
ERR: 非法操作:Code

[ 2015-04-18T11:13:44+08:00 ] 192.168.1.42 /Contact_us
INFO: [ app_init ] --START--
INFO: Run Behavior\BuildLiteBehavior [ RunTime:0.000028s ]
INFO: [ app_init ] --END-- [ RunTime:0.000705s ]

[ 2015-04-18T11:13:44+08:00 ] 192.168.1.42 /Code/index
INFO: [ app_init ] --START--
INFO: Run Behavior\BuildLiteBehavior [ RunTime:0.000021s ]
INFO: [ app_init ] --END-- [ RunTime:0.000650s ]
ERR: 非法操作:Code

[ 2015-04-18T11:13:45+08:00 ] 192.168.1.42 /Code/index
INFO: [ app_init ] --START--
INFO: Run Behavior\BuildLiteBehavior [ RunTime:0.000029s ]
INFO: [ app_init ] --END-- [ RunTime:0.000853s ]
ERR: 非法操作:Code

[ 2015-04-18T11:30:35+08:00 ] 192.168.1.42 /Contact_us
INFO: [ app_init ] --START--
INFO: Run Behavior\BuildLiteBehavior [ RunTime:0.000025s ]
INFO: [ app_init ] --END-- [ RunTime:0.000656s ]

[ 2015-04-18T11:30:35+08:00 ] 192.168.1.42 /Code/index
INFO: [ app_init ] --START--
INFO: Run Behavior\BuildLiteBehavior [ RunTime:0.000029s ]
INFO: [ app_init ] --END-- [ RunTime:0.000929s ]
ERR: 非法操作:Code

[ 2015-04-18T11:30:36+08:00 ] 192.168.1.42 /Code/index
INFO: [ app_init ] --START--
INFO: Run Behavior\BuildLiteBehavior [ RunTime:0.000020s ]
INFO: [ app_init ] --END-- [ RunTime:0.000569s ]
ERR: 非法操作:Code

[ 2015-04-18T11:31:34+08:00 ] 192.168.1.42 /Contact_us
INFO: [ app_init ] --START--
INFO: Run Behavior\BuildLiteBehavior [ RunTime:0.000018s ]
INFO: [ app_init ] --END-- [ RunTime:0.000579s ]

[ 2015-04-18T11:31:34+08:00 ] 192.168.1.42 /Code/index
INFO: [ app_init ] --START--
INFO: Run Behavior\BuildLiteBehavior [ RunTime:0.000023s ]
INFO: [ app_init ] --END-- [ RunTime:0.000806s ]
ERR: 非法操作:Code

[ 2015-04-18T11:31:35+08:00 ] 192.168.1.42 /Code/index
INFO: [ app_init ] --START--
INFO: Run Behavior\BuildLiteBehavior [ RunTime:0.000020s ]
INFO: [ app_init ] --END-- [ RunTime:0.000686s ]
ERR: 非法操作:Code

[ 2015-04-18T11:32:04+08:00 ] 192.168.1.42 /Contact_us
INFO: [ app_init ] --START--
INFO: Run Behavior\BuildLiteBehavior [ RunTime:0.000023s ]
INFO: [ app_init ] --END-- [ RunTime:0.000688s ]

[ 2015-04-18T11:32:04+08:00 ] 192.168.1.42 /Code/index
INFO: [ app_init ] --START--
INFO: Run Behavior\BuildLiteBehavior [ RunTime:0.000028s ]
INFO: [ app_init ] --END-- [ RunTime:0.000893s ]
ERR: 非法操作:Code

[ 2015-04-18T11:32:04+08:00 ] 192.168.1.42 /Code/index
INFO: [ app_init ] --START--
INFO: Run Behavior\BuildLiteBehavior [ RunTime:0.000027s ]
INFO: [ app_init ] --END-- [ RunTime:0.000966s ]
ERR: 非法操作:Code

[ 2015-04-18T11:32:22+08:00 ] 192.168.1.42 /Contact_us
INFO: [ app_init ] --START--
INFO: Run Behavior\BuildLiteBehavior [ RunTime:0.000024s ]
INFO: [ app_init ] --END-- [ RunTime:0.000780s ]

[ 2015-04-18T11:32:22+08:00 ] 192.168.1.42 /Code/index
INFO: [ app_init ] --START--
INFO: Run Behavior\BuildLiteBehavior [ RunTime:0.000020s ]
INFO: [ app_init ] --END-- [ RunTime:0.000730s ]
ERR: 非法操作:Code

[ 2015-04-18T11:32:22+08:00 ] 192.168.1.42 /Code/index
INFO: [ app_init ] --START--
INFO: Run Behavior\BuildLiteBehavior [ RunTime:0.000027s ]
INFO: [ app_init ] --END-- [ RunTime:0.000793s ]
ERR: 非法操作:Code

[ 2015-04-18T11:32:33+08:00 ] 192.168.1.42 /index.php
INFO: [ app_init ] --START--
INFO: Run Behavior\BuildLiteBehavior [ RunTime:0.000017s ]
INFO: [ app_init ] --END-- [ RunTime:0.000547s ]

[ 2015-04-18T11:32:34+08:00 ] 192.168.1.42 /font.swf
INFO: [ app_init ] --START--
INFO: Run Behavior\BuildLiteBehavior [ RunTime:0.000017s ]
INFO: [ app_init ] --END-- [ RunTime:0.000536s ]
ERR: 非法操作:font.swf

[ 2015-04-18T11:37:36+08:00 ] 192.168.1.42 /Code/index
INFO: [ app_init ] --START--
INFO: Run Behavior\BuildLiteBehavior [ RunTime:0.000025s ]
INFO: [ app_init ] --END-- [ RunTime:0.000881s ]
ERR: 非法操作:Code

[ 2015-04-18T11:37:37+08:00 ] 192.168.1.42 /Code/index
INFO: [ app_init ] --START--
INFO: Run Behavior\BuildLiteBehavior [ RunTime:0.000019s ]
INFO: [ app_init ] --END-- [ RunTime:0.000602s ]
ERR: 非法操作:Code

[ 2015-04-18T11:37:39+08:00 ] 192.168.1.42 /Contact_us
INFO: [ app_init ] --START--
INFO: Run Behavior\BuildLiteBehavior [ RunTime:0.000019s ]
INFO: [ app_init ] --END-- [ RunTime:0.000599s ]

[ 2015-04-18T11:37:39+08:00 ] 192.168.1.42 /Code/index
INFO: [ app_init ] --START--
INFO: Run Behavior\BuildLiteBehavior [ RunTime:0.000025s ]
INFO: [ app_init ] --END-- [ RunTime:0.000905s ]
ERR: 非法操作:Code

[ 2015-04-18T11:37:39+08:00 ] 192.168.1.42 /Code/index
INFO: [ app_init ] --START--
INFO: Run Behavior\BuildLiteBehavior [ RunTime:0.000026s ]
INFO: [ app_init ] --END-- [ RunTime:0.000754s ]
ERR: 非法操作:Code

[ 2015-04-18T12:02:12+08:00 ] 192.168.1.42 /Contact_us
INFO: [ app_init ] --START--
INFO: Run Behavior\BuildLiteBehavior [ RunTime:0.000019s ]
INFO: [ app_init ] --END-- [ RunTime:0.000600s ]

[ 2015-04-18T12:02:12+08:00 ] 192.168.1.42 /Code/index
INFO: [ app_init ] --START--
INFO: Run Behavior\BuildLiteBehavior [ RunTime:0.000019s ]
INFO: [ app_init ] --END-- [ RunTime:0.000621s ]
ERR: 非法操作:Code

[ 2015-04-18T12:02:12+08:00 ] 192.168.1.42 /Code/index
INFO: [ app_init ] --START--
INFO: Run Behavior\BuildLiteBehavior [ RunTime:0.000020s ]
INFO: [ app_init ] --END-- [ RunTime:0.000554s ]
ERR: 非法操作:Code

[ 2015-04-18T12:03:33+08:00 ] 192.168.1.42 /Contact_us
INFO: [ app_init ] --START--
INFO: Run Behavior\BuildLiteBehavior [ RunTime:0.000024s ]
INFO: [ app_init ] --END-- [ RunTime:0.000580s ]

[ 2015-04-18T12:03:33+08:00 ] 192.168.1.42 /Contact_us
INFO: [ app_init ] --START--
INFO: Run Behavior\BuildLiteBehavior [ RunTime:0.000017s ]
INFO: [ app_init ] --END-- [ RunTime:0.000545s ]

[ 2015-04-18T12:03:33+08:00 ] 192.168.1.42 /Contact_us
INFO: [ app_init ] --START--
INFO: Run Behavior\BuildLiteBehavior [ RunTime:0.000018s ]
INFO: [ app_init ] --END-- [ RunTime:0.000576s ]

[ 2015-04-18T12:03:33+08:00 ] 192.168.1.42 /Code/index
INFO: [ app_init ] --START--
INFO: Run Behavior\BuildLiteBehavior [ RunTime:0.000026s ]
INFO: [ app_init ] --END-- [ RunTime:0.001034s ]
ERR: 非法操作:Code

[ 2015-04-18T12:03:34+08:00 ] 192.168.1.42 /Code/index
INFO: [ app_init ] --START--
INFO: Run Behavior\BuildLiteBehavior [ RunTime:0.000031s ]
INFO: [ app_init ] --END-- [ RunTime:0.002146s ]
ERR: 非法操作:Code

[ 2015-04-18T12:07:22+08:00 ] 192.168.1.42 /Contact_us
INFO: [ app_init ] --START--
INFO: Run Behavior\BuildLiteBehavior [ RunTime:0.000019s ]
INFO: [ app_init ] --END-- [ RunTime:0.000606s ]

[ 2015-04-18T12:07:22+08:00 ] 192.168.1.42 /Code/index
INFO: [ app_init ] --START--
INFO: Run Behavior\BuildLiteBehavior [ RunTime:0.000019s ]
INFO: [ app_init ] --END-- [ RunTime:0.000627s ]
ERR: 非法操作:Code

[ 2015-04-18T12:07:23+08:00 ] 192.168.1.42 /Code/index
INFO: [ app_init ] --START--
INFO: Run Behavior\BuildLiteBehavior [ RunTime:0.000035s ]
INFO: [ app_init ] --END-- [ RunTime:0.001048s ]
ERR: 非法操作:Code

[ 2015-04-18T12:10:30+08:00 ] 192.168.1.42 /Contact_us
INFO: [ app_init ] --START--
INFO: Run Behavior\BuildLiteBehavior [ RunTime:0.000018s ]
INFO: [ app_init ] --END-- [ RunTime:0.000577s ]

[ 2015-04-18T12:10:30+08:00 ] 192.168.1.42 /Code/index
INFO: [ app_init ] --START--
INFO: Run Behavior\BuildLiteBehavior [ RunTime:0.000026s ]
INFO: [ app_init ] --END-- [ RunTime:0.000821s ]
ERR: 非法操作:Code

[ 2015-04-18T12:10:30+08:00 ] 192.168.1.42 /Code/index
INFO: [ app_init ] --START--
INFO: Run Behavior\BuildLiteBehavior [ RunTime:0.000020s ]
INFO: [ app_init ] --END-- [ RunTime:0.000682s ]
ERR: 非法操作:Code

[ 2015-04-18T12:11:14+08:00 ] 192.168.1.42 /Contact_us
INFO: [ app_init ] --START--
INFO: Run Behavior\BuildLiteBehavior [ RunTime:0.000019s ]
INFO: [ app_init ] --END-- [ RunTime:0.000687s ]

[ 2015-04-18T12:11:14+08:00 ] 192.168.1.42 /Code/index
INFO: [ app_init ] --START--
INFO: Run Behavior\BuildLiteBehavior [ RunTime:0.000020s ]
INFO: [ app_init ] --END-- [ RunTime:0.000747s ]
ERR: 非法操作:Code

[ 2015-04-18T12:11:14+08:00 ] 192.168.1.42 /Code/index
INFO: [ app_init ] --START--
INFO: Run Behavior\BuildLiteBehavior [ RunTime:0.000021s ]
INFO: [ app_init ] --END-- [ RunTime:0.000822s ]
ERR: 非法操作:Code

[ 2015-04-18T12:11:56+08:00 ] 192.168.1.42 /Contact_us
INFO: [ app_init ] --START--
INFO: Run Behavior\BuildLiteBehavior [ RunTime:0.000017s ]
INFO: [ app_init ] --END-- [ RunTime:0.000581s ]

[ 2015-04-18T12:11:56+08:00 ] 192.168.1.42 /Code/index
INFO: [ app_init ] --START--
INFO: Run Behavior\BuildLiteBehavior [ RunTime:0.000027s ]
INFO: [ app_init ] --END-- [ RunTime:0.000887s ]
ERR: 非法操作:Code

[ 2015-04-18T12:11:56+08:00 ] 192.168.1.42 /Code/index
INFO: [ app_init ] --START--
INFO: Run Behavior\BuildLiteBehavior [ RunTime:0.000031s ]
INFO: [ app_init ] --END-- [ RunTime:0.001001s ]
ERR: 非法操作:Code

[ 2015-04-18T12:16:20+08:00 ] 192.168.1.42 /Contact_us
INFO: [ app_init ] --START--
INFO: Run Behavior\BuildLiteBehavior [ RunTime:0.000027s ]
INFO: [ app_init ] --END-- [ RunTime:0.001477s ]

[ 2015-04-18T12:16:20+08:00 ] 192.168.1.42 /Code/index
INFO: [ app_init ] --START--
INFO: Run Behavior\BuildLiteBehavior [ RunTime:0.000028s ]
INFO: [ app_init ] --END-- [ RunTime:0.001026s ]
ERR: 非法操作:Code

[ 2015-04-18T12:16:21+08:00 ] 192.168.1.42 /Code/index
INFO: [ app_init ] --START--
INFO: Run Behavior\BuildLiteBehavior [ RunTime:0.000027s ]
INFO: [ app_init ] --END-- [ RunTime:0.000835s ]
ERR: 非法操作:Code

[ 2015-04-18T12:17:56+08:00 ] 192.168.1.42 /Contact_us
INFO: [ app_init ] --START--
INFO: Run Behavior\BuildLiteBehavior [ RunTime:0.000019s ]
INFO: [ app_init ] --END-- [ RunTime:0.000557s ]

[ 2015-04-18T12:17:56+08:00 ] 192.168.1.42 /Code/index
INFO: [ app_init ] --START--
INFO: Run Behavior\BuildLiteBehavior [ RunTime:0.000025s ]
INFO: [ app_init ] --END-- [ RunTime:0.000777s ]
ERR: 非法操作:Code

[ 2015-04-18T12:17:56+08:00 ] 192.168.1.42 /Code/index
INFO: [ app_init ] --START--
INFO: Run Behavior\BuildLiteBehavior [ RunTime:0.000023s ]
INFO: [ app_init ] --END-- [ RunTime:0.000705s ]
ERR: 非法操作:Code

[ 2015-04-18T12:18:14+08:00 ] 192.168.1.42 /Contact_us
INFO: [ app_init ] --START--
INFO: Run Behavior\BuildLiteBehavior [ RunTime:0.000025s ]
INFO: [ app_init ] --END-- [ RunTime:0.000861s ]

[ 2015-04-18T12:18:17+08:00 ] 192.168.1.42 /Contact_us
INFO: [ app_init ] --START--
INFO: Run Behavior\BuildLiteBehavior [ RunTime:0.000017s ]
INFO: [ app_init ] --END-- [ RunTime:0.000589s ]

[ 2015-04-18T12:18:17+08:00 ] 192.168.1.42 /Code/index
INFO: [ app_init ] --START--
INFO: Run Behavior\BuildLiteBehavior [ RunTime:0.000026s ]
INFO: [ app_init ] --END-- [ RunTime:0.000804s ]
ERR: 非法操作:Code

[ 2015-04-18T12:18:18+08:00 ] 192.168.1.42 /Code/index
INFO: [ app_init ] --START--
INFO: Run Behavior\BuildLiteBehavior [ RunTime:0.000022s ]
INFO: [ app_init ] --END-- [ RunTime:0.000965s ]
ERR: 非法操作:Code

[ 2015-04-18T12:18:27+08:00 ] 192.168.1.42 /Contact_us
INFO: [ app_init ] --START--
INFO: Run Behavior\BuildLiteBehavior [ RunTime:0.000018s ]
INFO: [ app_init ] --END-- [ RunTime:0.000603s ]

[ 2015-04-18T12:18:27+08:00 ] 192.168.1.42 /Code/index
INFO: [ app_init ] --START--
INFO: Run Behavior\BuildLiteBehavior [ RunTime:0.000025s ]
INFO: [ app_init ] --END-- [ RunTime:0.000818s ]
ERR: 非法操作:Code

[ 2015-04-18T12:18:27+08:00 ] 192.168.1.42 /Code/index
INFO: [ app_init ] --START--
INFO: Run Behavior\BuildLiteBehavior [ RunTime:0.000028s ]
INFO: [ app_init ] --END-- [ RunTime:0.000694s ]
ERR: 非法操作:Code

[ 2015-04-18T12:18:54+08:00 ] 192.168.1.42 /Contact_us
INFO: [ app_init ] --START--
INFO: Run Behavior\BuildLiteBehavior [ RunTime:0.000019s ]
INFO: [ app_init ] --END-- [ RunTime:0.000549s ]

[ 2015-04-18T12:18:54+08:00 ] 192.168.1.42 /Code/index
INFO: [ app_init ] --START--
INFO: Run Behavior\BuildLiteBehavior [ RunTime:0.000021s ]
INFO: [ app_init ] --END-- [ RunTime:0.000721s ]
ERR: 非法操作:Code

[ 2015-04-18T12:18:54+08:00 ] 192.168.1.42 /Code/index
INFO: [ app_init ] --START--
INFO: Run Behavior\BuildLiteBehavior [ RunTime:0.000030s ]
INFO: [ app_init ] --END-- [ RunTime:0.001350s ]
ERR: 非法操作:Code

[ 2015-04-18T12:20:56+08:00 ] 192.168.1.42 /Contact_us
INFO: [ app_init ] --START--
INFO: Run Behavior\BuildLiteBehavior [ RunTime:0.000025s ]
INFO: [ app_init ] --END-- [ RunTime:0.000670s ]

[ 2015-04-18T12:21:02+08:00 ] 192.168.1.42 /Contact_us
INFO: [ app_init ] --START--
INFO: Run Behavior\BuildLiteBehavior [ RunTime:0.000017s ]
INFO: [ app_init ] --END-- [ RunTime:0.000598s ]

[ 2015-04-18T12:21:02+08:00 ] 192.168.1.42 /Code/index
INFO: [ app_init ] --START--
INFO: Run Behavior\BuildLiteBehavior [ RunTime:0.000031s ]
INFO: [ app_init ] --END-- [ RunTime:0.000984s ]
ERR: 非法操作:Code

[ 2015-04-18T12:21:02+08:00 ] 192.168.1.42 /Code/index
INFO: [ app_init ] --START--
INFO: Run Behavior\BuildLiteBehavior [ RunTime:0.000029s ]
INFO: [ app_init ] --END-- [ RunTime:0.000886s ]
ERR: 非法操作:Code

[ 2015-04-18T12:21:20+08:00 ] 192.168.1.42 /Contact_us
INFO: [ app_init ] --START--
INFO: Run Behavior\BuildLiteBehavior [ RunTime:0.000019s ]
INFO: [ app_init ] --END-- [ RunTime:0.000571s ]

[ 2015-04-18T12:21:20+08:00 ] 192.168.1.42 /Code/index
INFO: [ app_init ] --START--
INFO: Run Behavior\BuildLiteBehavior [ RunTime:0.000019s ]
INFO: [ app_init ] --END-- [ RunTime:0.000604s ]
ERR: 非法操作:Code

[ 2015-04-18T12:21:21+08:00 ] 192.168.1.42 /Code/index
INFO: [ app_init ] --START--
INFO: Run Behavior\BuildLiteBehavior [ RunTime:0.000020s ]
INFO: [ app_init ] --END-- [ RunTime:0.000568s ]
ERR: 非法操作:Code

[ 2015-04-18T12:22:03+08:00 ] 192.168.1.42 /Contact_us
INFO: [ app_init ] --START--
INFO: Run Behavior\BuildLiteBehavior [ RunTime:0.000023s ]
INFO: [ app_init ] --END-- [ RunTime:0.000552s ]

[ 2015-04-18T12:22:03+08:00 ] 192.168.1.42 /Code/index
INFO: [ app_init ] --START--
INFO: Run Behavior\BuildLiteBehavior [ RunTime:0.000019s ]
INFO: [ app_init ] --END-- [ RunTime:0.000628s ]
ERR: 非法操作:Code

[ 2015-04-18T12:22:03+08:00 ] 192.168.1.42 /Code/index
INFO: [ app_init ] --START--
INFO: Run Behavior\BuildLiteBehavior [ RunTime:0.000027s ]
INFO: [ app_init ] --END-- [ RunTime:0.000707s ]
ERR: 非法操作:Code

[ 2015-04-18T12:22:37+08:00 ] 192.168.1.42 /Contact_us
INFO: [ app_init ] --START--
INFO: Run Behavior\BuildLiteBehavior [ RunTime:0.000028s ]
INFO: [ app_init ] --END-- [ RunTime:0.000860s ]

[ 2015-04-18T12:22:37+08:00 ] 192.168.1.42 /Code/index
INFO: [ app_init ] --START--
INFO: Run Behavior\BuildLiteBehavior [ RunTime:0.000019s ]
INFO: [ app_init ] --END-- [ RunTime:0.000566s ]
ERR: 非法操作:Code

[ 2015-04-18T12:22:38+08:00 ] 192.168.1.42 /Code/index
INFO: [ app_init ] --START--
INFO: Run Behavior\BuildLiteBehavior [ RunTime:0.000028s ]
INFO: [ app_init ] --END-- [ RunTime:0.001431s ]
ERR: 非法操作:Code

[ 2015-04-18T12:22:56+08:00 ] 192.168.1.42 /Contact_us
INFO: [ app_init ] --START--
INFO: Run Behavior\BuildLiteBehavior [ RunTime:0.000018s ]
INFO: [ app_init ] --END-- [ RunTime:0.000547s ]

[ 2015-04-18T12:22:56+08:00 ] 192.168.1.42 /Code/index
INFO: [ app_init ] --START--
INFO: Run Behavior\BuildLiteBehavior [ RunTime:0.000025s ]
INFO: [ app_init ] --END-- [ RunTime:0.000577s ]
ERR: 非法操作:Code

[ 2015-04-18T12:22:57+08:00 ] 192.168.1.42 /Code/index
INFO: [ app_init ] --START--
INFO: Run Behavior\BuildLiteBehavior [ RunTime:0.000019s ]
INFO: [ app_init ] --END-- [ RunTime:0.000558s ]
ERR: 非法操作:Code

[ 2015-04-18T12:23:20+08:00 ] 192.168.1.42 /Contact_us
INFO: [ app_init ] --START--
INFO: Run Behavior\BuildLiteBehavior [ RunTime:0.000028s ]
INFO: [ app_init ] --END-- [ RunTime:0.000824s ]

[ 2015-04-18T12:23:20+08:00 ] 192.168.1.42 /Code/index
INFO: [ app_init ] --START--
INFO: Run Behavior\BuildLiteBehavior [ RunTime:0.000018s ]
INFO: [ app_init ] --END-- [ RunTime:0.000552s ]
ERR: 非法操作:Code

[ 2015-04-18T12:23:21+08:00 ] 192.168.1.42 /Code/index
INFO: [ app_init ] --START--
INFO: Run Behavior\BuildLiteBehavior [ RunTime:0.000027s ]
INFO: [ app_init ] --END-- [ RunTime:0.000888s ]
ERR: 非法操作:Code

[ 2015-04-18T12:23:30+08:00 ] 192.168.1.42 /Contact_us
INFO: [ app_init ] --START--
INFO: Run Behavior\BuildLiteBehavior [ RunTime:0.000019s ]
INFO: [ app_init ] --END-- [ RunTime:0.000534s ]

[ 2015-04-18T12:23:30+08:00 ] 192.168.1.42 /Code/index
INFO: [ app_init ] --START--
INFO: Run Behavior\BuildLiteBehavior [ RunTime:0.000025s ]
INFO: [ app_init ] --END-- [ RunTime:0.000680s ]
ERR: 非法操作:Code

[ 2015-04-18T12:23:30+08:00 ] 192.168.1.42 /Code/index
INFO: [ app_init ] --START--
INFO: Run Behavior\BuildLiteBehavior [ RunTime:0.000023s ]
INFO: [ app_init ] --END-- [ RunTime:0.000990s ]
ERR: 非法操作:Code

[ 2015-04-18T12:23:37+08:00 ] 192.168.1.42 /Contact_us
INFO: [ app_init ] --START--
INFO: Run Behavior\BuildLiteBehavior [ RunTime:0.000019s ]
INFO: [ app_init ] --END-- [ RunTime:0.000540s ]

[ 2015-04-18T12:23:37+08:00 ] 192.168.1.42 /Code/index
INFO: [ app_init ] --START--
INFO: Run Behavior\BuildLiteBehavior [ RunTime:0.000019s ]
INFO: [ app_init ] --END-- [ RunTime:0.000615s ]
ERR: 非法操作:Code

[ 2015-04-18T12:23:38+08:00 ] 192.168.1.42 /Code/index
INFO: [ app_init ] --START--
INFO: Run Behavior\BuildLiteBehavior [ RunTime:0.000025s ]
INFO: [ app_init ] --END-- [ RunTime:0.000684s ]
ERR: 非法操作:Code

[ 2015-04-18T12:26:26+08:00 ] 192.168.1.42 /Contact_us
INFO: [ app_init ] --START--
INFO: Run Behavior\BuildLiteBehavior [ RunTime:0.000021s ]
INFO: [ app_init ] --END-- [ RunTime:0.000796s ]

[ 2015-04-18T12:26:26+08:00 ] 192.168.1.42 /Code/index
INFO: [ app_init ] --START--
INFO: Run Behavior\BuildLiteBehavior [ RunTime:0.000027s ]
INFO: [ app_init ] --END-- [ RunTime:0.001041s ]
ERR: 非法操作:Code

[ 2015-04-18T12:26:26+08:00 ] 192.168.1.42 /Code/index
INFO: [ app_init ] --START--
INFO: Run Behavior\BuildLiteBehavior [ RunTime:0.000025s ]
INFO: [ app_init ] --END-- [ RunTime:0.000622s ]
ERR: 非法操作:Code

[ 2015-04-18T12:27:17+08:00 ] 192.168.1.42 /Contact_us
INFO: [ app_init ] --START--
INFO: Run Behavior\BuildLiteBehavior [ RunTime:0.000018s ]
INFO: [ app_init ] --END-- [ RunTime:0.000561s ]

[ 2015-04-18T12:27:17+08:00 ] 192.168.1.42 /Code/index
INFO: [ app_init ] --START--
INFO: Run Behavior\BuildLiteBehavior [ RunTime:0.000019s ]
INFO: [ app_init ] --END-- [ RunTime:0.000673s ]
ERR: 非法操作:Code

[ 2015-04-18T12:27:17+08:00 ] 192.168.1.42 /Code/index
INFO: [ app_init ] --START--
INFO: Run Behavior\BuildLiteBehavior [ RunTime:0.000020s ]
INFO: [ app_init ] --END-- [ RunTime:0.000670s ]
ERR: 非法操作:Code

[ 2015-04-18T12:27:45+08:00 ] 192.168.1.42 /Contact_us
INFO: [ app_init ] --START--
INFO: Run Behavior\BuildLiteBehavior [ RunTime:0.000018s ]
INFO: [ app_init ] --END-- [ RunTime:0.000549s ]

[ 2015-04-18T12:27:45+08:00 ] 192.168.1.42 /Code/index
INFO: [ app_init ] --START--
INFO: Run Behavior\BuildLiteBehavior [ RunTime:0.000020s ]
INFO: [ app_init ] --END-- [ RunTime:0.000615s ]
ERR: 非法操作:Code

[ 2015-04-18T12:27:45+08:00 ] 192.168.1.42 /Code/index
INFO: [ app_init ] --START--
INFO: Run Behavior\BuildLiteBehavior [ RunTime:0.000031s ]
INFO: [ app_init ] --END-- [ RunTime:0.000978s ]
ERR: 非法操作:Code

[ 2015-04-18T12:28:21+08:00 ] 192.168.1.42 /Contact_us
INFO: [ app_init ] --START--
INFO: Run Behavior\BuildLiteBehavior [ RunTime:0.000018s ]
INFO: [ app_init ] --END-- [ RunTime:0.000549s ]

[ 2015-04-18T12:28:21+08:00 ] 192.168.1.42 /Code/index
INFO: [ app_init ] --START--
INFO: Run Behavior\BuildLiteBehavior [ RunTime:0.000029s ]
INFO: [ app_init ] --END-- [ RunTime:0.000861s ]
ERR: 非法操作:Code

[ 2015-04-18T12:28:21+08:00 ] 192.168.1.42 /Code/index
INFO: [ app_init ] --START--
INFO: Run Behavior\BuildLiteBehavior [ RunTime:0.000022s ]
INFO: [ app_init ] --END-- [ RunTime:0.000693s ]
ERR: 非法操作:Code

[ 2015-04-18T12:29:28+08:00 ] 192.168.1.42 /Contact_us
INFO: [ app_init ] --START--
INFO: Run Behavior\BuildLiteBehavior [ RunTime:0.000019s ]
INFO: [ app_init ] --END-- [ RunTime:0.000531s ]

[ 2015-04-18T12:29:28+08:00 ] 192.168.1.42 /Contact_us
INFO: [ app_init ] --START--
INFO: Run Behavior\BuildLiteBehavior [ RunTime:0.000027s ]
INFO: [ app_init ] --END-- [ RunTime:0.000845s ]

[ 2015-04-18T12:29:28+08:00 ] 192.168.1.42 /Contact_us
INFO: [ app_init ] --START--
INFO: Run Behavior\BuildLiteBehavior [ RunTime:0.000018s ]
INFO: [ app_init ] --END-- [ RunTime:0.000601s ]

[ 2015-04-18T12:29:28+08:00 ] 192.168.1.42 /Code/index
INFO: [ app_init ] --START--
INFO: Run Behavior\BuildLiteBehavior [ RunTime:0.000027s ]
INFO: [ app_init ] --END-- [ RunTime:0.001249s ]
ERR: 非法操作:Code

[ 2015-04-18T12:29:28+08:00 ] 192.168.1.42 /Code/index
INFO: [ app_init ] --START--
INFO: Run Behavior\BuildLiteBehavior [ RunTime:0.000017s ]
INFO: [ app_init ] --END-- [ RunTime:0.000542s ]
ERR: 非法操作:Code

[ 2015-04-18T12:31:11+08:00 ] 192.168.1.42 /Contact_us
INFO: [ app_init ] --START--
INFO: Run Behavior\BuildLiteBehavior [ RunTime:0.000025s ]
INFO: [ app_init ] --END-- [ RunTime:0.000890s ]

[ 2015-04-18T12:31:11+08:00 ] 192.168.1.42 /Code/index
INFO: [ app_init ] --START--
INFO: Run Behavior\BuildLiteBehavior [ RunTime:0.000019s ]
INFO: [ app_init ] --END-- [ RunTime:0.000912s ]
ERR: 非法操作:Code

[ 2015-04-18T12:31:11+08:00 ] 192.168.1.42 /Code/index
INFO: [ app_init ] --START--
INFO: Run Behavior\BuildLiteBehavior [ RunTime:0.000024s ]
INFO: [ app_init ] --END-- [ RunTime:0.000804s ]
ERR: 非法操作:Code

[ 2015-04-18T12:31:56+08:00 ] 192.168.1.42 /Contact_us
INFO: [ app_init ] --START--
INFO: Run Behavior\BuildLiteBehavior [ RunTime:0.000018s ]
INFO: [ app_init ] --END-- [ RunTime:0.000577s ]

[ 2015-04-18T12:31:56+08:00 ] 192.168.1.42 /Code/index
INFO: [ app_init ] --START--
INFO: Run Behavior\BuildLiteBehavior [ RunTime:0.000026s ]
INFO: [ app_init ] --END-- [ RunTime:0.000866s ]
ERR: 非法操作:Code

[ 2015-04-18T12:31:57+08:00 ] 192.168.1.42 /Code/index
INFO: [ app_init ] --START--
INFO: Run Behavior\BuildLiteBehavior [ RunTime:0.000018s ]
INFO: [ app_init ] --END-- [ RunTime:0.000574s ]
ERR: 非法操作:Code

[ 2015-04-18T12:32:35+08:00 ] 192.168.1.42 /Contact_us
INFO: [ app_init ] --START--
INFO: Run Behavior\BuildLiteBehavior [ RunTime:0.000026s ]
INFO: [ app_init ] --END-- [ RunTime:0.001094s ]

[ 2015-04-18T12:32:35+08:00 ] 192.168.1.42 /Code/index
INFO: [ app_init ] --START--
INFO: Run Behavior\BuildLiteBehavior [ RunTime:0.000019s ]
INFO: [ app_init ] --END-- [ RunTime:0.000720s ]
ERR: 非法操作:Code

[ 2015-04-18T12:32:36+08:00 ] 192.168.1.42 /Code/index
INFO: [ app_init ] --START--
INFO: Run Behavior\BuildLiteBehavior [ RunTime:0.000028s ]
INFO: [ app_init ] --END-- [ RunTime:0.000819s ]
ERR: 非法操作:Code

[ 2015-04-18T12:33:00+08:00 ] 192.168.1.42 /Contact_us
INFO: [ app_init ] --START--
INFO: Run Behavior\BuildLiteBehavior [ RunTime:0.000018s ]
INFO: [ app_init ] --END-- [ RunTime:0.000568s ]

[ 2015-04-18T12:33:01+08:00 ] 192.168.1.42 /Code/index
INFO: [ app_init ] --START--
INFO: Run Behavior\BuildLiteBehavior [ RunTime:0.000020s ]
INFO: [ app_init ] --END-- [ RunTime:0.000695s ]
ERR: 非法操作:Code

[ 2015-04-18T12:33:01+08:00 ] 192.168.1.42 /Code/index
INFO: [ app_init ] --START--
INFO: Run Behavior\BuildLiteBehavior [ RunTime:0.000028s ]
INFO: [ app_init ] --END-- [ RunTime:0.000930s ]
ERR: 非法操作:Code

[ 2015-04-18T12:33:54+08:00 ] 192.168.1.42 /Contact_us
INFO: [ app_init ] --START--
INFO: Run Behavior\BuildLiteBehavior [ RunTime:0.000017s ]
INFO: [ app_init ] --END-- [ RunTime:0.000541s ]

[ 2015-04-18T12:33:54+08:00 ] 192.168.1.42 /Code/index
INFO: [ app_init ] --START--
INFO: Run Behavior\BuildLiteBehavior [ RunTime:0.000020s ]
INFO: [ app_init ] --END-- [ RunTime:0.000736s ]
ERR: 非法操作:Code

[ 2015-04-18T12:33:55+08:00 ] 192.168.1.42 /Code/index
INFO: [ app_init ] --START--
INFO: Run Behavior\BuildLiteBehavior [ RunTime:0.000030s ]
INFO: [ app_init ] --END-- [ RunTime:0.001116s ]
ERR: 非法操作:Code

[ 2015-04-18T12:35:15+08:00 ] 192.168.1.42 /Contact_us
INFO: [ app_init ] --START--
INFO: Run Behavior\BuildLiteBehavior [ RunTime:0.000018s ]
INFO: [ app_init ] --END-- [ RunTime:0.000610s ]

[ 2015-04-18T12:35:15+08:00 ] 192.168.1.42 /Code/index
INFO: [ app_init ] --START--
INFO: Run Behavior\BuildLiteBehavior [ RunTime:0.000326s ]
INFO: [ app_init ] --END-- [ RunTime:0.001358s ]
ERR: 非法操作:Code

[ 2015-04-18T12:35:15+08:00 ] 192.168.1.42 /Code/index
INFO: [ app_init ] --START--
INFO: Run Behavior\BuildLiteBehavior [ RunTime:0.000029s ]
INFO: [ app_init ] --END-- [ RunTime:0.000916s ]
ERR: 非法操作:Code

[ 2015-04-18T12:35:53+08:00 ] 192.168.1.42 /Contact_us
INFO: [ app_init ] --START--
INFO: Run Behavior\BuildLiteBehavior [ RunTime:0.000018s ]
INFO: [ app_init ] --END-- [ RunTime:0.000546s ]

[ 2015-04-18T12:35:53+08:00 ] 192.168.1.42 /Code/index
INFO: [ app_init ] --START--
INFO: Run Behavior\BuildLiteBehavior [ RunTime:0.000029s ]
INFO: [ app_init ] --END-- [ RunTime:0.001003s ]
ERR: 非法操作:Code

[ 2015-04-18T12:35:54+08:00 ] 192.168.1.42 /Code/index
INFO: [ app_init ] --START--
INFO: Run Behavior\BuildLiteBehavior [ RunTime:0.000025s ]
INFO: [ app_init ] --END-- [ RunTime:0.000625s ]
ERR: 非法操作:Code

[ 2015-04-18T12:36:54+08:00 ] 192.168.1.42 /Contact_us
INFO: [ app_init ] --START--
INFO: Run Behavior\BuildLiteBehavior [ RunTime:0.000019s ]
INFO: [ app_init ] --END-- [ RunTime:0.000563s ]

[ 2015-04-18T12:36:54+08:00 ] 192.168.1.42 /Code/index
INFO: [ app_init ] --START--
INFO: Run Behavior\BuildLiteBehavior [ RunTime:0.000019s ]
INFO: [ app_init ] --END-- [ RunTime:0.000556s ]
ERR: 非法操作:Code

[ 2015-04-18T12:36:55+08:00 ] 192.168.1.42 /Code/index
INFO: [ app_init ] --START--
INFO: Run Behavior\BuildLiteBehavior [ RunTime:0.000031s ]
INFO: [ app_init ] --END-- [ RunTime:0.001314s ]
ERR: 非法操作:Code

[ 2015-04-18T12:37:14+08:00 ] 192.168.1.42 /Contact_us
INFO: [ app_init ] --START--
INFO: Run Behavior\BuildLiteBehavior [ RunTime:0.000018s ]
INFO: [ app_init ] --END-- [ RunTime:0.000547s ]

[ 2015-04-18T12:37:14+08:00 ] 192.168.1.42 /Code/index
INFO: [ app_init ] --START--
INFO: Run Behavior\BuildLiteBehavior [ RunTime:0.000025s ]
INFO: [ app_init ] --END-- [ RunTime:0.000665s ]
ERR: 非法操作:Code

[ 2015-04-18T12:37:14+08:00 ] 192.168.1.42 /Code/index
INFO: [ app_init ] --START--
INFO: Run Behavior\BuildLiteBehavior [ RunTime:0.000026s ]
INFO: [ app_init ] --END-- [ RunTime:0.000855s ]
ERR: 非法操作:Code

[ 2015-04-18T12:37:37+08:00 ] 192.168.1.42 /Contact_us
INFO: [ app_init ] --START--
INFO: Run Behavior\BuildLiteBehavior [ RunTime:0.000018s ]
INFO: [ app_init ] --END-- [ RunTime:0.000553s ]

[ 2015-04-18T12:37:37+08:00 ] 192.168.1.42 /Code
INFO: [ app_init ] --START--
INFO: Run Behavior\BuildLiteBehavior [ RunTime:0.000025s ]
INFO: [ app_init ] --END-- [ RunTime:0.000839s ]
ERR: 非法操作:Code

[ 2015-04-18T12:37:38+08:00 ] 192.168.1.42 /Code
INFO: [ app_init ] --START--
INFO: Run Behavior\BuildLiteBehavior [ RunTime:0.000030s ]
INFO: [ app_init ] --END-- [ RunTime:0.000930s ]
ERR: 非法操作:Code

[ 2015-04-18T12:37:42+08:00 ] 192.168.1.42 /Code
INFO: [ app_init ] --START--
INFO: Run Behavior\BuildLiteBehavior [ RunTime:0.000025s ]
INFO: [ app_init ] --END-- [ RunTime:0.000661s ]
ERR: 非法操作:Code

[ 2015-04-18T12:40:12+08:00 ] 192.168.1.42 /Code
INFO: [ app_init ] --START--
INFO: Run Behavior\BuildLiteBehavior [ RunTime:0.000027s ]
INFO: [ app_init ] --END-- [ RunTime:0.000929s ]

[ 2015-04-18T12:40:19+08:00 ] 192.168.1.42 /Code
INFO: [ app_init ] --START--
INFO: Run Behavior\BuildLiteBehavior [ RunTime:0.000022s ]
INFO: [ app_init ] --END-- [ RunTime:0.000873s ]

[ 2015-04-18T12:41:10+08:00 ] 192.168.1.42 /Code
INFO: [ app_init ] --START--
INFO: Run Behavior\BuildLiteBehavior [ RunTime:0.000019s ]
INFO: [ app_init ] --END-- [ RunTime:0.000570s ]

[ 2015-04-18T12:41:12+08:00 ] 192.168.1.42 /Code
INFO: [ app_init ] --START--
INFO: Run Behavior\BuildLiteBehavior [ RunTime:0.000019s ]
INFO: [ app_init ] --END-- [ RunTime:0.000578s ]

[ 2015-04-18T12:41:13+08:00 ] 192.168.1.42 /Code
INFO: [ app_init ] --START--
INFO: Run Behavior\BuildLiteBehavior [ RunTime:0.000018s ]
INFO: [ app_init ] --END-- [ RunTime:0.000553s ]

[ 2015-04-18T12:41:18+08:00 ] 192.168.1.42 /Code
INFO: [ app_init ] --START--
INFO: Run Behavior\BuildLiteBehavior [ RunTime:0.000018s ]
INFO: [ app_init ] --END-- [ RunTime:0.000599s ]

[ 2015-04-18T12:41:32+08:00 ] 192.168.1.42 /Contact_us
INFO: [ app_init ] --START--
INFO: Run Behavior\BuildLiteBehavior [ RunTime:0.000019s ]
INFO: [ app_init ] --END-- [ RunTime:0.000618s ]

[ 2015-04-18T12:41:32+08:00 ] 192.168.1.42 /Code
INFO: [ app_init ] --START--
INFO: Run Behavior\BuildLiteBehavior [ RunTime:0.000019s ]
INFO: [ app_init ] --END-- [ RunTime:0.000585s ]

[ 2015-04-18T12:41:45+08:00 ] 192.168.1.42 /Contact_us
INFO: [ app_init ] --START--
INFO: Run Behavior\BuildLiteBehavior [ RunTime:0.000018s ]
INFO: [ app_init ] --END-- [ RunTime:0.000581s ]

[ 2015-04-18T12:41:45+08:00 ] 192.168.1.42 /Code
INFO: [ app_init ] --START--
INFO: Run Behavior\BuildLiteBehavior [ RunTime:0.000026s ]
INFO: [ app_init ] --END-- [ RunTime:0.000860s ]

[ 2015-04-18T12:41:53+08:00 ] 192.168.1.42 /Contact_us
INFO: [ app_init ] --START--
INFO: Run Behavior\BuildLiteBehavior [ RunTime:0.000017s ]
INFO: [ app_init ] --END-- [ RunTime:0.000565s ]

[ 2015-04-18T12:41:53+08:00 ] 192.168.1.42 /Code
INFO: [ app_init ] --START--
INFO: Run Behavior\BuildLiteBehavior [ RunTime:0.000019s ]
INFO: [ app_init ] --END-- [ RunTime:0.000596s ]

[ 2015-04-18T12:42:24+08:00 ] 192.168.1.42 /Contact_us
INFO: [ app_init ] --START--
INFO: Run Behavior\BuildLiteBehavior [ RunTime:0.000025s ]
INFO: [ app_init ] --END-- [ RunTime:0.000877s ]

[ 2015-04-18T12:42:24+08:00 ] 192.168.1.42 /Code
INFO: [ app_init ] --START--
INFO: Run Behavior\BuildLiteBehavior [ RunTime:0.000019s ]
INFO: [ app_init ] --END-- [ RunTime:0.000559s ]

[ 2015-04-18T12:42:35+08:00 ] 192.168.1.42 /Contact_us
INFO: [ app_init ] --START--
INFO: Run Behavior\BuildLiteBehavior [ RunTime:0.000019s ]
INFO: [ app_init ] --END-- [ RunTime:0.000546s ]

[ 2015-04-18T12:42:36+08:00 ] 192.168.1.42 /Code
INFO: [ app_init ] --START--
INFO: Run Behavior\BuildLiteBehavior [ RunTime:0.000026s ]
INFO: [ app_init ] --END-- [ RunTime:0.000711s ]

[ 2015-04-18T12:43:36+08:00 ] 192.168.1.42 /Contact_us
INFO: [ app_init ] --START--
INFO: Run Behavior\BuildLiteBehavior [ RunTime:0.000017s ]
INFO: [ app_init ] --END-- [ RunTime:0.000670s ]

[ 2015-04-18T12:43:36+08:00 ] 192.168.1.42 /Code
INFO: [ app_init ] --START--
INFO: Run Behavior\BuildLiteBehavior [ RunTime:0.000020s ]
INFO: [ app_init ] --END-- [ RunTime:0.000628s ]

[ 2015-04-18T12:43:45+08:00 ] 192.168.1.42 /Contact_us
INFO: [ app_init ] --START--
INFO: Run Behavior\BuildLiteBehavior [ RunTime:0.000019s ]
INFO: [ app_init ] --END-- [ RunTime:0.000547s ]

[ 2015-04-18T12:43:45+08:00 ] 192.168.1.42 /Code
INFO: [ app_init ] --START--
INFO: Run Behavior\BuildLiteBehavior [ RunTime:0.000019s ]
INFO: [ app_init ] --END-- [ RunTime:0.000551s ]

[ 2015-04-18T12:44:05+08:00 ] 192.168.1.42 /Contact_us
INFO: [ app_init ] --START--
INFO: Run Behavior\BuildLiteBehavior [ RunTime:0.000017s ]
INFO: [ app_init ] --END-- [ RunTime:0.000555s ]

[ 2015-04-18T12:44:05+08:00 ] 192.168.1.42 /Code
INFO: [ app_init ] --START--
INFO: Run Behavior\BuildLiteBehavior [ RunTime:0.000030s ]
INFO: [ app_init ] --END-- [ RunTime:0.001162s ]

[ 2015-04-18T12:44:29+08:00 ] 192.168.1.42 /Contact_us
INFO: [ app_init ] --START--
INFO: Run Behavior\BuildLiteBehavior [ RunTime:0.000018s ]
INFO: [ app_init ] --END-- [ RunTime:0.000559s ]

[ 2015-04-18T12:44:29+08:00 ] 192.168.1.42 /Contact_us
INFO: [ app_init ] --START--
INFO: Run Behavior\BuildLiteBehavior [ RunTime:0.000025s ]
INFO: [ app_init ] --END-- [ RunTime:0.000868s ]

[ 2015-04-18T12:44:29+08:00 ] 192.168.1.42 /Code
INFO: [ app_init ] --START--
INFO: Run Behavior\BuildLiteBehavior [ RunTime:0.000030s ]
INFO: [ app_init ] --END-- [ RunTime:0.001843s ]

[ 2015-04-18T12:44:30+08:00 ] 192.168.1.42 /Contact_us
INFO: [ app_init ] --START--
INFO: Run Behavior\BuildLiteBehavior [ RunTime:0.000025s ]
INFO: [ app_init ] --END-- [ RunTime:0.000768s ]

[ 2015-04-18T12:44:30+08:00 ] 192.168.1.42 /Code
INFO: [ app_init ] --START--
INFO: Run Behavior\BuildLiteBehavior [ RunTime:0.000029s ]
INFO: [ app_init ] --END-- [ RunTime:0.001458s ]

[ 2015-04-18T12:45:02+08:00 ] 192.168.1.42 /Contact_us
INFO: [ app_init ] --START--
INFO: Run Behavior\BuildLiteBehavior [ RunTime:0.000023s ]
INFO: [ app_init ] --END-- [ RunTime:0.000590s ]

[ 2015-04-18T12:45:02+08:00 ] 192.168.1.42 /Code
INFO: [ app_init ] --START--
INFO: Run Behavior\BuildLiteBehavior [ RunTime:0.000029s ]
INFO: [ app_init ] --END-- [ RunTime:0.001052s ]

[ 2015-04-18T12:45:27+08:00 ] 192.168.1.42 /Contact_us
INFO: [ app_init ] --START--
INFO: Run Behavior\BuildLiteBehavior [ RunTime:0.000018s ]
INFO: [ app_init ] --END-- [ RunTime:0.000549s ]

[ 2015-04-18T12:45:28+08:00 ] 192.168.1.42 /Code
INFO: [ app_init ] --START--
INFO: Run Behavior\BuildLiteBehavior [ RunTime:0.000019s ]
INFO: [ app_init ] --END-- [ RunTime:0.000597s ]

[ 2015-04-18T12:45:39+08:00 ] 192.168.1.42 /Contact_us
INFO: [ app_init ] --START--
INFO: Run Behavior\BuildLiteBehavior [ RunTime:0.000018s ]
INFO: [ app_init ] --END-- [ RunTime:0.000539s ]

[ 2015-04-18T12:45:39+08:00 ] 192.168.1.42 /Code
INFO: [ app_init ] --START--
INFO: Run Behavior\BuildLiteBehavior [ RunTime:0.000023s ]
INFO: [ app_init ] --END-- [ RunTime:0.000600s ]

[ 2015-04-18T12:46:41+08:00 ] 192.168.1.42 /Contact_us
INFO: [ app_init ] --START--
INFO: Run Behavior\BuildLiteBehavior [ RunTime:0.000017s ]
INFO: [ app_init ] --END-- [ RunTime:0.000538s ]

[ 2015-04-18T12:46:41+08:00 ] 192.168.1.42 /Code
INFO: [ app_init ] --START--
INFO: Run Behavior\BuildLiteBehavior [ RunTime:0.000018s ]
INFO: [ app_init ] --END-- [ RunTime:0.000629s ]

[ 2015-04-18T12:48:39+08:00 ] 192.168.1.42 /Contact_us
INFO: [ app_init ] --START--
INFO: Run Behavior\BuildLiteBehavior [ RunTime:0.000018s ]
INFO: [ app_init ] --END-- [ RunTime:0.000562s ]

[ 2015-04-18T12:48:39+08:00 ] 192.168.1.42 /Code
INFO: [ app_init ] --START--
INFO: Run Behavior\BuildLiteBehavior [ RunTime:0.000019s ]
INFO: [ app_init ] --END-- [ RunTime:0.000599s ]

[ 2015-04-18T12:49:23+08:00 ] 192.168.1.42 /Contact_us
INFO: [ app_init ] --START--
INFO: Run Behavior\BuildLiteBehavior [ RunTime:0.000019s ]
INFO: [ app_init ] --END-- [ RunTime:0.000584s ]

[ 2015-04-18T12:49:23+08:00 ] 192.168.1.42 /Code
INFO: [ app_init ] --START--
INFO: Run Behavior\BuildLiteBehavior [ RunTime:0.000019s ]
INFO: [ app_init ] --END-- [ RunTime:0.000600s ]

[ 2015-04-18T12:50:12+08:00 ] 192.168.1.42 /Contact_us
INFO: [ app_init ] --START--
INFO: Run Behavior\BuildLiteBehavior [ RunTime:0.000020s ]
INFO: [ app_init ] --END-- [ RunTime:0.000608s ]

[ 2015-04-18T12:50:12+08:00 ] 192.168.1.42 /Code
INFO: [ app_init ] --START--
INFO: Run Behavior\BuildLiteBehavior [ RunTime:0.000020s ]
INFO: [ app_init ] --END-- [ RunTime:0.000611s ]

[ 2015-04-18T12:52:51+08:00 ] 192.168.1.42 /Contact_us
INFO: [ app_init ] --START--
INFO: Run Behavior\BuildLiteBehavior [ RunTime:0.000019s ]
INFO: [ app_init ] --END-- [ RunTime:0.000608s ]

[ 2015-04-18T12:52:51+08:00 ] 192.168.1.42 /Code
INFO: [ app_init ] --START--
INFO: Run Behavior\BuildLiteBehavior [ RunTime:0.000023s ]
INFO: [ app_init ] --END-- [ RunTime:0.000659s ]

[ 2015-04-18T12:53:40+08:00 ] 192.168.1.42 /Contact_us
INFO: [ app_init ] --START--
INFO: Run Behavior\BuildLiteBehavior [ RunTime:0.000017s ]
INFO: [ app_init ] --END-- [ RunTime:0.000561s ]

[ 2015-04-18T12:53:40+08:00 ] 192.168.1.42 /Code
INFO: [ app_init ] --START--
INFO: Run Behavior\BuildLiteBehavior [ RunTime:0.000026s ]
INFO: [ app_init ] --END-- [ RunTime:0.000834s ]

[ 2015-04-18T12:53:55+08:00 ] 192.168.1.42 /Contact_us
INFO: [ app_init ] --START--
INFO: Run Behavior\BuildLiteBehavior [ RunTime:0.000026s ]
INFO: [ app_init ] --END-- [ RunTime:0.000797s ]

[ 2015-04-18T12:53:55+08:00 ] 192.168.1.42 /Code
INFO: [ app_init ] --START--
INFO: Run Behavior\BuildLiteBehavior [ RunTime:0.000019s ]
INFO: [ app_init ] --END-- [ RunTime:0.000604s ]

[ 2015-04-18T12:54:29+08:00 ] 192.168.1.42 /Contact_us
INFO: [ app_init ] --START--
INFO: Run Behavior\BuildLiteBehavior [ RunTime:0.000018s ]
INFO: [ app_init ] --END-- [ RunTime:0.000554s ]

[ 2015-04-18T12:54:29+08:00 ] 192.168.1.42 /Code
INFO: [ app_init ] --START--
INFO: Run Behavior\BuildLiteBehavior [ RunTime:0.000019s ]
INFO: [ app_init ] --END-- [ RunTime:0.000621s ]

[ 2015-04-18T12:54:49+08:00 ] 192.168.1.42 /Contact_us
INFO: [ app_init ] --START--
INFO: Run Behavior\BuildLiteBehavior [ RunTime:0.000019s ]
INFO: [ app_init ] --END-- [ RunTime:0.000586s ]

[ 2015-04-18T12:54:49+08:00 ] 192.168.1.42 /Code
INFO: [ app_init ] --START--
INFO: Run Behavior\BuildLiteBehavior [ RunTime:0.000020s ]
INFO: [ app_init ] --END-- [ RunTime:0.000600s ]

[ 2015-04-18T12:55:16+08:00 ] 192.168.1.42 /Contact_us
INFO: [ app_init ] --START--
INFO: Run Behavior\BuildLiteBehavior [ RunTime:0.000027s ]
INFO: [ app_init ] --END-- [ RunTime:0.000809s ]

[ 2015-04-18T12:55:16+08:00 ] 192.168.1.42 /Code
INFO: [ app_init ] --START--
INFO: Run Behavior\BuildLiteBehavior [ RunTime:0.000019s ]
INFO: [ app_init ] --END-- [ RunTime:0.000634s ]

[ 2015-04-18T12:55:46+08:00 ] 192.168.1.42 /Contact_us
INFO: [ app_init ] --START--
INFO: Run Behavior\BuildLiteBehavior [ RunTime:0.000018s ]
INFO: [ app_init ] --END-- [ RunTime:0.000551s ]

[ 2015-04-18T12:55:46+08:00 ] 192.168.1.42 /Code
INFO: [ app_init ] --START--
INFO: Run Behavior\BuildLiteBehavior [ RunTime:0.000025s ]
INFO: [ app_init ] --END-- [ RunTime:0.000808s ]

[ 2015-04-18T12:59:15+08:00 ] 192.168.1.42 /Contact_us
INFO: [ app_init ] --START--
INFO: Run Behavior\BuildLiteBehavior [ RunTime:0.000020s ]
INFO: [ app_init ] --END-- [ RunTime:0.000690s ]

[ 2015-04-18T12:59:15+08:00 ] 192.168.1.42 /Code
INFO: [ app_init ] --START--
INFO: Run Behavior\BuildLiteBehavior [ RunTime:0.000028s ]
INFO: [ app_init ] --END-- [ RunTime:0.000901s ]

[ 2015-04-18T12:59:30+08:00 ] 192.168.1.42 /Contact_us
INFO: [ app_init ] --START--
INFO: Run Behavior\BuildLiteBehavior [ RunTime:0.000024s ]
INFO: [ app_init ] --END-- [ RunTime:0.000616s ]

[ 2015-04-18T12:59:30+08:00 ] 192.168.1.42 /Code
INFO: [ app_init ] --START--
INFO: Run Behavior\BuildLiteBehavior [ RunTime:0.000020s ]
INFO: [ app_init ] --END-- [ RunTime:0.000921s ]

[ 2015-04-18T12:59:45+08:00 ] 192.168.1.42 /Contact_us
INFO: [ app_init ] --START--
INFO: Run Behavior\BuildLiteBehavior [ RunTime:0.000018s ]
INFO: [ app_init ] --END-- [ RunTime:0.000596s ]

[ 2015-04-18T12:59:45+08:00 ] 192.168.1.42 /Code
INFO: [ app_init ] --START--
INFO: Run Behavior\BuildLiteBehavior [ RunTime:0.000020s ]
INFO: [ app_init ] --END-- [ RunTime:0.000632s ]

[ 2015-04-18T13:00:46+08:00 ] 192.168.1.42 /Contact_us
INFO: [ app_init ] --START--
INFO: Run Behavior\BuildLiteBehavior [ RunTime:0.000017s ]
INFO: [ app_init ] --END-- [ RunTime:0.000553s ]

[ 2015-04-18T13:00:46+08:00 ] 192.168.1.42 /Code
INFO: [ app_init ] --START--
INFO: Run Behavior\BuildLiteBehavior [ RunTime:0.000029s ]
INFO: [ app_init ] --END-- [ RunTime:0.001098s ]

[ 2015-04-18T13:01:03+08:00 ] 192.168.1.42 /Contact_us
INFO: [ app_init ] --START--
INFO: Run Behavior\BuildLiteBehavior [ RunTime:0.000019s ]
INFO: [ app_init ] --END-- [ RunTime:0.000546s ]

[ 2015-04-18T13:01:03+08:00 ] 192.168.1.42 /Code
INFO: [ app_init ] --START--
INFO: Run Behavior\BuildLiteBehavior [ RunTime:0.000018s ]
INFO: [ app_init ] --END-- [ RunTime:0.000679s ]

[ 2015-04-18T13:01:24+08:00 ] 192.168.1.42 /Contact_us
INFO: [ app_init ] --START--
INFO: Run Behavior\BuildLiteBehavior [ RunTime:0.000017s ]
INFO: [ app_init ] --END-- [ RunTime:0.000543s ]

[ 2015-04-18T13:01:24+08:00 ] 192.168.1.42 /Code
INFO: [ app_init ] --START--
INFO: Run Behavior\BuildLiteBehavior [ RunTime:0.000020s ]
INFO: [ app_init ] --END-- [ RunTime:0.000628s ]

[ 2015-04-18T13:01:52+08:00 ] 192.168.1.42 /Contact_us
INFO: [ app_init ] --START--
INFO: Run Behavior\BuildLiteBehavior [ RunTime:0.000018s ]
INFO: [ app_init ] --END-- [ RunTime:0.000544s ]

[ 2015-04-18T13:01:52+08:00 ] 192.168.1.42 /Code
INFO: [ app_init ] --START--
INFO: Run Behavior\BuildLiteBehavior [ RunTime:0.000029s ]
INFO: [ app_init ] --END-- [ RunTime:0.000963s ]

[ 2015-04-18T13:02:23+08:00 ] 192.168.1.42 /Contact_us
INFO: [ app_init ] --START--
INFO: Run Behavior\BuildLiteBehavior [ RunTime:0.000025s ]
INFO: [ app_init ] --END-- [ RunTime:0.000591s ]

[ 2015-04-18T13:02:23+08:00 ] 192.168.1.42 /Code
INFO: [ app_init ] --START--
INFO: Run Behavior\BuildLiteBehavior [ RunTime:0.000027s ]
INFO: [ app_init ] --END-- [ RunTime:0.000854s ]

[ 2015-04-18T13:13:27+08:00 ] 192.168.1.42 /Contact_us
INFO: [ app_init ] --START--
INFO: Run Behavior\BuildLiteBehavior [ RunTime:0.000026s ]
INFO: [ app_init ] --END-- [ RunTime:0.000941s ]

[ 2015-04-18T13:13:27+08:00 ] 192.168.1.42 /Code
INFO: [ app_init ] --START--
INFO: Run Behavior\BuildLiteBehavior [ RunTime:0.000027s ]
INFO: [ app_init ] --END-- [ RunTime:0.001449s ]

[ 2015-04-18T13:16:48+08:00 ] 192.168.1.42 /Contact_us
INFO: [ app_init ] --START--
INFO: Run Behavior\BuildLiteBehavior [ RunTime:0.000019s ]
INFO: [ app_init ] --END-- [ RunTime:0.000717s ]

[ 2015-04-18T13:16:48+08:00 ] 192.168.1.42 /Code
INFO: [ app_init ] --START--
INFO: Run Behavior\BuildLiteBehavior [ RunTime:0.000027s ]
INFO: [ app_init ] --END-- [ RunTime:0.000910s ]

[ 2015-04-18T13:17:14+08:00 ] 192.168.1.42 /Contact_us
INFO: [ app_init ] --START--
INFO: Run Behavior\BuildLiteBehavior [ RunTime:0.000019s ]
INFO: [ app_init ] --END-- [ RunTime:0.000614s ]

[ 2015-04-18T13:17:14+08:00 ] 192.168.1.42 /Code
INFO: [ app_init ] --START--
INFO: Run Behavior\BuildLiteBehavior [ RunTime:0.000025s ]
INFO: [ app_init ] --END-- [ RunTime:0.000638s ]

[ 2015-04-18T13:17:42+08:00 ] 192.168.1.42 /Contact_us
INFO: [ app_init ] --START--
INFO: Run Behavior\BuildLiteBehavior [ RunTime:0.000018s ]
INFO: [ app_init ] --END-- [ RunTime:0.000569s ]

[ 2015-04-18T13:17:42+08:00 ] 192.168.1.42 /Code
INFO: [ app_init ] --START--
INFO: Run Behavior\BuildLiteBehavior [ RunTime:0.000029s ]
INFO: [ app_init ] --END-- [ RunTime:0.002668s ]

[ 2015-04-18T13:18:20+08:00 ] 192.168.1.42 /Contact_us
INFO: [ app_init ] --START--
INFO: Run Behavior\BuildLiteBehavior [ RunTime:0.000031s ]
INFO: [ app_init ] --END-- [ RunTime:0.001033s ]

[ 2015-04-18T13:18:20+08:00 ] 192.168.1.42 /Code
INFO: [ app_init ] --START--
INFO: Run Behavior\BuildLiteBehavior [ RunTime:0.000029s ]
INFO: [ app_init ] --END-- [ RunTime:0.001625s ]

[ 2015-04-18T13:18:42+08:00 ] 192.168.1.42 /index.php
INFO: [ app_init ] --START--
INFO: Run Behavior\BuildLiteBehavior [ RunTime:0.000018s ]
INFO: [ app_init ] --END-- [ RunTime:0.000546s ]

[ 2015-04-18T13:18:42+08:00 ] 192.168.1.42 /font.swf
INFO: [ app_init ] --START--
INFO: Run Behavior\BuildLiteBehavior [ RunTime:0.000020s ]
INFO: [ app_init ] --END-- [ RunTime:0.000758s ]
ERR: 非法操作:font.swf

[ 2015-04-18T13:18:55+08:00 ] 192.168.1.42 /Code/index
INFO: [ app_init ] --START--
INFO: Run Behavior\BuildLiteBehavior [ RunTime:0.000025s ]
INFO: [ app_init ] --END-- [ RunTime:0.000865s ]

[ 2015-04-18T13:19:00+08:00 ] 192.168.1.42 /Code/index
INFO: [ app_init ] --START--
INFO: Run Behavior\BuildLiteBehavior [ RunTime:0.000029s ]
INFO: [ app_init ] --END-- [ RunTime:0.001029s ]

[ 2015-04-18T13:19:05+08:00 ] 192.168.1.42 /Contact_us
INFO: [ app_init ] --START--
INFO: Run Behavior\BuildLiteBehavior [ RunTime:0.000025s ]
INFO: [ app_init ] --END-- [ RunTime:0.000697s ]

[ 2015-04-18T13:19:05+08:00 ] 192.168.1.42 /Code
INFO: [ app_init ] --START--
INFO: Run Behavior\BuildLiteBehavior [ RunTime:0.000026s ]
INFO: [ app_init ] --END-- [ RunTime:0.000851s ]

[ 2015-04-18T13:21:32+08:00 ] 192.168.1.42 /Contact_us
INFO: [ app_init ] --START--
INFO: Run Behavior\BuildLiteBehavior [ RunTime:0.000018s ]
INFO: [ app_init ] --END-- [ RunTime:0.000596s ]
ERR: 非法操作:Contact_us

[ 2015-04-18T13:21:40+08:00 ] 192.168.1.42 /contact
INFO: [ app_init ] --START--
INFO: Run Behavior\BuildLiteBehavior [ RunTime:0.000019s ]
INFO: [ app_init ] --END-- [ RunTime:0.000699s ]

[ 2015-04-18T13:21:40+08:00 ] 192.168.1.42 /Code
INFO: [ app_init ] --START--
INFO: Run Behavior\BuildLiteBehavior [ RunTime:0.000026s ]
INFO: [ app_init ] --END-- [ RunTime:0.000865s ]

[ 2015-04-18T13:22:39+08:00 ] 192.168.1.42 /contact
INFO: [ app_init ] --START--
INFO: Run Behavior\BuildLiteBehavior [ RunTime:0.000019s ]
INFO: [ app_init ] --END-- [ RunTime:0.000608s ]

[ 2015-04-18T13:22:39+08:00 ] 192.168.1.42 /Code
INFO: [ app_init ] --START--
INFO: Run Behavior\BuildLiteBehavior [ RunTime:0.000027s ]
INFO: [ app_init ] --END-- [ RunTime:0.001164s ]

[ 2015-04-18T13:24:53+08:00 ] 192.168.1.42 /contact
INFO: [ app_init ] --START--
INFO: Run Behavior\BuildLiteBehavior [ RunTime:0.000025s ]
INFO: [ app_init ] --END-- [ RunTime:0.000724s ]

[ 2015-04-18T13:24:53+08:00 ] 192.168.1.42 /Code
INFO: [ app_init ] --START--
INFO: Run Behavior\BuildLiteBehavior [ RunTime:0.000020s ]
INFO: [ app_init ] --END-- [ RunTime:0.000619s ]

[ 2015-04-18T13:25:23+08:00 ] 192.168.1.42 /contact
INFO: [ app_init ] --START--
INFO: Run Behavior\BuildLiteBehavior [ RunTime:0.000023s ]
INFO: [ app_init ] --END-- [ RunTime:0.000544s ]

[ 2015-04-18T13:25:23+08:00 ] 192.168.1.42 /Code
INFO: [ app_init ] --START--
INFO: Run Behavior\BuildLiteBehavior [ RunTime:0.000019s ]
INFO: [ app_init ] --END-- [ RunTime:0.000641s ]

[ 2015-04-18T13:26:26+08:00 ] 192.168.1.42 /contact
INFO: [ app_init ] --START--
INFO: Run Behavior\BuildLiteBehavior [ RunTime:0.000018s ]
INFO: [ app_init ] --END-- [ RunTime:0.000542s ]

[ 2015-04-18T13:26:26+08:00 ] 192.168.1.42 /Code
INFO: [ app_init ] --START--
INFO: Run Behavior\BuildLiteBehavior [ RunTime:0.000027s ]
INFO: [ app_init ] --END-- [ RunTime:0.001053s ]

[ 2015-04-18T13:26:53+08:00 ] 192.168.1.42 /contact
INFO: [ app_init ] --START--
INFO: Run Behavior\BuildLiteBehavior [ RunTime:0.000019s ]
INFO: [ app_init ] --END-- [ RunTime:0.000538s ]

[ 2015-04-18T13:26:53+08:00 ] 192.168.1.42 /Code
INFO: [ app_init ] --START--
INFO: Run Behavior\BuildLiteBehavior [ RunTime:0.000020s ]
INFO: [ app_init ] --END-- [ RunTime:0.000696s ]

[ 2015-04-18T13:27:10+08:00 ] 192.168.1.42 /contact
INFO: [ app_init ] --START--
INFO: Run Behavior\BuildLiteBehavior [ RunTime:0.000019s ]
INFO: [ app_init ] --END-- [ RunTime:0.000579s ]

[ 2015-04-18T13:27:10+08:00 ] 192.168.1.42 /Code
INFO: [ app_init ] --START--
INFO: Run Behavior\BuildLiteBehavior [ RunTime:0.000019s ]
INFO: [ app_init ] --END-- [ RunTime:0.000617s ]

[ 2015-04-18T13:28:48+08:00 ] 192.168.1.42 /contact
INFO: [ app_init ] --START--
INFO: Run Behavior\BuildLiteBehavior [ RunTime:0.000017s ]
INFO: [ app_init ] --END-- [ RunTime:0.000579s ]

[ 2015-04-18T13:28:48+08:00 ] 192.168.1.42 /Code
INFO: [ app_init ] --START--
INFO: Run Behavior\BuildLiteBehavior [ RunTime:0.000019s ]
INFO: [ app_init ] --END-- [ RunTime:0.000649s ]

[ 2015-04-18T13:29:08+08:00 ] 192.168.1.42 /contact
INFO: [ app_init ] --START--
INFO: Run Behavior\BuildLiteBehavior [ RunTime:0.000019s ]
INFO: [ app_init ] --END-- [ RunTime:0.000569s ]

[ 2015-04-18T13:29:08+08:00 ] 192.168.1.42 /Code
INFO: [ app_init ] --START--
INFO: Run Behavior\BuildLiteBehavior [ RunTime:0.000018s ]
INFO: [ app_init ] --END-- [ RunTime:0.000553s ]

[ 2015-04-18T13:30:11+08:00 ] 192.168.1.42 /contact
INFO: [ app_init ] --START--
INFO: Run Behavior\BuildLiteBehavior [ RunTime:0.000018s ]
INFO: [ app_init ] --END-- [ RunTime:0.000541s ]

[ 2015-04-18T13:30:11+08:00 ] 192.168.1.42 /Code
INFO: [ app_init ] --START--
INFO: Run Behavior\BuildLiteBehavior [ RunTime:0.000025s ]
INFO: [ app_init ] --END-- [ RunTime:0.000691s ]

[ 2015-04-18T13:30:43+08:00 ] 192.168.1.42 /contact
INFO: [ app_init ] --START--
INFO: Run Behavior\BuildLiteBehavior [ RunTime:0.000022s ]
INFO: [ app_init ] --END-- [ RunTime:0.000730s ]

[ 2015-04-18T13:30:43+08:00 ] 192.168.1.42 /Code
INFO: [ app_init ] --START--
INFO: Run Behavior\BuildLiteBehavior [ RunTime:0.000029s ]
INFO: [ app_init ] --END-- [ RunTime:0.000953s ]

[ 2015-04-18T13:31:28+08:00 ] 192.168.1.42 /contact
INFO: [ app_init ] --START--
INFO: Run Behavior\BuildLiteBehavior [ RunTime:0.000019s ]
INFO: [ app_init ] --END-- [ RunTime:0.000557s ]

[ 2015-04-18T13:31:29+08:00 ] 192.168.1.42 /Code
INFO: [ app_init ] --START--
INFO: Run Behavior\BuildLiteBehavior [ RunTime:0.000019s ]
INFO: [ app_init ] --END-- [ RunTime:0.000617s ]

[ 2015-04-18T13:32:50+08:00 ] 192.168.1.42 /contact
INFO: [ app_init ] --START--
INFO: Run Behavior\BuildLiteBehavior [ RunTime:0.000018s ]
INFO: [ app_init ] --END-- [ RunTime:0.000570s ]

[ 2015-04-18T13:32:50+08:00 ] 192.168.1.42 /Code
INFO: [ app_init ] --START--
INFO: Run Behavior\BuildLiteBehavior [ RunTime:0.000019s ]
INFO: [ app_init ] --END-- [ RunTime:0.000559s ]

[ 2015-04-18T13:33:58+08:00 ] 192.168.1.42 /contact
INFO: [ app_init ] --START--
INFO: Run Behavior\BuildLiteBehavior [ RunTime:0.000018s ]
INFO: [ app_init ] --END-- [ RunTime:0.000609s ]

[ 2015-04-18T13:33:58+08:00 ] 192.168.1.42 /Code
INFO: [ app_init ] --START--
INFO: Run Behavior\BuildLiteBehavior [ RunTime:0.000018s ]
INFO: [ app_init ] --END-- [ RunTime:0.000553s ]

[ 2015-04-18T13:34:05+08:00 ] 192.168.1.42 /contact
INFO: [ app_init ] --START--
INFO: Run Behavior\BuildLiteBehavior [ RunTime:0.000018s ]
INFO: [ app_init ] --END-- [ RunTime:0.000556s ]

[ 2015-04-18T13:34:05+08:00 ] 192.168.1.42 /Code
INFO: [ app_init ] --START--
INFO: Run Behavior\BuildLiteBehavior [ RunTime:0.000026s ]
INFO: [ app_init ] --END-- [ RunTime:0.000663s ]

[ 2015-04-18T13:34:13+08:00 ] 192.168.1.42 /contact
INFO: [ app_init ] --START--
INFO: Run Behavior\BuildLiteBehavior [ RunTime:0.000019s ]
INFO: [ app_init ] --END-- [ RunTime:0.000540s ]

[ 2015-04-18T13:34:13+08:00 ] 192.168.1.42 /Code
INFO: [ app_init ] --START--
INFO: Run Behavior\BuildLiteBehavior [ RunTime:0.000028s ]
INFO: [ app_init ] --END-- [ RunTime:0.000949s ]

[ 2015-04-18T19:19:10+08:00 ] 192.168.1.42 /contact
INFO: [ app_init ] --START--
INFO: Run Behavior\BuildLiteBehavior [ RunTime:0.000018s ]
INFO: [ app_init ] --END-- [ RunTime:0.000612s ]

[ 2015-04-18T19:19:10+08:00 ] 192.168.1.42 /Code
INFO: [ app_init ] --START--
INFO: Run Behavior\BuildLiteBehavior [ RunTime:0.000020s ]
INFO: [ app_init ] --END-- [ RunTime:0.000552s ]

[ 2015-04-18T19:34:15+08:00 ] 192.168.1.42 /contact
INFO: [ app_init ] --START--
INFO: Run Behavior\BuildLiteBehavior [ RunTime:0.000024s ]
INFO: [ app_init ] --END-- [ RunTime:0.000767s ]

[ 2015-04-18T19:34:15+08:00 ] 192.168.1.42 /Code
INFO: [ app_init ] --START--
INFO: Run Behavior\BuildLiteBehavior [ RunTime:0.000018s ]
INFO: [ app_init ] --END-- [ RunTime:0.000556s ]

[ 2015-04-18T19:34:30+08:00 ] 192.168.1.42 /contact
INFO: [ app_init ] --START--
INFO: Run Behavior\BuildLiteBehavior [ RunTime:0.000025s ]
INFO: [ app_init ] --END-- [ RunTime:0.000719s ]

[ 2015-04-18T19:34:30+08:00 ] 192.168.1.42 /Code
INFO: [ app_init ] --START--
INFO: Run Behavior\BuildLiteBehavior [ RunTime:0.000025s ]
INFO: [ app_init ] --END-- [ RunTime:0.000830s ]

[ 2015-04-18T19:38:07+08:00 ] 192.168.1.42 /contact
INFO: [ app_init ] --START--
INFO: Run Behavior\BuildLiteBehavior [ RunTime:0.000025s ]
INFO: [ app_init ] --END-- [ RunTime:0.001317s ]

[ 2015-04-18T19:38:07+08:00 ] 192.168.1.42 /Code
INFO: [ app_init ] --START--
INFO: Run Behavior\BuildLiteBehavior [ RunTime:0.000018s ]
INFO: [ app_init ] --END-- [ RunTime:0.000604s ]

[ 2015-04-18T19:39:26+08:00 ] 192.168.1.42 /contact
INFO: [ app_init ] --START--
INFO: Run Behavior\BuildLiteBehavior [ RunTime:0.000019s ]
INFO: [ app_init ] --END-- [ RunTime:0.000541s ]

[ 2015-04-18T19:39:26+08:00 ] 192.168.1.42 /Code
INFO: [ app_init ] --START--
INFO: Run Behavior\BuildLiteBehavior [ RunTime:0.000019s ]
INFO: [ app_init ] --END-- [ RunTime:0.000555s ]

[ 2015-04-18T19:43:10+08:00 ] 192.168.1.42 /about_us.php
INFO: [ app_init ] --START--
INFO: Run Behavior\BuildLiteBehavior [ RunTime:0.000018s ]
INFO: [ app_init ] --END-- [ RunTime:0.000591s ]

[ 2015-04-18T19:43:16+08:00 ] 192.168.1.42 /about_us
INFO: [ app_init ] --START--
INFO: Run Behavior\BuildLiteBehavior [ RunTime:0.000019s ]
INFO: [ app_init ] --END-- [ RunTime:0.000624s ]

[ 2015-04-18T19:43:49+08:00 ] 192.168.1.42 /Download.php
INFO: [ app_init ] --START--
INFO: Run Behavior\BuildLiteBehavior [ RunTime:0.000019s ]
INFO: [ app_init ] --END-- [ RunTime:0.000550s ]

[ 2015-04-18T19:44:38+08:00 ] 192.168.1.42 /contact
INFO: [ app_init ] --START--
INFO: Run Behavior\BuildLiteBehavior [ RunTime:0.000018s ]
INFO: [ app_init ] --END-- [ RunTime:0.000576s ]

[ 2015-04-18T19:44:38+08:00 ] 192.168.1.42 /Code
INFO: [ app_init ] --START--
INFO: Run Behavior\BuildLiteBehavior [ RunTime:0.000027s ]
INFO: [ app_init ] --END-- [ RunTime:0.000912s ]

[ 2015-04-18T19:45:23+08:00 ] 192.168.1.42 /contact
INFO: [ app_init ] --START--
INFO: Run Behavior\BuildLiteBehavior [ RunTime:0.000027s ]
INFO: [ app_init ] --END-- [ RunTime:0.000867s ]

[ 2015-04-18T19:45:24+08:00 ] 192.168.1.42 /Code
INFO: [ app_init ] --START--
INFO: Run Behavior\BuildLiteBehavior [ RunTime:0.000020s ]
INFO: [ app_init ] --END-- [ RunTime:0.000608s ]

[ 2015-04-18T19:51:01+08:00 ] 192.168.1.42 /contact
INFO: [ app_init ] --START--
INFO: Run Behavior\BuildLiteBehavior [ RunTime:0.000026s ]
INFO: [ app_init ] --END-- [ RunTime:0.000972s ]

[ 2015-04-18T19:51:01+08:00 ] 192.168.1.42 /Code
INFO: [ app_init ] --START--
INFO: Run Behavior\BuildLiteBehavior [ RunTime:0.000018s ]
INFO: [ app_init ] --END-- [ RunTime:0.000575s ]

[ 2015-04-18T19:51:19+08:00 ] 192.168.1.42 /contact
INFO: [ app_init ] --START--
INFO: Run Behavior\BuildLiteBehavior [ RunTime:0.000019s ]
INFO: [ app_init ] --END-- [ RunTime:0.000575s ]

[ 2015-04-18T19:51:19+08:00 ] 192.168.1.42 /Code
INFO: [ app_init ] --START--
INFO: Run Behavior\BuildLiteBehavior [ RunTime:0.000026s ]
INFO: [ app_init ] --END-- [ RunTime:0.000894s ]

[ 2015-04-18T20:43:30+08:00 ] 192.168.1.42 /contact
INFO: [ app_init ] --START--
INFO: Run Behavior\BuildLiteBehavior [ RunTime:0.000019s ]
INFO: [ app_init ] --END-- [ RunTime:0.000597s ]

[ 2015-04-18T20:48:39+08:00 ] 192.168.1.42 /index.php
INFO: [ app_init ] --START--
INFO: Run Behavior\BuildLiteBehavior [ RunTime:0.000021s ]
INFO: [ app_init ] --END-- [ RunTime:0.000786s ]

[ 2015-04-18T20:48:39+08:00 ] 192.168.1.42 /font.swf
INFO: [ app_init ] --START--
INFO: Run Behavior\BuildLiteBehavior [ RunTime:0.000017s ]
INFO: [ app_init ] --END-- [ RunTime:0.000617s ]
ERR: 非法操作:font.swf

[ 2015-04-18T20:48:41+08:00 ] 192.168.1.42 /contact
INFO: [ app_init ] --START--
INFO: Run Behavior\BuildLiteBehavior [ RunTime:0.000028s ]
INFO: [ app_init ] --END-- [ RunTime:0.000804s ]

[ 2015-04-18T20:48:51+08:00 ] 192.168.1.42 /contact
INFO: [ app_init ] --START--
INFO: Run Behavior\BuildLiteBehavior [ RunTime:0.000018s ]
INFO: [ app_init ] --END-- [ RunTime:0.000554s ]

